{"/home/travis/build/daniele-athome/codimd/lib/auth/oauth2/strategy.js":{"path":"/home/travis/build/daniele-athome/codimd/lib/auth/oauth2/strategy.js","statementMap":{"0":{"start":{"line":3,"column":41},"end":{"line":3,"column":67}},"1":{"start":{"line":4,"column":15},"end":{"line":4,"column":38}},"2":{"start":{"line":7,"column":19},"end":{"line":7,"column":87}},"3":{"start":{"line":8,"column":22},"end":{"line":8,"column":93}},"4":{"start":{"line":9,"column":16},"end":{"line":9,"column":81}},"5":{"start":{"line":10,"column":16},"end":{"line":10,"column":81}},"6":{"start":{"line":12,"column":2},"end":{"line":14,"column":3}},"7":{"start":{"line":13,"column":4},"end":{"line":13,"column":102}},"8":{"start":{"line":16,"column":2},"end":{"line":22,"column":3}},"9":{"start":{"line":26,"column":2},"end":{"line":26,"column":29}},"10":{"start":{"line":26,"column":13},"end":{"line":26,"column":29}},"11":{"start":{"line":27,"column":2},"end":{"line":27,"column":48}},"12":{"start":{"line":27,"column":32},"end":{"line":27,"column":48}},"13":{"start":{"line":29,"column":2},"end":{"line":29,"column":24}},"14":{"start":{"line":30,"column":2},"end":{"line":40,"column":3}},"15":{"start":{"line":31,"column":14},"end":{"line":31,"column":48}},"16":{"start":{"line":32,"column":4},"end":{"line":38,"column":5}},"17":{"start":{"line":33,"column":6},"end":{"line":33,"column":26}},"18":{"start":{"line":35,"column":6},"end":{"line":35,"column":40}},"19":{"start":{"line":35,"column":24},"end":{"line":35,"column":40}},"20":{"start":{"line":36,"column":6},"end":{"line":36,"column":39}},"21":{"start":{"line":36,"column":23},"end":{"line":36,"column":39}},"22":{"start":{"line":37,"column":6},"end":{"line":37,"column":29}},"23":{"start":{"line":39,"column":4},"end":{"line":39,"column":31}},"24":{"start":{"line":39,"column":15},"end":{"line":39,"column":31}},"25":{"start":{"line":41,"column":2},"end":{"line":41,"column":13}},"26":{"start":{"line":46,"column":4},"end":{"line":46,"column":55}},"27":{"start":{"line":47,"column":4},"end":{"line":47,"column":26}},"28":{"start":{"line":48,"column":4},"end":{"line":48,"column":24}},"29":{"start":{"line":49,"column":4},"end":{"line":49,"column":49}},"30":{"start":{"line":50,"column":4},"end":{"line":50,"column":51}},"31":{"start":{"line":54,"column":4},"end":{"line":70,"column":6}},"32":{"start":{"line":55,"column":6},"end":{"line":57,"column":7}},"33":{"start":{"line":56,"column":8},"end":{"line":56,"column":80}},"34":{"start":{"line":60,"column":6},"end":{"line":65,"column":7}},"35":{"start":{"line":61,"column":8},"end":{"line":61,"column":31}},"36":{"start":{"line":62,"column":8},"end":{"line":62,"column":36}},"37":{"start":{"line":64,"column":8},"end":{"line":64,"column":91}},"38":{"start":{"line":67,"column":6},"end":{"line":67,"column":33}},"39":{"start":{"line":69,"column":6},"end":{"line":69,"column":25}},"40":{"start":{"line":74,"column":0},"end":{"line":74,"column":51}},"41":{"start":{"line":75,"column":0},"end":{"line":75,"column":35}},"42":{"start":{"line":76,"column":0},"end":{"line":76,"column":57}}},"fnMap":{"0":{"name":"parseProfile","decl":{"start":{"line":6,"column":9},"end":{"line":6,"column":21}},"loc":{"start":{"line":6,"column":29},"end":{"line":23,"column":1}},"line":6},"1":{"name":"extractProfileAttribute","decl":{"start":{"line":25,"column":9},"end":{"line":25,"column":32}},"loc":{"start":{"line":25,"column":46},"end":{"line":42,"column":1}},"line":25},"2":{"name":"(anonymous_2)","decl":{"start":{"line":45,"column":2},"end":{"line":45,"column":3}},"loc":{"start":{"line":45,"column":32},"end":{"line":51,"column":3}},"line":45},"3":{"name":"(anonymous_3)","decl":{"start":{"line":53,"column":2},"end":{"line":53,"column":3}},"loc":{"start":{"line":53,"column":34},"end":{"line":71,"column":3}},"line":53},"4":{"name":"(anonymous_4)","decl":{"start":{"line":54,"column":56},"end":{"line":54,"column":57}},"loc":{"start":{"line":54,"column":82},"end":{"line":70,"column":5}},"line":54}},"branchMap":{"0":{"loc":{"start":{"line":12,"column":2},"end":{"line":14,"column":3}},"type":"if","locations":[{"start":{"line":12,"column":2},"end":{"line":14,"column":3}},{"start":{"line":12,"column":2},"end":{"line":14,"column":3}}],"line":12},"1":{"loc":{"start":{"line":26,"column":2},"end":{"line":26,"column":29}},"type":"if","locations":[{"start":{"line":26,"column":2},"end":{"line":26,"column":29}},{"start":{"line":26,"column":2},"end":{"line":26,"column":29}}],"line":26},"2":{"loc":{"start":{"line":27,"column":2},"end":{"line":27,"column":48}},"type":"if","locations":[{"start":{"line":27,"column":2},"end":{"line":27,"column":48}},{"start":{"line":27,"column":2},"end":{"line":27,"column":48}}],"line":27},"3":{"loc":{"start":{"line":32,"column":4},"end":{"line":38,"column":5}},"type":"if","locations":[{"start":{"line":32,"column":4},"end":{"line":38,"column":5}},{"start":{"line":32,"column":4},"end":{"line":38,"column":5}}],"line":32},"4":{"loc":{"start":{"line":35,"column":6},"end":{"line":35,"column":40}},"type":"if","locations":[{"start":{"line":35,"column":6},"end":{"line":35,"column":40}},{"start":{"line":35,"column":6},"end":{"line":35,"column":40}}],"line":35},"5":{"loc":{"start":{"line":36,"column":6},"end":{"line":36,"column":39}},"type":"if","locations":[{"start":{"line":36,"column":6},"end":{"line":36,"column":39}},{"start":{"line":36,"column":6},"end":{"line":36,"column":39}}],"line":36},"6":{"loc":{"start":{"line":39,"column":4},"end":{"line":39,"column":31}},"type":"if","locations":[{"start":{"line":39,"column":4},"end":{"line":39,"column":31}},{"start":{"line":39,"column":4},"end":{"line":39,"column":31}}],"line":39},"7":{"loc":{"start":{"line":46,"column":28},"end":{"line":46,"column":55}},"type":"binary-expr","locations":[{"start":{"line":46,"column":28},"end":{"line":46,"column":49}},{"start":{"line":46,"column":53},"end":{"line":46,"column":55}}],"line":46},"8":{"loc":{"start":{"line":55,"column":6},"end":{"line":57,"column":7}},"type":"if","locations":[{"start":{"line":55,"column":6},"end":{"line":57,"column":7}},{"start":{"line":55,"column":6},"end":{"line":57,"column":7}}],"line":55}},"s":{"0":1,"1":1,"2":0,"3":0,"4":0,"5":0,"6":0,"7":0,"8":0,"9":10,"10":2,"11":8,"12":0,"13":8,"14":8,"15":12,"16":12,"17":8,"18":4,"19":0,"20":4,"21":1,"22":3,"23":11,"24":4,"25":3,"26":0,"27":0,"28":0,"29":0,"30":0,"31":0,"32":0,"33":0,"34":0,"35":0,"36":0,"37":0,"38":0,"39":0,"40":1,"41":1,"42":1},"f":{"0":0,"1":10,"2":0,"3":0,"4":0},"b":{"0":[0,0],"1":[2,8],"2":[0,8],"3":[8,4],"4":[0,4],"5":[1,3],"6":[4,7],"7":[0,0],"8":[0,0]},"_coverageSchema":"43e27e138ebf9cfc5966b082cf9a028302ed4184","hash":"782964472145bec519511463fc893f1ef865212a","contentHash":"e9cc1a90a68af20d5bf6be0e9e564ea73177b46652dbdb6b8f239dfe7d5a41a0"},"/home/travis/build/daniele-athome/codimd/lib/config/index.js":{"path":"/home/travis/build/daniele-athome/codimd/lib/config/index.js","statementMap":{"0":{"start":{"line":4,"column":15},"end":{"line":4,"column":32}},"1":{"start":{"line":5,"column":11},"end":{"line":5,"column":24}},"2":{"start":{"line":6,"column":13},"end":{"line":6,"column":28}},"3":{"start":{"line":7,"column":18},"end":{"line":7,"column":35}},"4":{"start":{"line":8,"column":19},"end":{"line":8,"column":41}},"5":{"start":{"line":9,"column":36},"end":{"line":9,"column":53}},"6":{"start":{"line":10,"column":15},"end":{"line":10,"column":35}},"7":{"start":{"line":11,"column":39},"end":{"line":11,"column":57}},"8":{"start":{"line":13,"column":20},"end":{"line":13,"column":53}},"9":{"start":{"line":14,"column":12},"end":{"line":14,"column":59}},"10":{"start":{"line":15,"column":20},"end":{"line":17,"column":1}},"11":{"start":{"line":20,"column":32},"end":{"line":20,"column":79}},"12":{"start":{"line":22,"column":17},"end":{"line":22,"column":42}},"13":{"start":{"line":23,"column":18},"end":{"line":23,"column":67}},"14":{"start":{"line":24,"column":20},"end":{"line":24,"column":65}},"15":{"start":{"line":26,"column":22},"end":{"line":31,"column":1}},"16":{"start":{"line":33,"column":23},"end":{"line":34,"column":14}},"17":{"start":{"line":35,"column":19},"end":{"line":35,"column":91}},"18":{"start":{"line":37,"column":13},"end":{"line":37,"column":33}},"19":{"start":{"line":38,"column":0},"end":{"line":38,"column":38}},"20":{"start":{"line":39,"column":0},"end":{"line":39,"column":26}},"21":{"start":{"line":40,"column":0},"end":{"line":40,"column":28}},"22":{"start":{"line":41,"column":0},"end":{"line":41,"column":25}},"23":{"start":{"line":42,"column":0},"end":{"line":42,"column":39}},"24":{"start":{"line":43,"column":0},"end":{"line":43,"column":40}},"25":{"start":{"line":45,"column":0},"end":{"line":49,"column":1}},"26":{"start":{"line":46,"column":2},"end":{"line":46,"column":32}},"27":{"start":{"line":48,"column":2},"end":{"line":48,"column":155}},"28":{"start":{"line":52,"column":0},"end":{"line":64,"column":1}},"29":{"start":{"line":53,"column":33},"end":{"line":53,"column":61}},"30":{"start":{"line":54,"column":20},"end":{"line":54,"column":22}},"31":{"start":{"line":55,"column":2},"end":{"line":59,"column":3}},"32":{"start":{"line":56,"column":4},"end":{"line":58,"column":5}},"33":{"start":{"line":57,"column":6},"end":{"line":57,"column":49}},"34":{"start":{"line":60,"column":21},"end":{"line":62,"column":3}},"35":{"start":{"line":63,"column":2},"end":{"line":63,"column":114}},"36":{"start":{"line":67,"column":0},"end":{"line":67,"column":30}},"37":{"start":{"line":68,"column":24},"end":{"line":68,"column":50}},"38":{"start":{"line":69,"column":0},"end":{"line":76,"column":1}},"39":{"start":{"line":70,"column":2},"end":{"line":70,"column":33}},"40":{"start":{"line":71,"column":2},"end":{"line":71,"column":35}},"41":{"start":{"line":72,"column":2},"end":{"line":72,"column":33}},"42":{"start":{"line":73,"column":2},"end":{"line":73,"column":47}},"43":{"start":{"line":74,"column":7},"end":{"line":76,"column":1}},"44":{"start":{"line":75,"column":2},"end":{"line":75,"column":33}},"45":{"start":{"line":77,"column":0},"end":{"line":79,"column":1}},"46":{"start":{"line":78,"column":2},"end":{"line":78,"column":46}},"47":{"start":{"line":82,"column":0},"end":{"line":84,"column":4}},"48":{"start":{"line":83,"column":2},"end":{"line":83,"column":45}},"49":{"start":{"line":85,"column":0},"end":{"line":87,"column":4}},"50":{"start":{"line":86,"column":2},"end":{"line":86,"column":45}},"51":{"start":{"line":90,"column":0},"end":{"line":105,"column":4}},"52":{"start":{"line":91,"column":12},"end":{"line":91,"column":14}},"53":{"start":{"line":92,"column":2},"end":{"line":100,"column":3}},"54":{"start":{"line":93,"column":19},"end":{"line":93,"column":65}},"55":{"start":{"line":94,"column":4},"end":{"line":94,"column":34}},"56":{"start":{"line":95,"column":4},"end":{"line":99,"column":5}},"57":{"start":{"line":96,"column":6},"end":{"line":98,"column":7}},"58":{"start":{"line":97,"column":8},"end":{"line":97,"column":32}},"59":{"start":{"line":101,"column":2},"end":{"line":103,"column":3}},"60":{"start":{"line":102,"column":4},"end":{"line":102,"column":31}},"61":{"start":{"line":104,"column":2},"end":{"line":104,"column":12}},"62":{"start":{"line":107,"column":0},"end":{"line":109,"column":1}},"63":{"start":{"line":108,"column":2},"end":{"line":108,"column":247}},"64":{"start":{"line":111,"column":0},"end":{"line":111,"column":32}},"65":{"start":{"line":114,"column":0},"end":{"line":114,"column":82}},"66":{"start":{"line":115,"column":0},"end":{"line":115,"column":76}},"67":{"start":{"line":116,"column":0},"end":{"line":116,"column":79}},"68":{"start":{"line":117,"column":0},"end":{"line":117,"column":84}},"69":{"start":{"line":118,"column":0},"end":{"line":118,"column":35}},"70":{"start":{"line":119,"column":0},"end":{"line":119,"column":37}},"71":{"start":{"line":120,"column":0},"end":{"line":120,"column":76}},"72":{"start":{"line":121,"column":0},"end":{"line":121,"column":85}},"73":{"start":{"line":122,"column":0},"end":{"line":122,"column":76}},"74":{"start":{"line":123,"column":0},"end":{"line":123,"column":88}},"75":{"start":{"line":124,"column":0},"end":{"line":124,"column":37}},"76":{"start":{"line":125,"column":0},"end":{"line":125,"column":43}},"77":{"start":{"line":126,"column":0},"end":{"line":126,"column":76}},"78":{"start":{"line":127,"column":0},"end":{"line":127,"column":48}},"79":{"start":{"line":130,"column":0},"end":{"line":133,"column":1}},"80":{"start":{"line":131,"column":2},"end":{"line":131,"column":145}},"81":{"start":{"line":132,"column":2},"end":{"line":132,"column":30}},"82":{"start":{"line":135,"column":0},"end":{"line":135,"column":112}},"83":{"start":{"line":138,"column":0},"end":{"line":138,"column":58}},"84":{"start":{"line":141,"column":13},"end":{"line":141,"column":32}},"85":{"start":{"line":142,"column":18},"end":{"line":142,"column":25}},"86":{"start":{"line":143,"column":0},"end":{"line":155,"column":1}},"87":{"start":{"line":143,"column":13},"end":{"line":143,"column":24}},"88":{"start":{"line":144,"column":23},"end":{"line":144,"column":44}},"89":{"start":{"line":149,"column":2},"end":{"line":154,"column":3}},"90":{"start":{"line":152,"column":4},"end":{"line":152,"column":169}},"91":{"start":{"line":153,"column":4},"end":{"line":153,"column":42}},"92":{"start":{"line":158,"column":0},"end":{"line":160,"column":1}},"93":{"start":{"line":159,"column":2},"end":{"line":159,"column":233}},"94":{"start":{"line":163,"column":0},"end":{"line":168,"column":1}},"95":{"start":{"line":164,"column":2},"end":{"line":164,"column":149}},"96":{"start":{"line":165,"column":2},"end":{"line":167,"column":38}},"97":{"start":{"line":171,"column":0},"end":{"line":174,"column":1}},"98":{"start":{"line":172,"column":2},"end":{"line":172,"column":164}},"99":{"start":{"line":173,"column":2},"end":{"line":173,"column":39}},"100":{"start":{"line":177,"column":0},"end":{"line":194,"column":1}},"101":{"start":{"line":179,"column":4},"end":{"line":184,"column":5}},"102":{"start":{"line":185,"column":4},"end":{"line":185,"column":9}},"103":{"start":{"line":187,"column":4},"end":{"line":193,"column":5}},"104":{"start":{"line":197,"column":0},"end":{"line":199,"column":2}},"105":{"start":{"line":198,"column":2},"end":{"line":198,"column":46}},"106":{"start":{"line":201,"column":0},"end":{"line":201,"column":32}},"107":{"start":{"line":202,"column":0},"end":{"line":202,"column":66}},"108":{"start":{"line":203,"column":0},"end":{"line":203,"column":64}},"109":{"start":{"line":204,"column":0},"end":{"line":204,"column":66}},"110":{"start":{"line":205,"column":0},"end":{"line":205,"column":60}},"111":{"start":{"line":206,"column":0},"end":{"line":206,"column":58}},"112":{"start":{"line":207,"column":0},"end":{"line":207,"column":74}},"113":{"start":{"line":208,"column":0},"end":{"line":208,"column":60}},"114":{"start":{"line":209,"column":0},"end":{"line":209,"column":66}},"115":{"start":{"line":212,"column":0},"end":{"line":212,"column":27}},"116":{"start":{"line":214,"column":0},"end":{"line":214,"column":23}}},"fnMap":{"0":{"name":"isStandardHTTPsPort","decl":{"start":{"line":82,"column":39},"end":{"line":82,"column":58}},"loc":{"start":{"line":82,"column":62},"end":{"line":84,"column":1}},"line":82},"1":{"name":"isStandardHTTPPort","decl":{"start":{"line":85,"column":38},"end":{"line":85,"column":56}},"loc":{"start":{"line":85,"column":60},"end":{"line":87,"column":1}},"line":85},"2":{"name":"getserverurl","decl":{"start":{"line":90,"column":29},"end":{"line":90,"column":41}},"loc":{"start":{"line":90,"column":45},"end":{"line":105,"column":1}},"line":90},"3":{"name":"(anonymous_3)","decl":{"start":{"line":197,"column":25},"end":{"line":197,"column":26}},"loc":{"start":{"line":197,"column":53},"end":{"line":199,"column":1}},"line":197}},"branchMap":{"0":{"loc":{"start":{"line":14,"column":12},"end":{"line":14,"column":59}},"type":"binary-expr","locations":[{"start":{"line":14,"column":12},"end":{"line":14,"column":32}},{"start":{"line":14,"column":36},"end":{"line":14,"column":59}}],"line":14},"1":{"loc":{"start":{"line":23,"column":47},"end":{"line":23,"column":66}},"type":"binary-expr","locations":[{"start":{"line":23,"column":47},"end":{"line":23,"column":55}},{"start":{"line":23,"column":59},"end":{"line":23,"column":66}}],"line":23},"2":{"loc":{"start":{"line":24,"column":20},"end":{"line":24,"column":65}},"type":"cond-expr","locations":[{"start":{"line":24,"column":31},"end":{"line":24,"column":55}},{"start":{"line":24,"column":58},"end":{"line":24,"column":65}}],"line":24},"3":{"loc":{"start":{"line":33,"column":49},"end":{"line":34,"column":13}},"type":"binary-expr","locations":[{"start":{"line":33,"column":49},"end":{"line":33,"column":76}},{"start":{"line":34,"column":0},"end":{"line":34,"column":13}}],"line":33},"4":{"loc":{"start":{"line":35,"column":19},"end":{"line":35,"column":91}},"type":"cond-expr","locations":[{"start":{"line":35,"column":51},"end":{"line":35,"column":79}},{"start":{"line":35,"column":82},"end":{"line":35,"column":91}}],"line":35},"5":{"loc":{"start":{"line":45,"column":0},"end":{"line":49,"column":1}},"type":"if","locations":[{"start":{"line":45,"column":0},"end":{"line":49,"column":1}},{"start":{"line":45,"column":0},"end":{"line":49,"column":1}}],"line":45},"6":{"loc":{"start":{"line":52,"column":0},"end":{"line":64,"column":1}},"type":"if","locations":[{"start":{"line":52,"column":0},"end":{"line":64,"column":1}},{"start":{"line":52,"column":0},"end":{"line":64,"column":1}}],"line":52},"7":{"loc":{"start":{"line":56,"column":4},"end":{"line":58,"column":5}},"type":"if","locations":[{"start":{"line":56,"column":4},"end":{"line":58,"column":5}},{"start":{"line":56,"column":4},"end":{"line":58,"column":5}}],"line":56},"8":{"loc":{"start":{"line":63,"column":27},"end":{"line":63,"column":114}},"type":"cond-expr","locations":[{"start":{"line":63,"column":52},"end":{"line":63,"column":101}},{"start":{"line":63,"column":104},"end":{"line":63,"column":114}}],"line":63},"9":{"loc":{"start":{"line":69,"column":0},"end":{"line":76,"column":1}},"type":"if","locations":[{"start":{"line":69,"column":0},"end":{"line":76,"column":1}},{"start":{"line":69,"column":0},"end":{"line":76,"column":1}}],"line":69},"10":{"loc":{"start":{"line":69,"column":4},"end":{"line":69,"column":57}},"type":"binary-expr","locations":[{"start":{"line":69,"column":4},"end":{"line":69,"column":26}},{"start":{"line":69,"column":30},"end":{"line":69,"column":57}}],"line":69},"11":{"loc":{"start":{"line":74,"column":7},"end":{"line":76,"column":1}},"type":"if","locations":[{"start":{"line":74,"column":7},"end":{"line":76,"column":1}},{"start":{"line":74,"column":7},"end":{"line":76,"column":1}}],"line":74},"12":{"loc":{"start":{"line":74,"column":11},"end":{"line":74,"column":64}},"type":"binary-expr","locations":[{"start":{"line":74,"column":11},"end":{"line":74,"column":33}},{"start":{"line":74,"column":37},"end":{"line":74,"column":64}}],"line":74},"13":{"loc":{"start":{"line":77,"column":0},"end":{"line":79,"column":1}},"type":"if","locations":[{"start":{"line":77,"column":0},"end":{"line":79,"column":1}},{"start":{"line":77,"column":0},"end":{"line":79,"column":1}}],"line":77},"14":{"loc":{"start":{"line":83,"column":9},"end":{"line":83,"column":45}},"type":"binary-expr","locations":[{"start":{"line":83,"column":9},"end":{"line":83,"column":22}},{"start":{"line":83,"column":26},"end":{"line":83,"column":45}}],"line":83},"15":{"loc":{"start":{"line":86,"column":9},"end":{"line":86,"column":45}},"type":"binary-expr","locations":[{"start":{"line":86,"column":9},"end":{"line":86,"column":23}},{"start":{"line":86,"column":27},"end":{"line":86,"column":45}}],"line":86},"16":{"loc":{"start":{"line":92,"column":2},"end":{"line":100,"column":3}},"type":"if","locations":[{"start":{"line":92,"column":2},"end":{"line":100,"column":3}},{"start":{"line":92,"column":2},"end":{"line":100,"column":3}}],"line":92},"17":{"loc":{"start":{"line":93,"column":19},"end":{"line":93,"column":65}},"type":"cond-expr","locations":[{"start":{"line":93,"column":43},"end":{"line":93,"column":53}},{"start":{"line":93,"column":56},"end":{"line":93,"column":65}}],"line":93},"18":{"loc":{"start":{"line":95,"column":4},"end":{"line":99,"column":5}},"type":"if","locations":[{"start":{"line":95,"column":4},"end":{"line":99,"column":5}},{"start":{"line":95,"column":4},"end":{"line":99,"column":5}}],"line":95},"19":{"loc":{"start":{"line":96,"column":6},"end":{"line":98,"column":7}},"type":"if","locations":[{"start":{"line":96,"column":6},"end":{"line":98,"column":7}},{"start":{"line":96,"column":6},"end":{"line":98,"column":7}}],"line":96},"20":{"loc":{"start":{"line":96,"column":10},"end":{"line":96,"column":67}},"type":"binary-expr","locations":[{"start":{"line":96,"column":10},"end":{"line":96,"column":36}},{"start":{"line":96,"column":40},"end":{"line":96,"column":67}}],"line":96},"21":{"loc":{"start":{"line":101,"column":2},"end":{"line":103,"column":3}},"type":"if","locations":[{"start":{"line":101,"column":2},"end":{"line":103,"column":3}},{"start":{"line":101,"column":2},"end":{"line":103,"column":3}}],"line":101},"22":{"loc":{"start":{"line":107,"column":0},"end":{"line":109,"column":1}},"type":"if","locations":[{"start":{"line":107,"column":0},"end":{"line":109,"column":1}},{"start":{"line":107,"column":0},"end":{"line":109,"column":1}}],"line":107},"23":{"loc":{"start":{"line":114,"column":26},"end":{"line":114,"column":82}},"type":"binary-expr","locations":[{"start":{"line":114,"column":26},"end":{"line":114,"column":50}},{"start":{"line":114,"column":54},"end":{"line":114,"column":82}}],"line":114},"24":{"loc":{"start":{"line":115,"column":24},"end":{"line":115,"column":76}},"type":"binary-expr","locations":[{"start":{"line":115,"column":24},"end":{"line":115,"column":46}},{"start":{"line":115,"column":50},"end":{"line":115,"column":76}}],"line":115},"25":{"loc":{"start":{"line":116,"column":25},"end":{"line":116,"column":79}},"type":"binary-expr","locations":[{"start":{"line":116,"column":25},"end":{"line":116,"column":48}},{"start":{"line":116,"column":52},"end":{"line":116,"column":79}}],"line":116},"26":{"loc":{"start":{"line":117,"column":25},"end":{"line":117,"column":84}},"type":"binary-expr","locations":[{"start":{"line":117,"column":25},"end":{"line":117,"column":51}},{"start":{"line":117,"column":55},"end":{"line":117,"column":84}}],"line":117},"27":{"loc":{"start":{"line":120,"column":24},"end":{"line":120,"column":76}},"type":"binary-expr","locations":[{"start":{"line":120,"column":24},"end":{"line":120,"column":46}},{"start":{"line":120,"column":50},"end":{"line":120,"column":76}}],"line":120},"28":{"loc":{"start":{"line":121,"column":27},"end":{"line":121,"column":85}},"type":"binary-expr","locations":[{"start":{"line":121,"column":27},"end":{"line":121,"column":52}},{"start":{"line":121,"column":56},"end":{"line":121,"column":85}}],"line":121},"29":{"loc":{"start":{"line":122,"column":24},"end":{"line":122,"column":76}},"type":"binary-expr","locations":[{"start":{"line":122,"column":24},"end":{"line":122,"column":46}},{"start":{"line":122,"column":50},"end":{"line":122,"column":76}}],"line":122},"30":{"loc":{"start":{"line":123,"column":28},"end":{"line":123,"column":88}},"type":"binary-expr","locations":[{"start":{"line":123,"column":28},"end":{"line":123,"column":54}},{"start":{"line":123,"column":58},"end":{"line":123,"column":88}}],"line":123},"31":{"loc":{"start":{"line":126,"column":24},"end":{"line":126,"column":76}},"type":"binary-expr","locations":[{"start":{"line":126,"column":24},"end":{"line":126,"column":46}},{"start":{"line":126,"column":50},"end":{"line":126,"column":76}}],"line":126},"32":{"loc":{"start":{"line":130,"column":0},"end":{"line":133,"column":1}},"type":"if","locations":[{"start":{"line":130,"column":0},"end":{"line":133,"column":1}},{"start":{"line":130,"column":0},"end":{"line":133,"column":1}}],"line":130},"33":{"loc":{"start":{"line":130,"column":4},"end":{"line":130,"column":85}},"type":"binary-expr","locations":[{"start":{"line":130,"column":4},"end":{"line":130,"column":17}},{"start":{"line":130,"column":21},"end":{"line":130,"column":51}},{"start":{"line":130,"column":55},"end":{"line":130,"column":85}}],"line":130},"34":{"loc":{"start":{"line":135,"column":32},"end":{"line":135,"column":112}},"type":"binary-expr","locations":[{"start":{"line":135,"column":33},"end":{"line":135,"column":53}},{"start":{"line":135,"column":57},"end":{"line":135,"column":86}},{"start":{"line":135,"column":91},"end":{"line":135,"column":112}}],"line":135},"35":{"loc":{"start":{"line":149,"column":2},"end":{"line":154,"column":3}},"type":"if","locations":[{"start":{"line":149,"column":2},"end":{"line":154,"column":3}},{"start":{"line":149,"column":2},"end":{"line":154,"column":3}}],"line":149},"36":{"loc":{"start":{"line":149,"column":6},"end":{"line":151,"column":35}},"type":"binary-expr","locations":[{"start":{"line":149,"column":6},"end":{"line":149,"column":29}},{"start":{"line":150,"column":2},"end":{"line":150,"column":36}},{"start":{"line":151,"column":2},"end":{"line":151,"column":35}}],"line":149},"37":{"loc":{"start":{"line":158,"column":0},"end":{"line":160,"column":1}},"type":"if","locations":[{"start":{"line":158,"column":0},"end":{"line":160,"column":1}},{"start":{"line":158,"column":0},"end":{"line":160,"column":1}}],"line":158},"38":{"loc":{"start":{"line":163,"column":0},"end":{"line":168,"column":1}},"type":"if","locations":[{"start":{"line":163,"column":0},"end":{"line":168,"column":1}},{"start":{"line":163,"column":0},"end":{"line":168,"column":1}}],"line":163},"39":{"loc":{"start":{"line":171,"column":0},"end":{"line":174,"column":1}},"type":"if","locations":[{"start":{"line":171,"column":0},"end":{"line":174,"column":1}},{"start":{"line":171,"column":0},"end":{"line":174,"column":1}}],"line":171},"40":{"loc":{"start":{"line":177,"column":0},"end":{"line":194,"column":1}},"type":"switch","locations":[{"start":{"line":178,"column":2},"end":{"line":185,"column":9}},{"start":{"line":186,"column":2},"end":{"line":193,"column":5}}],"line":177}},"s":{"0":1,"1":1,"2":1,"3":1,"4":1,"5":1,"6":1,"7":1,"8":1,"9":1,"10":1,"11":1,"12":1,"13":1,"14":1,"15":1,"16":1,"17":1,"18":1,"19":1,"20":1,"21":1,"22":1,"23":1,"24":1,"25":1,"26":1,"27":0,"28":1,"29":0,"30":0,"31":0,"32":0,"33":0,"34":0,"35":0,"36":1,"37":1,"38":1,"39":0,"40":0,"41":0,"42":0,"43":1,"44":0,"45":1,"46":0,"47":1,"48":1,"49":1,"50":1,"51":1,"52":1,"53":1,"54":0,"55":0,"56":0,"57":0,"58":0,"59":1,"60":0,"61":1,"62":1,"63":1,"64":1,"65":1,"66":1,"67":1,"68":1,"69":1,"70":1,"71":1,"72":1,"73":1,"74":1,"75":1,"76":1,"77":1,"78":1,"79":1,"80":0,"81":0,"82":1,"83":1,"84":1,"85":1,"86":1,"87":1,"88":93,"89":93,"90":0,"91":0,"92":1,"93":0,"94":1,"95":1,"96":1,"97":1,"98":0,"99":0,"100":1,"101":0,"102":0,"103":1,"104":1,"105":0,"106":1,"107":1,"108":1,"109":1,"110":1,"111":1,"112":1,"113":1,"114":1,"115":1,"116":1},"f":{"0":1,"1":1,"2":1,"3":0},"b":{"0":[1,1],"1":[1,0],"2":[1,0],"3":[1,1],"4":[0,1],"5":[1,0],"6":[0,1],"7":[0,0],"8":[0,0],"9":[0,1],"10":[1,1],"11":[0,1],"12":[1,1],"13":[0,1],"14":[1,0],"15":[1,1],"16":[0,1],"17":[0,0],"18":[0,0],"19":[0,0],"20":[0,0],"21":[0,1],"22":[1,0],"23":[1,0],"24":[1,0],"25":[1,0],"26":[1,0],"27":[1,0],"28":[1,0],"29":[1,0],"30":[1,0],"31":[1,0],"32":[0,1],"33":[1,1,0],"34":[1,0,1],"35":[0,93],"36":[93,62,0],"37":[0,1],"38":[1,0],"39":[0,1],"40":[0,1]},"_coverageSchema":"43e27e138ebf9cfc5966b082cf9a028302ed4184","hash":"2a519cc9032a80f86145b995a372246c48a494f3","contentHash":"3bf5e771f8b2a8f4891dd33efd9ef9e53398822fa9a5a8d72530a5ac19f18ecd"},"/home/travis/build/daniele-athome/codimd/lib/config/enum.js":{"path":"/home/travis/build/daniele-athome/codimd/lib/config/enum.js","statementMap":{"0":{"start":{"line":3,"column":0},"end":{"line":7,"column":1}},"1":{"start":{"line":9,"column":0},"end":{"line":16,"column":1}}},"fnMap":{},"branchMap":{},"s":{"0":1,"1":1},"f":{},"b":{},"_coverageSchema":"43e27e138ebf9cfc5966b082cf9a028302ed4184","hash":"7dfeadf9c8787beea74f8878edd619b3a05a604c","contentHash":"1e2af9975849a8d5130fe42559c3ee21dfae1d0ce3766bca47e45de96144d338"},"/home/travis/build/daniele-athome/codimd/lib/logger.js":{"path":"/home/travis/build/daniele-athome/codimd/lib/logger.js","statementMap":{"0":{"start":{"line":2,"column":45},"end":{"line":2,"column":63}},"1":{"start":{"line":4,"column":15},"end":{"line":19,"column":2}},"2":{"start":{"line":11,"column":26},"end":{"line":11,"column":76}},"3":{"start":{"line":21,"column":0},"end":{"line":25,"column":1}},"4":{"start":{"line":23,"column":4},"end":{"line":23,"column":24}},"5":{"start":{"line":27,"column":0},"end":{"line":27,"column":23}}},"fnMap":{"0":{"name":"(anonymous_0)","decl":{"start":{"line":11,"column":18},"end":{"line":11,"column":19}},"loc":{"start":{"line":11,"column":26},"end":{"line":11,"column":76}},"line":11},"1":{"name":"(anonymous_1)","decl":{"start":{"line":22,"column":9},"end":{"line":22,"column":10}},"loc":{"start":{"line":22,"column":38},"end":{"line":24,"column":3}},"line":22}},"branchMap":{},"s":{"0":1,"1":1,"2":2,"3":1,"4":0,"5":1},"f":{"0":2,"1":0},"b":{},"_coverageSchema":"43e27e138ebf9cfc5966b082cf9a028302ed4184","hash":"98bd69755297bfe8edd91ba9fbe2778e56b4afdc","contentHash":"e3f36c54493380dac58fa7bc48164e0976a4556769bb50f9c984482ee6d1bceb"},"/home/travis/build/daniele-athome/codimd/lib/config/utils.js":{"path":"/home/travis/build/daniele-athome/codimd/lib/config/utils.js","statementMap":{"0":{"start":{"line":3,"column":11},"end":{"line":3,"column":24}},"1":{"start":{"line":4,"column":13},"end":{"line":4,"column":28}},"2":{"start":{"line":6,"column":0},"end":{"line":11,"column":1}},"3":{"start":{"line":7,"column":2},"end":{"line":9,"column":3}},"4":{"start":{"line":8,"column":4},"end":{"line":8,"column":35}},"5":{"start":{"line":10,"column":2},"end":{"line":10,"column":20}},"6":{"start":{"line":13,"column":0},"end":{"line":18,"column":1}},"7":{"start":{"line":14,"column":2},"end":{"line":16,"column":3}},"8":{"start":{"line":15,"column":4},"end":{"line":15,"column":76}},"9":{"start":{"line":15,"column":58},"end":{"line":15,"column":74}},"10":{"start":{"line":17,"column":2},"end":{"line":17,"column":17}},"11":{"start":{"line":20,"column":0},"end":{"line":25,"column":1}},"12":{"start":{"line":21,"column":2},"end":{"line":23,"column":3}},"13":{"start":{"line":22,"column":4},"end":{"line":22,"column":32}},"14":{"start":{"line":24,"column":2},"end":{"line":24,"column":20}},"15":{"start":{"line":27,"column":0},"end":{"line":38,"column":1}},"16":{"start":{"line":28,"column":2},"end":{"line":30,"column":3}},"17":{"start":{"line":29,"column":4},"end":{"line":29,"column":20}},"18":{"start":{"line":31,"column":18},"end":{"line":31,"column":65}},"19":{"start":{"line":32,"column":2},"end":{"line":35,"column":3}},"20":{"start":{"line":33,"column":4},"end":{"line":33,"column":53}},"21":{"start":{"line":34,"column":4},"end":{"line":34,"column":83}},"22":{"start":{"line":36,"column":2},"end":{"line":36,"column":41}},"23":{"start":{"line":37,"column":2},"end":{"line":37,"column":18}},"24":{"start":{"line":40,"column":0},"end":{"line":55,"column":1}},"25":{"start":{"line":42,"column":2},"end":{"line":44,"column":3}},"26":{"start":{"line":43,"column":4},"end":{"line":43,"column":15}},"27":{"start":{"line":45,"column":2},"end":{"line":47,"column":3}},"28":{"start":{"line":46,"column":4},"end":{"line":46,"column":77}},"29":{"start":{"line":49,"column":2},"end":{"line":53,"column":3}},"30":{"start":{"line":50,"column":4},"end":{"line":50,"column":38}},"31":{"start":{"line":51,"column":9},"end":{"line":53,"column":3}},"32":{"start":{"line":52,"column":4},"end":{"line":52,"column":21}},"33":{"start":{"line":54,"column":2},"end":{"line":54,"column":35}}},"fnMap":{"0":{"name":"toBooleanConfig","decl":{"start":{"line":6,"column":35},"end":{"line":6,"column":50}},"loc":{"start":{"line":6,"column":65},"end":{"line":11,"column":1}},"line":6},"1":{"name":"toArrayConfig","decl":{"start":{"line":13,"column":33},"end":{"line":13,"column":46}},"loc":{"start":{"line":13,"column":88},"end":{"line":18,"column":1}},"line":13},"2":{"name":"(anonymous_2)","decl":{"start":{"line":15,"column":45},"end":{"line":15,"column":46}},"loc":{"start":{"line":15,"column":58},"end":{"line":15,"column":74}},"line":15},"3":{"name":"toIntegerConfig","decl":{"start":{"line":20,"column":35},"end":{"line":20,"column":50}},"loc":{"start":{"line":20,"column":65},"end":{"line":25,"column":1}},"line":20},"4":{"name":"getGitCommit","decl":{"start":{"line":27,"column":32},"end":{"line":27,"column":44}},"loc":{"start":{"line":27,"column":55},"end":{"line":38,"column":1}},"line":27},"5":{"name":"getGitHubURL","decl":{"start":{"line":40,"column":32},"end":{"line":40,"column":44}},"loc":{"start":{"line":40,"column":63},"end":{"line":55,"column":1}},"line":40}},"branchMap":{"0":{"loc":{"start":{"line":7,"column":2},"end":{"line":9,"column":3}},"type":"if","locations":[{"start":{"line":7,"column":2},"end":{"line":9,"column":3}},{"start":{"line":7,"column":2},"end":{"line":9,"column":3}}],"line":7},"1":{"loc":{"start":{"line":7,"column":6},"end":{"line":7,"column":52}},"type":"binary-expr","locations":[{"start":{"line":7,"column":6},"end":{"line":7,"column":17}},{"start":{"line":7,"column":21},"end":{"line":7,"column":52}}],"line":7},"2":{"loc":{"start":{"line":13,"column":61},"end":{"line":13,"column":76}},"type":"default-arg","locations":[{"start":{"line":13,"column":73},"end":{"line":13,"column":76}}],"line":13},"3":{"loc":{"start":{"line":14,"column":2},"end":{"line":16,"column":3}},"type":"if","locations":[{"start":{"line":14,"column":2},"end":{"line":16,"column":3}},{"start":{"line":14,"column":2},"end":{"line":16,"column":3}}],"line":14},"4":{"loc":{"start":{"line":14,"column":6},"end":{"line":14,"column":52}},"type":"binary-expr","locations":[{"start":{"line":14,"column":6},"end":{"line":14,"column":17}},{"start":{"line":14,"column":21},"end":{"line":14,"column":52}}],"line":14},"5":{"loc":{"start":{"line":21,"column":2},"end":{"line":23,"column":3}},"type":"if","locations":[{"start":{"line":21,"column":2},"end":{"line":23,"column":3}},{"start":{"line":21,"column":2},"end":{"line":23,"column":3}}],"line":21},"6":{"loc":{"start":{"line":21,"column":6},"end":{"line":21,"column":52}},"type":"binary-expr","locations":[{"start":{"line":21,"column":6},"end":{"line":21,"column":17}},{"start":{"line":21,"column":21},"end":{"line":21,"column":52}}],"line":21},"7":{"loc":{"start":{"line":28,"column":2},"end":{"line":30,"column":3}},"type":"if","locations":[{"start":{"line":28,"column":2},"end":{"line":30,"column":3}},{"start":{"line":28,"column":2},"end":{"line":30,"column":3}}],"line":28},"8":{"loc":{"start":{"line":32,"column":2},"end":{"line":35,"column":3}},"type":"if","locations":[{"start":{"line":32,"column":2},"end":{"line":35,"column":3}},{"start":{"line":32,"column":2},"end":{"line":35,"column":3}}],"line":32},"9":{"loc":{"start":{"line":42,"column":2},"end":{"line":44,"column":3}},"type":"if","locations":[{"start":{"line":42,"column":2},"end":{"line":44,"column":3}},{"start":{"line":42,"column":2},"end":{"line":44,"column":3}}],"line":42},"10":{"loc":{"start":{"line":42,"column":6},"end":{"line":42,"column":82}},"type":"binary-expr","locations":[{"start":{"line":42,"column":6},"end":{"line":42,"column":44}},{"start":{"line":42,"column":48},"end":{"line":42,"column":82}}],"line":42},"11":{"loc":{"start":{"line":45,"column":2},"end":{"line":47,"column":3}},"type":"if","locations":[{"start":{"line":45,"column":2},"end":{"line":47,"column":3}},{"start":{"line":45,"column":2},"end":{"line":47,"column":3}}],"line":45},"12":{"loc":{"start":{"line":45,"column":6},"end":{"line":45,"column":82}},"type":"binary-expr","locations":[{"start":{"line":45,"column":6},"end":{"line":45,"column":39}},{"start":{"line":45,"column":43},"end":{"line":45,"column":82}}],"line":45},"13":{"loc":{"start":{"line":49,"column":2},"end":{"line":53,"column":3}},"type":"if","locations":[{"start":{"line":49,"column":2},"end":{"line":53,"column":3}},{"start":{"line":49,"column":2},"end":{"line":53,"column":3}}],"line":49},"14":{"loc":{"start":{"line":51,"column":9},"end":{"line":53,"column":3}},"type":"if","locations":[{"start":{"line":51,"column":9},"end":{"line":53,"column":3}},{"start":{"line":51,"column":9},"end":{"line":53,"column":3}}],"line":51}},"s":{"0":1,"1":1,"2":1,"3":21,"4":0,"5":21,"6":1,"7":5,"8":0,"9":0,"10":5,"11":1,"12":5,"13":0,"14":5,"15":1,"16":1,"17":0,"18":1,"19":1,"20":0,"21":0,"22":1,"23":1,"24":1,"25":1,"26":0,"27":1,"28":0,"29":1,"30":1,"31":0,"32":0,"33":1},"f":{"0":21,"1":5,"2":0,"3":5,"4":1,"5":1},"b":{"0":[0,21],"1":[21,0],"2":[3],"3":[0,5],"4":[5,0],"5":[0,5],"6":[5,0],"7":[0,1],"8":[0,1],"9":[0,1],"10":[1,0],"11":[0,1],"12":[1,1],"13":[1,0],"14":[0,0]},"_coverageSchema":"43e27e138ebf9cfc5966b082cf9a028302ed4184","hash":"5212b3d2fcb995bb529a6befabdfc0d21270e4c7","contentHash":"30761060ff2b1042cd97f248ee79762b9b93b732d435801434045e7ef4f1c70c"},"/home/travis/build/daniele-athome/codimd/lib/config/default.js":{"path":"/home/travis/build/daniele-athome/codimd/lib/config/default.js","statementMap":{"0":{"start":{"line":3,"column":11},"end":{"line":3,"column":24}},"1":{"start":{"line":5,"column":0},"end":{"line":193,"column":1}}},"fnMap":{},"branchMap":{},"s":{"0":1,"1":1},"f":{},"b":{},"_coverageSchema":"43e27e138ebf9cfc5966b082cf9a028302ed4184","hash":"726f9cbdcf47112de69024c5414db7d5586cfe98","contentHash":"1afb3e2a8077c6b02a67f56a0f89e7948de4315cea5fe079b99b46a5100149af"},"/home/travis/build/daniele-athome/codimd/lib/config/defaultSSL.js":{"path":"/home/travis/build/daniele-athome/codimd/lib/config/defaultSSL.js","statementMap":{"0":{"start":{"line":3,"column":11},"end":{"line":3,"column":24}},"1":{"start":{"line":6,"column":2},"end":{"line":8,"column":3}},"2":{"start":{"line":7,"column":4},"end":{"line":7,"column":15}},"3":{"start":{"line":9,"column":2},"end":{"line":9,"column":18}},"4":{"start":{"line":12,"column":0},"end":{"line":17,"column":1}}},"fnMap":{"0":{"name":"getFile","decl":{"start":{"line":5,"column":9},"end":{"line":5,"column":16}},"loc":{"start":{"line":5,"column":24},"end":{"line":10,"column":1}},"line":5}},"branchMap":{"0":{"loc":{"start":{"line":6,"column":2},"end":{"line":8,"column":3}},"type":"if","locations":[{"start":{"line":6,"column":2},"end":{"line":8,"column":3}},{"start":{"line":6,"column":2},"end":{"line":8,"column":3}}],"line":6},"1":{"loc":{"start":{"line":15,"column":13},"end":{"line":15,"column":97}},"type":"cond-expr","locations":[{"start":{"line":15,"column":60},"end":{"line":15,"column":92}},{"start":{"line":15,"column":95},"end":{"line":15,"column":97}}],"line":15}},"s":{"0":1,"1":4,"2":0,"3":4,"4":1},"f":{"0":4},"b":{"0":[0,4],"1":[0,1]},"_coverageSchema":"43e27e138ebf9cfc5966b082cf9a028302ed4184","hash":"8e66c993d2815b96577ac3bda54a8a5e9921f03a","contentHash":"8caae33c9f74743141ba2fbe49cdabf7c3037e39206d450a62c90cd393bc140e"},"/home/travis/build/daniele-athome/codimd/lib/config/environment.js":{"path":"/home/travis/build/daniele-athome/codimd/lib/config/environment.js","statementMap":{"0":{"start":{"line":3,"column":60},"end":{"line":3,"column":78}},"1":{"start":{"line":5,"column":0},"end":{"line":152,"column":1}}},"fnMap":{},"branchMap":{},"s":{"0":1,"1":1},"f":{},"b":{},"_coverageSchema":"43e27e138ebf9cfc5966b082cf9a028302ed4184","hash":"2f06cc092525e86a5a60a36e54c288b24feae48b","contentHash":"e26a86f087ac2e6505eb0f0a48bc61668993515c5b3369eb3e09123630a2f7e4"},"/home/travis/build/daniele-athome/codimd/lib/config/dockerSecret.js":{"path":"/home/travis/build/daniele-athome/codimd/lib/config/dockerSecret.js","statementMap":{"0":{"start":{"line":3,"column":11},"end":{"line":3,"column":24}},"1":{"start":{"line":4,"column":13},"end":{"line":4,"column":28}},"2":{"start":{"line":6,"column":17},"end":{"line":6,"column":50}},"3":{"start":{"line":9,"column":19},"end":{"line":9,"column":46}},"4":{"start":{"line":10,"column":2},"end":{"line":10,"column":63}},"5":{"start":{"line":10,"column":31},"end":{"line":10,"column":63}},"6":{"start":{"line":11,"column":2},"end":{"line":11,"column":18}},"7":{"start":{"line":14,"column":0},"end":{"line":79,"column":1}},"8":{"start":{"line":15,"column":2},"end":{"line":78,"column":3}}},"fnMap":{"0":{"name":"getSecret","decl":{"start":{"line":8,"column":9},"end":{"line":8,"column":18}},"loc":{"start":{"line":8,"column":28},"end":{"line":12,"column":1}},"line":8}},"branchMap":{"0":{"loc":{"start":{"line":10,"column":2},"end":{"line":10,"column":63}},"type":"if","locations":[{"start":{"line":10,"column":2},"end":{"line":10,"column":63}},{"start":{"line":10,"column":2},"end":{"line":10,"column":63}}],"line":10},"1":{"loc":{"start":{"line":14,"column":0},"end":{"line":79,"column":1}},"type":"if","locations":[{"start":{"line":14,"column":0},"end":{"line":79,"column":1}},{"start":{"line":14,"column":0},"end":{"line":79,"column":1}}],"line":14}},"s":{"0":1,"1":1,"2":1,"3":0,"4":0,"5":0,"6":0,"7":1,"8":0},"f":{"0":0},"b":{"0":[0,0],"1":[0,1]},"_coverageSchema":"43e27e138ebf9cfc5966b082cf9a028302ed4184","hash":"5a7dbda9eea82d6925c041eeaf3df4252f3f5c43","contentHash":"fe26c8af9fa115fb073749ec3620b92161f445f1d08fb4557c6b7c7e29911498"},"/home/travis/build/daniele-athome/codimd/lib/realtime/processQueue.js":{"path":"/home/travis/build/daniele-athome/codimd/lib/realtime/processQueue.js","statementMap":{"0":{"start":{"line":3,"column":21},"end":{"line":3,"column":51}},"1":{"start":{"line":9,"column":19},"end":{"line":13,"column":1}},"2":{"start":{"line":24,"column":4},"end":{"line":24,"column":11}},"3":{"start":{"line":25,"column":4},"end":{"line":25,"column":28}},"4":{"start":{"line":26,"column":4},"end":{"line":26,"column":42}},"5":{"start":{"line":27,"column":4},"end":{"line":27,"column":28}},"6":{"start":{"line":28,"column":4},"end":{"line":28,"column":19}},"7":{"start":{"line":29,"column":4},"end":{"line":29,"column":21}},"8":{"start":{"line":31,"column":4},"end":{"line":31,"column":64}},"9":{"start":{"line":32,"column":4},"end":{"line":34,"column":5}},"10":{"start":{"line":33,"column":6},"end":{"line":33,"column":66}},"11":{"start":{"line":35,"column":4},"end":{"line":37,"column":5}},"12":{"start":{"line":36,"column":6},"end":{"line":36,"column":68}},"13":{"start":{"line":41,"column":4},"end":{"line":41,"column":25}},"14":{"start":{"line":41,"column":19},"end":{"line":41,"column":25}},"15":{"start":{"line":42,"column":4},"end":{"line":42,"column":20}},"16":{"start":{"line":43,"column":4},"end":{"line":45,"column":6}},"17":{"start":{"line":44,"column":6},"end":{"line":44,"column":20}},"18":{"start":{"line":49,"column":4},"end":{"line":49,"column":33}},"19":{"start":{"line":49,"column":27},"end":{"line":49,"column":33}},"20":{"start":{"line":50,"column":4},"end":{"line":52,"column":24}},"21":{"start":{"line":51,"column":6},"end":{"line":51,"column":32}},"22":{"start":{"line":56,"column":4},"end":{"line":59,"column":5}},"23":{"start":{"line":57,"column":6},"end":{"line":57,"column":38}},"24":{"start":{"line":58,"column":6},"end":{"line":58,"column":30}},"25":{"start":{"line":63,"column":4},"end":{"line":63,"column":31}},"26":{"start":{"line":73,"column":4},"end":{"line":73,"column":51}},"27":{"start":{"line":73,"column":39},"end":{"line":73,"column":51}},"28":{"start":{"line":74,"column":4},"end":{"line":74,"column":49}},"29":{"start":{"line":74,"column":37},"end":{"line":74,"column":49}},"30":{"start":{"line":75,"column":17},"end":{"line":78,"column":5}},"31":{"start":{"line":79,"column":4},"end":{"line":79,"column":30}},"32":{"start":{"line":80,"column":4},"end":{"line":80,"column":25}},"33":{"start":{"line":81,"column":4},"end":{"line":81,"column":16}},"34":{"start":{"line":82,"column":4},"end":{"line":82,"column":30}},"35":{"start":{"line":83,"column":4},"end":{"line":83,"column":15}},"36":{"start":{"line":87,"column":4},"end":{"line":91,"column":5}},"37":{"start":{"line":88,"column":6},"end":{"line":88,"column":17}},"38":{"start":{"line":89,"column":6},"end":{"line":89,"column":23}},"39":{"start":{"line":90,"column":6},"end":{"line":90,"column":12}},"40":{"start":{"line":93,"column":17},"end":{"line":93,"column":35}},"41":{"start":{"line":94,"column":4},"end":{"line":94,"column":32}},"42":{"start":{"line":96,"column":23},"end":{"line":101,"column":5}},"43":{"start":{"line":97,"column":6},"end":{"line":97,"column":23}},"44":{"start":{"line":98,"column":6},"end":{"line":100,"column":8}},"45":{"start":{"line":99,"column":8},"end":{"line":99,"column":36}},"46":{"start":{"line":102,"column":4},"end":{"line":102,"column":60}},"47":{"start":{"line":106,"column":0},"end":{"line":106,"column":35}}},"fnMap":{"0":{"name":"(anonymous_0)","decl":{"start":{"line":16,"column":2},"end":{"line":16,"column":3}},"loc":{"start":{"line":23,"column":5},"end":{"line":38,"column":3}},"line":23},"1":{"name":"(anonymous_1)","decl":{"start":{"line":40,"column":2},"end":{"line":40,"column":3}},"loc":{"start":{"line":40,"column":24},"end":{"line":46,"column":3}},"line":40},"2":{"name":"(anonymous_2)","decl":{"start":{"line":43,"column":17},"end":{"line":43,"column":18}},"loc":{"start":{"line":43,"column":23},"end":{"line":45,"column":5}},"line":43},"3":{"name":"(anonymous_3)","decl":{"start":{"line":48,"column":2},"end":{"line":48,"column":3}},"loc":{"start":{"line":48,"column":11},"end":{"line":53,"column":3}},"line":48},"4":{"name":"(anonymous_4)","decl":{"start":{"line":50,"column":36},"end":{"line":50,"column":37}},"loc":{"start":{"line":50,"column":42},"end":{"line":52,"column":5}},"line":50},"5":{"name":"(anonymous_5)","decl":{"start":{"line":55,"column":2},"end":{"line":55,"column":3}},"loc":{"start":{"line":55,"column":10},"end":{"line":60,"column":3}},"line":55},"6":{"name":"(anonymous_6)","decl":{"start":{"line":62,"column":2},"end":{"line":62,"column":3}},"loc":{"start":{"line":62,"column":26},"end":{"line":64,"column":3}},"line":62},"7":{"name":"(anonymous_7)","decl":{"start":{"line":72,"column":2},"end":{"line":72,"column":3}},"loc":{"start":{"line":72,"column":28},"end":{"line":84,"column":3}},"line":72},"8":{"name":"(anonymous_8)","decl":{"start":{"line":86,"column":2},"end":{"line":86,"column":3}},"loc":{"start":{"line":86,"column":13},"end":{"line":103,"column":3}},"line":86},"9":{"name":"(anonymous_9)","decl":{"start":{"line":96,"column":23},"end":{"line":96,"column":24}},"loc":{"start":{"line":96,"column":29},"end":{"line":101,"column":5}},"line":96},"10":{"name":"(anonymous_10)","decl":{"start":{"line":98,"column":19},"end":{"line":98,"column":20}},"loc":{"start":{"line":98,"column":25},"end":{"line":100,"column":7}},"line":98}},"branchMap":{"0":{"loc":{"start":{"line":17,"column":4},"end":{"line":17,"column":23}},"type":"default-arg","locations":[{"start":{"line":17,"column":20},"end":{"line":17,"column":23}}],"line":17},"1":{"loc":{"start":{"line":18,"column":4},"end":{"line":18,"column":30}},"type":"default-arg","locations":[{"start":{"line":18,"column":26},"end":{"line":18,"column":30}}],"line":18},"2":{"loc":{"start":{"line":20,"column":4},"end":{"line":20,"column":24}},"type":"default-arg","locations":[{"start":{"line":20,"column":20},"end":{"line":20,"column":24}}],"line":20},"3":{"loc":{"start":{"line":22,"column":4},"end":{"line":22,"column":25}},"type":"default-arg","locations":[{"start":{"line":22,"column":21},"end":{"line":22,"column":25}}],"line":22},"4":{"loc":{"start":{"line":32,"column":4},"end":{"line":34,"column":5}},"type":"if","locations":[{"start":{"line":32,"column":4},"end":{"line":34,"column":5}},{"start":{"line":32,"column":4},"end":{"line":34,"column":5}}],"line":32},"5":{"loc":{"start":{"line":35,"column":4},"end":{"line":37,"column":5}},"type":"if","locations":[{"start":{"line":35,"column":4},"end":{"line":37,"column":5}},{"start":{"line":35,"column":4},"end":{"line":37,"column":5}}],"line":35},"6":{"loc":{"start":{"line":41,"column":4},"end":{"line":41,"column":25}},"type":"if","locations":[{"start":{"line":41,"column":4},"end":{"line":41,"column":25}},{"start":{"line":41,"column":4},"end":{"line":41,"column":25}}],"line":41},"7":{"loc":{"start":{"line":49,"column":4},"end":{"line":49,"column":33}},"type":"if","locations":[{"start":{"line":49,"column":4},"end":{"line":49,"column":33}},{"start":{"line":49,"column":4},"end":{"line":49,"column":33}}],"line":49},"8":{"loc":{"start":{"line":56,"column":4},"end":{"line":59,"column":5}},"type":"if","locations":[{"start":{"line":56,"column":4},"end":{"line":59,"column":5}},{"start":{"line":56,"column":4},"end":{"line":59,"column":5}}],"line":56},"9":{"loc":{"start":{"line":73,"column":4},"end":{"line":73,"column":51}},"type":"if","locations":[{"start":{"line":73,"column":4},"end":{"line":73,"column":51}},{"start":{"line":73,"column":4},"end":{"line":73,"column":51}}],"line":73},"10":{"loc":{"start":{"line":74,"column":4},"end":{"line":74,"column":49}},"type":"if","locations":[{"start":{"line":74,"column":4},"end":{"line":74,"column":49}},{"start":{"line":74,"column":4},"end":{"line":74,"column":49}}],"line":74},"11":{"loc":{"start":{"line":87,"column":4},"end":{"line":91,"column":5}},"type":"if","locations":[{"start":{"line":87,"column":4},"end":{"line":91,"column":5}},{"start":{"line":87,"column":4},"end":{"line":91,"column":5}}],"line":87}},"s":{"0":38,"1":38,"2":182,"3":182,"4":182,"5":182,"6":182,"7":182,"8":182,"9":182,"10":182,"11":182,"12":182,"13":123,"14":6,"15":117,"16":117,"17":116,"18":146,"19":9,"20":137,"21":19,"22":68,"23":63,"24":63,"25":57,"26":54,"27":0,"28":54,"29":1,"30":53,"31":53,"32":53,"33":53,"34":53,"35":53,"36":116,"37":64,"38":64,"39":64,"40":52,"41":52,"42":52,"43":51,"44":51,"45":51,"46":52,"47":38},"f":{"0":182,"1":123,"2":116,"3":146,"4":19,"5":68,"6":57,"7":54,"8":116,"9":51,"10":51},"b":{"0":[176],"1":[178],"2":[182],"3":[182],"4":[182,0],"5":[182,0],"6":[6,117],"7":[9,137],"8":[63,5],"9":[0,54],"10":[1,53],"11":[64,52]},"_coverageSchema":"43e27e138ebf9cfc5966b082cf9a028302ed4184","hash":"de77ec8a389c90405986e8d33cd11829b5019479","contentHash":"49ff7abae7d7f630b4d592040610700154b2872c96188cb8031a68de8c67e411"},"/home/travis/build/daniele-athome/codimd/lib/csp.js":{"path":"/home/travis/build/daniele-athome/codimd/lib/csp.js","statementMap":{"0":{"start":{"line":1,"column":13},"end":{"line":1,"column":32}},"1":{"start":{"line":2,"column":11},"end":{"line":2,"column":26}},"2":{"start":{"line":4,"column":18},"end":{"line":4,"column":20}},"3":{"start":{"line":6,"column":24},"end":{"line":17,"column":1}},"4":{"start":{"line":19,"column":24},"end":{"line":21,"column":1}},"5":{"start":{"line":23,"column":20},"end":{"line":27,"column":1}},"6":{"start":{"line":29,"column":23},"end":{"line":33,"column":1}},"7":{"start":{"line":35,"column":32},"end":{"line":37,"column":1}},"8":{"start":{"line":39,"column":0},"end":{"line":53,"column":1}},"9":{"start":{"line":40,"column":19},"end":{"line":40,"column":21}},"10":{"start":{"line":41,"column":2},"end":{"line":41,"column":52}},"11":{"start":{"line":42,"column":2},"end":{"line":42,"column":74}},"12":{"start":{"line":43,"column":2},"end":{"line":43,"column":61}},"13":{"start":{"line":44,"column":2},"end":{"line":44,"column":91}},"14":{"start":{"line":45,"column":2},"end":{"line":45,"column":71}},"15":{"start":{"line":46,"column":2},"end":{"line":46,"column":89}},"16":{"start":{"line":47,"column":2},"end":{"line":49,"column":3}},"17":{"start":{"line":48,"column":4},"end":{"line":48,"column":41}},"18":{"start":{"line":50,"column":2},"end":{"line":50,"column":46}},"19":{"start":{"line":51,"column":2},"end":{"line":51,"column":26}},"20":{"start":{"line":52,"column":2},"end":{"line":52,"column":19}},"21":{"start":{"line":56,"column":2},"end":{"line":62,"column":3}},"22":{"start":{"line":57,"column":23},"end":{"line":57,"column":50}},"23":{"start":{"line":58,"column":4},"end":{"line":61,"column":5}},"24":{"start":{"line":59,"column":30},"end":{"line":59,"column":68}},"25":{"start":{"line":60,"column":6},"end":{"line":60,"column":79}},"26":{"start":{"line":66,"column":2},"end":{"line":68,"column":3}},"27":{"start":{"line":67,"column":4},"end":{"line":67,"column":54}},"28":{"start":{"line":72,"column":2},"end":{"line":72,"column":65}},"29":{"start":{"line":76,"column":2},"end":{"line":76,"column":40}},"30":{"start":{"line":79,"column":2},"end":{"line":79,"column":86}},"31":{"start":{"line":83,"column":2},"end":{"line":83,"column":43}},"32":{"start":{"line":87,"column":2},"end":{"line":91,"column":3}},"33":{"start":{"line":88,"column":4},"end":{"line":88,"column":45}},"34":{"start":{"line":89,"column":9},"end":{"line":91,"column":3}},"35":{"start":{"line":90,"column":4},"end":{"line":90,"column":45}},"36":{"start":{"line":95,"column":2},"end":{"line":97,"column":3}},"37":{"start":{"line":96,"column":4},"end":{"line":96,"column":47}},"38":{"start":{"line":100,"column":0},"end":{"line":103,"column":1}},"39":{"start":{"line":101,"column":2},"end":{"line":101,"column":30}},"40":{"start":{"line":102,"column":2},"end":{"line":102,"column":8}},"41":{"start":{"line":105,"column":0},"end":{"line":105,"column":28}}},"fnMap":{"0":{"name":"(anonymous_0)","decl":{"start":{"line":39,"column":32},"end":{"line":39,"column":33}},"loc":{"start":{"line":39,"column":44},"end":{"line":53,"column":1}},"line":39},"1":{"name":"mergeDirectives","decl":{"start":{"line":55,"column":9},"end":{"line":55,"column":24}},"loc":{"start":{"line":55,"column":61},"end":{"line":63,"column":1}},"line":55},"2":{"name":"mergeDirectivesIf","decl":{"start":{"line":65,"column":9},"end":{"line":65,"column":26}},"loc":{"start":{"line":65,"column":74},"end":{"line":69,"column":1}},"line":65},"3":{"name":"areAllInlineScriptsAllowed","decl":{"start":{"line":71,"column":9},"end":{"line":71,"column":35}},"loc":{"start":{"line":71,"column":49},"end":{"line":73,"column":1}},"line":71},"4":{"name":"addInlineScriptExceptions","decl":{"start":{"line":75,"column":9},"end":{"line":75,"column":34}},"loc":{"start":{"line":75,"column":48},"end":{"line":80,"column":1}},"line":75},"5":{"name":"getCspNonce","decl":{"start":{"line":82,"column":9},"end":{"line":82,"column":20}},"loc":{"start":{"line":82,"column":32},"end":{"line":84,"column":1}},"line":82},"6":{"name":"addUpgradeUnsafeRequestsOptionTo","decl":{"start":{"line":86,"column":9},"end":{"line":86,"column":41}},"loc":{"start":{"line":86,"column":55},"end":{"line":92,"column":1}},"line":86},"7":{"name":"addReportURI","decl":{"start":{"line":94,"column":9},"end":{"line":94,"column":21}},"loc":{"start":{"line":94,"column":35},"end":{"line":98,"column":1}},"line":94},"8":{"name":"(anonymous_8)","decl":{"start":{"line":100,"column":31},"end":{"line":100,"column":32}},"loc":{"start":{"line":100,"column":57},"end":{"line":103,"column":1}},"line":100}},"branchMap":{"0":{"loc":{"start":{"line":44,"column":20},"end":{"line":44,"column":59}},"type":"binary-expr","locations":[{"start":{"line":44,"column":20},"end":{"line":44,"column":34}},{"start":{"line":44,"column":38},"end":{"line":44,"column":59}}],"line":44},"1":{"loc":{"start":{"line":47,"column":2},"end":{"line":49,"column":3}},"type":"if","locations":[{"start":{"line":47,"column":2},"end":{"line":49,"column":3}},{"start":{"line":47,"column":2},"end":{"line":49,"column":3}}],"line":47},"2":{"loc":{"start":{"line":58,"column":4},"end":{"line":61,"column":5}},"type":"if","locations":[{"start":{"line":58,"column":4},"end":{"line":61,"column":5}},{"start":{"line":58,"column":4},"end":{"line":61,"column":5}}],"line":58},"3":{"loc":{"start":{"line":59,"column":30},"end":{"line":59,"column":68}},"type":"binary-expr","locations":[{"start":{"line":59,"column":30},"end":{"line":59,"column":62}},{"start":{"line":59,"column":66},"end":{"line":59,"column":68}}],"line":59},"4":{"loc":{"start":{"line":66,"column":2},"end":{"line":68,"column":3}},"type":"if","locations":[{"start":{"line":66,"column":2},"end":{"line":68,"column":3}},{"start":{"line":66,"column":2},"end":{"line":68,"column":3}}],"line":66},"5":{"loc":{"start":{"line":87,"column":2},"end":{"line":91,"column":3}},"type":"if","locations":[{"start":{"line":87,"column":2},"end":{"line":91,"column":3}},{"start":{"line":87,"column":2},"end":{"line":91,"column":3}}],"line":87},"6":{"loc":{"start":{"line":87,"column":6},"end":{"line":87,"column":68}},"type":"binary-expr","locations":[{"start":{"line":87,"column":6},"end":{"line":87,"column":51}},{"start":{"line":87,"column":55},"end":{"line":87,"column":68}}],"line":87},"7":{"loc":{"start":{"line":89,"column":9},"end":{"line":91,"column":3}},"type":"if","locations":[{"start":{"line":89,"column":9},"end":{"line":91,"column":3}},{"start":{"line":89,"column":9},"end":{"line":91,"column":3}}],"line":89},"8":{"loc":{"start":{"line":95,"column":2},"end":{"line":97,"column":3}},"type":"if","locations":[{"start":{"line":95,"column":2},"end":{"line":97,"column":3}},{"start":{"line":95,"column":2},"end":{"line":97,"column":3}}],"line":95}},"s":{"0":14,"1":14,"2":14,"3":14,"4":14,"5":14,"6":14,"7":14,"8":14,"9":25,"10":25,"11":25,"12":25,"13":25,"14":25,"15":25,"16":25,"17":25,"18":25,"19":25,"20":25,"21":111,"22":441,"23":441,"24":441,"25":441,"26":125,"27":86,"28":25,"29":25,"30":25,"31":0,"32":25,"33":0,"34":25,"35":0,"36":25,"37":1,"38":14,"39":0,"40":0,"41":14},"f":{"0":25,"1":111,"2":125,"3":25,"4":25,"5":0,"6":25,"7":25,"8":0},"b":{"0":[25,0],"1":[25,0],"2":[441,0],"3":[441,225],"4":[86,39],"5":[0,25],"6":[25,25],"7":[0,25],"8":[1,24]},"_coverageSchema":"43e27e138ebf9cfc5966b082cf9a028302ed4184","hash":"379bd37d766bc5a91a0095ff51f235cd8d3e58ba","contentHash":"989b7cb85829624b1321e452224ed1c1bf38aecaedcfc1680a37183c6753f9e8"},"/home/travis/build/daniele-athome/codimd/lib/letter-avatars.js":{"path":"/home/travis/build/daniele-athome/codimd/lib/letter-avatars.js","statementMap":{"0":{"start":{"line":3,"column":15},"end":{"line":3,"column":32}},"1":{"start":{"line":4,"column":20},"end":{"line":4,"column":42}},"2":{"start":{"line":5,"column":15},"end":{"line":5,"column":34}},"3":{"start":{"line":8,"column":0},"end":{"line":26,"column":1}},"4":{"start":{"line":9,"column":16},"end":{"line":12,"column":4}},"5":{"start":{"line":13,"column":17},"end":{"line":13,"column":51}},"6":{"start":{"line":15,"column":12},"end":{"line":15,"column":68}},"7":{"start":{"line":16,"column":2},"end":{"line":16,"column":164}},"8":{"start":{"line":17,"column":2},"end":{"line":17,"column":14}},"9":{"start":{"line":18,"column":2},"end":{"line":18,"column":63}},"10":{"start":{"line":19,"column":2},"end":{"line":19,"column":95}},"11":{"start":{"line":20,"column":2},"end":{"line":20,"column":93}},"12":{"start":{"line":21,"column":2},"end":{"line":21,"column":18}},"13":{"start":{"line":22,"column":2},"end":{"line":22,"column":15}},"14":{"start":{"line":23,"column":2},"end":{"line":23,"column":17}},"15":{"start":{"line":25,"column":2},"end":{"line":25,"column":12}},"16":{"start":{"line":28,"column":0},"end":{"line":50,"column":1}},"17":{"start":{"line":30,"column":2},"end":{"line":32,"column":3}},"18":{"start":{"line":31,"column":4},"end":{"line":31,"column":38}},"19":{"start":{"line":33,"column":2},"end":{"line":33,"column":33}},"20":{"start":{"line":35,"column":15},"end":{"line":35,"column":39}},"21":{"start":{"line":36,"column":2},"end":{"line":36,"column":34}},"22":{"start":{"line":37,"column":20},"end":{"line":37,"column":38}},"23":{"start":{"line":39,"column":2},"end":{"line":48,"column":3}},"24":{"start":{"line":40,"column":4},"end":{"line":40,"column":58}},"25":{"start":{"line":41,"column":4},"end":{"line":45,"column":5}},"26":{"start":{"line":42,"column":6},"end":{"line":42,"column":23}},"27":{"start":{"line":44,"column":6},"end":{"line":44,"column":22}},"28":{"start":{"line":47,"column":4},"end":{"line":47,"column":123}},"29":{"start":{"line":49,"column":2},"end":{"line":49,"column":14}}},"fnMap":{"0":{"name":"(anonymous_0)","decl":{"start":{"line":8,"column":25},"end":{"line":8,"column":26}},"loc":{"start":{"line":8,"column":41},"end":{"line":26,"column":1}},"line":8},"1":{"name":"(anonymous_1)","decl":{"start":{"line":28,"column":28},"end":{"line":28,"column":29}},"loc":{"start":{"line":28,"column":68},"end":{"line":50,"column":1}},"line":28}},"branchMap":{"0":{"loc":{"start":{"line":28,"column":44},"end":{"line":28,"column":54}},"type":"default-arg","locations":[{"start":{"line":28,"column":52},"end":{"line":28,"column":54}}],"line":28},"1":{"loc":{"start":{"line":28,"column":56},"end":{"line":28,"column":66}},"type":"default-arg","locations":[{"start":{"line":28,"column":62},"end":{"line":28,"column":66}}],"line":28},"2":{"loc":{"start":{"line":30,"column":2},"end":{"line":32,"column":3}},"type":"if","locations":[{"start":{"line":30,"column":2},"end":{"line":32,"column":3}},{"start":{"line":30,"column":2},"end":{"line":32,"column":3}}],"line":30},"3":{"loc":{"start":{"line":39,"column":2},"end":{"line":48,"column":3}},"type":"if","locations":[{"start":{"line":39,"column":2},"end":{"line":48,"column":3}},{"start":{"line":39,"column":2},"end":{"line":48,"column":3}}],"line":39},"4":{"loc":{"start":{"line":39,"column":6},"end":{"line":39,"column":42}},"type":"binary-expr","locations":[{"start":{"line":39,"column":6},"end":{"line":39,"column":18}},{"start":{"line":39,"column":22},"end":{"line":39,"column":42}}],"line":39},"5":{"loc":{"start":{"line":41,"column":4},"end":{"line":45,"column":5}},"type":"if","locations":[{"start":{"line":41,"column":4},"end":{"line":45,"column":5}},{"start":{"line":41,"column":4},"end":{"line":45,"column":5}}],"line":41},"6":{"loc":{"start":{"line":47,"column":43},"end":{"line":47,"column":106}},"type":"binary-expr","locations":[{"start":{"line":47,"column":43},"end":{"line":47,"column":47}},{"start":{"line":47,"column":51},"end":{"line":47,"column":93}},{"start":{"line":47,"column":97},"end":{"line":47,"column":106}}],"line":47}},"s":{"0":4,"1":4,"2":4,"3":4,"4":0,"5":0,"6":0,"7":0,"8":0,"9":0,"10":0,"11":0,"12":0,"13":0,"14":0,"15":0,"16":4,"17":6,"18":0,"19":6,"20":6,"21":6,"22":6,"23":6,"24":2,"25":2,"26":1,"27":1,"28":4,"29":6},"f":{"0":0,"1":6},"b":{"0":[2],"1":[2],"2":[0,6],"3":[2,4],"4":[6,4],"5":[1,1],"6":[4,0,0]},"_coverageSchema":"43e27e138ebf9cfc5966b082cf9a028302ed4184","hash":"6f8da1c3de72cf676b5a35c1da5ec63b985c317f","contentHash":"5d05ca304415bcb974e4c93165d60bbeb4c8523e785bce59efa7b6cba731d7ba"},"/home/travis/build/daniele-athome/codimd/lib/realtime/realtime.js":{"path":"/home/travis/build/daniele-athome/codimd/lib/realtime/realtime.js","statementMap":{"0":{"start":{"line":4,"column":15},"end":{"line":4,"column":32}},"1":{"start":{"line":5,"column":21},"end":{"line":5,"column":45}},"2":{"start":{"line":6,"column":12},"end":{"line":6,"column":26}},"3":{"start":{"line":7,"column":20},"end":{"line":7,"column":42}},"4":{"start":{"line":8,"column":15},"end":{"line":8,"column":32}},"5":{"start":{"line":9,"column":15},"end":{"line":9,"column":27}},"6":{"start":{"line":10,"column":15},"end":{"line":10,"column":32}},"7":{"start":{"line":12,"column":12},"end":{"line":12,"column":33}},"8":{"start":{"line":15,"column":15},"end":{"line":15,"column":35}},"9":{"start":{"line":16,"column":15},"end":{"line":16,"column":35}},"10":{"start":{"line":17,"column":16},"end":{"line":17,"column":37}},"11":{"start":{"line":18,"column":15},"end":{"line":18,"column":35}},"12":{"start":{"line":21,"column":11},"end":{"line":21,"column":27}},"13":{"start":{"line":23,"column":25},"end":{"line":23,"column":50}},"14":{"start":{"line":24,"column":37},"end":{"line":24,"column":74}},"15":{"start":{"line":25,"column":31},"end":{"line":25,"column":70}},"16":{"start":{"line":26,"column":33},"end":{"line":26,"column":74}},"17":{"start":{"line":27,"column":28},"end":{"line":27,"column":64}},"18":{"start":{"line":30,"column":17},"end":{"line":39,"column":1}},"19":{"start":{"line":41,"column":28},"end":{"line":41,"column":48}},"20":{"start":{"line":42,"column":31},"end":{"line":42,"column":51}},"21":{"start":{"line":43,"column":27},"end":{"line":43,"column":59}},"22":{"start":{"line":44,"column":29},"end":{"line":44,"column":63}},"23":{"start":{"line":45,"column":24},"end":{"line":45,"column":53}},"24":{"start":{"line":49,"column":2},"end":{"line":49,"column":10}},"25":{"start":{"line":54,"column":2},"end":{"line":54,"column":10}},"26":{"start":{"line":60,"column":2},"end":{"line":80,"column":3}},"27":{"start":{"line":61,"column":24},"end":{"line":61,"column":38}},"28":{"start":{"line":62,"column":4},"end":{"line":77,"column":5}},"29":{"start":{"line":63,"column":6},"end":{"line":63,"column":71}},"30":{"start":{"line":64,"column":6},"end":{"line":64,"column":121}},"31":{"start":{"line":65,"column":6},"end":{"line":74,"column":7}},"32":{"start":{"line":68,"column":8},"end":{"line":70,"column":9}},"33":{"start":{"line":69,"column":10},"end":{"line":69,"column":72}},"34":{"start":{"line":71,"column":8},"end":{"line":71,"column":21}},"35":{"start":{"line":73,"column":8},"end":{"line":73,"column":58}},"36":{"start":{"line":76,"column":6},"end":{"line":76,"column":60}},"37":{"start":{"line":79,"column":4},"end":{"line":79,"column":56}},"38":{"start":{"line":86,"column":12},"end":{"line":93,"column":3}},"39":{"start":{"line":94,"column":2},"end":{"line":94,"column":44}},"40":{"start":{"line":98,"column":12},"end":{"line":98,"column":14}},"41":{"start":{"line":99,"column":12},"end":{"line":99,"column":14}},"42":{"start":{"line":102,"column":2},"end":{"line":102,"column":14}},"43":{"start":{"line":106,"column":2},"end":{"line":106,"column":24}},"44":{"start":{"line":110,"column":2},"end":{"line":110,"column":55}},"45":{"start":{"line":110,"column":43},"end":{"line":110,"column":55}},"46":{"start":{"line":111,"column":2},"end":{"line":111,"column":23}},"47":{"start":{"line":112,"column":2},"end":{"line":112,"column":13}},"48":{"start":{"line":116,"column":2},"end":{"line":116,"column":34}},"49":{"start":{"line":120,"column":2},"end":{"line":120,"column":22}},"50":{"start":{"line":124,"column":2},"end":{"line":126,"column":4}},"51":{"start":{"line":125,"column":4},"end":{"line":125,"column":24}},"52":{"start":{"line":130,"column":2},"end":{"line":130,"column":22}},"53":{"start":{"line":134,"column":2},"end":{"line":134,"column":14}},"54":{"start":{"line":138,"column":2},"end":{"line":138,"column":22}},"55":{"start":{"line":141,"column":0},"end":{"line":141,"column":30}},"56":{"start":{"line":142,"column":0},"end":{"line":142,"column":26}},"57":{"start":{"line":143,"column":0},"end":{"line":143,"column":28}},"58":{"start":{"line":144,"column":0},"end":{"line":144,"column":23}},"59":{"start":{"line":147,"column":2},"end":{"line":154,"column":4}},"60":{"start":{"line":148,"column":4},"end":{"line":153,"column":5}},"61":{"start":{"line":149,"column":6},"end":{"line":149,"column":25}},"62":{"start":{"line":150,"column":6},"end":{"line":152,"column":8}},"63":{"start":{"line":151,"column":8},"end":{"line":151,"column":29}},"64":{"start":{"line":158,"column":2},"end":{"line":163,"column":4}},"65":{"start":{"line":159,"column":4},"end":{"line":159,"column":25}},"66":{"start":{"line":161,"column":4},"end":{"line":161,"column":21}},"67":{"start":{"line":162,"column":4},"end":{"line":162,"column":30}},"68":{"start":{"line":167,"column":2},"end":{"line":171,"column":4}},"69":{"start":{"line":176,"column":20},"end":{"line":176,"column":53}},"70":{"start":{"line":177,"column":2},"end":{"line":177,"column":21}},"71":{"start":{"line":179,"column":2},"end":{"line":181,"column":4}},"72":{"start":{"line":180,"column":4},"end":{"line":180,"column":52}},"73":{"start":{"line":185,"column":15},"end":{"line":189,"column":4}},"74":{"start":{"line":190,"column":2},"end":{"line":190,"column":24}},"75":{"start":{"line":190,"column":13},"end":{"line":190,"column":24}},"76":{"start":{"line":191,"column":2},"end":{"line":191,"column":37}},"77":{"start":{"line":196,"column":4},"end":{"line":196,"column":27}},"78":{"start":{"line":197,"column":4},"end":{"line":197,"column":37}},"79":{"start":{"line":198,"column":4},"end":{"line":198,"column":51}},"80":{"start":{"line":203,"column":2},"end":{"line":203,"column":43}},"81":{"start":{"line":203,"column":32},"end":{"line":203,"column":43}},"82":{"start":{"line":204,"column":2},"end":{"line":204,"column":100}},"83":{"start":{"line":204,"column":62},"end":{"line":204,"column":100}},"84":{"start":{"line":205,"column":18},"end":{"line":205,"column":72}},"85":{"start":{"line":206,"column":2},"end":{"line":208,"column":3}},"86":{"start":{"line":207,"column":4},"end":{"line":207,"column":37}},"87":{"start":{"line":209,"column":2},"end":{"line":209,"column":16}},"88":{"start":{"line":213,"column":15},"end":{"line":213,"column":35}},"89":{"start":{"line":214,"column":16},"end":{"line":214,"column":61}},"90":{"start":{"line":215,"column":2},"end":{"line":221,"column":3}},"91":{"start":{"line":225,"column":18},"end":{"line":225,"column":50}},"92":{"start":{"line":226,"column":2},"end":{"line":226,"column":29}},"93":{"start":{"line":226,"column":18},"end":{"line":226,"column":29}},"94":{"start":{"line":228,"column":2},"end":{"line":228,"column":48}},"95":{"start":{"line":230,"column":2},"end":{"line":241,"column":3}},"96":{"start":{"line":231,"column":4},"end":{"line":235,"column":5}},"97":{"start":{"line":237,"column":4},"end":{"line":239,"column":5}},"98":{"start":{"line":238,"column":6},"end":{"line":238,"column":17}},"99":{"start":{"line":240,"column":4},"end":{"line":240,"column":13}},"100":{"start":{"line":243,"column":2},"end":{"line":243,"column":40}},"101":{"start":{"line":243,"column":29},"end":{"line":243,"column":40}},"102":{"start":{"line":244,"column":2},"end":{"line":244,"column":63}},"103":{"start":{"line":245,"column":2},"end":{"line":245,"column":38}},"104":{"start":{"line":246,"column":2},"end":{"line":246,"column":18}},"105":{"start":{"line":251,"column":2},"end":{"line":307,"column":6}},"106":{"start":{"line":253,"column":30},"end":{"line":253,"column":32}},"107":{"start":{"line":254,"column":25},"end":{"line":254,"column":27}},"108":{"start":{"line":255,"column":33},"end":{"line":255,"column":35}},"109":{"start":{"line":256,"column":6},"end":{"line":282,"column":8}},"110":{"start":{"line":257,"column":19},"end":{"line":257,"column":29}},"111":{"start":{"line":258,"column":8},"end":{"line":258,"column":25}},"112":{"start":{"line":258,"column":19},"end":{"line":258,"column":25}},"113":{"start":{"line":259,"column":20},"end":{"line":259,"column":25}},"114":{"start":{"line":260,"column":8},"end":{"line":265,"column":9}},"115":{"start":{"line":260,"column":21},"end":{"line":260,"column":22}},"116":{"start":{"line":261,"column":10},"end":{"line":264,"column":11}},"117":{"start":{"line":262,"column":12},"end":{"line":262,"column":24}},"118":{"start":{"line":263,"column":12},"end":{"line":263,"column":17}},"119":{"start":{"line":266,"column":8},"end":{"line":268,"column":9}},"120":{"start":{"line":267,"column":10},"end":{"line":267,"column":46}},"121":{"start":{"line":269,"column":8},"end":{"line":281,"column":9}},"122":{"start":{"line":270,"column":10},"end":{"line":270,"column":41}},"123":{"start":{"line":271,"column":22},"end":{"line":271,"column":27}},"124":{"start":{"line":272,"column":10},"end":{"line":277,"column":11}},"125":{"start":{"line":272,"column":23},"end":{"line":272,"column":24}},"126":{"start":{"line":273,"column":12},"end":{"line":276,"column":13}},"127":{"start":{"line":274,"column":14},"end":{"line":274,"column":26}},"128":{"start":{"line":275,"column":14},"end":{"line":275,"column":19}},"129":{"start":{"line":278,"column":10},"end":{"line":280,"column":11}},"130":{"start":{"line":279,"column":12},"end":{"line":279,"column":51}},"131":{"start":{"line":284,"column":6},"end":{"line":303,"column":10}},"132":{"start":{"line":286,"column":10},"end":{"line":298,"column":11}},"133":{"start":{"line":301,"column":10},"end":{"line":301,"column":51}},"134":{"start":{"line":302,"column":10},"end":{"line":302,"column":71}},"135":{"start":{"line":305,"column":6},"end":{"line":305,"column":47}},"136":{"start":{"line":306,"column":6},"end":{"line":306,"column":67}},"137":{"start":{"line":312,"column":2},"end":{"line":315,"column":77}},"138":{"start":{"line":319,"column":2},"end":{"line":328,"column":3}},"139":{"start":{"line":320,"column":4},"end":{"line":326,"column":5}},"140":{"start":{"line":321,"column":6},"end":{"line":321,"column":30}},"141":{"start":{"line":325,"column":6},"end":{"line":325,"column":28}},"142":{"start":{"line":329,"column":2},"end":{"line":329,"column":13}},"143":{"start":{"line":334,"column":4},"end":{"line":343,"column":5}},"144":{"start":{"line":335,"column":22},"end":{"line":335,"column":39}},"145":{"start":{"line":336,"column":6},"end":{"line":338,"column":7}},"146":{"start":{"line":337,"column":8},"end":{"line":337,"column":20}},"147":{"start":{"line":339,"column":6},"end":{"line":341,"column":7}},"148":{"start":{"line":340,"column":8},"end":{"line":340,"column":103}},"149":{"start":{"line":342,"column":6},"end":{"line":342,"column":43}},"150":{"start":{"line":344,"column":4},"end":{"line":344,"column":16}},"151":{"start":{"line":347,"column":2},"end":{"line":349,"column":3}},"152":{"start":{"line":348,"column":4},"end":{"line":348,"column":16}},"153":{"start":{"line":351,"column":2},"end":{"line":353,"column":3}},"154":{"start":{"line":352,"column":4},"end":{"line":352,"column":60}},"155":{"start":{"line":355,"column":18},"end":{"line":355,"column":58}},"156":{"start":{"line":356,"column":2},"end":{"line":360,"column":3}},"157":{"start":{"line":359,"column":4},"end":{"line":359,"column":44}},"158":{"start":{"line":362,"column":2},"end":{"line":362,"column":14}},"159":{"start":{"line":366,"column":17},"end":{"line":366,"column":48}},"160":{"start":{"line":367,"column":2},"end":{"line":369,"column":3}},"161":{"start":{"line":368,"column":4},"end":{"line":368,"column":15}},"162":{"start":{"line":371,"column":2},"end":{"line":381,"column":4}},"163":{"start":{"line":372,"column":4},"end":{"line":380,"column":6}},"164":{"start":{"line":373,"column":6},"end":{"line":375,"column":7}},"165":{"start":{"line":374,"column":8},"end":{"line":374,"column":19}},"166":{"start":{"line":376,"column":6},"end":{"line":378,"column":7}},"167":{"start":{"line":377,"column":8},"end":{"line":377,"column":21}},"168":{"start":{"line":379,"column":6},"end":{"line":379,"column":17}},"169":{"start":{"line":386,"column":15},"end":{"line":386,"column":28}},"170":{"start":{"line":387,"column":2},"end":{"line":387,"column":39}},"171":{"start":{"line":387,"column":33},"end":{"line":387,"column":39}},"172":{"start":{"line":388,"column":14},"end":{"line":388,"column":16}},"173":{"start":{"line":389,"column":2},"end":{"line":394,"column":4}},"174":{"start":{"line":390,"column":15},"end":{"line":390,"column":39}},"175":{"start":{"line":391,"column":4},"end":{"line":393,"column":5}},"176":{"start":{"line":392,"column":6},"end":{"line":392,"column":40}},"177":{"start":{"line":395,"column":12},"end":{"line":397,"column":3}},"178":{"start":{"line":398,"column":2},"end":{"line":398,"column":50}},"179":{"start":{"line":403,"column":15},"end":{"line":403,"column":28}},"180":{"start":{"line":404,"column":13},"end":{"line":404,"column":29}},"181":{"start":{"line":405,"column":2},"end":{"line":405,"column":48}},"182":{"start":{"line":405,"column":42},"end":{"line":405,"column":48}},"183":{"start":{"line":406,"column":12},"end":{"line":406,"column":34}},"184":{"start":{"line":407,"column":2},"end":{"line":407,"column":54}},"185":{"start":{"line":412,"column":15},"end":{"line":412,"column":28}},"186":{"start":{"line":413,"column":2},"end":{"line":413,"column":39}},"187":{"start":{"line":413,"column":33},"end":{"line":413,"column":39}},"188":{"start":{"line":414,"column":13},"end":{"line":414,"column":26}},"189":{"start":{"line":415,"column":12},"end":{"line":427,"column":3}},"190":{"start":{"line":428,"column":2},"end":{"line":428,"column":29}},"191":{"start":{"line":432,"column":2},"end":{"line":446,"column":3}},"192":{"start":{"line":433,"column":4},"end":{"line":437,"column":5}},"193":{"start":{"line":434,"column":6},"end":{"line":434,"column":17}},"194":{"start":{"line":436,"column":6},"end":{"line":436,"column":18}},"195":{"start":{"line":438,"column":9},"end":{"line":446,"column":3}},"196":{"start":{"line":439,"column":4},"end":{"line":443,"column":5}},"197":{"start":{"line":440,"column":6},"end":{"line":440,"column":17}},"198":{"start":{"line":442,"column":6},"end":{"line":442,"column":18}},"199":{"start":{"line":445,"column":4},"end":{"line":445,"column":15}},"200":{"start":{"line":451,"column":2},"end":{"line":469,"column":4}},"201":{"start":{"line":473,"column":18},"end":{"line":473,"column":20}},"202":{"start":{"line":474,"column":2},"end":{"line":484,"column":4}},"203":{"start":{"line":475,"column":20},"end":{"line":475,"column":55}},"204":{"start":{"line":476,"column":4},"end":{"line":483,"column":5}},"205":{"start":{"line":477,"column":6},"end":{"line":482,"column":7}},"206":{"start":{"line":485,"column":2},"end":{"line":485,"column":16}},"207":{"start":{"line":489,"column":18},"end":{"line":489,"column":59}},"208":{"start":{"line":491,"column":2},"end":{"line":508,"column":3}},"209":{"start":{"line":513,"column":2},"end":{"line":513,"column":19}},"210":{"start":{"line":515,"column":2},"end":{"line":517,"column":4}},"211":{"start":{"line":518,"column":2},"end":{"line":518,"column":32}},"212":{"start":{"line":522,"column":2},"end":{"line":559,"column":4}},"213":{"start":{"line":523,"column":4},"end":{"line":525,"column":5}},"214":{"start":{"line":524,"column":6},"end":{"line":524,"column":29}},"215":{"start":{"line":526,"column":19},"end":{"line":526,"column":32}},"216":{"start":{"line":527,"column":17},"end":{"line":527,"column":30}},"217":{"start":{"line":528,"column":4},"end":{"line":557,"column":5}},"218":{"start":{"line":530,"column":6},"end":{"line":532,"column":7}},"219":{"start":{"line":531,"column":8},"end":{"line":531,"column":36}},"220":{"start":{"line":535,"column":6},"end":{"line":540,"column":28}},"221":{"start":{"line":536,"column":8},"end":{"line":536,"column":42}},"222":{"start":{"line":537,"column":8},"end":{"line":539,"column":9}},"223":{"start":{"line":538,"column":10},"end":{"line":538,"column":37}},"224":{"start":{"line":542,"column":6},"end":{"line":556,"column":7}},"225":{"start":{"line":543,"column":8},"end":{"line":555,"column":9}},"226":{"start":{"line":544,"column":10},"end":{"line":551,"column":12}},"227":{"start":{"line":545,"column":12},"end":{"line":545,"column":74}},"228":{"start":{"line":545,"column":21},"end":{"line":545,"column":74}},"229":{"start":{"line":547,"column":12},"end":{"line":547,"column":37}},"230":{"start":{"line":548,"column":12},"end":{"line":548,"column":39}},"231":{"start":{"line":549,"column":12},"end":{"line":549,"column":30}},"232":{"start":{"line":550,"column":12},"end":{"line":550,"column":32}},"233":{"start":{"line":553,"column":10},"end":{"line":553,"column":28}},"234":{"start":{"line":554,"column":10},"end":{"line":554,"column":30}},"235":{"start":{"line":558,"column":4},"end":{"line":558,"column":35}},"236":{"start":{"line":563,"column":12},"end":{"line":573,"column":3}},"237":{"start":{"line":574,"column":2},"end":{"line":574,"column":12}},"238":{"start":{"line":580,"column":2},"end":{"line":590,"column":3}},"239":{"start":{"line":581,"column":18},"end":{"line":581,"column":61}},"240":{"start":{"line":582,"column":4},"end":{"line":582,"column":30}},"241":{"start":{"line":583,"column":4},"end":{"line":583,"column":28}},"242":{"start":{"line":584,"column":4},"end":{"line":584,"column":40}},"243":{"start":{"line":585,"column":4},"end":{"line":585,"column":21}},"244":{"start":{"line":587,"column":4},"end":{"line":587,"column":22}},"245":{"start":{"line":588,"column":4},"end":{"line":588,"column":42}},"246":{"start":{"line":589,"column":4},"end":{"line":589,"column":22}},"247":{"start":{"line":594,"column":2},"end":{"line":606,"column":3}},"248":{"start":{"line":596,"column":6},"end":{"line":596,"column":17}},"249":{"start":{"line":600,"column":6},"end":{"line":600,"column":28}},"250":{"start":{"line":605,
[...]
,"end":{"line":97,"column":3}},"type":"if","locations":[{"start":{"line":93,"column":2},"end":{"line":97,"column":3}},{"start":{"line":93,"column":2},"end":{"line":97,"column":3}}],"line":93},"4":{"loc":{"start":{"line":93,"column":6},"end":{"line":93,"column":60}},"type":"binary-expr","locations":[{"start":{"line":93,"column":6},"end":{"line":93,"column":14}},{"start":{"line":93,"column":18},"end":{"line":93,"column":60}}],"line":93},"5":{"loc":{"start":{"line":95,"column":9},"end":{"line":97,"column":3}},"type":"if","locations":[{"start":{"line":95,"column":9},"end":{"line":97,"column":3}},{"start":{"line":95,"column":9},"end":{"line":97,"column":3}}],"line":95},"6":{"loc":{"start":{"line":99,"column":2},"end":{"line":103,"column":3}},"type":"if","locations":[{"start":{"line":99,"column":2},"end":{"line":103,"column":3}},{"start":{"line":99,"column":2},"end":{"line":103,"column":3}}],"line":99},"7":{"loc":{"start":{"line":101,"column":9},"end":{"line":103,"column":3}},"type":"if","locations":[{"start":{"line":101,"column":9},"end":{"line":103,"column":3}},{"start":{"line":101,"column":9},"end":{"line":103,"column":3}}],"line":101},"8":{"loc":{"start":{"line":106,"column":11},"end":{"line":106,"column":39}},"type":"cond-expr","locations":[{"start":{"line":106,"column":23},"end":{"line":106,"column":32}},{"start":{"line":106,"column":35},"end":{"line":106,"column":39}}],"line":106},"9":{"loc":{"start":{"line":109,"column":4},"end":{"line":111,"column":5}},"type":"if","locations":[{"start":{"line":109,"column":4},"end":{"line":111,"column":5}},{"start":{"line":109,"column":4},"end":{"line":111,"column":5}}],"line":109},"10":{"loc":{"start":{"line":121,"column":2},"end":{"line":123,"column":3}},"type":"if","locations":[{"start":{"line":121,"column":2},"end":{"line":123,"column":3}},{"start":{"line":121,"column":2},"end":{"line":123,"column":3}}],"line":121},"11":{"loc":{"start":{"line":124,"column":2},"end":{"line":126,"column":3}},"type":"if","locations":[{"start":{"line":124,"column":2},"end":{"line":126,"column":3}},{"start":{"line":124,"column":2},"end":{"line":126,"column":3}}],"line":124},"12":{"loc":{"start":{"line":124,"column":6},"end":{"line":124,"column":70}},"type":"binary-expr","locations":[{"start":{"line":124,"column":6},"end":{"line":124,"column":35}},{"start":{"line":124,"column":39},"end":{"line":124,"column":70}}],"line":124},"13":{"loc":{"start":{"line":131,"column":2},"end":{"line":137,"column":3}},"type":"if","locations":[{"start":{"line":131,"column":2},"end":{"line":137,"column":3}},{"start":{"line":131,"column":2},"end":{"line":137,"column":3}}],"line":131},"14":{"loc":{"start":{"line":132,"column":4},"end":{"line":132,"column":101}},"type":"if","locations":[{"start":{"line":132,"column":4},"end":{"line":132,"column":101}},{"start":{"line":132,"column":4},"end":{"line":132,"column":101}}],"line":132},"15":{"loc":{"start":{"line":132,"column":8},"end":{"line":132,"column":62}},"type":"binary-expr","locations":[{"start":{"line":132,"column":8},"end":{"line":132,"column":30}},{"start":{"line":132,"column":34},"end":{"line":132,"column":62}}],"line":132},"16":{"loc":{"start":{"line":133,"column":9},"end":{"line":137,"column":3}},"type":"if","locations":[{"start":{"line":133,"column":9},"end":{"line":137,"column":3}},{"start":{"line":133,"column":9},"end":{"line":137,"column":3}}],"line":133},"17":{"loc":{"start":{"line":133,"column":13},"end":{"line":133,"column":77}},"type":"binary-expr","locations":[{"start":{"line":133,"column":13},"end":{"line":133,"column":42}},{"start":{"line":133,"column":46},"end":{"line":133,"column":77}}],"line":133},"18":{"loc":{"start":{"line":134,"column":4},"end":{"line":134,"column":69}},"type":"if","locations":[{"start":{"line":134,"column":4},"end":{"line":134,"column":69}},{"start":{"line":134,"column":4},"end":{"line":134,"column":69}}],"line":134},"19":{"loc":{"start":{"line":142,"column":11},"end":{"line":142,"column":50}},"type":"binary-expr","locations":[{"start":{"line":142,"column":11},"end":{"line":142,"column":28}},{"start":{"line":142,"column":32},"end":{"line":142,"column":50}}],"line":142},"20":{"loc":{"start":{"line":144,"column":4},"end":{"line":147,"column":5}},"type":"if","locations":[{"start":{"line":144,"column":4},"end":{"line":147,"column":5}},{"start":{"line":144,"column":4},"end":{"line":147,"column":5}}],"line":144},"21":{"loc":{"start":{"line":152,"column":15},"end":{"line":152,"column":30}},"type":"binary-expr","locations":[{"start":{"line":152,"column":15},"end":{"line":152,"column":22}},{"start":{"line":152,"column":26},"end":{"line":152,"column":30}}],"line":152},"22":{"loc":{"start":{"line":154,"column":6},"end":{"line":161,"column":7}},"type":"if","locations":[{"start":{"line":154,"column":6},"end":{"line":161,"column":7}},{"start":{"line":154,"column":6},"end":{"line":161,"column":7}}],"line":154},"23":{"loc":{"start":{"line":155,"column":8},"end":{"line":160,"column":9}},"type":"if","locations":[{"start":{"line":155,"column":8},"end":{"line":160,"column":9}},{"start":{"line":155,"column":8},"end":{"line":160,"column":9}}],"line":155},"24":{"loc":{"start":{"line":155,"column":12},"end":{"line":155,"column":86}},"type":"binary-expr","locations":[{"start":{"line":155,"column":12},"end":{"line":155,"column":31}},{"start":{"line":155,"column":35},"end":{"line":155,"column":41}},{"start":{"line":155,"column":45},"end":{"line":155,"column":86}}],"line":155},"25":{"loc":{"start":{"line":162,"column":6},"end":{"line":166,"column":7}},"type":"if","locations":[{"start":{"line":162,"column":6},"end":{"line":166,"column":7}},{"start":{"line":162,"column":6},"end":{"line":166,"column":7}}],"line":162},"26":{"loc":{"start":{"line":194,"column":4},"end":{"line":204,"column":5}},"type":"switch","locations":[{"start":{"line":195,"column":6},"end":{"line":197,"column":13}},{"start":{"line":198,"column":6},"end":{"line":200,"column":13}},{"start":{"line":201,"column":6},"end":{"line":203,"column":13}}],"line":194},"27":{"loc":{"start":{"line":199,"column":65},"end":{"line":199,"column":124}},"type":"cond-expr","locations":[{"start":{"line":199,"column":78},"end":{"line":199,"column":88}},{"start":{"line":199,"column":91},"end":{"line":199,"column":124}}],"line":199},"28":{"loc":{"start":{"line":211,"column":4},"end":{"line":218,"column":5}},"type":"switch","locations":[{"start":{"line":212,"column":6},"end":{"line":214,"column":13}},{"start":{"line":215,"column":6},"end":{"line":217,"column":13}}],"line":211},"29":{"loc":{"start":{"line":213,"column":47},"end":{"line":213,"column":106}},"type":"cond-expr","locations":[{"start":{"line":213,"column":60},"end":{"line":213,"column":70}},{"start":{"line":213,"column":73},"end":{"line":213,"column":106}}],"line":213},"30":{"loc":{"start":{"line":226,"column":4},"end":{"line":233,"column":5}},"type":"switch","locations":[{"start":{"line":227,"column":6},"end":{"line":229,"column":13}},{"start":{"line":230,"column":6},"end":{"line":232,"column":13}}],"line":226},"31":{"loc":{"start":{"line":240,"column":2},"end":{"line":291,"column":3}},"type":"if","locations":[{"start":{"line":240,"column":2},"end":{"line":291,"column":3}},{"start":{"line":240,"column":2},"end":{"line":291,"column":3}}],"line":240},"32":{"loc":{"start":{"line":240,"column":6},"end":{"line":240,"column":21}},"type":"binary-expr","locations":[{"start":{"line":240,"column":6},"end":{"line":240,"column":11}},{"start":{"line":240,"column":15},"end":{"line":240,"column":21}}],"line":240},"33":{"loc":{"start":{"line":255,"column":6},"end":{"line":289,"column":7}},"type":"if","locations":[{"start":{"line":255,"column":6},"end":{"line":289,"column":7}},{"start":{"line":255,"column":6},"end":{"line":289,"column":7}}],"line":255},"34":{"loc":{"start":{"line":255,"column":10},"end":{"line":255,"column":51}},"type":"binary-expr","locations":[{"start":{"line":255,"column":10},"end":{"line":255,"column":16}},{"start":{"line":255,"column":20},"end":{"line":255,"column":51}}],"line":255},"35":{"loc":{"start":{"line":257,"column":8},"end":{"line":286,"column":9}},"type":"if","locations":[{"start":{"line":257,"column":8},"end":{"line":286,"column":9}},{"start":{"line":257,"column":8},"end":{"line":286,"column":9}}],"line":257},"36":{"loc":{"start":{"line":277,"column":12},"end":{"line":282,"column":13}},"type":"if","locations":[{"start":{"line":277,"column":12},"end":{"line":282,"column":13}},{"start":{"line":277,"column":12},"end":{"line":282,"column":13}}],"line":277},"37":{"loc":{"start":{"line":277,"column":16},"end":{"line":277,"column":57}},"type":"binary-expr","locations":[{"start":{"line":277,"column":16},"end":{"line":277,"column":22}},{"start":{"line":277,"column":26},"end":{"line":277,"column":57}}],"line":277},"38":{"loc":{"start":{"line":298,"column":4},"end":{"line":305,"column":5}},"type":"switch","locations":[{"start":{"line":299,"column":6},"end":{"line":301,"column":13}},{"start":{"line":302,"column":6},"end":{"line":304,"column":13}}],"line":298},"39":{"loc":{"start":{"line":310,"column":2},"end":{"line":337,"column":3}},"type":"if","locations":[{"start":{"line":310,"column":2},"end":{"line":337,"column":3}},{"start":{"line":310,"column":2},"end":{"line":337,"column":3}}],"line":310},"40":{"loc":{"start":{"line":316,"column":6},"end":{"line":316,"column":51}},"type":"if","locations":[{"start":{"line":316,"column":6},"end":{"line":316,"column":51}},{"start":{"line":316,"column":6},"end":{"line":316,"column":51}}],"line":316},"41":{"loc":{"start":{"line":323,"column":10},"end":{"line":328,"column":11}},"type":"if","locations":[{"start":{"line":323,"column":10},"end":{"line":328,"column":11}},{"start":{"line":323,"column":10},"end":{"line":328,"column":11}}],"line":323},"42":{"loc":{"start":{"line":323,"column":14},"end":{"line":323,"column":55}},"type":"binary-expr","locations":[{"start":{"line":323,"column":14},"end":{"line":323,"column":20}},{"start":{"line":323,"column":24},"end":{"line":323,"column":55}}],"line":323},"43":{"loc":{"start":{"line":351,"column":4},"end":{"line":351,"column":191}},"type":"if","locations":[{"start":{"line":351,"column":4},"end":{"line":351,"column":191}},{"start":{"line":351,"column":4},"end":{"line":351,"column":191}}],"line":351},"44":{"loc":{"start":{"line":351,"column":8},"end":{"line":351,"column":91}},"type":"binary-expr","locations":[{"start":{"line":351,"column":9},"end":{"line":351,"column":19}},{"start":{"line":351,"column":23},"end":{"line":351,"column":45}},{"start":{"line":351,"column":51},"end":{"line":351,"column":62}},{"start":{"line":351,"column":66},"end":{"line":351,"column":90}}],"line":351},"45":{"loc":{"start":{"line":351,"column":161},"end":{"line":351,"column":187}},"type":"binary-expr","locations":[{"start":{"line":351,"column":161},"end":{"line":351,"column":171}},{"start":{"line":351,"column":175},"end":{"line":351,"column":187}}],"line":351},"46":{"loc":{"start":{"line":353,"column":6},"end":{"line":355,"column":7}},"type":"if","locations":[{"start":{"line":353,"column":6},"end":{"line":355,"column":7}},{"start":{"line":353,"column":6},"end":{"line":355,"column":7}}],"line":353},"47":{"loc":{"start":{"line":363,"column":43},"end":{"line":363,"column":62}},"type":"binary-expr","locations":[{"start":{"line":363,"column":43},"end":{"line":363,"column":53}},{"start":{"line":363,"column":57},"end":{"line":363,"column":62}}],"line":363},"48":{"loc":{"start":{"line":366,"column":21},"end":{"line":366,"column":102}},"type":"binary-expr","locations":[{"start":{"line":366,"column":21},"end":{"line":366,"column":37}},{"start":{"line":366,"column":42},"end":{"line":366,"column":101}}],"line":366},"49":{"loc":{"start":{"line":366,"column":42},"end":{"line":366,"column":101}},"type":"cond-expr","locations":[{"start":{"line":366,"column":53},"end":{"line":366,"column":94}},{"start":{"line":366,"column":97},"end":{"line":366,"column":101}}],"line":366},"50":{"loc":{"start":{"line":371,"column":15},"end":{"line":371,"column":80}},"type":"binary-expr","locations":[{"start":{"line":371,"column":15},"end":{"line":371,"column":32}},{"start":{"line":371,"column":36},"end":{"line":371,"column":80}}],"line":371},"51":{"loc":{"start":{"line":373,"column":15},"end":{"line":373,"column":48}},"type":"cond-expr","locations":[{"start":{"line":373,"column":28},"end":{"line":373,"column":41}},{"start":{"line":373,"column":44},"end":{"line":373,"column":48}}],"line":373},"52":{"loc":{"start":{"line":374,"column":22},"end":{"line":374,"column":76}},"type":"cond-expr","locations":[{"start":{"line":374,"column":35},"end":{"line":374,"column":69}},{"start":{"line":374,"column":72},"end":{"line":374,"column":76}}],"line":374},"53":{"loc":{"start":{"line":375,"column":24},"end":{"line":375,"column":75}},"type":"cond-expr","locations":[{"start":{"line":375,"column":46},"end":{"line":375,"column":68}},{"start":{"line":375,"column":71},"end":{"line":375,"column":75}}],"line":375},"54":{"loc":{"start":{"line":376,"column":31},"end":{"line":376,"column":103}},"type":"cond-expr","locations":[{"start":{"line":376,"column":53},"end":{"line":376,"column":96}},{"start":{"line":376,"column":99},"end":{"line":376,"column":103}}],"line":376},"55":{"loc":{"start":{"line":377,"column":16},"end":{"line":377,"column":36}},"type":"binary-expr","locations":[{"start":{"line":377,"column":16},"end":{"line":377,"column":27}},{"start":{"line":377,"column":31},"end":{"line":377,"column":36}}],"line":377}},"s":{"0":27,"1":27,"2":27,"3":27,"4":27,"5":27,"6":27,"7":27,"8":27,"9":27,"10":27,"11":27,"12":27,"13":27,"14":27,"15":27,"16":27,"17":27,"18":27,"19":27,"20":27,"21":27,"22":0,"23":0,"24":0,"25":0,"26":0,"27":0,"28":0,"29":0,"30":0,"31":0,"32":0,"33":0,"34":0,"35":0,"36":0,"37":0,"38":0,"39":0,"40":0,"41":0,"42":0,"43":0,"44":0,"45":0,"46":0,"47":0,"48":0,"49":0,"50":0,"51":0,"52":0,"53":0,"54":0,"55":0,"56":0,"57":0,"58":0,"59":0,"60":0,"61":0,"62":0,"63":0,"64":0,"65":0,"66":0,"67":0,"68":0,"69":0,"70":0,"71":0,"72":0,"73":0,"74":0,"75":0,"76":0,"77":0,"78":0,"79":0,"80":0,"81":0,"82":0,"83":0,"84":0,"85":0,"86":0,"87":0,"88":0,"89":0,"90":0,"91":0,"92":0,"93":0,"94":0,"95":0,"96":0,"97":0,"98":0,"99":0,"100":0,"101":0,"102":0,"103":0,"104":0,"105":0,"106":0,"107":0,"108":0,"109":0,"110":0,"111":0,"112":0,"113":0,"114":0,"115":0,"116":0,"117":0,"118":0,"119":0,"120":0,"121":0,"122":0,"123":0,"124":0,"125":0,"126":0,"127":0,"128":0,"129":0,"130":0,"131":0,"132":0,"133":0,"134":0,"135":0,"136":0,"137":0,"138":0,"139":0,"140":0,"141":0,"142":0,"143":0,"144":0,"145":0,"146":0,"147":0,"148":0,"149":0,"150":0,"151":0,"152":0,"153":0,"154":0,"155":0,"156":0,"157":0,"158":0,"159":0,"160":0,"161":0,"162":0,"163":0,"164":0,"165":0,"166":0,"167":0,"168":0,"169":0,"170":0,"171":0,"172":0,"173":0,"174":0,"175":0,"176":0,"177":0,"178":0,"179":0,"180":0,"181":0,"182":0,"183":0,"184":0,"185":0,"186":0},"f":{"0":0,"1":0,"2":0,"3":0,"4":0,"5":0,"6":0,"7":0,"8":0,"9":0,"10":0,"11":0,"12":0,"13":0,"14":0,"15":0,"16":0,"17":0,"18":0,"19":0,"20":0,"21":0,"22":0,"23":0,"24":0,"25":0,"26":0,"27":0,"28":0,"29":0,"30":0,"31":0,"32":0,"33":0,"34":0,"35":0,"36":0,"37":0},"b":{"0":[0,0],"1":[0,0],"2":[0,0],"3":[0,0],"4":[0,0],"5":[0,0],"6":[0,0],"7":[0,0],"8":[0,0],"9":[0,0],"10":[0,0],"11":[0,0],"12":[0,0],"13":[0,0],"14":[0,0],"15":[0,0],"16":[0,0],"17":[0,0],"18":[0,0],"19":[0,0],"20":[0,0],"21":[0,0],"22":[0,0],"23":[0,0],"24":[0,0,0],"25":[0,0],"26":[0,0,0],"27":[0,0],"28":[0,0],"29":[0,0],"30":[0,0],"31":[0,0],"32":[0,0],"33":[0,0],"34":[0,0],"35":[0,0],"36":[0,0],"37":[0,0],"38":[0,0],"39":[0,0],"40":[0,0],"41":[0,0],"42":[0,0],"43":[0,0],"44":[0,0,0,0],"45":[0,0],"46":[0,0],"47":[0,0],"48":[0,0],"49":[0,0],"50":[0,0],"51":[0,0],"52":[0,0],"53":[0,0],"54":[0,0],"55":[0,0]},"_coverageSchema":"43e27e138ebf9cfc5966b082cf9a028302ed4184","hash":"67a06f3b0ddfc31de47e2a4d1cb97a88b006e85d","contentHash":"5453147bf48d54338ec00c29542e218b75381785238e1cbbf691f0a9b4f83a94"},"/home/travis/build/daniele-athome/codimd/lib/utils.js":{"path":"/home/travis/build/daniele-athome/codimd/lib/utils.js","statementMap":{"0":{"start":{"line":2,"column":11},"end":{"line":2,"column":24}},"1":{"start":{"line":3,"column":13},"end":{"line":3,"column":28}},"2":{"start":{"line":4,"column":19},"end":{"line":4,"column":41}},"3":{"start":{"line":6,"column":0},"end":{"line":8,"column":1}},"4":{"start":{"line":7,"column":2},"end":{"line":7,"column":47}},"5":{"start":{"line":10,"column":0},"end":{"line":28,"column":1}},"6":{"start":{"line":11,"column":24},"end":{"line":11,"column":48}},"7":{"start":{"line":13,"column":2},"end":{"line":27,"column":3}},"8":{"start":{"line":15,"column":6},"end":{"line":15,"column":24}},"9":{"start":{"line":17,"column":6},"end":{"line":17,"column":24}},"10":{"start":{"line":20,"column":6},"end":{"line":20,"column":25}},"11":{"start":{"line":22,"column":6},"end":{"line":22,"column":24}},"12":{"start":{"line":24,"column":6},"end":{"line":24,"column":25}},"13":{"start":{"line":26,"column":6},"end":{"line":26,"column":22}},"14":{"start":{"line":30,"column":0},"end":{"line":35,"column":1}},"15":{"start":{"line":31,"column":2},"end":{"line":33,"column":3}},"16":{"start":{"line":32,"column":4},"end":{"line":32,"column":16}},"17":{"start":{"line":34,"column":2},"end":{"line":34,"column":18}},"18":{"start":{"line":37,"column":0},"end":{"line":37,"column":97}},"19":{"start":{"line":37,"column":31},"end":{"line":37,"column":97}},"20":{"start":{"line":37,"column":51},"end":{"line":37,"column":97}},"21":{"start":{"line":37,"column":87},"end":{"line":37,"column":96}},"22":{"start":{"line":40,"column":0},"end":{"line":43,"column":2}},"23":{"start":{"line":46,"column":0},"end":{"line":50,"column":2}}},"fnMap":{"0":{"name":"isSQLite","decl":{"start":{"line":6,"column":28},"end":{"line":6,"column":36}},"loc":{"start":{"line":6,"column":49},"end":{"line":8,"column":1}},"line":6},"1":{"name":"getImageMimeType","decl":{"start":{"line":10,"column":36},"end":{"line":10,"column":52}},"loc":{"start":{"line":10,"column":65},"end":{"line":28,"column":1}},"line":10},"2":{"name":"isRevealTheme","decl":{"start":{"line":30,"column":33},"end":{"line":30,"column":46}},"loc":{"start":{"line":30,"column":55},"end":{"line":35,"column":1}},"line":30},"3":{"name":"(anonymous_3)","decl":{"start":{"line":37,"column":15},"end":{"line":37,"column":16}},"loc":{"start":{"line":37,"column":31},"end":{"line":37,"column":97}},"line":37},"4":{"name":"(anonymous_4)","decl":{"start":{"line":37,"column":31},"end":{"line":37,"column":32}},"loc":{"start":{"line":37,"column":51},"end":{"line":37,"column":97}},"line":37},"5":{"name":"(anonymous_5)","decl":{"start":{"line":37,"column":80},"end":{"line":37,"column":81}},"loc":{"start":{"line":37,"column":87},"end":{"line":37,"column":96}},"line":37}},"branchMap":{"0":{"loc":{"start":{"line":13,"column":2},"end":{"line":27,"column":3}},"type":"switch","locations":[{"start":{"line":14,"column":4},"end":{"line":15,"column":24}},{"start":{"line":16,"column":4},"end":{"line":17,"column":24}},{"start":{"line":18,"column":4},"end":{"line":18,"column":15}},{"start":{"line":19,"column":4},"end":{"line":20,"column":25}},{"start":{"line":21,"column":4},"end":{"line":22,"column":24}},{"start":{"line":23,"column":4},"end":{"line":24,"column":25}},{"start":{"line":25,"column":4},"end":{"line":26,"column":22}}],"line":13},"1":{"loc":{"start":{"line":31,"column":2},"end":{"line":33,"column":3}},"type":"if","locations":[{"start":{"line":31,"column":2},"end":{"line":33,"column":3}},{"start":{"line":31,"column":2},"end":{"line":33,"column":3}}],"line":31}},"s":{"0":27,"1":27,"2":27,"3":27,"4":0,"5":27,"6":0,"7":0,"8":0,"9":0,"10":0,"11":0,"12":0,"13":0,"14":27,"15":0,"16":0,"17":0,"18":27,"19":0,"20":0,"21":0,"22":27,"23":27},"f":{"0":0,"1":0,"2":0,"3":0,"4":0,"5":0},"b":{"0":[0,0,0,0,0,0,0],"1":[0,0]},"_coverageSchema":"43e27e138ebf9cfc5966b082cf9a028302ed4184","hash":"8bc5951def5902cd06f2598696068a8e8acd2861","contentHash":"62eced777cc57ad6bbc612a581946e2f2470543ac6504eae05cdb9160a681fd0"}}