{"/home/travis/build/daniele-athome/codimd/app.js":{"path":"/home/travis/build/daniele-athome/codimd/app.js","statementMap":{"0":{"start":{"line":4,"column":14},"end":{"line":4,"column":32}},"1":{"start":{"line":6,"column":10},"end":{"line":6,"column":24}},"2":{"start":{"line":7,"column":15},"end":{"line":7,"column":34}},"3":{"start":{"line":8,"column":21},"end":{"line":8,"column":47}},"4":{"start":{"line":9,"column":19},"end":{"line":9,"column":43}},"5":{"start":{"line":10,"column":14},"end":{"line":10,"column":40}},"6":{"start":{"line":11,"column":21},"end":{"line":11,"column":72}},"7":{"start":{"line":12,"column":9},"end":{"line":12,"column":22}},"8":{"start":{"line":13,"column":11},"end":{"line":13,"column":26}},"9":{"start":{"line":15,"column":13},"end":{"line":15,"column":30}},"10":{"start":{"line":16,"column":23},"end":{"line":16,"column":51}},"11":{"start":{"line":17,"column":13},"end":{"line":17,"column":30}},"12":{"start":{"line":18,"column":11},"end":{"line":18,"column":26}},"13":{"start":{"line":19,"column":12},"end":{"line":19,"column":36}},"14":{"start":{"line":22,"column":13},"end":{"line":22,"column":36}},"15":{"start":{"line":23,"column":13},"end":{"line":23,"column":36}},"16":{"start":{"line":24,"column":15},"end":{"line":24,"column":40}},"17":{"start":{"line":25,"column":13},"end":{"line":25,"column":36}},"18":{"start":{"line":26,"column":10},"end":{"line":26,"column":30}},"19":{"start":{"line":27,"column":24},"end":{"line":27,"column":52}},"20":{"start":{"line":29,"column":49},"end":{"line":29,"column":93}},"21":{"start":{"line":32,"column":2},"end":{"line":52,"column":3}},"22":{"start":{"line":33,"column":15},"end":{"line":40,"column":8}},"23":{"start":{"line":35,"column":22},"end":{"line":35,"column":24}},"24":{"start":{"line":36,"column":6},"end":{"line":38,"column":7}},"25":{"start":{"line":37,"column":8},"end":{"line":37,"column":66}},"26":{"start":{"line":39,"column":6},"end":{"line":39,"column":20}},"27":{"start":{"line":41,"column":20},"end":{"line":48,"column":5}},"28":{"start":{"line":49,"column":4},"end":{"line":49,"column":54}},"29":{"start":{"line":51,"column":4},"end":{"line":51,"column":44}},"30":{"start":{"line":56,"column":10},"end":{"line":56,"column":19}},"31":{"start":{"line":57,"column":13},"end":{"line":57,"column":31}},"32":{"start":{"line":60,"column":0},"end":{"line":62,"column":3}},"33":{"start":{"line":65,"column":9},"end":{"line":65,"column":37}},"34":{"start":{"line":66,"column":0},"end":{"line":69,"column":2}},"35":{"start":{"line":72,"column":15},"end":{"line":72,"column":52}},"36":{"start":{"line":75,"column":0},"end":{"line":75,"column":16}},"37":{"start":{"line":78,"column":0},"end":{"line":78,"column":34}},"38":{"start":{"line":81,"column":19},"end":{"line":83,"column":2}},"39":{"start":{"line":86,"column":0},"end":{"line":95,"column":1}},"40":{"start":{"line":87,"column":2},"end":{"line":91,"column":5}},"41":{"start":{"line":92,"column":7},"end":{"line":95,"column":1}},"42":{"start":{"line":93,"column":2},"end":{"line":93,"column":59}},"43":{"start":{"line":94,"column":2},"end":{"line":94,"column":77}},"44":{"start":{"line":98,"column":0},"end":{"line":102,"column":1}},"45":{"start":{"line":105,"column":0},"end":{"line":105,"column":29}},"46":{"start":{"line":109,"column":0},"end":{"line":115,"column":1}},"47":{"start":{"line":110,"column":2},"end":{"line":112,"column":5}},"48":{"start":{"line":114,"column":2},"end":{"line":114,"column":82}},"49":{"start":{"line":117,"column":0},"end":{"line":122,"column":2}},"50":{"start":{"line":124,"column":0},"end":{"line":124,"column":23}},"51":{"start":{"line":126,"column":0},"end":{"line":126,"column":18}},"52":{"start":{"line":130,"column":0},"end":{"line":130,"column":111}},"53":{"start":{"line":131,"column":0},"end":{"line":131,"column":110}},"54":{"start":{"line":132,"column":0},"end":{"line":132,"column":116}},"55":{"start":{"line":133,"column":0},"end":{"line":133,"column":123}},"56":{"start":{"line":136,"column":0},"end":{"line":146,"column":3}},"57":{"start":{"line":149,"column":22},"end":{"line":149,"column":24}},"58":{"start":{"line":150,"column":0},"end":{"line":153,"column":2}},"59":{"start":{"line":151,"column":2},"end":{"line":151,"column":44}},"60":{"start":{"line":152,"column":2},"end":{"line":152,"column":6}},"61":{"start":{"line":154,"column":0},"end":{"line":156,"column":2}},"62":{"start":{"line":155,"column":2},"end":{"line":155,"column":55}},"63":{"start":{"line":159,"column":0},"end":{"line":159,"column":44}},"64":{"start":{"line":161,"column":0},"end":{"line":161,"column":16}},"65":{"start":{"line":164,"column":0},"end":{"line":164,"column":30}},"66":{"start":{"line":165,"column":0},"end":{"line":165,"column":27}},"67":{"start":{"line":168,"column":0},"end":{"line":168,"column":50}},"68":{"start":{"line":170,"column":0},"end":{"line":170,"column":67}},"69":{"start":{"line":171,"column":0},"end":{"line":171,"column":50}},"70":{"start":{"line":173,"column":0},"end":{"line":176,"column":1}},"71":{"start":{"line":174,"column":2},"end":{"line":174,"column":19}},"72":{"start":{"line":175,"column":2},"end":{"line":175,"column":33}},"73":{"start":{"line":180,"column":0},"end":{"line":180,"column":33}},"74":{"start":{"line":182,"column":0},"end":{"line":182,"column":33}},"75":{"start":{"line":184,"column":0},"end":{"line":184,"column":29}},"76":{"start":{"line":186,"column":0},"end":{"line":186,"column":33}},"77":{"start":{"line":187,"column":0},"end":{"line":187,"column":39}},"78":{"start":{"line":188,"column":0},"end":{"line":188,"column":39}},"79":{"start":{"line":189,"column":0},"end":{"line":189,"column":49}},"80":{"start":{"line":190,"column":0},"end":{"line":190,"column":59}},"81":{"start":{"line":191,"column":0},"end":{"line":191,"column":41}},"82":{"start":{"line":192,"column":0},"end":{"line":192,"column":49}},"83":{"start":{"line":193,"column":0},"end":{"line":210,"column":1}},"84":{"start":{"line":211,"column":0},"end":{"line":214,"column":1}},"85":{"start":{"line":217,"column":0},"end":{"line":217,"column":53}},"86":{"start":{"line":218,"column":0},"end":{"line":218,"column":51}},"87":{"start":{"line":219,"column":0},"end":{"line":219,"column":63}},"88":{"start":{"line":221,"column":0},"end":{"line":221,"column":39}},"89":{"start":{"line":224,"column":0},"end":{"line":226,"column":2}},"90":{"start":{"line":225,"column":2},"end":{"line":225,"column":34}},"91":{"start":{"line":229,"column":0},"end":{"line":229,"column":23}},"92":{"start":{"line":231,"column":0},"end":{"line":238,"column":3}},"93":{"start":{"line":240,"column":0},"end":{"line":240,"column":54}},"94":{"start":{"line":241,"column":0},"end":{"line":241,"column":52}},"95":{"start":{"line":243,"column":0},"end":{"line":243,"column":48}},"96":{"start":{"line":248,"column":23},"end":{"line":252,"column":3}},"97":{"start":{"line":249,"column":17},"end":{"line":249,"column":49}},"98":{"start":{"line":250,"column":4},"end":{"line":250,"column":61}},"99":{"start":{"line":251,"column":4},"end":{"line":251,"column":32}},"100":{"start":{"line":255,"column":2},"end":{"line":261,"column":3}},"101":{"start":{"line":256,"column":4},"end":{"line":256,"column":25}},"102":{"start":{"line":257,"column":4},"end":{"line":257,"column":46}},"103":{"start":{"line":259,"column":4},"end":{"line":259,"column":45}},"104":{"start":{"line":260,"column":4},"end":{"line":260,"column":59}},"105":{"start":{"line":265,"column":0},"end":{"line":275,"column":2}},"106":{"start":{"line":267,"column":2},"end":{"line":274,"column":3}},"107":{"start":{"line":268,"column":4},"end":{"line":271,"column":6}},"108":{"start":{"line":269,"column":6},"end":{"line":269,"column":35}},"109":{"start":{"line":269,"column":15},"end":{"line":269,"column":35}},"110":{"start":{"line":270,"column":6},"end":{"line":270,"column":59}},"111":{"start":{"line":270,"column":39},"end":{"line":270,"column":59}},"112":{"start":{"line":273,"column":4},"end":{"line":273,"column":61}},"113":{"start":{"line":278,"column":0},"end":{"line":283,"column":2}},"114":{"start":{"line":279,"column":2},"end":{"line":279,"column":52}},"115":{"start":{"line":280,"column":2},"end":{"line":280,"column":19}},"116":{"start":{"line":281,"column":2},"end":{"line":281,"column":40}},"117":{"start":{"line":282,"column":2},"end":{"line":282,"column":17}},"118":{"start":{"line":287,"column":2},"end":{"line":287,"column":76}},"119":{"start":{"line":288,"column":2},"end":{"line":288,"column":29}},"120":{"start":{"line":289,"column":2},"end":{"line":289,"column":22}},"121":{"start":{"line":291,"column":2},"end":{"line":298,"column":4}},"122":{"start":{"line":292,"column":17},"end":{"line":292,"column":40}},"123":{"start":{"line":294,"column":4},"end":{"line":294,"column":30}},"124":{"start":{"line":295,"column":4},"end":{"line":297,"column":9}},"125":{"start":{"line":296,"column":6},"end":{"line":296,"column":29}},"126":{"start":{"line":299,"column":24},"end":{"line":309,"column":9}},"127":{"start":{"line":300,"column":4},"end":{"line":308,"column":5}},"128":{"start":{"line":301,"column":6},"end":{"line":307,"column":8}},"129":{"start":{"line":302,"column":8},"end":{"line":302,"column":41}},"130":{"start":{"line":302,"column":17},"end":{"line":302,"column":41}},"131":{"start":{"line":303,"column":8},"end":{"line":306,"column":9}},"132":{"start":{"line":304,"column":10},"end":{"line":304,"column":40}},"133":{"start":{"line":305,"column":10},"end":{"line":305,"column":32}},"134":{"start":{"line":310,"column":2},"end":{"line":312,"column":10}},"135":{"start":{"line":311,"column":4},"end":{"line":311,"column":19}},"136":{"start":{"line":314,"column":0},"end":{"line":314,"column":39}},"137":{"start":{"line":315,"column":0},"end":{"line":315,"column":40}},"138":{"start":{"line":316,"column":0},"end":{"line":316,"column":40}}},"fnMap":{"0":{"name":"createHttpServer","decl":{"start":{"line":31,"column":9},"end":{"line":31,"column":25}},"loc":{"start":{"line":31,"column":29},"end":{"line":53,"column":1}},"line":31},"1":{"name":"(anonymous_1)","decl":{"start":{"line":33,"column":16},"end":{"line":33,"column":17}},"loc":{"start":{"line":33,"column":28},"end":{"line":40,"column":5}},"line":33},"2":{"name":"(anonymous_2)","decl":{"start":{"line":150,"column":24},"end":{"line":150,"column":25}},"loc":{"start":{"line":150,"column":48},"end":{"line":153,"column":1}},"line":150},"3":{"name":"(anonymous_3)","decl":{"start":{"line":154,"column":27},"end":{"line":154,"column":28}},"loc":{"start":{"line":154,"column":45},"end":{"line":156,"column":1}},"line":154},"4":{"name":"(anonymous_4)","decl":{"start":{"line":224,"column":13},"end":{"line":224,"column":14}},"loc":{"start":{"line":224,"column":33},"end":{"line":226,"column":1}},"line":224},"5":{"name":"startListen","decl":{"start":{"line":246,"column":9},"end":{"line":246,"column":20}},"loc":{"start":{"line":246,"column":24},"end":{"line":262,"column":1}},"line":246},"6":{"name":"(anonymous_6)","decl":{"start":{"line":248,"column":23},"end":{"line":248,"column":24}},"loc":{"start":{"line":248,"column":35},"end":{"line":252,"column":3}},"line":248},"7":{"name":"(anonymous_7)","decl":{"start":{"line":265,"column":29},"end":{"line":265,"column":30}},"loc":{"start":{"line":265,"column":41},"end":{"line":275,"column":1}},"line":265},"8":{"name":"(anonymous_8)","decl":{"start":{"line":268,"column":42},"end":{"line":268,"column":43}},"loc":{"start":{"line":268,"column":64},"end":{"line":271,"column":5}},"line":268},"9":{"name":"(anonymous_9)","decl":{"start":{"line":278,"column":32},"end":{"line":278,"column":33}},"loc":{"start":{"line":278,"column":47},"end":{"line":283,"column":1}},"line":278},"10":{"name":"handleTermSignals","decl":{"start":{"line":286,"column":9},"end":{"line":286,"column":26}},"loc":{"start":{"line":286,"column":30},"end":{"line":313,"column":1}},"line":286},"11":{"name":"(anonymous_11)","decl":{"start":{"line":291,"column":42},"end":{"line":291,"column":43}},"loc":{"start":{"line":291,"column":57},"end":{"line":298,"column":3}},"line":291},"12":{"name":"(anonymous_12)","decl":{"start":{"line":295,"column":15},"end":{"line":295,"column":16}},"loc":{"start":{"line":295,"column":27},"end":{"line":297,"column":5}},"line":295},"13":{"name":"(anonymous_13)","decl":{"start":{"line":299,"column":36},"end":{"line":299,"column":37}},"loc":{"start":{"line":299,"column":48},"end":{"line":309,"column":3}},"line":299},"14":{"name":"(anonymous_14)","decl":{"start":{"line":301,"column":44},"end":{"line":301,"column":45}},"loc":{"start":{"line":301,"column":66},"end":{"line":307,"column":7}},"line":301},"15":{"name":"(anonymous_15)","decl":{"start":{"line":310,"column":13},"end":{"line":310,"column":14}},"loc":{"start":{"line":310,"column":19},"end":{"line":312,"column":3}},"line":310}},"branchMap":{"0":{"loc":{"start":{"line":32,"column":2},"end":{"line":52,"column":3}},"type":"if","locations":[{"start":{"line":32,"column":2},"end":{"line":52,"column":3}},{"start":{"line":32,"column":2},"end":{"line":52,"column":3}}],"line":32},"1":{"loc":{"start":{"line":86,"column":0},"end":{"line":95,"column":1}},"type":"if","locations":[{"start":{"line":86,"column":0},"end":{"line":95,"column":1}},{"start":{"line":86,"column":0},"end":{"line":95,"column":1}}],"line":86},"2":{"loc":{"start":{"line":92,"column":7},"end":{"line":95,"column":1}},"type":"if","locations":[{"start":{"line":92,"column":7},"end":{"line":95,"column":1}},{"start":{"line":92,"column":7},"end":{"line":95,"column":1}}],"line":92},"3":{"loc":{"start":{"line":109,"column":0},"end":{"line":115,"column":1}},"type":"if","locations":[{"start":{"line":109,"column":0},"end":{"line":115,"column":1}},{"start":{"line":109,"column":0},"end":{"line":115,"column":1}}],"line":109},"4":{"loc":{"start":{"line":155,"column":11},"end":{"line":155,"column":54}},"type":"binary-expr","locations":[{"start":{"line":155,"column":11},"end":{"line":155,"column":46}},{"start":{"line":155,"column":50},"end":{"line":155,"column":54}}],"line":155},"5":{"loc":{"start":{"line":173,"column":0},"end":{"line":176,"column":1}},"type":"if","locations":[{"start":{"line":173,"column":0},"end":{"line":176,"column":1}},{"start":{"line":173,"column":0},"end":{"line":176,"column":1}}],"line":173},"6":{"loc":{"start":{"line":173,"column":4},"end":{"line":173,"column":78}},"type":"binary-expr","locations":[{"start":{"line":173,"column":4},"end":{"line":173,"column":27}},{"start":{"line":173,"column":31},"end":{"line":173,"column":78}}],"line":173},"7":{"loc":{"start":{"line":249,"column":17},"end":{"line":249,"column":49}},"type":"cond-expr","locations":[{"start":{"line":249,"column":33},"end":{"line":249,"column":40}},{"start":{"line":249,"column":43},"end":{"line":249,"column":49}}],"line":249},"8":{"loc":{"start":{"line":255,"column":2},"end":{"line":261,"column":3}},"type":"if","locations":[{"start":{"line":255,"column":2},"end":{"line":261,"column":3}},{"start":{"line":255,"column":2},"end":{"line":261,"column":3}}],"line":255},"9":{"loc":{"start":{"line":267,"column":2},"end":{"line":274,"column":3}},"type":"if","locations":[{"start":{"line":267,"column":2},"end":{"line":274,"column":3}},{"start":{"line":267,"column":2},"end":{"line":274,"column":3}}],"line":267},"10":{"loc":{"start":{"line":269,"column":6},"end":{"line":269,"column":35}},"type":"if","locations":[{"start":{"line":269,"column":6},"end":{"line":269,"column":35}},{"start":{"line":269,"column":6},"end":{"line":269,"column":35}}],"line":269},"11":{"loc":{"start":{"line":270,"column":6},"end":{"line":270,"column":59}},"type":"if","locations":[{"start":{"line":270,"column":6},"end":{"line":270,"column":59}},{"start":{"line":270,"column":6},"end":{"line":270,"column":59}}],"line":270},"12":{"loc":{"start":{"line":270,"column":10},"end":{"line":270,"column":37}},"type":"binary-expr","locations":[{"start":{"line":270,"column":10},"end":{"line":270,"column":16}},{"start":{"line":270,"column":20},"end":{"line":270,"column":37}}],"line":270},"13":{"loc":{"start":{"line":300,"column":4},"end":{"line":308,"column":5}},"type":"if","locations":[{"start":{"line":300,"column":4},"end":{"line":308,"column":5}},{"start":{"line":300,"column":4},"end":{"line":308,"column":5}}],"line":300},"14":{"loc":{"start":{"line":302,"column":8},"end":{"line":302,"column":41}},"type":"if","locations":[{"start":{"line":302,"column":8},"end":{"line":302,"column":41}},{"start":{"line":302,"column":8},"end":{"line":302,"column":41}}],"line":302},"15":{"loc":{"start":{"line":303,"column":8},"end":{"line":306,"column":9}},"type":"if","locations":[{"start":{"line":303,"column":8},"end":{"line":306,"column":9}},{"start":{"line":303,"column":8},"end":{"line":306,"column":9}}],"line":303},"16":{"loc":{"start":{"line":303,"column":12},"end":{"line":303,"column":39}},"type":"binary-expr","locations":[{"start":{"line":303,"column":12},"end":{"line":303,"column":18}},{"start":{"line":303,"column":22},"end":{"line":303,"column":39}}],"line":303}},"s":{"0":0,"1":0,"2":0,"3":0,"4":0,"5":0,"6":0,"7":0,"8":0,"9":0,"10":0,"11":0,"12":0,"13":0,"14":0,"15":0,"16":0,"17":0,"18":0,"19":0,"20":0,"21":0,"22":0,"23":0,"24":0,"25":0,"26":0,"27":0,"28":0,"29":0,"30":0,"31":0,"32":0,"33":0,"34":0,"35":0,"36":0,"37":0,"38":0,"39":0,"40":0,"41":0,"42":0,"43":0,"44":0,"45":0,"46":0,"47":0,"48":0,"49":0,"50":0,"51":0,"52":0,"53":0,"54":0,"55":0,"56":0,"57":0,"58":0,"59":0,"60":0,"61":0,"62":0,"63":0,"64":0,"65":0,"66":0,"67":0,"68":0,"69":0,"70":0,"71":0,"72":0,"73":0,"74":0,"75":0,"76":0,"77":0,"78":0,"79":0,"80":0,"81":0,"82":0,"83":0,"84":0,"85":0,"86":0,"87":0,"88":0,"89":0,"90":0,"91":0,"92":0,"93":0,"94":0,"95":0,"96":0,"97":0,"98":0,"99":0,"100":0,"101":0,"102":0,"103":0,"104":0,"105":0,"106":0,"107":0,"108":0,"109":0,"110":0,"111":0,"112":0,"113":0,"114":0,"115":0,"116":0,"117":0,"118":0,"119":0,"120":0,"121":0,"122":0,"123":0,"124":0,"125":0,"126":0,"127":0,"128":0,"129":0,"130":0,"131":0,"132":0,"133":0,"134":0,"135":0,"136":0,"137":0,"138":0},"f":{"0":0,"1":0,"2":0,"3":0,"4":0,"5":0,"6":0,"7":0,"8":0,"9":0,"10":0,"11":0,"12":0,"13":0,"14":0,"15":0},"b":{"0":[0,0],"1":[0,0],"2":[0,0],"3":[0,0],"4":[0,0],"5":[0,0],"6":[0,0],"7":[0,0],"8":[0,0],"9":[0,0],"10":[0,0],"11":[0,0],"12":[0,0],"13":[0,0],"14":[0,0],"15":[0,0],"16":[0,0]}},"/home/travis/build/daniele-athome/codimd/lib/auth/bitbucket/index.js":{"path":"/home/travis/build/daniele-athome/codimd/lib/auth/bitbucket/index.js","statementMap":{"0":{"start":{"line":3,"column":15},"end":{"line":3,"column":40}},"1":{"start":{"line":4,"column":17},"end":{"line":4,"column":36}},"2":{"start":{"line":5,"column":26},"end":{"line":5,"column":71}},"3":{"start":{"line":6,"column":15},"end":{"line":6,"column":38}},"4":{"start":{"line":7,"column":60},"end":{"line":7,"column":79}},"5":{"start":{"line":9,"column":22},"end":{"line":9,"column":47}},"6":{"start":{"line":11,"column":0},"end":{"line":15,"column":28}},"7":{"start":{"line":17,"column":0},"end":{"line":20,"column":2}},"8":{"start":{"line":18,"column":2},"end":{"line":18,"column":29}},"9":{"start":{"line":19,"column":2},"end":{"line":19,"column":52}},"10":{"start":{"line":23,"column":0},"end":{"line":28,"column":1}}},"fnMap":{"0":{"name":"(anonymous_0)","decl":{"start":{"line":17,"column":37},"end":{"line":17,"column":38}},"loc":{"start":{"line":17,"column":63},"end":{"line":20,"column":1}},"line":17}},"branchMap":{},"s":{"0":0,"1":0,"2":0,"3":0,"4":0,"5":0,"6":0,"7":0,"8":0,"9":0,"10":0},"f":{"0":0},"b":{}},"/home/travis/build/daniele-athome/codimd/lib/auth/dropbox/index.js":{"path":"/home/travis/build/daniele-athome/codimd/lib/auth/dropbox/index.js","statementMap":{"0":{"start":{"line":3,"column":15},"end":{"line":3,"column":40}},"1":{"start":{"line":4,"column":17},"end":{"line":4,"column":36}},"2":{"start":{"line":5,"column":24},"end":{"line":5,"column":67}},"3":{"start":{"line":6,"column":15},"end":{"line":6,"column":38}},"4":{"start":{"line":7,"column":60},"end":{"line":7,"column":79}},"5":{"start":{"line":9,"column":20},"end":{"line":9,"column":45}},"6":{"start":{"line":11,"column":0},"end":{"line":16,"column":28}},"7":{"start":{"line":18,"column":0},"end":{"line":21,"column":2}},"8":{"start":{"line":19,"column":2},"end":{"line":19,"column":29}},"9":{"start":{"line":20,"column":2},"end":{"line":20,"column":57}},"10":{"start":{"line":24,"column":0},"end":{"line":29,"column":1}}},"fnMap":{"0":{"name":"(anonymous_0)","decl":{"start":{"line":18,"column":33},"end":{"line":18,"column":34}},"loc":{"start":{"line":18,"column":59},"end":{"line":21,"column":1}},"line":18}},"branchMap":{},"s":{"0":0,"1":0,"2":0,"3":0,"4":0,"5":0,"6":0,"7":0,"8":0,"9":0,"10":0},"f":{"0":0},"b":{}},"/home/travis/build/daniele-athome/codimd/lib/auth/email/index.js":{"path":"/home/travis/build/daniele-athome/codimd/lib/auth/email/index.js","statementMap":{"0":{"start":{"line":3,"column":15},"end":{"line":3,"column":40}},"1":{"start":{"line":4,"column":17},"end":{"line":4,"column":36}},"2":{"start":{"line":5,"column":18},"end":{"line":5,"column":38}},"3":{"start":{"line":6,"column":22},"end":{"line":6,"column":56}},"4":{"start":{"line":7,"column":15},"end":{"line":7,"column":38}},"5":{"start":{"line":8,"column":15},"end":{"line":8,"column":38}},"6":{"start":{"line":9,"column":15},"end":{"line":9,"column":38}},"7":{"start":{"line":10,"column":35},"end":{"line":10,"column":54}},"8":{"start":{"line":11,"column":29},"end":{"line":11,"column":51}},"9":{"start":{"line":12,"column":17},"end":{"line":12,"column":42}},"10":{"start":{"line":14,"column":18},"end":{"line":14,"column":43}},"11":{"start":{"line":16,"column":0},"end":{"line":35,"column":3}},"12":{"start":{"line":19,"column":2},"end":{"line":19,"column":57}},"13":{"start":{"line":19,"column":33},"end":{"line":19,"column":57}},"14":{"start":{"line":21,"column":2},"end":{"line":34,"column":3}},"15":{"start":{"line":22,"column":17},"end":{"line":26,"column":6}},"16":{"start":{"line":28,"column":4},"end":{"line":28,"column":39}},"17":{"start":{"line":28,"column":15},"end":{"line":28,"column":39}},"18":{"start":{"line":29,"column":4},"end":{"line":29,"column":70}},"19":{"start":{"line":29,"column":46},"end":{"line":29,"column":70}},"20":{"start":{"line":30,"column":4},"end":{"line":30,"column":27}},"21":{"start":{"line":32,"column":4},"end":{"line":32,"column":21}},"22":{"start":{"line":33,"column":4},"end":{"line":33,"column":20}},"23":{"start":{"line":37,"column":0},"end":{"line":69,"column":1}},"24":{"start":{"line":38,"column":2},"end":{"line":68,"column":4}},"25":{"start":{"line":39,"column":4},"end":{"line":39,"column":88}},"26":{"start":{"line":39,"column":47},"end":{"line":39,"column":88}},"27":{"start":{"line":40,"column":4},"end":{"line":40,"column":85}},"28":{"start":{"line":40,"column":44},"end":{"line":40,"column":85}},"29":{"start":{"line":41,"column":4},"end":{"line":67,"column":5}},"30":{"start":{"line":42,"column":30},"end":{"line":49,"column":8}},"31":{"start":{"line":51,"column":6},"end":{"line":54,"column":7}},"32":{"start":{"line":52,"column":8},"end":{"line":52,"column":80}},"33":{"start":{"line":53,"column":8},"end":{"line":53,"column":51}},"34":{"start":{"line":56,"column":6},"end":{"line":62,"column":7}},"35":{"start":{"line":57,"column":8},"end":{"line":57,"column":51}},"36":{"start":{"line":58,"column":8},"end":{"line":58,"column":75}},"37":{"start":{"line":60,"column":8},"end":{"line":60,"column":46}},"38":{"start":{"line":61,"column":8},"end":{"line":61,"column":79}},"39":{"start":{"line":63,"column":6},"end":{"line":63,"column":49}},"40":{"start":{"line":65,"column":6},"end":{"line":65,"column":50}},"41":{"start":{"line":66,"column":6},"end":{"line":66,"column":50}},"42":{"start":{"line":71,"column":0},"end":{"line":80,"column":2}},"43":{"start":{"line":72,"column":2},"end":{"line":72,"column":86}},"44":{"start":{"line":72,"column":45},"end":{"line":72,"column":86}},"45":{"start":{"line":73,"column":2},"end":{"line":73,"column":83}},"46":{"start":{"line":73,"column":42},"end":{"line":73,"column":83}},"47":{"start":{"line":74,"column":2},"end":{"line":74,"column":29}},"48":{"start":{"line":75,"column":2},"end":{"line":79,"column":20}}},"fnMap":{"0":{"name":"(anonymous_0)","decl":{"start":{"line":18,"column":3},"end":{"line":18,"column":4}},"loc":{"start":{"line":18,"column":42},"end":{"line":35,"column":1}},"line":18},"1":{"name":"(anonymous_1)","decl":{"start":{"line":38,"column":48},"end":{"line":38,"column":49}},"loc":{"start":{"line":38,"column":80},"end":{"line":68,"column":3}},"line":38},"2":{"name":"(anonymous_2)","decl":{"start":{"line":71,"column":43},"end":{"line":71,"column":44}},"loc":{"start":{"line":71,"column":69},"end":{"line":80,"column":1}},"line":71}},"branchMap":{"0":{"loc":{"start":{"line":19,"column":2},"end":{"line":19,"column":57}},"type":"if","locations":[{"start":{"line":19,"column":2},"end":{"line":19,"column":57}},{"start":{"line":19,"column":2},"end":{"line":19,"column":57}}],"line":19},"1":{"loc":{"start":{"line":28,"column":4},"end":{"line":28,"column":39}},"type":"if","locations":[{"start":{"line":28,"column":4},"end":{"line":28,"column":39}},{"start":{"line":28,"column":4},"end":{"line":28,"column":39}}],"line":28},"2":{"loc":{"start":{"line":29,"column":4},"end":{"line":29,"column":70}},"type":"if","locations":[{"start":{"line":29,"column":4},"end":{"line":29,"column":70}},{"start":{"line":29,"column":4},"end":{"line":29,"column":70}}],"line":29},"3":{"loc":{"start":{"line":37,"column":0},"end":{"line":69,"column":1}},"type":"if","locations":[{"start":{"line":37,"column":0},"end":{"line":69,"column":1}},{"start":{"line":37,"column":0},"end":{"line":69,"column":1}}],"line":37},"4":{"loc":{"start":{"line":39,"column":4},"end":{"line":39,"column":88}},"type":"if","locations":[{"start":{"line":39,"column":4},"end":{"line":39,"column":88}},{"start":{"line":39,"column":4},"end":{"line":39,"column":88}}],"line":39},"5":{"loc":{"start":{"line":39,"column":8},"end":{"line":39,"column":45}},"type":"binary-expr","locations":[{"start":{"line":39,"column":8},"end":{"line":39,"column":23}},{"start":{"line":39,"column":27},"end":{"line":39,"column":45}}],"line":39},"6":{"loc":{"start":{"line":40,"column":4},"end":{"line":40,"column":85}},"type":"if","locations":[{"start":{"line":40,"column":4},"end":{"line":40,"column":85}},{"start":{"line":40,"column":4},"end":{"line":40,"column":85}}],"line":40},"7":{"loc":{"start":{"line":51,"column":6},"end":{"line":54,"column":7}},"type":"if","locations":[{"start":{"line":51,"column":6},"end":{"line":54,"column":7}},{"start":{"line":51,"column":6},"end":{"line":54,"column":7}}],"line":51},"8":{"loc":{"start":{"line":56,"column":6},"end":{"line":62,"column":7}},"type":"if","locations":[{"start":{"line":56,"column":6},"end":{"line":62,"column":7}},{"start":{"line":56,"column":6},"end":{"line":62,"column":7}}],"line":56},"9":{"loc":{"start":{"line":72,"column":2},"end":{"line":72,"column":86}},"type":"if","locations":[{"start":{"line":72,"column":2},"end":{"line":72,"column":86}},{"start":{"line":72,"column":2},"end":{"line":72,"column":86}}],"line":72},"10":{"loc":{"start":{"line":72,"column":6},"end":{"line":72,"column":43}},"type":"binary-expr","locations":[{"start":{"line":72,"column":6},"end":{"line":72,"column":21}},{"start":{"line":72,"column":25},"end":{"line":72,"column":43}}],"line":72},"11":{"loc":{"start":{"line":73,"column":2},"end":{"line":73,"column":83}},"type":"if","locations":[{"start":{"line":73,"column":2},"end":{"line":73,"column":83}},{"start":{"line":73,"column":2},"end":{"line":73,"column":83}}],"line":73}},"s":{"0":0,"1":0,"2":0,"3":0,"4":0,"5":0,"6":0,"7":0,"8":0,"9":0,"10":0,"11":0,"12":0,"13":0,"14":0,"15":0,"16":0,"17":0,"18":0,"19":0,"20":0,"21":0,"22":0,"23":0,"24":0,"25":0,"26":0,"27":0,"28":0,"29":0,"30":0,"31":0,"32":0,"33":0,"34":0,"35":0,"36":0,"37":0,"38":0,"39":0,"40":0,"41":0,"42":0,"43":0,"44":0,"45":0,"46":0,"47":0,"48":0},"f":{"0":0,"1":0,"2":0},"b":{"0":[0,0],"1":[0,0],"2":[0,0],"3":[0,0],"4":[0,0],"5":[0,0],"6":[0,0],"7":[0,0],"8":[0,0],"9":[0,0],"10":[0,0],"11":[0,0]}},"/home/travis/build/daniele-athome/codimd/lib/auth/facebook/index.js":{"path":"/home/travis/build/daniele-athome/codimd/lib/auth/facebook/index.js","statementMap":{"0":{"start":{"line":3,"column":15},"end":{"line":3,"column":40}},"1":{"start":{"line":4,"column":17},"end":{"line":4,"column":36}},"2":{"start":{"line":5,"column":25},"end":{"line":5,"column":62}},"3":{"start":{"line":7,"column":15},"end":{"line":7,"column":38}},"4":{"start":{"line":8,"column":60},"end":{"line":8,"column":79}},"5":{"start":{"line":10,"column":21},"end":{"line":10,"column":46}},"6":{"start":{"line":12,"column":0},"end":{"line":16,"column":28}},"7":{"start":{"line":18,"column":0},"end":{"line":21,"column":2}},"8":{"start":{"line":19,"column":2},"end":{"line":19,"column":29}},"9":{"start":{"line":20,"column":2},"end":{"line":20,"column":51}},"10":{"start":{"line":24,"column":0},"end":{"line":29,"column":1}}},"fnMap":{"0":{"name":"(anonymous_0)","decl":{"start":{"line":18,"column":35},"end":{"line":18,"column":36}},"loc":{"start":{"line":18,"column":61},"end":{"line":21,"column":1}},"line":18}},"branchMap":{},"s":{"0":0,"1":0,"2":0,"3":0,"4":0,"5":0,"6":0,"7":0,"8":0,"9":0,"10":0},"f":{"0":0},"b":{}},"/home/travis/build/daniele-athome/codimd/lib/auth/github/index.js":{"path":"/home/travis/build/daniele-athome/codimd/lib/auth/github/index.js","statementMap":{"0":{"start":{"line":3,"column":15},"end":{"line":3,"column":40}},"1":{"start":{"line":4,"column":17},"end":{"line":4,"column":36}},"2":{"start":{"line":5,"column":23},"end":{"line":5,"column":58}},"3":{"start":{"line":6,"column":15},"end":{"line":6,"column":38}},"4":{"start":{"line":7,"column":17},"end":{"line":7,"column":42}},"5":{"start":{"line":8,"column":60},"end":{"line":8,"column":79}},"6":{"start":{"line":9,"column":16},"end":{"line":9,"column":30}},"7":{"start":{"line":11,"column":19},"end":{"line":11,"column":44}},"8":{"start":{"line":14,"column":2},"end":{"line":14,"column":93}},"9":{"start":{"line":17,"column":0},"end":{"line":24,"column":28}},"10":{"start":{"line":26,"column":0},"end":{"line":29,"column":2}},"11":{"start":{"line":27,"column":2},"end":{"line":27,"column":29}},"12":{"start":{"line":28,"column":2},"end":{"line":28,"column":49}},"13":{"start":{"line":32,"column":0},"end":{"line":37,"column":1}},"14":{"start":{"line":40,"column":0},"end":{"line":40,"column":79}}},"fnMap":{"0":{"name":"githubUrl","decl":{"start":{"line":13,"column":9},"end":{"line":13,"column":18}},"loc":{"start":{"line":13,"column":26},"end":{"line":15,"column":1}},"line":13},"1":{"name":"(anonymous_1)","decl":{"start":{"line":26,"column":31},"end":{"line":26,"column":32}},"loc":{"start":{"line":26,"column":57},"end":{"line":29,"column":1}},"line":26}},"branchMap":{"0":{"loc":{"start":{"line":14,"column":9},"end":{"line":14,"column":93}},"type":"binary-expr","locations":[{"start":{"line":14,"column":9},"end":{"line":14,"column":36}},{"start":{"line":14,"column":40},"end":{"line":14,"column":93}}],"line":14}},"s":{"0":0,"1":0,"2":0,"3":0,"4":0,"5":0,"6":0,"7":0,"8":0,"9":0,"10":0,"11":0,"12":0,"13":0,"14":0},"f":{"0":0,"1":0},"b":{"0":[0,0]}},"/home/travis/build/daniele-athome/codimd/lib/auth/gitlab/index.js":{"path":"/home/travis/build/daniele-athome/codimd/lib/auth/gitlab/index.js","statementMap":{"0":{"start":{"line":3,"column":15},"end":{"line":3,"column":40}},"1":{"start":{"line":4,"column":17},"end":{"line":4,"column":36}},"2":{"start":{"line":5,"column":23},"end":{"line":5,"column":59}},"3":{"start":{"line":6,"column":15},"end":{"line":6,"column":38}},"4":{"start":{"line":7,"column":17},"end":{"line":7,"column":42}},"5":{"start":{"line":8,"column":60},"end":{"line":8,"column":79}},"6":{"start":{"line":9,"column":24},"end":{"line":9,"column":52}},"7":{"start":{"line":11,"column":19},"end":{"line":11,"column":44}},"8":{"start":{"line":13,"column":27},"end":{"line":19,"column":27}},"9":{"start":{"line":21,"column":0},"end":{"line":24,"column":1}},"10":{"start":{"line":22,"column":26},"end":{"line":22,"column":73}},"11":{"start":{"line":23,"column":2},"end":{"line":23,"column":54}},"12":{"start":{"line":26,"column":0},"end":{"line":26,"column":32}},"13":{"start":{"line":28,"column":0},"end":{"line":31,"column":2}},"14":{"start":{"line":29,"column":2},"end":{"line":29,"column":29}},"15":{"start":{"line":30,"column":2},"end":{"line":30,"column":49}},"16":{"start":{"line":34,"column":0},"end":{"line":39,"column":1}},"17":{"start":{"line":41,"column":0},"end":{"line":44,"column":1}},"18":{"start":{"line":43,"column":2},"end":{"line":43,"column":81}}},"fnMap":{"0":{"name":"(anonymous_0)","decl":{"start":{"line":28,"column":31},"end":{"line":28,"column":32}},"loc":{"start":{"line":28,"column":57},"end":{"line":31,"column":1}},"line":28}},"branchMap":{"0":{"loc":{"start":{"line":21,"column":0},"end":{"line":24,"column":1}},"type":"if","locations":[{"start":{"line":21,"column":0},"end":{"line":24,"column":1}},{"start":{"line":21,"column":0},"end":{"line":24,"column":1}}],"line":21},"1":{"loc":{"start":{"line":41,"column":0},"end":{"line":44,"column":1}},"type":"if","locations":[{"start":{"line":41,"column":0},"end":{"line":44,"column":1}},{"start":{"line":41,"column":0},"end":{"line":44,"column":1}}],"line":41},"2":{"loc":{"start":{"line":41,"column":4},"end":{"line":41,"column":57}},"type":"binary-expr","locations":[{"start":{"line":41,"column":4},"end":{"line":41,"column":24}},{"start":{"line":41,"column":28},"end":{"line":41,"column":57}}],"line":41}},"s":{"0":0,"1":0,"2":0,"3":0,"4":0,"5":0,"6":0,"7":0,"8":0,"9":0,"10":0,"11":0,"12":0,"13":0,"14":0,"15":0,"16":0,"17":0,"18":0},"f":{"0":0},"b":{"0":[0,0],"1":[0,0],"2":[0,0]}},"/home/travis/build/daniele-athome/codimd/lib/auth/google/index.js":{"path":"/home/travis/build/daniele-athome/codimd/lib/auth/google/index.js","statementMap":{"0":{"start":{"line":3,"column":15},"end":{"line":3,"column":40}},"1":{"start":{"line":4,"column":17},"end":{"line":4,"column":36}},"2":{"start":{"line":5,"column":21},"end":{"line":5,"column":64}},"3":{"start":{"line":6,"column":15},"end":{"line":6,"column":38}},"4":{"start":{"line":7,"column":60},"end":{"line":7,"column":79}},"5":{"start":{"line":9,"column":19},"end":{"line":9,"column":44}},"6":{"start":{"line":11,"column":0},"end":{"line":16,"column":28}},"7":{"start":{"line":18,"column":0},"end":{"line":24,"column":2}},"8":{"start":{"line":19,"column":2},"end":{"line":19,"column":29}},"9":{"start":{"line":20,"column":2},"end":{"line":23,"column":20}},"10":{"start":{"line":26,"column":0},"end":{"line":31,"column":1}}},"fnMap":{"0":{"name":"(anonymous_0)","decl":{"start":{"line":18,"column":31},"end":{"line":18,"column":32}},"loc":{"start":{"line":18,"column":57},"end":{"line":24,"column":1}},"line":18}},"branchMap":{},"s":{"0":0,"1":0,"2":0,"3":0,"4":0,"5":0,"6":0,"7":0,"8":0,"9":0,"10":0},"f":{"0":0},"b":{}},"/home/travis/build/daniele-athome/codimd/lib/auth/index.js":{"path":"/home/travis/build/daniele-athome/codimd/lib/auth/index.js","statementMap":{"0":{"start":{"line":3,"column":15},"end":{"line":3,"column":40}},"1":{"start":{"line":4,"column":17},"end":{"line":4,"column":36}},"2":{"start":{"line":6,"column":15},"end":{"line":6,"column":35}},"3":{"start":{"line":7,"column":15},"end":{"line":7,"column":35}},"4":{"start":{"line":8,"column":15},"end":{"line":8,"column":35}},"5":{"start":{"line":10,"column":19},"end":{"line":10,"column":44}},"6":{"start":{"line":13,"column":0},"end":{"line":16,"column":2}},"7":{"start":{"line":14,"column":2},"end":{"line":14,"column":42}},"8":{"start":{"line":15,"column":2},"end":{"line":15,"column":28}},"9":{"start":{"line":18,"column":0},"end":{"line":35,"column":2}},"10":{"start":{"line":19,"column":2},"end":{"line":34,"column":4}},"11":{"start":{"line":25,"column":4},"end":{"line":27,"column":5}},"12":{"start":{"line":26,"column":6},"end":{"line":26,"column":61}},"13":{"start":{"line":29,"column":4},"end":{"line":29,"column":46}},"14":{"start":{"line":30,"column":4},"end":{"line":30,"column":27}},"15":{"start":{"line":32,"column":4},"end":{"line":32,"column":21}},"16":{"start":{"line":33,"column":4},"end":{"line":33,"column":26}},"17":{"start":{"line":37,"column":0},"end":{"line":37,"column":66}},"18":{"start":{"line":37,"column":29},"end":{"line":37,"column":66}},"19":{"start":{"line":38,"column":0},"end":{"line":38,"column":64}},"20":{"start":{"line":38,"column":28},"end":{"line":38,"column":64}},"21":{"start":{"line":39,"column":0},"end":{"line":39,"column":62}},"22":{"start":{"line":39,"column":27},"end":{"line":39,"column":62}},"23":{"start":{"line":40,"column":0},"end":{"line":40,"column":68}},"24":{"start":{"line":40,"column":30},"end":{"line":40,"column":68}},"25":{"start":{"line":41,"column":0},"end":{"line":41,"column":62}},"26":{"start":{"line":41,"column":27},"end":{"line":41,"column":62}},"27":{"start":{"line":42,"column":0},"end":{"line":42,"column":70}},"28":{"start":{"line":42,"column":31},"end":{"line":42,"column":70}},"29":{"start":{"line":43,"column":0},"end":{"line":43,"column":64}},"30":{"start":{"line":43,"column":28},"end":{"line":43,"column":64}},"31":{"start":{"line":44,"column":0},"end":{"line":44,"column":62}},"32":{"start":{"line":44,"column":27},"end":{"line":44,"column":62}},"33":{"start":{"line":45,"column":0},"end":{"line":45,"column":58}},"34":{"start":{"line":45,"column":25},"end":{"line":45,"column":58}},"35":{"start":{"line":46,"column":0},"end":{"line":46,"column":58}},"36":{"start":{"line":46,"column":25},"end":{"line":46,"column":58}},"37":{"start":{"line":47,"column":0},"end":{"line":47,"column":62}},"38":{"start":{"line":47,"column":27},"end":{"line":47,"column":62}},"39":{"start":{"line":48,"column":0},"end":{"line":48,"column":60}},"40":{"start":{"line":48,"column":26},"end":{"line":48,"column":60}},"41":{"start":{"line":49,"column":0},"end":{"line":49,"column":62}},"42":{"start":{"line":49,"column":27},"end":{"line":49,"column":62}},"43":{"start":{"line":52,"column":0},"end":{"line":58,"column":2}},"44":{"start":{"line":53,"column":2},"end":{"line":55,"column":3}},"45":{"start":{"line":54,"column":4},"end":{"line":54,"column":47}},"46":{"start":{"line":56,"column":2},"end":{"line":56,"column":14}},"47":{"start":{"line":57,"column":2},"end":{"line":57,"column":38}}},"fnMap":{"0":{"name":"(anonymous_0)","decl":{"start":{"line":13,"column":23},"end":{"line":13,"column":24}},"loc":{"start":{"line":13,"column":45},"end":{"line":16,"column":1}},"line":13},"1":{"name":"(anonymous_1)","decl":{"start":{"line":18,"column":25},"end":{"line":18,"column":26}},"loc":{"start":{"line":18,"column":45},"end":{"line":35,"column":1}},"line":18},"2":{"name":"(anonymous_2)","decl":{"start":{"line":23,"column":10},"end":{"line":23,"column":11}},"loc":{"start":{"line":23,"column":26},"end":{"line":31,"column":3}},"line":23},"3":{"name":"(anonymous_3)","decl":{"start":{"line":31,"column":11},"end":{"line":31,"column":12}},"loc":{"start":{"line":31,"column":26},"end":{"line":34,"column":3}},"line":31},"4":{"name":"(anonymous_4)","decl":{"start":{"line":52,"column":26},"end":{"line":52,"column":27}},"loc":{"start":{"line":52,"column":46},"end":{"line":58,"column":1}},"line":52}},"branchMap":{"0":{"loc":{"start":{"line":25,"column":4},"end":{"line":27,"column":5}},"type":"if","locations":[{"start":{"line":25,"column":4},"end":{"line":27,"column":5}},{"start":{"line":25,"column":4},"end":{"line":27,"column":5}}],"line":25},"1":{"loc":{"start":{"line":37,"column":0},"end":{"line":37,"column":66}},"type":"if","locations":[{"start":{"line":37,"column":0},"end":{"line":37,"column":66}},{"start":{"line":37,"column":0},"end":{"line":37,"column":66}}],"line":37},"2":{"loc":{"start":{"line":38,"column":0},"end":{"line":38,"column":64}},"type":"if","locations":[{"start":{"line":38,"column":0},"end":{"line":38,"column":64}},{"start":{"line":38,"column":0},"end":{"line":38,"column":64}}],"line":38},"3":{"loc":{"start":{"line":39,"column":0},"end":{"line":39,"column":62}},"type":"if","locations":[{"start":{"line":39,"column":0},"end":{"line":39,"column":62}},{"start":{"line":39,"column":0},"end":{"line":39,"column":62}}],"line":39},"4":{"loc":{"start":{"line":40,"column":0},"end":{"line":40,"column":68}},"type":"if","locations":[{"start":{"line":40,"column":0},"end":{"line":40,"column":68}},{"start":{"line":40,"column":0},"end":{"line":40,"column":68}}],"line":40},"5":{"loc":{"start":{"line":41,"column":0},"end":{"line":41,"column":62}},"type":"if","locations":[{"start":{"line":41,"column":0},"end":{"line":41,"column":62}},{"start":{"line":41,"column":0},"end":{"line":41,"column":62}}],"line":41},"6":{"loc":{"start":{"line":42,"column":0},"end":{"line":42,"column":70}},"type":"if","locations":[{"start":{"line":42,"column":0},"end":{"line":42,"column":70}},{"start":{"line":42,"column":0},"end":{"line":42,"column":70}}],"line":42},"7":{"loc":{"start":{"line":43,"column":0},"end":{"line":43,"column":64}},"type":"if","locations":[{"start":{"line":43,"column":0},"end":{"line":43,"column":64}},{"start":{"line":43,"column":0},"end":{"line":43,"column":64}}],"line":43},"8":{"loc":{"start":{"line":44,"column":0},"end":{"line":44,"column":62}},"type":"if","locations":[{"start":{"line":44,"column":0},"end":{"line":44,"column":62}},{"start":{"line":44,"column":0},"end":{"line":44,"column":62}}],"line":44},"9":{"loc":{"start":{"line":45,"column":0},"end":{"line":45,"column":58}},"type":"if","locations":[{"start":{"line":45,"column":0},"end":{"line":45,"column":58}},{"start":{"line":45,"column":0},"end":{"line":45,"column":58}}],"line":45},"10":{"loc":{"start":{"line":46,"column":0},"end":{"line":46,"column":58}},"type":"if","locations":[{"start":{"line":46,"column":0},"end":{"line":46,"column":58}},{"start":{"line":46,"column":0},"end":{"line":46,"column":58}}],"line":46},"11":{"loc":{"start":{"line":47,"column":0},"end":{"line":47,"column":62}},"type":"if","locations":[{"start":{"line":47,"column":0},"end":{"line":47,"column":62}},{"start":{"line":47,"column":0},"end":{"line":47,"column":62}}],"line":47},"12":{"loc":{"start":{"line":48,"column":0},"end":{"line":48,"column":60}},"type":"if","locations":[{"start":{"line":48,"column":0},"end":{"line":48,"column":60}},{"start":{"line":48,"column":0},"end":{"line":48,"column":60}}],"line":48},"13":{"loc":{"start":{"line":49,"column":0},"end":{"line":49,"column":62}},"type":"if","locations":[{"start":{"line":49,"column":0},"end":{"line":49,"column":62}},{"start":{"line":49,"column":0},"end":{"line":49,"column":62}}],"line":49},"14":{"loc":{"start":{"line":53,"column":2},"end":{"line":55,"column":3}},"type":"if","locations":[{"start":{"line":53,"column":2},"end":{"line":55,"column":3}},{"start":{"line":53,"column":2},"end":{"line":55,"column":3}}],"line":53},"15":{"loc":{"start":{"line":53,"column":6},"end":{"line":53,"column":43}},"type":"binary-expr","locations":[{"start":{"line":53,"column":6},"end":{"line":53,"column":18}},{"start":{"line":53,"column":22},"end":{"line":53,"column":43}}],"line":53}},"s":{"0":0,"1":0,"2":0,"3":0,"4":0,"5":0,"6":0,"7":0,"8":0,"9":0,"10":0,"11":0,"12":0,"13":0,"14":0,"15":0,"16":0,"17":0,"18":0,"19":0,"20":0,"21":0,"22":0,"23":0,"24":0,"25":0,"26":0,"27":0,"28":0,"29":0,"30":0,"31":0,"32":0,"33":0,"34":0,"35":0,"36":0,"37":0,"38":0,"39":0,"40":0,"41":0,"42":0,"43":0,"44":0,"45":0,"46":0,"47":0},"f":{"0":0,"1":0,"2":0,"3":0,"4":0},"b":{"0":[0,0],"1":[0,0],"2":[0,0],"3":[0,0],"4":[0,0],"5":[0,0],"6":[0,0],"7":[0,0],"8":[0,0],"9":[0,0],"10":[0,0],"11":[0,0],"12":[0,0],"13":[0,0],"14":[0,0],"15":[0,0]}},"/home/travis/build/daniele-athome/codimd/lib/auth/ldap/index.js":{"path":"/home/travis/build/daniele-athome/codimd/lib/auth/ldap/index.js","statementMap":{"0":{"start":{"line":3,"column":15},"end":{"line":3,"column":40}},"1":{"start":{"line":4,"column":17},"end":{"line":4,"column":36}},"2":{"start":{"line":5,"column":21},"end":{"line":5,"column":49}},"3":{"start":{"line":6,"column":15},"end":{"line":6,"column":38}},"4":{"start":{"line":7,"column":15},"end":{"line":7,"column":38}},"5":{"start":{"line":8,"column":15},"end":{"line":8,"column":38}},"6":{"start":{"line":9,"column":35},"end":{"line":9,"column":54}},"7":{"start":{"line":10,"column":29},"end":{"line":10,"column":51}},"8":{"start":{"line":11,"column":17},"end":{"line":11,"column":42}},"9":{"start":{"line":13,"column":17},"end":{"line":13,"column":42}},"10":{"start":{"line":15,"column":0},"end":{"line":81,"column":3}},"11":{"start":{"line":26,"column":13},"end":{"line":26,"column":75}},"12":{"start":{"line":27,"column":2},"end":{"line":29,"column":3}},"13":{"start":{"line":28,"column":4},"end":{"line":28,"column":40}},"14":{"start":{"line":31,"column":2},"end":{"line":36,"column":3}},"15":{"start":{"line":32,"column":4},"end":{"line":35,"column":45}},"16":{"start":{"line":38,"column":17},"end":{"line":38,"column":21}},"17":{"start":{"line":39,"column":2},"end":{"line":41,"column":3}},"18":{"start":{"line":40,"column":4},"end":{"line":40,"column":46}},"19":{"start":{"line":43,"column":16},"end":{"line":51,"column":3}},"20":{"start":{"line":52,"column":27},"end":{"line":52,"column":50}},"21":{"start":{"line":53,"column":2},"end":{"line":80,"column":4}},"22":{"start":{"line":61,"column":4},"end":{"line":76,"column":5}},"23":{"start":{"line":62,"column":21},"end":{"line":62,"column":26}},"24":{"start":{"line":63,"column":6},"end":{"line":66,"column":7}},"25":{"start":{"line":64,"column":8},"end":{"line":64,"column":41}},"26":{"start":{"line":65,"column":8},"end":{"line":65,"column":23}},"27":{"start":{"line":67,"column":6},"end":{"line":75,"column":7}},"28":{"start":{"line":68,"column":8},"end":{"line":71,"column":10}},"29":{"start":{"line":69,"column":10},"end":{"line":69,"column":70}},"30":{"start":{"line":69,"column":30},"end":{"line":69,"column":68}},"31":{"start":{"line":70,"column":10},"end":{"line":70,"column":33}},"32":{"start":{"line":73,"column":8},"end":{"line":73,"column":68}},"33":{"start":{"line":73,"column":28},"end":{"line":73,"column":66}},"34":{"start":{"line":74,"column":8},"end":{"line":74,"column":31}},"35":{"start":{"line":78,"column":4},"end":{"line":78,"column":44}},"36":{"start":{"line":79,"column":4},"end":{"line":79,"column":26}},"37":{"start":{"line":83,"column":0},"end":{"line":91,"column":2}},"38":{"start":{"line":84,"column":2},"end":{"line":84,"column":89}},"39":{"start":{"line":84,"column":48},"end":{"line":84,"column":89}},"40":{"start":{"line":85,"column":2},"end":{"line":85,"column":29}},"41":{"start":{"line":86,"column":2},"end":{"line":90,"column":20}}},"fnMap":{"0":{"name":"(anonymous_0)","decl":{"start":{"line":25,"column":3},"end":{"line":25,"column":4}},"loc":{"start":{"line":25,"column":25},"end":{"line":81,"column":1}},"line":25},"1":{"name":"(anonymous_1)","decl":{"start":{"line":60,"column":12},"end":{"line":60,"column":13}},"loc":{"start":{"line":60,"column":37},"end":{"line":77,"column":3}},"line":60},"2":{"name":"(anonymous_2)","decl":{"start":{"line":68,"column":25},"end":{"line":68,"column":26}},"loc":{"start":{"line":68,"column":37},"end":{"line":71,"column":9}},"line":68},"3":{"name":"(anonymous_3)","decl":{"start":{"line":77,"column":11},"end":{"line":77,"column":12}},"loc":{"start":{"line":77,"column":26},"end":{"line":80,"column":3}},"line":77},"4":{"name":"(anonymous_4)","decl":{"start":{"line":83,"column":46},"end":{"line":83,"column":47}},"loc":{"start":{"line":83,"column":72},"end":{"line":91,"column":1}},"line":83}},"branchMap":{"0":{"loc":{"start":{"line":17,"column":9},"end":{"line":17,"column":32}},"type":"binary-expr","locations":[{"start":{"line":17,"column":9},"end":{"line":17,"column":24}},{"start":{"line":17,"column":28},"end":{"line":17,"column":32}}],"line":17},"1":{"loc":{"start":{"line":18,"column":12},"end":{"line":18,"column":38}},"type":"binary-expr","locations":[{"start":{"line":18,"column":12},"end":{"line":18,"column":30}},{"start":{"line":18,"column":34},"end":{"line":18,"column":38}}],"line":18},"2":{"loc":{"start":{"line":19,"column":21},"end":{"line":19,"column":56}},"type":"binary-expr","locations":[{"start":{"line":19,"column":21},"end":{"line":19,"column":48}},{"start":{"line":19,"column":52},"end":{"line":19,"column":56}}],"line":19},"3":{"loc":{"start":{"line":20,"column":16},"end":{"line":20,"column":46}},"type":"binary-expr","locations":[{"start":{"line":20,"column":16},"end":{"line":20,"column":38}},{"start":{"line":20,"column":42},"end":{"line":20,"column":46}}],"line":20},"4":{"loc":{"start":{"line":21,"column":18},"end":{"line":21,"column":50}},"type":"binary-expr","locations":[{"start":{"line":21,"column":18},"end":{"line":21,"column":42}},{"start":{"line":21,"column":46},"end":{"line":21,"column":50}}],"line":21},"5":{"loc":{"start":{"line":22,"column":22},"end":{"line":22,"column":58}},"type":"binary-expr","locations":[{"start":{"line":22,"column":22},"end":{"line":22,"column":50}},{"start":{"line":22,"column":54},"end":{"line":22,"column":58}}],"line":22},"6":{"loc":{"start":{"line":23,"column":16},"end":{"line":23,"column":46}},"type":"binary-expr","locations":[{"start":{"line":23,"column":16},"end":{"line":23,"column":38}},{"start":{"line":23,"column":42},"end":{"line":23,"column":46}}],"line":23},"7":{"loc":{"start":{"line":26,"column":13},"end":{"line":26,"column":75}},"type":"binary-expr","locations":[{"start":{"line":26,"column":13},"end":{"line":26,"column":27}},{"start":{"line":26,"column":31},"end":{"line":26,"column":39}},{"start":{"line":26,"column":43},"end":{"line":26,"column":62}},{"start":{"line":26,"column":66},"end":{"line":26,"column":75}}],"line":26},"8":{"loc":{"start":{"line":27,"column":2},"end":{"line":29,"column":3}},"type":"if","locations":[{"start":{"line":27,"column":2},"end":{"line":29,"column":3}},{"start":{"line":27,"column":2},"end":{"line":29,"column":3}}],"line":27},"9":{"loc":{"start":{"line":27,"column":6},"end":{"line":27,"column":62}},"type":"binary-expr","locations":[{"start":{"line":27,"column":6},"end":{"line":27,"column":29}},{"start":{"line":27,"column":33},"end":{"line":27,"column":62}}],"line":27},"10":{"loc":{"start":{"line":31,"column":2},"end":{"line":36,"column":3}},"type":"if","locations":[{"start":{"line":31,"column":2},"end":{"line":36,"column":3}},{"start":{"line":31,"column":2},"end":{"line":36,"column":3}}],"line":31},"11":{"loc":{"start":{"line":39,"column":2},"end":{"line":41,"column":3}},"type":"if","locations":[{"start":{"line":39,"column":2},"end":{"line":41,"column":3}},{"start":{"line":39,"column":2},"end":{"line":41,"column":3}}],"line":39},"12":{"loc":{"start":{"line":39,"column":6},"end":{"line":39,"column":66}},"type":"binary-expr","locations":[{"start":{"line":39,"column":6},"end":{"line":39,"column":31}},{"start":{"line":39,"column":35},"end":{"line":39,"column":66}}],"line":39},"13":{"loc":{"start":{"line":47,"column":12},"end":{"line":47,"column":79}},"type":"cond-expr","locations":[{"start":{"line":47,"column":24},"end":{"line":47,"column":74}},{"start":{"line":47,"column":77},"end":{"line":47,"column":79}}],"line":47},"14":{"loc":{"start":{"line":47,"column":24},"end":{"line":47,"column":74}},"type":"cond-expr","locations":[{"start":{"line":47,"column":51},"end":{"line":47,"column":60}},{"start":{"line":47,"column":63},"end":{"line":47,"column":74}}],"line":47},"15":{"loc":{"start":{"line":61,"column":4},"end":{"line":76,"column":5}},"type":"if","locations":[{"start":{"line":61,"column":4},"end":{"line":76,"column":5}},{"start":{"line":61,"column":4},"end":{"line":76,"column":5}}],"line":61},"16":{"loc":{"start":{"line":63,"column":6},"end":{"line":66,"column":7}},"type":"if","locations":[{"start":{"line":63,"column":6},"end":{"line":66,"column":7}},{"start":{"line":63,"column":6},"end":{"line":66,"column":7}}],"line":63},"17":{"loc":{"start":{"line":67,"column":6},"end":{"line":75,"column":7}},"type":"if","locations":[{"start":{"line":67,"column":6},"end":{"line":75,"column":7}},{"start":{"line":67,"column":6},"end":{"line":75,"column":7}}],"line":67},"18":{"loc":{"start":{"line":69,"column":10},"end":{"line":69,"column":70}},"type":"if","locations":[{"start":{"line":69,"column":10},"end":{"line":69,"column":70}},{"start":{"line":69,"column":10},"end":{"line":69,"column":70}}],"line":69},"19":{"loc":{"start":{"line":73,"column":8},"end":{"line":73,"column":68}},"type":"if","locations":[{"start":{"line":73,"column":8},"end":{"line":73,"column":68}},{"start":{"line":73,"column":8},"end":{"line":73,"column":68}}],"line":73},"20":{"loc":{"start":{"line":84,"column":2},"end":{"line":84,"column":89}},"type":"if","locations":[{"start":{"line":84,"column":2},"end":{"line":84,"column":89}},{"start":{"line":84,"column":2},"end":{"line":84,"column":89}}],"line":84},"21":{"loc":{"start":{"line":84,"column":6},"end":{"line":84,"column":46}},"type":"binary-expr","locations":[{"start":{"line":84,"column":6},"end":{"line":84,"column":24}},{"start":{"line":84,"column":28},"end":{"line":84,"column":46}}],"line":84}},"s":{"0":0,"1":0,"2":0,"3":0,"4":0,"5":0,"6":0,"7":0,"8":0,"9":0,"10":0,"11":0,"12":0,"13":0,"14":0,"15":0,"16":0,"17":0,"18":0,"19":0,"20":0,"21":0,"22":0,"23":0,"24":0,"25":0,"26":0,"27":0,"28":0,"29":0,"30":0,"31":0,"32":0,"33":0,"34":0,"35":0,"36":0,"37":0,"38":0,"39":0,"40":0,"41":0},"f":{"0":0,"1":0,"2":0,"3":0,"4":0},"b":{"0":[0,0],"1":[0,0],"2":[0,0],"3":[0,0],"4":[0,0],"5":[0,0],"6":[0,0],"7":[0,0,0,0],"8":[0,0],"9":[0,0],"10":[0,0],"11":[0,0],"12":[0,0],"13":[0,0],"14":[0,0],"15":[0,0],"16":[0,0],"17":[0,0],"18":[0,0],"19":[0,0],"20":[0,0],"21":[0,0]}},"/home/travis/build/daniele-athome/codimd/lib/auth/mattermost/index.js":{"path":"/home/travis/build/daniele-athome/codimd/lib/auth/mattermost/index.js","statementMap":{"0":{"start":{"line":2,"column":0},"end":{"line":2,"column":25}},"1":{"start":{"line":3,"column":0},"end":{"line":3,"column":27}},"2":{"start":{"line":4,"column":15},"end":{"line":4,"column":40}},"3":{"start":{"line":5,"column":17},"end":{"line":5,"column":36}},"4":{"start":{"line":6,"column":25},"end":{"line":6,"column":75}},"5":{"start":{"line":7,"column":22},"end":{"line":7,"column":57}},"6":{"start":{"line":8,"column":15},"end":{"line":8,"column":38}},"7":{"start":{"line":9,"column":60},"end":{"line":9,"column":79}},"8":{"start":{"line":11,"column":23},"end":{"line":11,"column":48}},"9":{"start":{"line":13,"column":25},"end":{"line":13,"column":47}},"10":{"start":{"line":15,"column":27},"end":{"line":21,"column":27}},"11":{"start":{"line":23,"column":0},"end":{"line":29,"column":1}},"12":{"start":{"line":24,"column":2},"end":{"line":24,"column":52}},"13":{"start":{"line":25,"column":2},"end":{"line":25,"column":40}},"14":{"start":{"line":26,"column":2},"end":{"line":28,"column":30}},"15":{"start":{"line":27,"column":20},"end":{"line":27,"column":36}},"16":{"start":{"line":28,"column":20},"end":{"line":28,"column":29}},"17":{"start":{"line":31,"column":0},"end":{"line":31,"column":32}},"18":{"start":{"line":33,"column":0},"end":{"line":36,"column":2}},"19":{"start":{"line":34,"column":2},"end":{"line":34,"column":29}},"20":{"start":{"line":35,"column":2},"end":{"line":35,"column":49}},"21":{"start":{"line":39,"column":0},"end":{"line":44,"column":1}}},"fnMap":{"0":{"name":"(anonymous_0)","decl":{"start":{"line":23,"column":33},"end":{"line":23,"column":34}},"loc":{"start":{"line":23,"column":56},"end":{"line":29,"column":1}},"line":23},"1":{"name":"(anonymous_1)","decl":{"start":{"line":27,"column":10},"end":{"line":27,"column":11}},"loc":{"start":{"line":27,"column":20},"end":{"line":27,"column":36}},"line":27},"2":{"name":"(anonymous_2)","decl":{"start":{"line":28,"column":11},"end":{"line":28,"column":12}},"loc":{"start":{"line":28,"column":20},"end":{"line":28,"column":29}},"line":28},"3":{"name":"(anonymous_3)","decl":{"start":{"line":33,"column":39},"end":{"line":33,"column":40}},"loc":{"start":{"line":33,"column":65},"end":{"line":36,"column":1}},"line":33}},"branchMap":{},"s":{"0":0,"1":0,"2":0,"3":0,"4":0,"5":0,"6":0,"7":0,"8":0,"9":0,"10":0,"11":0,"12":0,"13":0,"14":0,"15":0,"16":0,"17":0,"18":0,"19":0,"20":0,"21":0},"f":{"0":0,"1":0,"2":0,"3":0},"b":{}},"/home/travis/build/daniele-athome/codimd/lib/auth/oauth2/index.js":{"path":"/home/travis/build/daniele-athome/codimd/lib/auth/oauth2/index.js","statementMap":{"0":{"start":{"line":3,"column":15},"end":{"line":3,"column":40}},"1":{"start":{"line":4,"column":17},"end":{"line":4,"column":36}},"2":{"start":{"line":6,"column":15},"end":{"line":6,"column":38}},"3":{"start":{"line":7,"column":60},"end":{"line":7,"column":79}},"4":{"start":{"line":8,"column":33},"end":{"line":8,"column":54}},"5":{"start":{"line":10,"column":19},"end":{"line":10,"column":44}},"6":{"start":{"line":12,"column":0},"end":{"line":20,"column":28}},"7":{"start":{"line":22,"column":0},"end":{"line":25,"column":2}},"8":{"start":{"line":23,"column":2},"end":{"line":23,"column":29}},"9":{"start":{"line":24,"column":2},"end":{"line":24,"column":49}},"10":{"start":{"line":28,"column":0},"end":{"line":33,"column":1}}},"fnMap":{"0":{"name":"(anonymous_0)","decl":{"start":{"line":22,"column":31},"end":{"line":22,"column":32}},"loc":{"start":{"line":22,"column":57},"end":{"line":25,"column":1}},"line":22}},"branchMap":{},"s":{"0":0,"1":0,"2":0,"3":0,"4":0,"5":0,"6":0,"7":0,"8":0,"9":0,"10":0},"f":{"0":0},"b":{}},"/home/travis/build/daniele-athome/codimd/lib/auth/oauth2/strategy.js":{"path":"/home/travis/build/daniele-athome/codimd/lib/auth/oauth2/strategy.js","statementMap":{"0":{"start":{"line":3,"column":41},"end":{"line":3,"column":67}},"1":{"start":{"line":4,"column":15},"end":{"line":4,"column":38}},"2":{"start":{"line":7,"column":19},"end":{"line":7,"column":87}},"3":{"start":{"line":8,"column":22},"end":{"line":8,"column":93}},"4":{"start":{"line":9,"column":16},"end":{"line":9,"column":81}},"5":{"start":{"line":10,"column":16},"end":{"line":10,"column":81}},"6":{"start":{"line":12,"column":2},"end":{"line":14,"column":3}},"7":{"start":{"line":13,"column":4},"end":{"line":13,"column":102}},"8":{"start":{"line":16,"column":2},"end":{"line":22,"column":3}},"9":{"start":{"line":26,"column":2},"end":{"line":26,"column":29}},"10":{"start":{"line":26,"column":13},"end":{"line":26,"column":29}},"11":{"start":{"line":27,"column":2},"end":{"line":27,"column":48}},"12":{"start":{"line":27,"column":32},"end":{"line":27,"column":48}},"13":{"start":{"line":29,"column":2},"end":{"line":29,"column":24}},"14":{"start":{"line":30,"column":2},"end":{"line":40,"column":3}},"15":{"start":{"line":31,"column":14},"end":{"line":31,"column":48}},"16":{"start":{"line":32,"column":4},"end":{"line":38,"column":5}},"17":{"start":{"line":33,"column":6},"end":{"line":33,"column":26}},"18":{"start":{"line":35,"column":6},"end":{"line":35,"column":40}},"19":{"start":{"line":35,"column":24},"end":{"line":35,"column":40}},"20":{"start":{"line":36,"column":6},"end":{"line":36,"column":39}},"21":{"start":{"line":36,"column":23},"end":{"line":36,"column":39}},"22":{"start":{"line":37,"column":6},"end":{"line":37,"column":29}},"23":{"start":{"line":39,"column":4},"end":{"line":39,"column":31}},"24":{"start":{"line":39,"column":15},"end":{"line":39,"column":31}},"25":{"start":{"line":41,"column":2},"end":{"line":41,"column":13}},"26":{"start":{"line":46,"column":4},"end":{"line":46,"column":55}},"27":{"start":{"line":47,"column":4},"end":{"line":47,"column":26}},"28":{"start":{"line":48,"column":4},"end":{"line":48,"column":24}},"29":{"start":{"line":49,"column":4},"end":{"line":49,"column":49}},"30":{"start":{"line":50,"column":4},"end":{"line":50,"column":51}},"31":{"start":{"line":54,"column":4},"end":{"line":70,"column":6}},"32":{"start":{"line":55,"column":6},"end":{"line":57,"column":7}},"33":{"start":{"line":56,"column":8},"end":{"line":56,"column":80}},"34":{"start":{"line":60,"column":6},"end":{"line":65,"column":7}},"35":{"start":{"line":61,"column":8},"end":{"line":61,"column":31}},"36":{"start":{"line":62,"column":8},"end":{"line":62,"column":36}},"37":{"start":{"line":64,"column":8},"end":{"line":64,"column":91}},"38":{"start":{"line":67,"column":6},"end":{"line":67,"column":33}},"39":{"start":{"line":69,"column":6},"end":{"line":69,"column":25}},"40":{"start":{"line":74,"column":0},"end":{"line":74,"column":51}},"41":{"start":{"line":75,"column":0},"end":{"line":75,"column":35}},"42":{"start":{"line":76,"column":0},"end":{"line":76,"column":57}}},"fnMap":{"0":{"name":"parseProfile","decl":{"start":{"line":6,"column":9},"end":{"line":6,"column":21}},"loc":{"start":{"line":6,"column":29},"end":{"line":23,"column":1}},"line":6},"1":{"name":"extractProfileAttribute","decl":{"start":{"line":25,"column":9},"end":{"line":25,"column":32}},"loc":{"start":{"line":25,"column":46},"end":{"line":42,"column":1}},"line":25},"2":{"name":"(anonymous_2)","decl":{"start":{"line":45,"column":2},"end":{"line":45,"column":3}},"loc":{"start":{"line":45,"column":32},"end":{"line":51,"column":3}},"line":45},"3":{"name":"(anonymous_3)","decl":{"start":{"line":53,"column":2},"end":{"line":53,"column":3}},"loc":{"start":{"line":53,"column":34},"end":{"line":71,"column":3}},"line":53},"4":{"name":"(anonymous_4)","decl":{"start":{"line":54,"column":56},"end":{"line":54,"column":57}},"loc":{"start":{"line":54,"column":82},"end":{"line":70,"column":5}},"line":54}},"branchMap":{"0":{"loc":{"start":{"line":12,"column":2},"end":{"line":14,"column":3}},"type":"if","locations":[{"start":{"line":12,"column":2},"end":{"line":14,"column":3}},{"start":{"line":12,"column":2},"end":{"line":14,"column":3}}],"line":12},"1":{"loc":{"start":{"line":26,"column":2},"end":{"line":26,"column":29}},"type":"if","locations":[{"start":{"line":26,"column":2},"end":{"line":26,"column":29}},{"start":{"line":26,"column":2},"end":{"line":26,"column":29}}],"line":26},"2":{"loc":{"start":{"line":27,"column":2},"end":{"line":27,"column":48}},"type":"if","locations":[{"start":{"line":27,"column":2},"end":{"line":27,"column":48}},{"start":{"line":27,"column":2},"end":{"line":27,"column":48}}],"line":27},"3":{"loc":{"start":{"line":32,"column":4},"end":{"line":38,"column":5}},"type":"if","locations":[{"start":{"line":32,"column":4},"end":{"line":38,"column":5}},{"start":{"line":32,"column":4},"end":{"line":38,"column":5}}],"line":32},"4":{"loc":{"start":{"line":35,"column":6},"end":{"line":35,"column":40}},"type":"if","locations":[{"start":{"line":35,"column":6},"end":{"line":35,"column":40}},{"start":{"line":35,"column":6},"end":{"line":35,"column":40}}],"line":35},"5":{"loc":{"start":{"line":36,"column":6},"end":{"line":36,"column":39}},"type":"if","locations":[{"start":{"line":36,"column":6},"end":{"line":36,"column":39}},{"start":{"line":36,"column":6},"end":{"line":36,"column":39}}],"line":36},"6":{"loc":{"start":{"line":39,"column":4},"end":{"line":39,"column":31}},"type":"if","locations":[{"start":{"line":39,"column":4},"end":{"line":39,"column":31}},{"start":{"line":39,"column":4},"end":{"line":39,"column":31}}],"line":39},"7":{"loc":{"start":{"line":46,"column":28},"end":{"line":46,"column":55}},"type":"binary-expr","locations":[{"start":{"line":46,"column":28},"end":{"line":46,"column":49}},{"start":{"line":46,"column":53},"end":{"line":46,"column":55}}],"line":46},"8":{"loc":{"start":{"line":55,"column":6},"end":{"line":57,"column":7}},"type":"if","locations":[{"start":{"line":55,"column":6},"end":{"line":57,"column":7}},{"start":{"line":55,"column":6},"end":{"line":57,"column":7}}],"line":55}},"s":{"0":0,"1":0,"2":0,"3":0,"4":0,"5":0,"6":0,"7":0,"8":0,"9":0,"10":0,"11":0,"12":0,"13":0,"14":0,"15":0,"16":0,"17":0,"18":0,"19":0,"20":0,"21":0,"22":0,"23":0,"24":0,"25":0,"26":0,"27":0,"28":0,"29":0,"30":0,"31":0,"32":0,"33":0,"34":0,"35":0,"36":0,"37":0,"38":0,"39":0,"40":0,"41":0,"42":0},"f":{"0":0,"1":0,"2":0,"3":0,"4":0},"b":{"0":[0,0],"1":[0,0],"2":[0,0],"3":[0,0],"4":[0,0],"5":[0,0],"6":[0,0],"7":[0,0],"8":[0,0]}},"/home/travis/build/daniele-athome/codimd/lib/auth/openid/index.js":{"path":"/home/travis/build/daniele-athome/codimd/lib/auth/openid/index.js","statementMap":{"0":{"start":{"line":3,"column":15},"end":{"line":3,"column":40}},"1":{"start":{"line":4,"column":17},"end":{"line":4,"column":36}},"2":{"start":{"line":5,"column":23},"end":{"line":5,"column":73}},"3":{"start":{"line":6,"column":15},"end":{"line":6,"column":38}},"4":{"start":{"line":7,"column":15},"end":{"line":7,"column":38}},"5":{"start":{"line":8,"column":15},"end":{"line":8,"column":38}},"6":{"start":{"line":9,"column":29},"end":{"line":9,"column":51}},"7":{"start":{"line":10,"column":35},"end":{"line":10,"column":54}},"8":{"start":{"line":12,"column":19},"end":{"line":12,"column":44}},"9":{"start":{"line":14,"column":0},"end":{"line":48,"column":3}},"10":{"start":{"line":19,"column":27},"end":{"line":19,"column":50}},"11":{"start":{"line":20,"column":2},"end":{"line":47,"column":4}},"12":{"start":{"line":28,"column":4},"end":{"line":43,"column":5}},"13":{"start":{"line":29,"column":21},"end":{"line":29,"column":26}},"14":{"start":{"line":30,"column":6},"end":{"line":33,"column":7}},"15":{"start":{"line":31,"column":8},"end":{"line":31,"column":41}},"16":{"start":{"line":32,"column":8},"end":{"line":32,"column":23}},"17":{"start":{"line":34,"column":6},"end":{"line":42,"column":7}},"18":{"start":{"line":35,"column":8},"end":{"line":38,"column":10}},"19":{"start":{"line":36,"column":10},"end":{"line":36,"column":69}},"20":{"start":{"line":36,"column":30},"end":{"line":36,"column":67}},"21":{"start":{"line":37,"column":10},"end":{"line":37,"column":33}},"22":{"start":{"line":40,"column":8},"end":{"line":40,"column":67}},"23":{"start":{"line":40,"column":28},"end":{"line":40,"column":65}},"24":{"start":{"line":41,"column":8},"end":{"line":41,"column":31}},"25":{"start":{"line":45,"column":4},"end":{"line":45,"column":48}},"26":{"start":{"line":46,"column":4},"end":{"line":46,"column":26}},"27":{"start":{"line":50,"column":0},"end":{"line":53,"column":2}},"28":{"start":{"line":51,"column":2},"end":{"line":51,"column":29}},"29":{"start":{"line":52,"column":2},"end":{"line":52,"column":49}},"30":{"start":{"line":56,"column":0},"end":{"line":61,"column":1}}},"fnMap":{"0":{"name":"(anonymous_0)","decl":{"start":{"line":18,"column":3},"end":{"line":18,"column":4}},"loc":{"start":{"line":18,"column":36},"end":{"line":48,"column":1}},"line":18},"1":{"name":"(anonymous_1)","decl":{"start":{"line":27,"column":12},"end":{"line":27,"column":13}},"loc":{"start":{"line":27,"column":37},"end":{"line":44,"column":3}},"line":27},"2":{"name":"(anonymous_2)","decl":{"start":{"line":35,"column":25},"end":{"line":35,"column":26}},"loc":{"start":{"line":35,"column":37},"end":{"line":38,"column":9}},"line":35},"3":{"name":"(anonymous_3)","decl":{"start":{"line":44,"column":11},"end":{"line":44,"column":12}},"loc":{"start":{"line":44,"column":26},"end":{"line":47,"column":3}},"line":44},"4":{"name":"(anonymous_4)","decl":{"start":{"line":50,"column":50},"end":{"line":50,"column":51}},"loc":{"start":{"line":50,"column":76},"end":{"line":53,"column":1}},"line":50}},"branchMap":{"0":{"loc":{"start":{"line":28,"column":4},"end":{"line":43,"column":5}},"type":"if","locations":[{"start":{"line":28,"column":4},"end":{"line":43,"column":5}},{"start":{"line":28,"column":4},"end":{"line":43,"column":5}}],"line":28},"1":{"loc":{"start":{"line":30,"column":6},"end":{"line":33,"column":7}},"type":"if","locations":[{"start":{"line":30,"column":6},"end":{"line":33,"column":7}},{"start":{"line":30,"column":6},"end":{"line":33,"column":7}}],"line":30},"2":{"loc":{"start":{"line":34,"column":6},"end":{"line":42,"column":7}},"type":"if","locations":[{"start":{"line":34,"column":6},"end":{"line":42,"column":7}},{"start":{"line":34,"column":6},"end":{"line":42,"column":7}}],"line":34},"3":{"loc":{"start":{"line":36,"column":10},"end":{"line":36,"column":69}},"type":"if","locations":[{"start":{"line":36,"column":10},"end":{"line":36,"column":69}},{"start":{"line":36,"column":10},"end":{"line":36,"column":69}}],"line":36},"4":{"loc":{"start":{"line":40,"column":8},"end":{"line":40,"column":67}},"type":"if","locations":[{"start":{"line":40,"column":8},"end":{"line":40,"column":67}},{"start":{"line":40,"column":8},"end":{"line":40,"column":67}}],"line":40}},"s":{"0":0,"1":0,"2":0,"3":0,"4":0,"5":0,"6":0,"7":0,"8":0,"9":0,"10":0,"11":0,"12":0,"13":0,"14":0,"15":0,"16":0,"17":0,"18":0,"19":0,"20":0,"21":0,"22":0,"23":0,"24":0,"25":0,"26":0,"27":0,"28":0,"29":0,"30":0},"f":{"0":0,"1":0,"2":0,"3":0,"4":0},"b":{"0":[0,0],"1":[0,0],"2":[0,0],"3":[0,0],"4":[0,0]}},"/home/travis/build/daniele-athome/codimd/lib/auth/saml/index.js":{"path":"/home/travis/build/daniele-athome/codimd/lib/auth/saml/index.js","statementMap":{"0":{"start":{"line":3,"column":15},"end":{"line":3,"column":40}},"1":{"start":{"line":4,"column":17},"end":{"line":4,"column":36}},"2":{"start":{"line":5,"column":21},"end":{"line":5,"column":54}},"3":{"start":{"line":6,"column":15},"end":{"line":6,"column":38}},"4":{"start":{"line":7,"column":15},"end":{"line":7,"column":38}},"5":{"start":{"line":8,"column":15},"end":{"line":8,"column":38}},"6":{"start":{"line":9,"column":29},"end":{"line":9,"column":51}},"7":{"start":{"line":10,"column":11},"end":{"line":10,"column":24}},"8":{"start":{"line":11,"column":21},"end":{"line":11,"column":98}},"9":{"start":{"line":11,"column":49},"end":{"line":11,"column":96}},"10":{"start":{"line":11,"column":77},"end":{"line":11,"column":95}},"11":{"start":{"line":13,"column":17},"end":{"line":13,"column":42}},"12":{"start":{"line":15,"column":0},"end":{"line":77,"column":3}},"13":{"start":{"line":24,"column":2},"end":{"line":30,"column":3}},"14":{"start":{"line":25,"column":25},"end":{"line":25,"column":99}},"15":{"start":{"line":26,"column":4},"end":{"line":29,"column":5}},"16":{"start":{"line":27,"column":6},"end":{"line":27,"column":74}},"17":{"start":{"line":28,"column":6},"end":{"line":28,"column":44}},"18":{"start":{"line":31,"column":2},"end":{"line":36,"column":3}},"19":{"start":{"line":32,"column":4},"end":{"line":35,"column":5}},"20":{"start":{"line":33,"column":6},"end":{"line":33,"column":44}},"21":{"start":{"line":34,"column":6},"end":{"line":34,"column":44}},"22":{"start":{"line":38,"column":13},"end":{"line":38,"column":58}},"23":{"start":{"line":39,"column":16},"end":{"line":44,"column":3}},"24":{"start":{"line":45,"column":2},"end":{"line":47,"column":3}},"25":{"start":{"line":46,"column":4},"end":{"line":46,"column":36}},"26":{"start":{"line":48,"column":27},"end":{"line":48,"column":50}},"27":{"start":{"line":49,"column":2},"end":{"line":76,"column":4}},"28":{"start":{"line":57,"column":4},"end":{"line":72,"column":5}},"29":{"start":{"line":58,"column":21},"end":{"line":58,"column":26}},"30":{"start":{"line":59,"column":6},"end":{"line":62,"column":7}},"31":{"start":{"line":60,"column":8},"end":{"line":60,"column":41}},"32":{"start":{"line":61,"column":8},"end":{"line":61,"column":23}},"33":{"start":{"line":63,"column":6},"end":{"line":71,"column":7}},"34":{"start":{"line":64,"column":8},"end":{"line":67,"column":10}},"35":{"start":{"line":65,"column":10},"end":{"line":65,"column":70}},"36":{"start":{"line":65,"column":30},"end":{"line":65,"column":68}},"37":{"start":{"line":66,"column":10},"end":{"line":66,"column":33}},"38":{"start":{"line":69,"column":8},"end":{"line":69,"column":68}},"39":{"start":{"line":69,"column":28},"end":{"line":69,"column":66}},"40":{"start":{"line":70,"column":8},"end":{"line":70,"column":31}},"41":{"start":{"line":74,"column":4},"end":{"line":74,"column":44}},"42":{"start":{"line":75,"column":4},"end":{"line":75,"column":26}},"43":{"start":{"line":79,"column":0},"end":{"line":84,"column":1}},"44":{"start":{"line":86,"column":0},"end":{"line":91,"column":1}},"45":{"start":{"line":93,"column":0},"end":{"line":96,"column":2}},"46":{"start":{"line":94,"column":2},"end":{"line":94,"column":29}},"47":{"start":{"line":95,"column":2},"end":{"line":95,"column":72}}},"fnMap":{"0":{"name":"(anonymous_0)","decl":{"start":{"line":11,"column":21},"end":{"line":11,"column":22}},"loc":{"start":{"line":11,"column":47},"end":{"line":11,"column":98}},"line":11},"1":{"name":"(anonymous_1)","decl":{"start":{"line":11,"column":70},"end":{"line":11,"column":71}},"loc":{"start":{"line":11,"column":77},"end":{"line":11,"column":95}},"line":11},"2":{"name":"(anonymous_2)","decl":{"start":{"line":22,"column":3},"end":{"line":22,"column":4}},"loc":{"start":{"line":22,"column":25},"end":{"line":77,"column":1}},"line":22},"3":{"name":"(anonymous_3)","decl":{"start":{"line":56,"column":12},"end":{"line":56,"column":13}},"loc":{"start":{"line":56,"column":37},"end":{"line":73,"column":3}},"line":56},"4":{"name":"(anonymous_4)","decl":{"start":{"line":64,"column":25},"end":{"line":64,"column":26}},"loc":{"start":{"line":64,"column":37},"end":{"line":67,"column":9}},"line":64},"5":{"name":"(anonymous_5)","decl":{"start":{"line":73,"column":11},"end":{"line":73,"column":12}},"loc":{"start":{"line":73,"column":26},"end":{"line":76,"column":3}},"line":73},"6":{"name":"(anonymous_6)","decl":{"start":{"line":93,"column":36},"end":{"line":93,"column":37}},"loc":{"start":{"line":93,"column":56},"end":{"line":96,"column":1}},"line":93}},"branchMap":{"0":{"loc":{"start":{"line":18,"column":10},"end":{"line":18,"column":48}},"type":"binary-expr","locations":[{"start":{"line":18,"column":10},"end":{"line":18,"column":28}},{"start":{"line":18,"column":32},"end":{"line":18,"column":48}}],"line":18},"1":{"loc":{"start":{"line":24,"column":2},"end":{"line":30,"column":3}},"type":"if","locations":[{"start":{"line":24,"column":2},"end":{"line":30,"column":3}},{"start":{"line":24,"column":2},"end":{"line":30,"column":3}}],"line":24},"2":{"loc":{"start":{"line":24,"column":6},"end":{"line":24,"column":62}},"type":"binary-expr","locations":[{"start":{"line":24,"column":6},"end":{"line":24,"column":32}},{"start":{"line":24,"column":36},"end":{"line":24,"column":62}}],"line":24},"3":{"loc":{"start":{"line":26,"column":4},"end":{"line":29,"column":5}},"type":"if","locations":[{"start":{"line":26,"column":4},"end":{"line":29,"column":5}},{"start":{"line":26,"column":4},"end":{"line":29,"column":5}}],"line":26},"4":{"loc":{"start":{"line":31,"column":2},"end":{"line":36,"column":3}},"type":"if","locations":[{"start":{"line":31,"column":2},"end":{"line":36,"column":3}},{"start":{"line":31,"column":2},"end":{"line":36,"column":3}}],"line":31},"5":{"loc":{"start":{"line":31,"column":6},"end":{"line":31,"column":62}},"type":"binary-expr","locations":[{"start":{"line":31,"column":6},"end":{"line":31,"column":32}},{"start":{"line":31,"column":36},"end":{"line":31,"column":62}}],"line":31},"6":{"loc":{"start":{"line":32,"column":4},"end":{"line":35,"column":5}},"type":"if","locations":[{"start":{"line":32,"column":4},"end":{"line":35,"column":5}},{"start":{"line":32,"column":4},"end":{"line":35,"column":5}}],"line":32},"7":{"loc":{"start":{"line":38,"column":13},"end":{"line":38,"column":58}},"type":"binary-expr","locations":[{"start":{"line":38,"column":13},"end":{"line":38,"column":43}},{"start":{"line":38,"column":47},"end":{"line":38,"column":58}}],"line":38},"8":{"loc":{"start":{"line":42,"column":14},"end":{"line":42,"column":65}},"type":"binary-expr","locations":[{"start":{"line":42,"column":14},"end":{"line":42,"column":50}},{"start":{"line":42,"column":54},"end":{"line":42,"column":65}}],"line":42},"9":{"loc":{"start":{"line":43,"column":12},"end":{"line":43,"column":88}},"type":"cond-expr","locations":[{"start":{"line":43,"column":48},"end":{"line":43,"column":83}},{"start":{"line":43,"column":86},"end":{"line":43,"column":88}}],"line":43},"10":{"loc":{"start":{"line":45,"column":2},"end":{"line":47,"column":3}},"type":"if","locations":[{"start":{"line":45,"column":2},"end":{"line":47,"column":3}},{"start":{"line":45,"column":2},"end":{"line":47,"column":3}}],"line":45},"11":{"loc":{"start":{"line":45,"column":6},"end":{"line":45,"column":126}},"type":"binary-expr","locations":[{"start":{"line":45,"column":6},"end":{"line":45,"column":33}},{"start":{"line":45,"column":37},"end":{"line":45,"column":126}}],"line":45},"12":{"loc":{"start":{"line":57,"column":4},"end":{"line":72,"column":5}},"type":"if","locations":[{"start":{"line":57,"column":4},"end":{"line":72,"column":5}},{"start":{"line":57,"column":4},"end":{"line":72,"column":5}}],"line":57},"13":{"loc":{"start":{"line":59,"column":6},"end":{"line":62,"column":7}},"type":"if","locations":[{"start":{"line":59,"column":6},"end":{"line":62,"column":7}},{"start":{"line":59,"column":6},"end":{"line":62,"column":7}}],"line":59},"14":{"loc":{"start":{"line":63,"column":6},"end":{"line":71,"column":7}},"type":"if","locations":[{"start":{"line":63,"column":6},"end":{"line":71,"column":7}},{"start":{"line":63,"column":6},"end":{"line":71,"column":7}}],"line":63},"15":{"loc":{"start":{"line":65,"column":10},"end":{"line":65,"column":70}},"type":"if","locations":[{"start":{"line":65,"column":10},"end":{"line":65,"column":70}},{"start":{"line":65,"column":10},"end":{"line":65,"column":70}}],"line":65},"16":{"loc":{"start":{"line":69,"column":8},"end":{"line":69,"column":68}},"type":"if","locations":[{"start":{"line":69,"column":8},"end":{"line":69,"column":68}},{"start":{"line":69,"column":8},"end":{"line":69,"column":68}}],"line":69}},"s":{"0":0,"1":0,"2":0,"3":0,"4":0,"5":0,"6":0,"7":0,"8":0,"9":0,"10":0,"11":0,"12":0,"13":0,"14":0,"15":0,"16":0,"17":0,"18":0,"19":0,"20":0,"21":0,"22":0,"23":0,"24":0,"25":0,"26":0,"27":0,"28":0,"29":0,"30":0,"31":0,"32":0,"33":0,"34":0,"35":0,"36":0,"37":0,"38":0,"39":0,"40":0,"41":0,"42":0,"43":0,"44":0,"45":0,"46":0,"47":0},"f":{"0":0,"1":0,"2":0,"3":0,"4":0,"5":0,"6":0},"b":{"0":[0,0],"1":[0,0],"2":[0,0],"3":[0,0],"4":[0,0],"5":[0,0],"6":[0,0],"7":[0,0],"8":[0,0],"9":[0,0],"10":[0,0],"11":[0,0],"12":[0,0],"13":[0,0],"14":[0,0],"15":[0,0],"16":[0,0]}},"/home/travis/build/daniele-athome/codimd/lib/auth/twitter/index.js":{"path":"/home/travis/build/daniele-athome/codimd/lib/auth/twitter/index.js","statementMap":{"0":{"start":{"line":3,"column":15},"end":{"line":3,"column":40}},"1":{"start":{"line":4,"column":17},"end":{"line":4,"column":36}},"2":{"start":{"line":5,"column":24},"end":{"line":5,"column":60}},"3":{"start":{"line":7,"column":15},"end":{"line":7,"column":38}},"4":{"start":{"line":8,"column":60},"end":{"line":8,"column":79}},"5":{"start":{"line":10,"column":20},"end":{"line":10,"column":45}},"6":{"start":{"line":12,"column":0},"end":{"line":16,"column":28}},"7":{"start":{"line":18,"column":0},"end":{"line":21,"column":2}},"8":{"start":{"line":19,"column":2},"end":{"line":19,"column":29}},"9":{"start":{"line":20,"column":2},"end":{"line":20,"column":50}},"10":{"start":{"line":24,"column":0},"end":{"line":29,"column":1}}},"fnMap":{"0":{"name":"(anonymous_0)","decl":{"start":{"line":18,"column":33},"end":{"line":18,"column":34}},"loc":{"start":{"line":18,"column":59},"end":{"line":21,"column":1}},"line":18}},"branchMap":{},"s":{"0":0,"1":0,"2":0,"3":0,"4":0,"5":0,"6":0,"7":0,"8":0,"9":0,"10":0},"f":{"0":0},"b":{}},"/home/travis/build/daniele-athome/codimd/lib/auth/utils.js":{"path":"/home/travis/build/daniele-athome/codimd/lib/auth/utils.js","statementMap":{"0":{"start":{"line":3,"column":15},"end":{"line":3,"column":35}},"1":{"start":{"line":4,"column":15},"end":{"line":4,"column":35}},"2":{"start":{"line":5,"column":15},"end":{"line":5,"column":35}},"3":{"start":{"line":7,"column":0},"end":{"line":11,"column":1}},"4":{"start":{"line":8,"column":16},"end":{"line":8,"column":34}},"5":{"start":{"line":9,"column":2},"end":{"line":9,"column":36}},"6":{"start":{"line":9,"column":20},"end":{"line":9,"column":36}},"7":{"start":{"line":10,"column":2},"end":{"line":10,"column":32}},"8":{"start":{"line":13,"column":0},"end":{"line":53,"column":1}},"9":{"start":{"line":14,"column":27},"end":{"line":14,"column":50}},"10":{"start":{"line":15,"column":2},"end":{"line":52,"column":4}},"11":{"start":{"line":25,"column":4},"end":{"line":48,"column":5}},"12":{"start":{"line":26,"column":21},"end":{"line":26,"column":26}},"13":{"star
[...]
ine":7,"column":47}},"5":{"start":{"line":10,"column":0},"end":{"line":28,"column":1}},"6":{"start":{"line":11,"column":24},"end":{"line":11,"column":48}},"7":{"start":{"line":13,"column":2},"end":{"line":27,"column":3}},"8":{"start":{"line":15,"column":6},"end":{"line":15,"column":24}},"9":{"start":{"line":17,"column":6},"end":{"line":17,"column":24}},"10":{"start":{"line":20,"column":6},"end":{"line":20,"column":25}},"11":{"start":{"line":22,"column":6},"end":{"line":22,"column":24}},"12":{"start":{"line":24,"column":6},"end":{"line":24,"column":25}},"13":{"start":{"line":26,"column":6},"end":{"line":26,"column":22}},"14":{"start":{"line":30,"column":0},"end":{"line":35,"column":1}},"15":{"start":{"line":31,"column":2},"end":{"line":33,"column":3}},"16":{"start":{"line":32,"column":4},"end":{"line":32,"column":16}},"17":{"start":{"line":34,"column":2},"end":{"line":34,"column":18}},"18":{"start":{"line":37,"column":0},"end":{"line":37,"column":97}},"19":{"start":{"line":37,"column":31},"end":{"line":37,"column":97}},"20":{"start":{"line":37,"column":51},"end":{"line":37,"column":97}},"21":{"start":{"line":37,"column":87},"end":{"line":37,"column":96}},"22":{"start":{"line":40,"column":0},"end":{"line":43,"column":2}},"23":{"start":{"line":46,"column":0},"end":{"line":50,"column":2}}},"fnMap":{"0":{"name":"isSQLite","decl":{"start":{"line":6,"column":28},"end":{"line":6,"column":36}},"loc":{"start":{"line":6,"column":49},"end":{"line":8,"column":1}},"line":6},"1":{"name":"getImageMimeType","decl":{"start":{"line":10,"column":36},"end":{"line":10,"column":52}},"loc":{"start":{"line":10,"column":65},"end":{"line":28,"column":1}},"line":10},"2":{"name":"isRevealTheme","decl":{"start":{"line":30,"column":33},"end":{"line":30,"column":46}},"loc":{"start":{"line":30,"column":55},"end":{"line":35,"column":1}},"line":30},"3":{"name":"(anonymous_3)","decl":{"start":{"line":37,"column":15},"end":{"line":37,"column":16}},"loc":{"start":{"line":37,"column":31},"end":{"line":37,"column":97}},"line":37},"4":{"name":"(anonymous_4)","decl":{"start":{"line":37,"column":31},"end":{"line":37,"column":32}},"loc":{"start":{"line":37,"column":51},"end":{"line":37,"column":97}},"line":37},"5":{"name":"(anonymous_5)","decl":{"start":{"line":37,"column":80},"end":{"line":37,"column":81}},"loc":{"start":{"line":37,"column":87},"end":{"line":37,"column":96}},"line":37}},"branchMap":{"0":{"loc":{"start":{"line":13,"column":2},"end":{"line":27,"column":3}},"type":"switch","locations":[{"start":{"line":14,"column":4},"end":{"line":15,"column":24}},{"start":{"line":16,"column":4},"end":{"line":17,"column":24}},{"start":{"line":18,"column":4},"end":{"line":18,"column":15}},{"start":{"line":19,"column":4},"end":{"line":20,"column":25}},{"start":{"line":21,"column":4},"end":{"line":22,"column":24}},{"start":{"line":23,"column":4},"end":{"line":24,"column":25}},{"start":{"line":25,"column":4},"end":{"line":26,"column":22}}],"line":13},"1":{"loc":{"start":{"line":31,"column":2},"end":{"line":33,"column":3}},"type":"if","locations":[{"start":{"line":31,"column":2},"end":{"line":33,"column":3}},{"start":{"line":31,"column":2},"end":{"line":33,"column":3}}],"line":31}},"s":{"0":0,"1":0,"2":0,"3":0,"4":0,"5":0,"6":0,"7":0,"8":0,"9":0,"10":0,"11":0,"12":0,"13":0,"14":0,"15":0,"16":0,"17":0,"18":0,"19":0,"20":0,"21":0,"22":0,"23":0},"f":{"0":0,"1":0,"2":0,"3":0,"4":0,"5":0},"b":{"0":[0,0,0,0,0,0,0],"1":[0,0]}},"/home/travis/build/daniele-athome/codimd/lib/web/middleware/checkVersion.js":{"path":"/home/travis/build/daniele-athome/codimd/lib/web/middleware/checkVersion.js","statementMap":{"0":{"start":{"line":3,"column":22},"end":{"line":3,"column":37}},"1":{"start":{"line":5,"column":16},"end":{"line":5,"column":34}},"2":{"start":{"line":7,"column":15},"end":{"line":7,"column":38}},"3":{"start":{"line":8,"column":15},"end":{"line":8,"column":38}},"4":{"start":{"line":12,"column":31},"end":{"line":12,"column":63}},"5":{"start":{"line":13,"column":22},"end":{"line":13,"column":41}},"6":{"start":{"line":15,"column":11},"end":{"line":15,"column":29}},"7":{"start":{"line":17,"column":0},"end":{"line":17,"column":35}},"8":{"start":{"line":22,"column":2},"end":{"line":24,"column":3}},"9":{"start":{"line":23,"column":4},"end":{"line":23,"column":10}},"10":{"start":{"line":27,"column":2},"end":{"line":27,"column":26}},"11":{"start":{"line":29,"column":2},"end":{"line":56,"column":3}},"12":{"start":{"line":30,"column":39},"end":{"line":35,"column":6}},"13":{"start":{"line":37,"column":4},"end":{"line":40,"column":5}},"14":{"start":{"line":38,"column":6},"end":{"line":38,"column":42}},"15":{"start":{"line":39,"column":6},"end":{"line":39,"column":12}},"16":{"start":{"line":42,"column":19},"end":{"line":42,"column":59}},"17":{"start":{"line":44,"column":4},"end":{"line":44,"column":43}},"18":{"start":{"line":45,"column":4},"end":{"line":45,"column":74}},"19":{"start":{"line":47,"column":4},"end":{"line":51,"column":5}},"20":{"start":{"line":48,"column":32},"end":{"line":48,"column":48}},"21":{"start":{"line":50,"column":6},"end":{"line":50,"column":124}},"22":{"start":{"line":54,"column":4},"end":{"line":54,"column":40}},"23":{"start":{"line":55,"column":4},"end":{"line":55,"column":20}},"24":{"start":{"line":59,"column":0},"end":{"line":68,"column":1}},"25":{"start":{"line":60,"column":2},"end":{"line":67,"column":6}},"26":{"start":{"line":62,"column":6},"end":{"line":62,"column":12}},"27":{"start":{"line":65,"column":6},"end":{"line":65,"column":23}},"28":{"start":{"line":66,"column":6},"end":{"line":66,"column":12}}},"fnMap":{"0":{"name":"checkVersion","decl":{"start":{"line":21,"column":15},"end":{"line":21,"column":27}},"loc":{"start":{"line":21,"column":34},"end":{"line":57,"column":1}},"line":21},"1":{"name":"(anonymous_1)","decl":{"start":{"line":59,"column":33},"end":{"line":59,"column":34}},"loc":{"start":{"line":59,"column":59},"end":{"line":68,"column":1}},"line":59},"2":{"name":"(anonymous_2)","decl":{"start":{"line":61,"column":10},"end":{"line":61,"column":11}},"loc":{"start":{"line":61,"column":16},"end":{"line":63,"column":5}},"line":61},"3":{"name":"(anonymous_3)","decl":{"start":{"line":64,"column":11},"end":{"line":64,"column":12}},"loc":{"start":{"line":64,"column":20},"end":{"line":67,"column":5}},"line":64}},"branchMap":{"0":{"loc":{"start":{"line":22,"column":2},"end":{"line":24,"column":3}},"type":"if","locations":[{"start":{"line":22,"column":2},"end":{"line":24,"column":3}},{"start":{"line":22,"column":2},"end":{"line":24,"column":3}}],"line":22},"1":{"loc":{"start":{"line":22,"column":6},"end":{"line":22,"column":63}},"type":"binary-expr","locations":[{"start":{"line":22,"column":6},"end":{"line":22,"column":17}},{"start":{"line":22,"column":22},"end":{"line":22,"column":62}}],"line":22},"2":{"loc":{"start":{"line":37,"column":4},"end":{"line":40,"column":5}},"type":"if","locations":[{"start":{"line":37,"column":4},"end":{"line":40,"column":5}},{"start":{"line":37,"column":4},"end":{"line":40,"column":5}}],"line":37},"3":{"loc":{"start":{"line":37,"column":8},"end":{"line":37,"column":53}},"type":"binary-expr","locations":[{"start":{"line":37,"column":8},"end":{"line":37,"column":26}},{"start":{"line":37,"column":30},"end":{"line":37,"column":53}}],"line":37},"4":{"loc":{"start":{"line":42,"column":19},"end":{"line":42,"column":59}},"type":"cond-expr","locations":[{"start":{"line":42,"column":32},"end":{"line":42,"column":42}},{"start":{"line":42,"column":45},"end":{"line":42,"column":59}}],"line":42},"5":{"loc":{"start":{"line":45,"column":37},"end":{"line":45,"column":74}},"type":"cond-expr","locations":[{"start":{"line":45,"column":51},"end":{"line":45,"column":55}},{"start":{"line":45,"column":58},"end":{"line":45,"column":74}}],"line":45},"6":{"loc":{"start":{"line":47,"column":4},"end":{"line":51,"column":5}},"type":"if","locations":[{"start":{"line":47,"column":4},"end":{"line":51,"column":5}},{"start":{"line":47,"column":4},"end":{"line":51,"column":5}}],"line":47}},"s":{"0":0,"1":0,"2":0,"3":0,"4":0,"5":0,"6":0,"7":0,"8":0,"9":0,"10":0,"11":0,"12":0,"13":0,"14":0,"15":0,"16":0,"17":0,"18":0,"19":0,"20":0,"21":0,"22":0,"23":0,"24":0,"25":0,"26":0,"27":0,"28":0},"f":{"0":0,"1":0,"2":0,"3":0},"b":{"0":[0,0],"1":[0,0],"2":[0,0],"3":[0,0],"4":[0,0],"5":[0,0],"6":[0,0]}},"/home/travis/build/daniele-athome/codimd/lib/workers/dmpWorker.js":{"path":"/home/travis/build/daniele-athome/codimd/lib/workers/dmpWorker.js","statementMap":{"0":{"start":{"line":3,"column":21},"end":{"line":3,"column":56}},"1":{"start":{"line":4,"column":10},"end":{"line":4,"column":30}},"2":{"start":{"line":7,"column":13},"end":{"line":7,"column":33}},"3":{"start":{"line":8,"column":13},"end":{"line":8,"column":33}},"4":{"start":{"line":10,"column":0},"end":{"line":56,"column":2}},"5":{"start":{"line":11,"column":2},"end":{"line":13,"column":3}},"6":{"start":{"line":12,"column":4},"end":{"line":12,"column":60}},"7":{"start":{"line":14,"column":2},"end":{"line":55,"column":3}},"8":{"start":{"line":16,"column":6},"end":{"line":18,"column":7}},"9":{"start":{"line":17,"column":8},"end":{"line":17,"column":80}},"10":{"start":{"line":19,"column":6},"end":{"line":33,"column":7}},"11":{"start":{"line":20,"column":20},"end":{"line":20,"column":59}},"12":{"start":{"line":21,"column":8},"end":{"line":25,"column":10}},"13":{"start":{"line":27,"column":8},"end":{"line":27,"column":45}},"14":{"start":{"line":28,"column":8},"end":{"line":32,"column":10}},"15":{"start":{"line":34,"column":6},"end":{"line":34,"column":11}},"16":{"start":{"line":36,"column":6},"end":{"line":38,"column":7}},"17":{"start":{"line":37,"column":8},"end":{"line":37,"column":80}},"18":{"start":{"line":39,"column":6},"end":{"line":53,"column":7}},"19":{"start":{"line":40,"column":21},"end":{"line":40,"column":60}},"20":{"start":{"line":41,"column":8},"end":{"line":45,"column":10}},"21":{"start":{"line":47,"column":8},"end":{"line":47,"column":45}},"22":{"start":{"line":48,"column":8},"end":{"line":52,"column":10}},"23":{"start":{"line":54,"column":6},"end":{"line":54,"column":11}},"24":{"start":{"line":59,"column":16},"end":{"line":59,"column":38}},"25":{"start":{"line":60,"column":13},"end":{"line":60,"column":44}},"26":{"start":{"line":61,"column":14},"end":{"line":61,"column":43}},"27":{"start":{"line":62,"column":2},"end":{"line":62,"column":33}},"28":{"start":{"line":63,"column":14},"end":{"line":63,"column":36}},"29":{"start":{"line":64,"column":2},"end":{"line":67,"column":3}},"30":{"start":{"line":65,"column":4},"end":{"line":65,"column":22}},"31":{"start":{"line":66,"column":4},"end":{"line":66,"column":41}},"32":{"start":{"line":68,"column":2},"end":{"line":68,"column":14}},"33":{"start":{"line":72,"column":16},"end":{"line":72,"column":38}},"34":{"start":{"line":73,"column":21},"end":{"line":73,"column":25}},"35":{"start":{"line":74,"column":18},"end":{"line":74,"column":20}},"36":{"start":{"line":75,"column":21},"end":{"line":75,"column":23}},"37":{"start":{"line":76,"column":19},"end":{"line":76,"column":21}},"38":{"start":{"line":77,"column":2},"end":{"line":114,"column":3}},"39":{"start":{"line":79,"column":4},"end":{"line":90,"column":5}},"40":{"start":{"line":79,"column":17},"end":{"line":79,"column":18}},"41":{"start":{"line":80,"column":23},"end":{"line":80,"column":35}},"42":{"start":{"line":81,"column":6},"end":{"line":83,"column":7}},"43":{"start":{"line":82,"column":8},"end":{"line":82,"column":63}},"44":{"start":{"line":84,"column":6},"end":{"line":87,"column":7}},"45":{"start":{"line":85,"column":22},"end":{"line":85,"column":56}},"46":{"start":{"line":86,"column":8},"end":{"line":86,"column":49}},"47":{"start":{"line":88,"column":6},"end":{"line":88,"column":32}},"48":{"start":{"line":89,"column":6},"end":{"line":89,"column":38}},"49":{"start":{"line":92,"column":4},"end":{"line":97,"column":5}},"50":{"start":{"line":92,"column":17},"end":{"line":92,"column":18}},"51":{"start":{"line":92,"column":24},"end":{"line":92,"column":43}},"52":{"start":{"line":93,"column":6},"end":{"line":96,"column":7}},"53":{"start":{"line":93,"column":19},"end":{"line":93,"column":20}},"54":{"start":{"line":93,"column":26},"end":{"line":93,"column":54}},"55":{"start":{"line":94,"column":19},"end":{"line":94,"column":43}},"56":{"start":{"line":95,"column":8},"end":{"line":95,"column":182}},"57":{"start":{"line":95,"column":54},"end":{"line":95,"column":90}},"58":{"start":{"line":95,"column":98},"end":{"line":95,"column":182}},"59":{"start":{"line":95,"column":144},"end":{"line":95,"column":180}},"60":{"start":{"line":100,"column":12},"end":{"line":100,"column":32}},"61":{"start":{"line":101,"column":4},"end":{"line":113,"column":5}},"62":{"start":{"line":101,"column":17},"end":{"line":101,"column":18}},"63":{"start":{"line":102,"column":23},"end":{"line":102,"column":35}},"64":{"start":{"line":103,"column":6},"end":{"line":106,"column":7}},"65":{"start":{"line":104,"column":8},"end":{"line":104,"column":43}},"66":{"start":{"line":105,"column":8},"end":{"line":105,"column":40}},"67":{"start":{"line":107,"column":6},"end":{"line":110,"column":7}},"68":{"start":{"line":108,"column":22},"end":{"line":108,"column":56}},"69":{"start":{"line":109,"column":8},"end":{"line":109,"column":49}},"70":{"start":{"line":111,"column":6},"end":{"line":111,"column":32}},"71":{"start":{"line":112,"column":6},"end":{"line":112,"column":38}},"72":{"start":{"line":115,"column":2},"end":{"line":119,"column":3}},"73":{"start":{"line":116,"column":23},"end":{"line":116,"column":69}},"74":{"start":{"line":118,"column":4},"end":{"line":118,"column":24}},"75":{"start":{"line":120,"column":13},"end":{"line":124,"column":3}},"76":{"start":{"line":125,"column":14},"end":{"line":125,"column":36}},"77":{"start":{"line":126,"column":2},"end":{"line":128,"column":3}},"78":{"start":{"line":127,"column":4},"end":{"line":127,"column":41}},"79":{"start":{"line":129,"column":2},"end":{"line":129,"column":13}},"80":{"start":{"line":133,"column":0},"end":{"line":138,"column":2}},"81":{"start":{"line":134,"column":2},"end":{"line":134,"column":52}},"82":{"start":{"line":135,"column":2},"end":{"line":135,"column":19}},"83":{"start":{"line":136,"column":2},"end":{"line":136,"column":40}},"84":{"start":{"line":137,"column":2},"end":{"line":137,"column":17}}},"fnMap":{"0":{"name":"(anonymous_0)","decl":{"start":{"line":10,"column":22},"end":{"line":10,"column":23}},"loc":{"start":{"line":10,"column":38},"end":{"line":56,"column":1}},"line":10},"1":{"name":"createPatch","decl":{"start":{"line":58,"column":9},"end":{"line":58,"column":20}},"loc":{"start":{"line":58,"column":40},"end":{"line":69,"column":1}},"line":58},"2":{"name":"getRevision","decl":{"start":{"line":71,"column":9},"end":{"line":71,"column":20}},"loc":{"start":{"line":71,"column":40},"end":{"line":130,"column":1}},"line":71},"3":{"name":"(anonymous_3)","decl":{"start":{"line":133,"column":32},"end":{"line":133,"column":33}},"loc":{"start":{"line":133,"column":47},"end":{"line":138,"column":1}},"line":133}},"branchMap":{"0":{"loc":{"start":{"line":11,"column":2},"end":{"line":13,"column":3}},"type":"if","locations":[{"start":{"line":11,"column":2},"end":{"line":13,"column":3}},{"start":{"line":11,"column":2},"end":{"line":13,"column":3}}],"line":11},"1":{"loc":{"start":{"line":11,"column":6},"end":{"line":11,"column":42}},"type":"binary-expr","locations":[{"start":{"line":11,"column":6},"end":{"line":11,"column":11}},{"start":{"line":11,"column":15},"end":{"line":11,"column":24}},{"start":{"line":11,"column":28},"end":{"line":11,"column":42}}],"line":11},"2":{"loc":{"start":{"line":14,"column":2},"end":{"line":55,"column":3}},"type":"switch","locations":[{"start":{"line":15,"column":4},"end":{"line":34,"column":11}},{"start":{"line":35,"column":4},"end":{"line":54,"column":11}}],"line":14},"3":{"loc":{"start":{"line":16,"column":6},"end":{"line":18,"column":7}},"type":"if","locations":[{"start":{"line":16,"column":6},"end":{"line":18,"column":7}},{"start":{"line":16,"column":6},"end":{"line":18,"column":7}}],"line":16},"4":{"loc":{"start":{"line":16,"column":10},"end":{"line":16,"column":102}},"type":"binary-expr","locations":[{"start":{"line":16,"column":10},"end":{"line":16,"column":54}},{"start":{"line":16,"column":58},"end":{"line":16,"column":102}}],"line":16},"5":{"loc":{"start":{"line":36,"column":6},"end":{"line":38,"column":7}},"type":"if","locations":[{"start":{"line":36,"column":6},"end":{"line":38,"column":7}},{"start":{"line":36,"column":6},"end":{"line":38,"column":7}}],"line":36},"6":{"loc":{"start":{"line":36,"column":10},"end":{"line":36,"column":102}},"type":"binary-expr","locations":[{"start":{"line":36,"column":10},"end":{"line":36,"column":56}},{"start":{"line":36,"column":60},"end":{"line":36,"column":102}}],"line":36},"7":{"loc":{"start":{"line":64,"column":2},"end":{"line":67,"column":3}},"type":"if","locations":[{"start":{"line":64,"column":2},"end":{"line":67,"column":3}},{"start":{"line":64,"column":2},"end":{"line":67,"column":3}}],"line":64},"8":{"loc":{"start":{"line":77,"column":2},"end":{"line":114,"column":3}},"type":"if","locations":[{"start":{"line":77,"column":2},"end":{"line":114,"column":3}},{"start":{"line":77,"column":2},"end":{"line":114,"column":3}}],"line":77},"9":{"loc":{"start":{"line":81,"column":6},"end":{"line":83,"column":7}},"type":"if","locations":[{"start":{"line":81,"column":6},"end":{"line":83,"column":7}},{"start":{"line":81,"column":6},"end":{"line":83,"column":7}}],"line":81},"10":{"loc":{"start":{"line":82,"column":23},"end":{"line":82,"column":63}},"type":"binary-expr","locations":[{"start":{"line":82,"column":23},"end":{"line":82,"column":39}},{"start":{"line":82,"column":43},"end":{"line":82,"column":63}}],"line":82},"11":{"loc":{"start":{"line":84,"column":6},"end":{"line":87,"column":7}},"type":"if","locations":[{"start":{"line":84,"column":6},"end":{"line":87,"column":7}},{"start":{"line":84,"column":6},"end":{"line":87,"column":7}}],"line":84},"12":{"loc":{"start":{"line":95,"column":8},"end":{"line":95,"column":182}},"type":"if","locations":[{"start":{"line":95,"column":8},"end":{"line":95,"column":182}},{"start":{"line":95,"column":8},"end":{"line":95,"column":182}}],"line":95},"13":{"loc":{"start":{"line":95,"column":98},"end":{"line":95,"column":182}},"type":"if","locations":[{"start":{"line":95,"column":98},"end":{"line":95,"column":182}},{"start":{"line":95,"column":98},"end":{"line":95,"column":182}}],"line":95},"14":{"loc":{"start":{"line":103,"column":6},"end":{"line":106,"column":7}},"type":"if","locations":[{"start":{"line":103,"column":6},"end":{"line":106,"column":7}},{"start":{"line":103,"column":6},"end":{"line":106,"column":7}}],"line":103},"15":{"loc":{"start":{"line":107,"column":6},"end":{"line":110,"column":7}},"type":"if","locations":[{"start":{"line":107,"column":6},"end":{"line":110,"column":7}},{"start":{"line":107,"column":6},"end":{"line":110,"column":7}}],"line":107},"16":{"loc":{"start":{"line":126,"column":2},"end":{"line":128,"column":3}},"type":"if","locations":[{"start":{"line":126,"column":2},"end":{"line":128,"column":3}},{"start":{"line":126,"column":2},"end":{"line":128,"column":3}}],"line":126}},"s":{"0":0,"1":0,"2":0,"3":0,"4":0,"5":0,"6":0,"7":0,"8":0,"9":0,"10":0,"11":0,"12":0,"13":0,"14":0,"15":0,"16":0,"17":0,"18":0,"19":0,"20":0,"21":0,"22":0,"23":0,"24":0,"25":0,"26":0,"27":0,"28":0,"29":0,"30":0,"31":0,"32":0,"33":0,"34":0,"35":0,"36":0,"37":0,"38":0,"39":0,"40":0,"41":0,"42":0,"43":0,"44":0,"45":0,"46":0,"47":0,"48":0,"49":0,"50":0,"51":0,"52":0,"53":0,"54":0,"55":0,"56":0,"57":0,"58":0,"59":0,"60":0,"61":0,"62":0,"63":0,"64":0,"65":0,"66":0,"67":0,"68":0,"69":0,"70":0,"71":0,"72":0,"73":0,"74":0,"75":0,"76":0,"77":0,"78":0,"79":0,"80":0,"81":0,"82":0,"83":0,"84":0},"f":{"0":0,"1":0,"2":0,"3":0},"b":{"0":[0,0],"1":[0,0,0],"2":[0,0],"3":[0,0],"4":[0,0],"5":[0,0],"6":[0,0],"7":[0,0],"8":[0,0],"9":[0,0],"10":[0,0],"11":[0,0],"12":[0,0],"13":[0,0],"14":[0,0],"15":[0,0],"16":[0,0]}}}