TN:
SF:/home/travis/build/daniele-athome/codimd/app.js
FN:32,createHttpServer
FN:34,(anonymous_1)
FN:158,(anonymous_2)
FN:162,(anonymous_3)
FN:232,(anonymous_4)
FN:254,startListen
FN:256,(anonymous_6)
FN:273,(anonymous_7)
FN:276,(anonymous_8)
FN:286,(anonymous_9)
FN:294,handleTermSignals
FN:299,(anonymous_11)
FN:303,(anonymous_12)
FN:307,(anonymous_13)
FN:309,(anonymous_14)
FN:318,(anonymous_15)
FNF:16
FNH:0
FNDA:0,createHttpServer
FNDA:0,(anonymous_1)
FNDA:0,(anonymous_2)
FNDA:0,(anonymous_3)
FNDA:0,(anonymous_4)
FNDA:0,startListen
FNDA:0,(anonymous_6)
FNDA:0,(anonymous_7)
FNDA:0,(anonymous_8)
FNDA:0,(anonymous_9)
FNDA:0,handleTermSignals
FNDA:0,(anonymous_11)
FNDA:0,(anonymous_12)
FNDA:0,(anonymous_13)
FNDA:0,(anonymous_14)
FNDA:0,(anonymous_15)
DA:4,0
DA:6,0
DA:7,0
DA:8,0
DA:9,0
DA:10,0
DA:11,0
DA:12,0
DA:13,0
DA:15,0
DA:16,0
DA:17,0
DA:18,0
DA:19,0
DA:20,0
DA:23,0
DA:24,0
DA:25,0
DA:26,0
DA:27,0
DA:28,0
DA:30,0
DA:33,0
DA:34,0
DA:36,0
DA:37,0
DA:38,0
DA:40,0
DA:42,0
DA:50,0
DA:52,0
DA:57,0
DA:58,0
DA:61,0
DA:67,0
DA:72,0
DA:73,0
DA:79,0
DA:82,0
DA:85,0
DA:88,0
DA:93,0
DA:94,0
DA:99,0
DA:100,0
DA:101,0
DA:105,0
DA:112,0
DA:116,0
DA:117,0
DA:121,0
DA:124,0
DA:131,0
DA:133,0
DA:137,0
DA:138,0
DA:139,0
DA:140,0
DA:141,0
DA:144,0
DA:157,0
DA:158,0
DA:159,0
DA:160,0
DA:162,0
DA:163,0
DA:167,0
DA:169,0
DA:172,0
DA:173,0
DA:176,0
DA:178,0
DA:179,0
DA:181,0
DA:182,0
DA:183,0
DA:188,0
DA:190,0
DA:192,0
DA:194,0
DA:195,0
DA:196,0
DA:197,0
DA:198,0
DA:199,0
DA:200,0
DA:201,0
DA:219,0
DA:225,0
DA:226,0
DA:227,0
DA:229,0
DA:232,0
DA:233,0
DA:237,0
DA:239,0
DA:248,0
DA:249,0
DA:251,0
DA:256,0
DA:257,0
DA:258,0
DA:259,0
DA:263,0
DA:264,0
DA:265,0
DA:267,0
DA:268,0
DA:273,0
DA:275,0
DA:276,0
DA:277,0
DA:278,0
DA:281,0
DA:286,0
DA:287,0
DA:288,0
DA:289,0
DA:290,0
DA:295,0
DA:296,0
DA:297,0
DA:299,0
DA:300,0
DA:302,0
DA:303,0
DA:304,0
DA:307,0
DA:308,0
DA:309,0
DA:310,0
DA:311,0
DA:312,0
DA:313,0
DA:318,0
DA:319,0
DA:322,0
DA:323,0
DA:324,0
LF:139
LH:0
BRDA:33,0,0,0
BRDA:33,0,1,0
BRDA:93,1,0,0
BRDA:93,1,1,0
BRDA:99,2,0,0
BRDA:99,2,1,0
BRDA:116,3,0,0
BRDA:116,3,1,0
BRDA:163,4,0,0
BRDA:163,4,1,0
BRDA:181,5,0,0
BRDA:181,5,1,0
BRDA:181,6,0,0
BRDA:181,6,1,0
BRDA:257,7,0,0
BRDA:257,7,1,0
BRDA:263,8,0,0
BRDA:263,8,1,0
BRDA:275,9,0,0
BRDA:275,9,1,0
BRDA:277,10,0,0
BRDA:277,10,1,0
BRDA:278,11,0,0
BRDA:278,11,1,0
BRDA:278,12,0,0
BRDA:278,12,1,0
BRDA:308,13,0,0
BRDA:308,13,1,0
BRDA:310,14,0,0
BRDA:310,14,1,0
BRDA:311,15,0,0
BRDA:311,15,1,0
BRDA:311,16,0,0
BRDA:311,16,1,0
BRF:34
BRH:0
end_of_record
TN:
SF:/home/travis/build/daniele-athome/codimd/lib/csp.js
FN:39,(anonymous_0)
FN:55,mergeDirectives
FN:65,mergeDirectivesIf
FN:71,areAllInlineScriptsAllowed
FN:75,addInlineScriptExceptions
FN:82,getCspNonce
FN:86,addUpgradeUnsafeRequestsOptionTo
FN:94,addReportURI
FN:100,(anonymous_8)
FNF:9
FNH:7
FNDA:25,(anonymous_0)
FNDA:111,mergeDirectives
FNDA:125,mergeDirectivesIf
FNDA:25,areAllInlineScriptsAllowed
FNDA:25,addInlineScriptExceptions
FNDA:0,getCspNonce
FNDA:25,addUpgradeUnsafeRequestsOptionTo
FNDA:25,addReportURI
FNDA:0,(anonymous_8)
DA:1,14
DA:2,14
DA:4,14
DA:6,14
DA:19,14
DA:23,14
DA:29,14
DA:35,14
DA:39,14
DA:40,25
DA:41,25
DA:42,25
DA:43,25
DA:44,25
DA:45,25
DA:46,25
DA:47,25
DA:48,25
DA:50,25
DA:51,25
DA:52,25
DA:56,111
DA:57,441
DA:58,441
DA:59,441
DA:60,441
DA:66,125
DA:67,86
DA:72,25
DA:76,25
DA:79,25
DA:83,0
DA:87,25
DA:88,0
DA:89,25
DA:90,0
DA:95,25
DA:96,1
DA:100,14
DA:101,0
DA:102,0
DA:105,14
LF:42
LH:37
BRDA:44,0,0,25
BRDA:44,0,1,0
BRDA:47,1,0,25
BRDA:47,1,1,0
BRDA:58,2,0,441
BRDA:58,2,1,0
BRDA:59,3,0,441
BRDA:59,3,1,225
BRDA:66,4,0,86
BRDA:66,4,1,39
BRDA:87,5,0,0
BRDA:87,5,1,25
BRDA:87,6,0,25
BRDA:87,6,1,25
BRDA:89,7,0,0
BRDA:89,7,1,25
BRDA:95,8,0,1
BRDA:95,8,1,24
BRF:18
BRH:13
end_of_record
TN:
SF:/home/travis/build/daniele-athome/codimd/lib/letter-avatars.js
FN:8,(anonymous_0)
FN:28,(anonymous_1)
FNF:2
FNH:1
FNDA:0,(anonymous_0)
FNDA:6,(anonymous_1)
DA:3,4
DA:4,4
DA:5,4
DA:8,4
DA:9,0
DA:13,0
DA:15,0
DA:16,0
DA:17,0
DA:18,0
DA:19,0
DA:20,0
DA:21,0
DA:22,0
DA:23,0
DA:25,0
DA:28,4
DA:30,6
DA:31,0
DA:33,6
DA:35,6
DA:36,6
DA:37,6
DA:39,6
DA:40,2
DA:41,2
DA:42,1
DA:44,1
DA:47,4
DA:49,6
LF:30
LH:17
BRDA:28,0,0,2
BRDA:28,1,0,2
BRDA:30,2,0,0
BRDA:30,2,1,6
BRDA:39,3,0,2
BRDA:39,3,1,4
BRDA:39,4,0,6
BRDA:39,4,1,4
BRDA:41,5,0,1
BRDA:41,5,1,1
BRDA:47,6,0,4
BRDA:47,6,1,0
BRDA:47,6,2,0
BRF:13
BRH:10
end_of_record
TN:
SF:/home/travis/build/daniele-athome/codimd/lib/logger.js
FN:11,(anonymous_0)
FN:22,(anonymous_1)
FNF:2
FNH:1
FNDA:2,(anonymous_0)
FNDA:0,(anonymous_1)
DA:2,1
DA:4,1
DA:11,2
DA:21,1
DA:23,0
DA:27,1
LF:6
LH:5
BRF:0
BRH:0
end_of_record
TN:
SF:/home/travis/build/daniele-athome/codimd/lib/metrics.js
FNF:0
FNH:0
DA:3,0
DA:5,0
DA:8,0
DA:9,0
DA:12,0
DA:13,0
DA:15,0
LF:7
LH:0
BRF:0
BRH:0
end_of_record
TN:
SF:/home/travis/build/daniele-athome/codimd/lib/response.js
FN:31,errorForbidden
FN:40,errorNotFound
FN:44,errorBadRequest
FN:48,errorTooLong
FN:52,errorInternalError
FN:56,errorServiceUnavailable
FN:60,responseError
FN:69,responseCodiMD
FN:84,updateHistory
FN:90,newNote
FN:108,(anonymous_10)
FN:114,(anonymous_11)
FN:120,newCheckViewPermission
FN:130,checkViewPermission
FN:140,findNote
FN:143,(anonymous_15)
FN:153,(anonymous_16)
FN:167,(anonymous_17)
FN:174,actionDownload
FN:191,publishNoteActions
FN:192,(anonymous_20)
FN:208,publishSlideActions
FN:209,(anonymous_22)
FN:222,githubActions
FN:224,(anonymous_24)
FN:237,githubActionGist
FN:254,(anonymous_26)
FN:276,(anonymous_27)
FN:294,gitlabActions
FN:296,(anonymous_29)
FN:309,gitlabActionProjects
FN:315,(anonymous_31)
FN:322,(anonymous_32)
FN:331,(anonymous_33)
FN:340,showPublishSlide
FN:348,(anonymous_35)
FN:352,(anonymous_36)
FN:386,(anonymous_37)
FNF:38
FNH:0
FNDA:0,errorForbidden
FNDA:0,errorNotFound
FNDA:0,errorBadRequest
FNDA:0,errorTooLong
FNDA:0,errorInternalError
FNDA:0,errorServiceUnavailable
FNDA:0,responseError
FNDA:0,responseCodiMD
FNDA:0,updateHistory
FNDA:0,newNote
FNDA:0,(anonymous_10)
FNDA:0,(anonymous_11)
FNDA:0,newCheckViewPermission
FNDA:0,checkViewPermission
FNDA:0,findNote
FNDA:0,(anonymous_15)
FNDA:0,(anonymous_16)
FNDA:0,(anonymous_17)
FNDA:0,actionDownload
FNDA:0,publishNoteActions
FNDA:0,(anonymous_20)
FNDA:0,publishSlideActions
FNDA:0,(anonymous_22)
FNDA:0,githubActions
FNDA:0,(anonymous_24)
FNDA:0,githubActionGist
FNDA:0,(anonymous_26)
FNDA:0,(anonymous_27)
FNDA:0,gitlabActions
FNDA:0,(anonymous_29)
FNDA:0,gitlabActionProjects
FNDA:0,(anonymous_31)
FNDA:0,(anonymous_32)
FNDA:0,(anonymous_33)
FNDA:0,showPublishSlide
FNDA:0,(anonymous_35)
FNDA:0,(anonymous_36)
FNDA:0,(anonymous_37)
DA:4,27
DA:7,27
DA:8,27
DA:9,27
DA:10,27
DA:11,27
DA:14,27
DA:15,27
DA:16,27
DA:17,27
DA:18,27
DA:19,27
DA:20,27
DA:21,27
DA:22,27
DA:23,27
DA:24,27
DA:25,27
DA:26,27
DA:27,27
DA:28,27
DA:29,27
DA:32,0
DA:33,0
DA:35,0
DA:36,0
DA:41,0
DA:45,0
DA:49,0
DA:53,0
DA:57,0
DA:61,0
DA:70,0
DA:71,0
DA:72,0
DA:73,0
DA:74,0
DA:75,0
DA:79,0
DA:85,0
DA:86,0
DA:87,0
DA:91,0
DA:92,0
DA:93,0
DA:94,0
DA:95,0
DA:96,0
DA:98,0
DA:99,0
DA:100,0
DA:101,0
DA:102,0
DA:104,0
DA:109,0
DA:110,0
DA:113,0
DA:115,0
DA:116,0
DA:121,0
DA:122,0
DA:124,0
DA:125,0
DA:127,0
DA:131,0
DA:132,0
DA:133,0
DA:134,0
DA:136,0
DA:141,0
DA:142,0
DA:143,0
DA:144,0
DA:145,0
DA:146,0
DA:148,0
DA:154,0
DA:155,0
DA:156,0
DA:157,0
DA:159,0
DA:162,0
DA:163,0
DA:165,0
DA:168,0
DA:169,0
DA:175,0
DA:176,0
DA:177,0
DA:178,0
DA:179,0
DA:188,0
DA:192,0
DA:193,0
DA:194,0
DA:196,0
DA:197,0
DA:199,0
DA:200,0
DA:202,0
DA:203,0
DA:209,0
DA:210,0
DA:211,0
DA:213,0
DA:214,0
DA:216,0
DA:217,0
DA:223,0
DA:224,0
DA:225,0
DA:226,0
DA:228,0
DA:229,0
DA:231,0
DA:232,0
DA:238,0
DA:239,0
DA:240,0
DA:241,0
DA:243,0
DA:249,0
DA:250,0
DA:255,0
DA:256,0
DA:257,0
DA:258,0
DA:259,0
DA:260,0
DA:261,0
DA:264,0
DA:267,0
DA:268,0
DA:277,0
DA:278,0
DA:279,0
DA:281,0
DA:285,0
DA:288,0
DA:295,0
DA:296,0
DA:297,0
DA:298,0
DA:300,0
DA:301,0
DA:303,0
DA:304,0
DA:310,0
DA:311,0
DA:316,0
DA:317,0
DA:318,0
DA:319,0
DA:320,0
DA:323,0
DA:324,0
DA:325,0
DA:327,0
DA:332,0
DA:333,0
DA:336,0
DA:341,0
DA:348,0
DA:350,0
DA:351,0
DA:352,0
DA:353,0
DA:354,0
DA:356,0
DA:357,0
DA:358,0
DA:359,0
DA:360,0
DA:361,0
DA:362,0
DA:363,0
DA:364,0
DA:382,0
DA:385,0
DA:387,0
DA:388,0
LF:181
LH:22
BRDA:32,0,0,0
BRDA:32,0,1,0
BRDA:74,1,0,0
BRDA:74,1,1,0
BRDA:85,2,0,0
BRDA:85,2,1,0
BRDA:93,3,0,0
BRDA:93,3,1,0
BRDA:93,4,0,0
BRDA:93,4,1,0
BRDA:95,5,0,0
BRDA:95,5,1,0
BRDA:99,6,0,0
BRDA:99,6,1,0
BRDA:101,7,0,0
BRDA:101,7,1,0
BRDA:106,8,0,0
BRDA:106,8,1,0
BRDA:109,9,0,0
BRDA:109,9,1,0
BRDA:121,10,0,0
BRDA:121,10,1,0
BRDA:124,11,0,0
BRDA:124,11,1,0
BRDA:124,12,0,0
BRDA:124,12,1,0
BRDA:131,13,0,0
BRDA:131,13,1,0
BRDA:132,14,0,0
BRDA:132,14,1,0
BRDA:132,15,0,0
BRDA:132,15,1,0
BRDA:133,16,0,0
BRDA:133,16,1,0
BRDA:133,17,0,0
BRDA:133,17,1,0
BRDA:134,18,0,0
BRDA:134,18,1,0
BRDA:142,19,0,0
BRDA:142,19,1,0
BRDA:144,20,0,0
BRDA:144,20,1,0
BRDA:152,21,0,0
BRDA:152,21,1,0
BRDA:154,22,0,0
BRDA:154,22,1,0
BRDA:155,23,0,0
BRDA:155,23,1,0
BRDA:155,24,0,0
BRDA:155,24,1,0
BRDA:155,24,2,0
BRDA:162,25,0,0
BRDA:162,25,1,0
BRDA:194,26,0,0
BRDA:194,26,1,0
BRDA:194,26,2,0
BRDA:199,27,0,0
BRDA:199,27,1,0
BRDA:211,28,0,0
BRDA:211,28,1,0
BRDA:213,29,0,0
BRDA:213,29,1,0
BRDA:226,30,0,0
BRDA:226,30,1,0
BRDA:240,31,0,0
BRDA:240,31,1,0
BRDA:240,32,0,0
BRDA:240,32,1,0
BRDA:255,33,0,0
BRDA:255,33,1,0
BRDA:255,34,0,0
BRDA:255,34,1,0
BRDA:257,35,0,0
BRDA:257,35,1,0
BRDA:277,36,0,0
BRDA:277,36,1,0
BRDA:277,37,0,0
BRDA:277,37,1,0
BRDA:298,38,0,0
BRDA:298,38,1,0
BRDA:310,39,0,0
BRDA:310,39,1,0
BRDA:316,40,0,0
BRDA:316,40,1,0
BRDA:323,41,0,0
BRDA:323,41,1,0
BRDA:323,42,0,0
BRDA:323,42,1,0
BRDA:351,43,0,0
BRDA:351,43,1,0
BRDA:351,44,0,0
BRDA:351,44,1,0
BRDA:351,44,2,0
BRDA:351,44,3,0
BRDA:351,45,0,0
BRDA:351,45,1,0
BRDA:353,46,0,0
BRDA:353,46,1,0
BRDA:363,47,0,0
BRDA:363,47,1,0
BRDA:366,48,0,0
BRDA:366,48,1,0
BRDA:366,49,0,0
BRDA:366,49,1,0
BRDA:371,50,0,0
BRDA:371,50,1,0
BRDA:373,51,0,0
BRDA:373,51,1,0
BRDA:374,52,0,0
BRDA:374,52,1,0
BRDA:375,53,0,0
BRDA:375,53,1,0
BRDA:376,54,0,0
BRDA:376,54,1,0
BRDA:377,55,0,0
BRDA:377,55,1,0
BRF:116
BRH:0
end_of_record
TN:
SF:/home/travis/build/daniele-athome/codimd/lib/routes.js
FNF:0
FNH:0
DA:3,0
DA:5,0
DA:8,0
DA:9,0
DA:10,0
DA:11,0
DA:12,0
DA:13,0
DA:14,0
DA:15,0
DA:20,0
DA:24,0
DA:26,0
DA:28,0
DA:30,0
DA:33,0
DA:36,0
DA:38,0
DA:40,0
DA:42,0
DA:44,0
DA:48,0
DA:51,0
DA:54,0
DA:56,0
DA:59,0
DA:62,0
DA:64,0
DA:66,0
DA:68,0
DA:70,0
DA:72,0
DA:74,0
DA:76,0
DA:78,0
DA:80,0
LF:36
LH:0
BRF:0
BRH:0
end_of_record
TN:
SF:/home/travis/build/daniele-athome/codimd/lib/utils.js
FN:6,isSQLite
FN:10,getImageMimeType
FN:30,isRevealTheme
FN:37,(anonymous_3)
FN:37,(anonymous_4)
FN:37,(anonymous_5)
FNF:6
FNH:0
FNDA:0,isSQLite
FNDA:0,getImageMimeType
FNDA:0,isRevealTheme
FNDA:0,(anonymous_3)
FNDA:0,(anonymous_4)
FNDA:0,(anonymous_5)
DA:2,27
DA:3,27
DA:4,27
DA:6,27
DA:7,0
DA:10,27
DA:11,0
DA:13,0
DA:15,0
DA:17,0
DA:20,0
DA:22,0
DA:24,0
DA:26,0
DA:30,27
DA:31,0
DA:32,0
DA:34,0
DA:37,27
DA:40,27
DA:46,27
LF:21
LH:9
BRDA:13,0,0,0
BRDA:13,0,1,0
BRDA:13,0,2,0
BRDA:13,0,3,0
BRDA:13,0,4,0
BRDA:13,0,5,0
BRDA:13,0,6,0
BRDA:31,1,0,0
BRDA:31,1,1,0
BRF:9
BRH:0
end_of_record
TN:
SF:/home/travis/build/daniele-athome/codimd/lib/auth/index.js
FN:13,(anonymous_0)
FN:18,(anonymous_1)
FN:23,(anonymous_2)
FN:31,(anonymous_3)
FN:52,(anonymous_4)
FNF:5
FNH:0
FNDA:0,(anonymous_0)
FNDA:0,(anonymous_1)
FNDA:0,(anonymous_2)
FNDA:0,(anonymous_3)
FNDA:0,(anonymous_4)
DA:3,0
DA:4,0
DA:6,0
DA:7,0
DA:8,0
DA:10,0
DA:13,0
DA:14,0
DA:15,0
DA:18,0
DA:19,0
DA:25,0
DA:26,0
DA:29,0
DA:30,0
DA:32,0
DA:33,0
DA:37,0
DA:38,0
DA:39,0
DA:40,0
DA:41,0
DA:42,0
DA:43,0
DA:44,0
DA:45,0
DA:46,0
DA:47,0
DA:48,0
DA:49,0
DA:52,0
DA:53,0
DA:54,0
DA:56,0
DA:57,0
LF:35
LH:0
BRDA:25,0,0,0
BRDA:25,0,1,0
BRDA:37,1,0,0
BRDA:37,1,1,0
BRDA:38,2,0,0
BRDA:38,2,1,0
BRDA:39,3,0,0
BRDA:39,3,1,0
BRDA:40,4,0,0
BRDA:40,4,1,0
BRDA:41,5,0,0
BRDA:41,5,1,0
BRDA:42,6,0,0
BRDA:42,6,1,0
BRDA:43,7,0,0
BRDA:43,7,1,0
BRDA:44,8,0,0
BRDA:44,8,1,0
BRDA:45,9,0,0
BRDA:45,9,1,0
BRDA:46,10,0,0
BRDA:46,10,1,0
BRDA:47,11,0,0
BRDA:47,11,1,0
BRDA:48,12,0,0
BRDA:48,12,1,0
BRDA:49,13,0,0
BRDA:49,13,1,0
BRDA:53,14,0,0
BRDA:53,14,1,0
BRDA:53,15,0,0
BRDA:53,15,1,0
BRF:32
BRH:0
end_of_record
TN:
SF:/home/travis/build/daniele-athome/codimd/lib/auth/utils.js
FN:7,setReturnToFromReferer
FN:13,callback
FN:24,(anonymous_2)
FN:40,(anonymous_3)
FN:49,(anonymous_4)
FNF:5
FNH:0
FNDA:0,setReturnToFromReferer
FNDA:0,callback
FNDA:0,(anonymous_2)
FNDA:0,(anonymous_3)
FNDA:0,(anonymous_4)
DA:3,0
DA:4,0
DA:5,0
DA:7,0
DA:8,0
DA:9,0
DA:10,0
DA:13,0
DA:14,0
DA:15,0
DA:25,0
DA:26,0
DA:27,0
DA:28,0
DA:29,0
DA:31,0
DA:32,0
DA:33,0
DA:35,0
DA:36,0
DA:37,0
DA:39,0
DA:40,0
DA:41,0
DA:42,0
DA:45,0
DA:46,0
DA:50,0
DA:51,0
LF:29
LH:0
BRDA:9,0,0,0
BRDA:9,0,1,0
BRDA:25,1,0,0
BRDA:25,1,1,0
BRDA:27,2,0,0
BRDA:27,2,1,0
BRDA:31,3,0,0
BRDA:31,3,1,0
BRDA:35,4,0,0
BRDA:35,4,1,0
BRDA:39,5,0,0
BRDA:39,5,1,0
BRDA:41,6,0,0
BRDA:41,6,1,0
BRDA:45,7,0,0
BRDA:45,7,1,0
BRF:16
BRH:0
end_of_record
TN:
SF:/home/travis/build/daniele-athome/codimd/lib/auth/bitbucket/index.js
FN:17,(anonymous_0)
FNF:1
FNH:0
FNDA:0,(anonymous_0)
DA:3,0
DA:4,0
DA:5,0
DA:6,0
DA:7,0
DA:9,0
DA:11,0
DA:17,0
DA:18,0
DA:19,0
DA:23,0
LF:11
LH:0
BRF:0
BRH:0
end_of_record
TN:
SF:/home/travis/build/daniele-athome/codimd/lib/auth/dropbox/index.js
FN:18,(anonymous_0)
FNF:1
FNH:0
FNDA:0,(anonymous_0)
DA:3,0
DA:4,0
DA:5,0
DA:6,0
DA:7,0
DA:9,0
DA:11,0
DA:18,0
DA:19,0
DA:20,0
DA:24,0
LF:11
LH:0
BRF:0
BRH:0
end_of_record
TN:
SF:/home/travis/build/daniele-athome/codimd/lib/auth/email/index.js
FN:18,(anonymous_0)
FN:38,(anonymous_1)
FN:71,(anonymous_2)
FNF:3
FNH:0
FNDA:0,(anonymous_0)
FNDA:0,(anonymous_1)
FNDA:0,(anonymous_2)
DA:3,0
DA:4,0
DA:5,0
DA:6,0
DA:7,0
DA:8,0
DA:9,0
DA:10,0
DA:11,0
DA:12,0
DA:14,0
DA:16,0
DA:19,0
DA:21,0
DA:22,0
DA:28,0
DA:29,0
DA:30,0
DA:32,0
DA:33,0
DA:37,0
DA:38,0
DA:39,0
DA:40,0
DA:41,0
DA:42,0
DA:51,0
DA:52,0
DA:53,0
DA:56,0
DA:57,0
DA:58,0
DA:60,0
DA:61,0
DA:63,0
DA:65,0
DA:66,0
DA:71,0
DA:72,0
DA:73,0
DA:74,0
DA:75,0
LF:42
LH:0
BRDA:19,0,0,0
BRDA:19,0,1,0
BRDA:28,1,0,0
BRDA:28,1,1,0
BRDA:29,2,0,0
BRDA:29,2,1,0
BRDA:37,3,0,0
BRDA:37,3,1,0
BRDA:39,4,0,0
BRDA:39,4,1,0
BRDA:39,5,0,0
BRDA:39,5,1,0
BRDA:40,6,0,0
BRDA:40,6,1,0
BRDA:51,7,0,0
BRDA:51,7,1,0
BRDA:56,8,0,0
BRDA:56,8,1,0
BRDA:72,9,0,0
BRDA:72,9,1,0
BRDA:72,10,0,0
BRDA:72,10,1,0
BRDA:73,11,0,0
BRDA:73,11,1,0
BRF:24
BRH:0
end_of_record
TN:
SF:/home/travis/build/daniele-athome/codimd/lib/auth/facebook/index.js
FN:18,(anonymous_0)
FNF:1
FNH:0
FNDA:0,(anonymous_0)
DA:3,0
DA:4,0
DA:5,0
DA:7,0
DA:8,0
DA:10,0
DA:12,0
DA:18,0
DA:19,0
DA:20,0
DA:24,0
LF:11
LH:0
BRF:0
BRH:0
end_of_record
TN:
SF:/home/travis/build/daniele-athome/codimd/lib/auth/github/index.js
FN:13,githubUrl
FN:26,(anonymous_1)
FNF:2
FNH:0
FNDA:0,githubUrl
FNDA:0,(anonymous_1)
DA:3,0
DA:4,0
DA:5,0
DA:6,0
DA:7,0
DA:8,0
DA:9,0
DA:11,0
DA:14,0
DA:17,0
DA:26,0
DA:27,0
DA:28,0
DA:32,0
DA:40,0
LF:15
LH:0
BRDA:14,0,0,0
BRDA:14,0,1,0
BRF:2
BRH:0
end_of_record
TN:
SF:/home/travis/build/daniele-athome/codimd/lib/auth/gitlab/index.js
FN:28,(anonymous_0)
FNF:1
FNH:0
FNDA:0,(anonymous_0)
DA:3,0
DA:4,0
DA:5,0
DA:6,0
DA:7,0
DA:8,0
DA:9,0
DA:11,0
DA:13,0
DA:21,0
DA:22,0
DA:23,0
DA:26,0
DA:28,0
DA:29,0
DA:30,0
DA:34,0
DA:41,0
DA:43,0
LF:19
LH:0
BRDA:21,0,0,0
BRDA:21,0,1,0
BRDA:41,1,0,0
BRDA:41,1,1,0
BRDA:41,2,0,0
BRDA:41,2,1,0
BRF:6
BRH:0
end_of_record
TN:
SF:/home/travis/build/daniele-athome/codimd/lib/auth/google/index.js
FN:18,(anonymous_0)
FNF:1
FNH:0
FNDA:0,(anonymous_0)
DA:3,0
DA:4,0
DA:5,0
DA:6,0
DA:7,0
DA:9,0
DA:11,0
DA:18,0
DA:19,0
DA:20,0
DA:26,0
LF:11
LH:0
BRF:0
BRH:0
end_of_record
TN:
SF:/home/travis/build/daniele-athome/codimd/lib/auth/ldap/index.js
FN:25,(anonymous_0)
FN:60,(anonymous_1)
FN:68,(anonymous_2)
FN:77,(anonymous_3)
FN:83,(anonymous_4)
FNF:5
FNH:0
FNDA:0,(anonymous_0)
FNDA:0,(anonymous_1)
FNDA:0,(anonymous_2)
FNDA:0,(anonymous_3)
FNDA:0,(anonymous_4)
DA:3,0
DA:4,0
DA:5,0
DA:6,0
DA:7,0
DA:8,0
DA:9,0
DA:10,0
DA:11,0
DA:13,0
DA:15,0
DA:26,0
DA:27,0
DA:28,0
DA:31,0
DA:32,0
DA:38,0
DA:39,0
DA:40,0
DA:43,0
DA:52,0
DA:53,0
DA:61,0
DA:62,0
DA:63,0
DA:64,0
DA:65,0
DA:67,0
DA:68,0
DA:69,0
DA:70,0
DA:73,0
DA:74,0
DA:78,0
DA:79,0
DA:83,0
DA:84,0
DA:85,0
DA:86,0
LF:39
LH:0
BRDA:17,0,0,0
BRDA:17,0,1,0
BRDA:18,1,0,0
BRDA:18,1,1,0
BRDA:19,2,0,0
BRDA:19,2,1,0
BRDA:20,3,0,0
BRDA:20,3,1,0
BRDA:21,4,0,0
BRDA:21,4,1,0
BRDA:22,5,0,0
BRDA:22,5,1,0
BRDA:23,6,0,0
BRDA:23,6,1,0
BRDA:26,7,0,0
BRDA:26,7,1,0
BRDA:26,7,2,0
BRDA:26,7,3,0
BRDA:27,8,0,0
BRDA:27,8,1,0
BRDA:27,9,0,0
BRDA:27,9,1,0
BRDA:31,10,0,0
BRDA:31,10,1,0
BRDA:39,11,0,0
BRDA:39,11,1,0
BRDA:39,12,0,0
BRDA:39,12,1,0
BRDA:47,13,0,0
BRDA:47,13,1,0
BRDA:47,14,0,0
BRDA:47,14,1,0
BRDA:61,15,0,0
BRDA:61,15,1,0
BRDA:63,16,0,0
BRDA:63,16,1,0
BRDA:67,17,0,0
BRDA:67,17,1,0
BRDA:69,18,0,0
BRDA:69,18,1,0
BRDA:73,19,0,0
BRDA:73,19,1,0
BRDA:84,20,0,0
BRDA:84,20,1,0
BRDA:84,21,0,0
BRDA:84,21,1,0
BRF:46
BRH:0
end_of_record
TN:
SF:/home/travis/build/daniele-athome/codimd/lib/auth/mattermost/index.js
FN:23,(anonymous_0)
FN:27,(anonymous_1)
FN:28,(anonymous_2)
FN:33,(anonymous_3)
FNF:4
FNH:0
FNDA:0,(anonymous_0)
FNDA:0,(anonymous_1)
FNDA:0,(anonymous_2)
FNDA:0,(anonymous_3)
DA:2,0
DA:3,0
DA:4,0
DA:5,0
DA:6,0
DA:7,0
DA:8,0
DA:9,0
DA:11,0
DA:13,0
DA:15,0
DA:23,0
DA:24,0
DA:25,0
DA:26,0
DA:27,0
DA:28,0
DA:31,0
DA:33,0
DA:34,0
DA:35,0
DA:39,0
LF:22
LH:0
BRF:0
BRH:0
end_of_record
TN:
SF:/home/travis/build/daniele-athome/codimd/lib/auth/oauth2/index.js
FN:23,(anonymous_0)
FNF:1
FNH:0
FNDA:0,(anonymous_0)
DA:3,0
DA:4,0
DA:6,0
DA:7,0
DA:8,0
DA:10,0
DA:12,0
DA:23,0
DA:24,0
DA:25,0
DA:29,0
LF:11
LH:0
BRF:0
BRH:0
end_of_record
TN:
SF:/home/travis/build/daniele-athome/codimd/lib/auth/oauth2/strategy.js
FN:6,parseProfile
FN:25,extractProfileAttribute
FN:45,(anonymous_2)
FN:53,(anonymous_3)
FN:54,(anonymous_4)
FNF:5
FNH:1
FNDA:0,parseProfile
FNDA:10,extractProfileAttribute
FNDA:0,(anonymous_2)
FNDA:0,(anonymous_3)
FNDA:0,(anonymous_4)
DA:3,1
DA:4,1
DA:7,0
DA:8,0
DA:9,0
DA:10,0
DA:12,0
DA:13,0
DA:16,0
DA:26,10
DA:27,8
DA:29,8
DA:30,8
DA:31,12
DA:32,12
DA:33,8
DA:35,4
DA:36,4
DA:37,3
DA:39,11
DA:41,3
DA:46,0
DA:47,0
DA:48,0
DA:49,0
DA:50,0
DA:54,0
DA:55,0
DA:56,0
DA:60,0
DA:61,0
DA:62,0
DA:64,0
DA:67,0
DA:69,0
DA:74,1
DA:75,1
DA:76,1
LF:38
LH:17
BRDA:12,0,0,0
BRDA:12,0,1,0
BRDA:26,1,0,2
BRDA:26,1,1,8
BRDA:27,2,0,0
BRDA:27,2,1,8
BRDA:32,3,0,8
BRDA:32,3,1,4
BRDA:35,4,0,0
BRDA:35,4,1,4
BRDA:36,5,0,1
BRDA:36,5,1,3
BRDA:39,6,0,4
BRDA:39,6,1,7
BRDA:46,7,0,0
BRDA:46,7,1,0
BRDA:55,8,0,0
BRDA:55,8,1,0
BRF:18
BRH:10
end_of_record
TN:
SF:/home/travis/build/daniele-athome/codimd/lib/auth/openid/index.js
FN:18,(anonymous_0)
FN:27,(anonymous_1)
FN:35,(anonymous_2)
FN:44,(anonymous_3)
FN:50,(anonymous_4)
FNF:5
FNH:0
FNDA:0,(anonymous_0)
FNDA:0,(anonymous_1)
FNDA:0,(anonymous_2)
FNDA:0,(anonymous_3)
FNDA:0,(anonymous_4)
DA:3,0
DA:4,0
DA:5,0
DA:6,0
DA:7,0
DA:8,0
DA:9,0
DA:10,0
DA:12,0
DA:14,0
DA:19,0
DA:20,0
DA:28,0
DA:29,0
DA:30,0
DA:31,0
DA:32,0
DA:34,0
DA:35,0
DA:36,0
DA:37,0
DA:40,0
DA:41,0
DA:45,0
DA:46,0
DA:50,0
DA:51,0
DA:52,0
DA:56,0
LF:29
LH:0
BRDA:28,0,0,0
BRDA:28,0,1,0
BRDA:30,1,0,0
BRDA:30,1,1,0
BRDA:34,2,0,0
BRDA:34,2,1,0
BRDA:36,3,0,0
BRDA:36,3,1,0
BRDA:40,4,0,0
BRDA:40,4,1,0
BRF:10
BRH:0
end_of_record
TN:
SF:/home/travis/build/daniele-athome/codimd/lib/auth/saml/index.js
FN:11,(anonymous_0)
FN:11,(anonymous_1)
FN:22,(anonymous_2)
FN:56,(anonymous_3)
FN:64,(anonymous_4)
FN:73,(anonymous_5)
FN:93,(anonymous_6)
FNF:7
FNH:0
FNDA:0,(anonymous_0)
FNDA:0,(anonymous_1)
FNDA:0,(anonymous_2)
FNDA:0,(anonymous_3)
FNDA:0,(anonymous_4)
FNDA:0,(anonymous_5)
FNDA:0,(anonymous_6)
DA:3,0
DA:4,0
DA:5,0
DA:6,0
DA:7,0
DA:8,0
DA:9,0
DA:10,0
DA:11,0
DA:13,0
DA:15,0
DA:24,0
DA:25,0
DA:26,0
DA:27,0
DA:28,0
DA:31,0
DA:32,0
DA:33,0
DA:34,0
DA:38,0
DA:39,0
DA:45,0
DA:46,0
DA:48,0
DA:49,0
DA:57,0
DA:58,0
DA:59,0
DA:60,0
DA:61,0
DA:63,0
DA:64,0
DA:65,0
DA:66,0
DA:69,0
DA:70,0
DA:74,0
DA:75,0
DA:79,0
DA:86,0
DA:93,0
DA:94,0
DA:95,0
LF:44
LH:0
BRDA:18,0,0,0
BRDA:18,0,1,0
BRDA:24,1,0,0
BRDA:24,1,1,0
BRDA:24,2,0,0
BRDA:24,2,1,0
BRDA:26,3,0,0
BRDA:26,3,1,0
BRDA:31,4,0,0
BRDA:31,4,1,0
BRDA:31,5,0,0
BRDA:31,5,1,0
BRDA:32,6,0,0
BRDA:32,6,1,0
BRDA:38,7,0,0
BRDA:38,7,1,0
BRDA:42,8,0,0
BRDA:42,8,1,0
BRDA:43,9,0,0
BRDA:43,9,1,0
BRDA:45,10,0,0
BRDA:45,10,1,0
BRDA:45,11,0,0
BRDA:45,11,1,0
BRDA:57,12,0,0
BRDA:57,12,1,0
BRDA:59,13,0,0
BRDA:59,13,1,0
BRDA:63,14,0,0
BRDA:63,14,1,0
BRDA:65,15,0,0
BRDA:65,15,1,0
BRDA:69,16,0,0
BRDA:69,16,1,0
BRF:34
BRH:0
end_of_record
TN:
SF:/home/travis/build/daniele-athome/codimd/lib/auth/twitter/index.js
FN:18,(anonymous_0)
FNF:1
FNH:0
FNDA:0,(anonymous_0)
DA:3,0
DA:4,0
DA:5,0
DA:7,0
DA:8,0
DA:10,0
DA:12,0
DA:18,0
DA:19,0
DA:20,0
DA:24,0
LF:11
LH:0
BRF:0
BRH:0
end_of_record
TN:
SF:/home/travis/build/daniele-athome/codimd/lib/config/default.js
FNF:0
FNH:0
DA:3,1
DA:5,1
LF:2
LH:2
BRF:0
BRH:0
end_of_record
TN:
SF:/home/travis/build/daniele-athome/codimd/lib/config/defaultSSL.js
FN:5,getFile
FNF:1
FNH:1
FNDA:4,getFile
DA:3,1
DA:6,4
DA:7,0
DA:9,4
DA:12,1
LF:5
LH:4
BRDA:6,0,0,0
BRDA:6,0,1,4
BRDA:15,1,0,0
BRDA:15,1,1,1
BRF:4
BRH:2
end_of_record
TN:
SF:/home/travis/build/daniele-athome/codimd/lib/config/dockerSecret.js
FN:8,getSecret
FNF:1
FNH:0
FNDA:0,getSecret
DA:3,1
DA:4,1
DA:6,1
DA:9,0
DA:10,0
DA:11,0
DA:14,1
DA:15,0
LF:8
LH:4
BRDA:10,0,0,0
BRDA:10,0,1,0
BRDA:14,1,0,0
BRDA:14,1,1,1
BRF:4
BRH:1
end_of_record
TN:
SF:/home/travis/build/daniele-athome/codimd/lib/config/enum.js
FNF:0
FNH:0
DA:3,1
DA:9,1
LF:2
LH:2
BRF:0
BRH:0
end_of_record
TN:
SF:/home/travis/build/daniele-athome/codimd/lib/config/environment.js
FNF:0
FNH:0
DA:3,1
DA:5,1
LF:2
LH:2
BRF:0
BRH:0
end_of_record
TN:
SF:/home/travis/build/daniele-athome/codimd/lib/config/index.js
FN:82,isStandardHTTPsPort
FN:85,isStandardHTTPPort
FN:90,getserverurl
FN:197,(anonymous_3)
FNF:4
FNH:3
FNDA:1,isStandardHTTPsPort
FNDA:1,isStandardHTTPPort
FNDA:1,getserverurl
FNDA:0,(anonymous_3)
DA:4,1
DA:5,1
DA:6,1
DA:7,1
DA:8,1
DA:9,1
DA:10,1
DA:11,1
DA:13,1
DA:14,1
DA:15,1
DA:20,1
DA:22,1
DA:23,1
DA:24,1
DA:26,1
DA:33,1
DA:35,1
DA:37,1
DA:38,1
DA:39,1
DA:40,1
DA:41,1
DA:42,1
DA:43,1
DA:45,1
DA:46,1
DA:48,0
DA:52,1
DA:53,0
DA:54,0
DA:55,0
DA:56,0
DA:57,0
DA:60,0
DA:63,0
DA:67,1
DA:68,1
DA:69,1
DA:70,0
DA:71,0
DA:72,0
DA:73,0
DA:74,1
DA:75,0
DA:77,1
DA:78,0
DA:82,1
DA:83,1
DA:85,1
DA:86,1
DA:90,1
DA:91,1
DA:92,1
DA:93,0
DA:94,0
DA:95,0
DA:96,0
DA:97,0
DA:101,1
DA:102,0
DA:104,1
DA:107,1
DA:108,1
DA:111,1
DA:114,1
DA:115,1
DA:116,1
DA:117,1
DA:118,1
DA:119,1
DA:120,1
DA:121,1
DA:122,1
DA:123,1
DA:124,1
DA:125,1
DA:126,1
DA:127,1
DA:130,1
DA:131,0
DA:132,0
DA:135,1
DA:138,1
DA:141,1
DA:142,1
DA:143,1
DA:144,93
DA:149,93
DA:152,0
DA:153,0
DA:158,1
DA:159,0
DA:163,1
DA:164,1
DA:165,1
DA:171,1
DA:172,0
DA:173,0
DA:177,1
DA:179,0
DA:185,0
DA:187,1
DA:197,1
DA:198,0
DA:201,1
DA:202,1
DA:203,1
DA:204,1
DA:205,1
DA:206,1
DA:207,1
DA:208,1
DA:209,1
DA:212,1
DA:214,1
LF:116
LH:86
BRDA:14,0,0,1
BRDA:14,0,1,1
BRDA:23,1,0,1
BRDA:23,1,1,0
BRDA:24,2,0,1
BRDA:24,2,1,0
BRDA:33,3,0,1
BRDA:33,3,1,1
BRDA:35,4,0,0
BRDA:35,4,1,1
BRDA:45,5,0,1
BRDA:45,5,1,0
BRDA:52,6,0,0
BRDA:52,6,1,1
BRDA:56,7,0,0
BRDA:56,7,1,0
BRDA:63,8,0,0
BRDA:63,8,1,0
BRDA:69,9,0,0
BRDA:69,9,1,1
BRDA:69,10,0,1
BRDA:69,10,1,1
BRDA:74,11,0,0
BRDA:74,11,1,1
BRDA:74,12,0,1
BRDA:74,12,1,1
BRDA:77,13,0,0
BRDA:77,13,1,1
BRDA:83,14,0,1
BRDA:83,14,1,0
BRDA:86,15,0,1
BRDA:86,15,1,1
BRDA:92,16,0,0
BRDA:92,16,1,1
BRDA:93,17,0,0
BRDA:93,17,1,0
BRDA:95,18,0,0
BRDA:95,18,1,0
BRDA:96,19,0,0
BRDA:96,19,1,0
BRDA:96,20,0,0
BRDA:96,20,1,0
BRDA:101,21,0,0
BRDA:101,21,1,1
BRDA:107,22,0,1
BRDA:107,22,1,0
BRDA:114,23,0,1
BRDA:114,23,1,0
BRDA:115,24,0,1
BRDA:115,24,1,0
BRDA:116,25,0,1
BRDA:116,25,1,0
BRDA:117,26,0,1
BRDA:117,26,1,0
BRDA:120,27,0,1
BRDA:120,27,1,0
BRDA:121,28,0,1
BRDA:121,28,1,0
BRDA:122,29,0,1
BRDA:122,29,1,0
BRDA:123,30,0,1
BRDA:123,30,1,0
BRDA:126,31,0,1
BRDA:126,31,1,0
BRDA:130,32,0,0
BRDA:130,32,1,1
BRDA:130,33,0,1
BRDA:130,33,1,1
BRDA:130,33,2,0
BRDA:135,34,0,1
BRDA:135,34,1,0
BRDA:135,34,2,1
BRDA:149,35,0,0
BRDA:149,35,1,93
BRDA:149,36,0,93
BRDA:149,36,1,62
BRDA:149,36,2,0
BRDA:158,37,0,0
BRDA:158,37,1,1
BRDA:163,38,0,1
BRDA:163,38,1,0
BRDA:171,39,0,0
BRDA:171,39,1,1
BRDA:177,40,0,0
BRDA:177,40,1,1
BRF:85
BRH:43
end_of_record
TN:
SF:/home/travis/build/daniele-athome/codimd/lib/config/utils.js
FN:6,toBooleanConfig
FN:13,toArrayConfig
FN:15,(anonymous_2)
FN:20,toIntegerConfig
FN:27,getGitCommit
FN:40,getGitHubURL
FNF:6
FNH:5
FNDA:21,toBooleanConfig
FNDA:5,toArrayConfig
FNDA:0,(anonymous_2)
FNDA:5,toIntegerConfig
FNDA:1,getGitCommit
FNDA:1,getGitHubURL
DA:3,1
DA:4,1
DA:6,1
DA:7,21
DA:8,0
DA:10,21
DA:13,1
DA:14,5
DA:15,0
DA:17,5
DA:20,1
DA:21,5
DA:22,0
DA:24,5
DA:27,1
DA:28,1
DA:29,0
DA:31,1
DA:32,1
DA:33,0
DA:34,0
DA:36,1
DA:37,1
DA:40,1
DA:42,1
DA:43,0
DA:45,1
DA:46,0
DA:49,1
DA:50,1
DA:51,0
DA:52,0
DA:54,1
LF:33
LH:23
BRDA:7,0,0,0
BRDA:7,0,1,21
BRDA:7,1,0,21
BRDA:7,1,1,0
BRDA:13,2,0,3
BRDA:14,3,0,0
BRDA:14,3,1,5
BRDA:14,4,0,5
BRDA:14,4,1,0
BRDA:21,5,0,0
BRDA:21,5,1,5
BRDA:21,6,0,5
BRDA:21,6,1,0
BRDA:28,7,0,0
BRDA:28,7,1,1
BRDA:32,8,0,0
BRDA:32,8,1,1
BRDA:42,9,0,0
BRDA:42,9,1,1
BRDA:42,10,0,1
BRDA:42,10,1,0
BRDA:45,11,0,0
BRDA:45,11,1,1
BRDA:45,12,0,1
BRDA:45,12,1,1
BRDA:49,13,0,1
BRDA:49,13,1,0
BRDA:51,14,0,0
BRDA:51,14,1,0
BRF:29
BRH:15
end_of_record
TN:
SF:/home/travis/build/daniele-athome/codimd/lib/errorPage/index.js
FN:6,(anonymous_0)
FN:15,(anonymous_1)
FN:19,(anonymous_2)
FNF:3
FNH:0
FNDA:0,(anonymous_0)
FNDA:0,(anonymous_1)
FNDA:0,(anonymous_2)
DA:3,0
DA:4,0
DA:6,0
DA:7,0
DA:8,0
DA:11,0
DA:12,0
DA:15,0
DA:16,0
DA:19,0
DA:20,0
LF:11
LH:0
BRDA:7,0,0,0
BRDA:7,0,1,0
BRF:2
BRH:0
end_of_record
TN:
SF:/home/travis/build/daniele-athome/codimd/lib/history/index.js
FN:12,getHistory
FN:17,(anonymous_1)
FN:55,(anonymous_2)
FN:61,setHistory
FN:68,(anonymous_4)
FN:70,(anonymous_5)
FN:76,updateHistory
FN:78,(anonymous_7)
FN:89,(anonymous_8)
FN:98,parseHistoryToArray
FN:100,(anonymous_10)
FN:107,parseHistoryToObject
FN:116,historyGet
FN:118,(anonymous_13)
FN:130,historyPost
FN:142,(anonymous_15)
FN:151,(anonymous_16)
FN:157,(anonymous_17)
FN:171,historyDelete
FN:175,(anonymous_19)
FN:180,(anonymous_20)
FN:184,(anonymous_21)
FNF:22
FNH:0
FNDA:0,getHistory
FNDA:0,(anonymous_1)
FNDA:0,(anonymous_2)
FNDA:0,setHistory
FNDA:0,(anonymous_4)
FNDA:0,(anonymous_5)
FNDA:0,updateHistory
FNDA:0,(anonymous_7)
FNDA:0,(anonymous_8)
FNDA:0,parseHistoryToArray
FNDA:0,(anonymous_10)
FNDA:0,parseHistoryToObject
FNDA:0,historyGet
FNDA:0,(anonymous_13)
FNDA:0,historyPost
FNDA:0,(anonymous_15)
FNDA:0,(anonymous_16)
FNDA:0,(anonymous_17)
FNDA:0,historyDelete
FNDA:0,(anonymous_19)
FNDA:0,(anonymous_20)
FNDA:0,(anonymous_21)
DA:4,27
DA:7,27
DA:8,27
DA:9,27
DA:10,27
DA:13,0
DA:18,0
DA:19,0
DA:21,0
DA:22,0
DA:23,0
DA:25,0
DA:31,0
DA:32,0
DA:33,0
DA:35,0
DA:36,0
DA:37,0
DA:38,0
DA:42,0
DA:43,0
DA:45,0
DA:49,0
DA:51,0
DA:52,0
DA:54,0
DA:56,0
DA:57,0
DA:62,0
DA:69,0
DA:71,0
DA:72,0
DA:77,0
DA:78,0
DA:79,0
DA:80,0
DA:81,0
DA:83,0
DA:84,0
DA:85,0
DA:86,0
DA:87,0
DA:88,0
DA:89,0
DA:90,0
DA:91,0
DA:99,0
DA:100,0
DA:101,0
DA:102,0
DA:104,0
DA:108,0
DA:109,0
DA:110,0
DA:111,0
DA:113,0
DA:117,0
DA:118,0
DA:119,0
DA:120,0
DA:121,0
DA:126,0
DA:131,0
DA:132,0
DA:133,0
DA:134,0
DA:135,0
DA:136,0
DA:137,0
DA:139,0
DA:141,0
DA:142,0
DA:143,0
DA:144,0
DA:147,0
DA:150,0
DA:151,0
DA:152,0
DA:153,0
DA:154,0
DA:155,0
DA:156,0
DA:157,0
DA:158,0
DA:159,0
DA:162,0
DA:167,0
DA:172,0
DA:173,0
DA:174,0
DA:175,0
DA:176,0
DA:177,0
DA:180,0
DA:181,0
DA:182,0
DA:183,0
DA:184,0
DA:185,0
DA:186,0
DA:191,0
DA:196,27
DA:197,27
DA:198,27
DA:199,27
LF:105
LH:9
BRDA:18,0,0,0
BRDA:18,0,1,0
BRDA:22,1,0,0
BRDA:22,1,1,0
BRDA:32,2,0,0
BRDA:32,2,1,0
BRDA:37,3,0,0
BRDA:37,3,1,0
BRDA:37,4,0,0
BRDA:37,4,1,0
BRDA:42,5,0,0
BRDA:42,5,1,0
BRDA:51,6,0,0
BRDA:51,6,1,0
BRDA:77,7,0,0
BRDA:77,7,1,0
BRDA:77,8,0,0
BRDA:77,8,1,0
BRDA:77,8,2,0
BRDA:79,9,0,0
BRDA:79,9,1,0
BRDA:79,10,0,0
BRDA:79,10,1,0
BRDA:80,11,0,0
BRDA:80,11,1,0
BRDA:87,12,0,0
BRDA:87,12,1,0
BRDA:90,13,0,0
BRDA:90,13,1,0
BRDA:117,14,0,0
BRDA:117,14,1,0
BRDA:119,15,0,0
BRDA:119,15,1,0
BRDA:120,16,0,0
BRDA:120,16,1,0
BRDA:131,17,0,0
BRDA:131,17,1,0
BRDA:133,18,0,0
BRDA:133,18,1,0
BRDA:134,19,0,0
BRDA:134,19,1,0
BRDA:135,20,0,0
BRDA:135,20,1,0
BRDA:141,21,0,0
BRDA:141,21,1,0
BRDA:143,22,0,0
BRDA:143,22,1,0
BRDA:150,23,0,0
BRDA:150,23,1,0
BRDA:152,24,0,0
BRDA:152,24,1,0
BRDA:153,25,0,0
BRDA:153,25,1,0
BRDA:154,26,0,0
BRDA:154,26,1,0
BRDA:155,27,0,0
BRDA:155,27,1,0
BRDA:155,28,0,0
BRDA:155,28,1,0
BRDA:158,29,0,0
BRDA:158,29,1,0
BRDA:172,30,0,0
BRDA:172,30,1,0
BRDA:174,31,0,0
BRDA:174,31,1,0
BRDA:176,32,0,0
BRDA:176,32,1,0
BRDA:181,33,0,0
BRDA:181,33,1,0
BRDA:182,34,0,0
BRDA:182,34,1,0
BRDA:185,35,0,0
BRDA:185,35,1,0
BRF:73
BRH:0
end_of_record
TN:
SF:/home/travis/build/daniele-athome/codimd/lib/homepage/index.js
FN:9,(anonymous_0)
FNF:1
FNH:0
FNDA:0,(anonymous_0)
DA:3,0
DA:4,0
DA:5,0
DA:6,0
DA:7,0
DA:9,0
DA:10,0
DA:11,0
DA:13,0
DA:22,0
DA:23,0
DA:26,0
DA:31,0
DA:32,0
DA:33,0
DA:36,0
DA:37,0
LF:17
LH:0
BRDA:22,0,0,0
BRDA:22,0,1,0
BRDA:31,1,0,0
BRDA:31,1,1,0
BRF:4
BRH:0
end_of_record
TN:
SF:/home/travis/build/daniele-athome/codimd/lib/imageRouter/azure.js
FN:9,(anonymous_0)
FN:22,(anonymous_1)
FN:26,(anonymous_2)
FNF:3
FNH:0
FNDA:0,(anonymous_0)
FNDA:0,(anonymous_1)
FNDA:0,(anonymous_2)
DA:2,0
DA:4,0
DA:5,0
DA:7,0
DA:9,0
DA:10,0
DA:11,0
DA:12,0
DA:15,0
DA:16,0
DA:17,0
DA:20,0
DA:22,0
DA:23,0
DA:24,0
DA:26,0
DA:27,0
DA:28,0
DA:30,0
LF:19
LH:0
BRDA:10,0,0,0
BRDA:10,0,1,0
BRDA:10,1,0,0
BRDA:10,1,1,0
BRDA:15,2,0,0
BRDA:15,2,1,0
BRDA:15,3,0,0
BRDA:15,3,1,0
BRDA:23,4,0,0
BRDA:23,4,1,0
BRDA:27,5,0,0
BRDA:27,5,1,0
BRF:12
BRH:0
end_of_record
TN:
SF:/home/travis/build/daniele-athome/codimd/lib/imageRouter/filesystem.js
FN:8,(anonymous_0)
FNF:1
FNH:0
FNDA:0,(anonymous_0)
DA:2,0
DA:3,0
DA:5,0
DA:6,0
DA:8,0
DA:9,0
DA:10,0
DA:11,0
DA:14,0
DA:15,0
DA:16,0
DA:20,0
DA:21,0
DA:23,0
DA:26,0
LF:15
LH:0
BRDA:9,0,0,0
BRDA:9,0,1,0
BRDA:9,1,0,0
BRDA:9,1,1,0
BRDA:14,2,0,0
BRDA:14,2,1,0
BRDA:14,3,0,0
BRDA:14,3,1,0
BRF:8
BRH:0
end_of_record
TN:
SF:/home/travis/build/daniele-athome/codimd/lib/imageRouter/imgur.js
FN:7,(anonymous_0)
FN:20,(anonymous_1)
FN:25,(anonymous_2)
FNF:3
FNH:0
FNDA:0,(anonymous_0)
FNDA:0,(anonymous_1)
FNDA:0,(anonymous_2)
DA:2,0
DA:3,0
DA:5,0
DA:7,0
DA:8,0
DA:9,0
DA:10,0
DA:13,0
DA:14,0
DA:15,0
DA:18,0
DA:19,0
DA:21,0
DA:22,0
DA:24,0
DA:26,0
LF:16
LH:0
BRDA:8,0,0,0
BRDA:8,0,1,0
BRDA:8,1,0,0
BRDA:8,1,1,0
BRDA:13,2,0,0
BRDA:13,2,1,0
BRDA:13,3,0,0
BRDA:13,3,1,0
BRDA:21,4,0,0
BRDA:21,4,1,0
BRF:10
BRH:0
end_of_record
TN:
SF:/home/travis/build/daniele-athome/codimd/lib/imageRouter/index.js
FN:13,(anonymous_0)
FN:22,(anonymous_1)
FN:31,(anonymous_2)
FNF:3
FNH:0
FNDA:0,(anonymous_0)
FNDA:0,(anonymous_1)
FNDA:0,(anonymous_2)
DA:3,0
DA:4,0
DA:6,0
DA:7,0
DA:8,0
DA:10,0
DA:13,0
DA:14,0
DA:16,0
DA:18,0
DA:19,0
DA:22,0
DA:23,0
DA:24,0
DA:26,0
DA:27,0
DA:30,0
DA:31,0
DA:32,0
DA:33,0
DA:34,0
DA:36,0
LF:22
LH:0
BRDA:18,0,0,0
BRDA:18,0,1,0
BRDA:18,1,0,0
BRDA:18,1,1,0
BRDA:23,2,0,0
BRDA:23,2,1,0
BRDA:23,3,0,0
BRDA:23,3,1,0
BRDA:23,3,2,0
BRDA:26,4,0,0
BRDA:26,4,1,0
BRDA:32,5,0,0
BRDA:32,5,1,0
BRF:13
BRH:0
end_of_record
TN:
SF:/home/travis/build/daniele-athome/codimd/lib/imageRouter/lutim.js
FN:7,(anonymous_0)
FN:23,(anonymous_1)
FN:28,(anonymous_2)
FNF:3
FNH:0
FNDA:0,(anonymous_0)
FNDA:0,(anonymous_1)
FNDA:0,(anonymous_2)
DA:2,0
DA:3,0
DA:5,0
DA:7,0
DA:8,0
DA:9,0
DA:10,0
DA:13,0
DA:14,0
DA:15,0
DA:18,0
DA:19,0
DA:22,0
DA:24,0
DA:25,0
DA:27,0
DA:29,0
LF:17
LH:0
BRDA:8,0,0,0
BRDA:8,0,1,0
BRDA:8,1,0,0
BRDA:8,1,1,0
BRDA:13,2,0,0
BRDA:13,2,1,0
BRDA:13,3,0,0
BRDA:13,3,1,0
BRDA:18,4,0,0
BRDA:18,4,1,0
BRDA:18,5,0,0
BRDA:18,5,1,0
BRDA:24,6,0,0
BRDA:24,6,1,0
BRF:14
BRH:0
end_of_record
TN:
SF:/home/travis/build/daniele-athome/codimd/lib/imageRouter/minio.js
FN:18,(anonymous_0)
FN:29,(anonymous_1)
FN:38,(anonymous_2)
FNF:3
FNH:0
FNDA:0,(anonymous_0)
FNDA:0,(anonymous_1)
FNDA:0,(anonymous_2)
DA:2,0
DA:3,0
DA:5,0
DA:6,0
DA:7,0
DA:9,0
DA:10,0
DA:18,0
DA:19,0
DA:20,0
DA:21,0
DA:24,0
DA:25,0
DA:26,0
DA:29,0
DA:30,0
DA:31,0
DA:32,0
DA:35,0
DA:36,0
DA:38,0
DA:39,0
DA:40,0
DA:41,0
DA:43,0
DA:44,0
DA:45,0
LF:27
LH:0
BRDA:19,0,0,0
BRDA:19,0,1,0
BRDA:19,1,0,0
BRDA:19,1,1,0
BRDA:24,2,0,0
BRDA:24,2,1,0
BRDA:24,3,0,0
BRDA:24,3,1,0
BRDA:30,4,0,0
BRDA:30,4,1,0
BRDA:36,5,0,0
BRDA:36,5,1,0
BRDA:39,6,0,0
BRDA:39,6,1,0
BRDA:44,7,0,0
BRDA:44,7,1,0
BRF:16
BRH:0
end_of_record
TN:
SF:/home/travis/build/daniele-athome/codimd/lib/imageRouter/notable.js
FN:6,(anonymous_0)
FNF:1
FNH:0
FNDA:0,(anonymous_0)
DA:2,0
DA:4,0
DA:6,0
DA:7,0
DA:8,0
DA:9,0
DA:12,0
DA:13,0
DA:14,0
DA:17,0
DA:18,0
LF:11
LH:0
BRDA:7,0,0,0
BRDA:7,0,1,0
BRDA:7,1,0,0
BRDA:7,1,1,0
BRDA:12,2,0,0
BRDA:12,2,1,0
BRDA:12,3,0,0
BRDA:12,3,1,0
BRF:8
BRH:0
end_of_record
TN:
SF:/home/travis/build/daniele-athome/codimd/lib/imageRouter/s3.js
FN:14,(anonymous_0)
FN:25,(anonymous_1)
FN:41,(anonymous_2)
FN:49,(anonymous_3)
FNF:4
FNH:0
FNDA:0,(anonymous_0)
FNDA:0,(anonymous_1)
FNDA:0,(anonymous_2)
FNDA:0,(anonymous_3)
DA:2,0
DA:3,0
DA:5,0
DA:6,0
DA:7,0
DA:9,0
DA:10,0
DA:12,0
DA:14,0
DA:15,0
DA:16,0
DA:17,0
DA:20,0
DA:21,0
DA:22,0
DA:25,0
DA:26,0
DA:27,0
DA:28,0
DA:30,0
DA:36,0
DA:37,0
DA:39,0
DA:41,0
DA:42,0
DA:43,0
DA:44,0
DA:45,0
DA:46,0
DA:48,0
DA:50,0
DA:51,0
LF:32
LH:0
BRDA:15,0,0,0
BRDA:15,0,1,0
BRDA:15,1,0,0
BRDA:15,1,1,0
BRDA:20,2,0,0
BRDA:20,2,1,0
BRDA:20,3,0,0
BRDA:20,3,1,0
BRDA:26,4,0,0
BRDA:26,4,1,0
BRDA:37,5,0,0
BRDA:37,5,1,0
BRDA:43,6,0,0
BRDA:43,6,1,0
BRDA:45,7,0,0
BRDA:45,7,1,0
BRDA:45,8,0,0
BRDA:45,8,1,0
BRDA:50,9,0,0
BRDA:50,9,1,0
BRF:20
BRH:0
end_of_record
TN:
SF:/home/travis/build/daniele-athome/codimd/lib/middleware/checkURIValid.js
FN:6,(anonymous_0)
FNF:1
FNH:0
FNDA:0,(anonymous_0)
DA:3,0
DA:4,0
DA:6,0
DA:7,0
DA:8,0
DA:10,0
DA:11,0
DA:13,0
LF:8
LH:0
BRF:0
BRH:0
end_of_record
TN:
SF:/home/travis/build/daniele-athome/codimd/lib/middleware/codiMDVersion.js
FN:5,(anonymous_0)
FNF:1
FNH:0
FNDA:0,(anonymous_0)
DA:3,0
DA:5,0
DA:6,0
DA:9,0
LF:4
LH:0
BRF:0
BRH:0
end_of_record
TN:
SF:/home/travis/build/daniele-athome/codimd/lib/middleware/redirectWithoutTrailingSlashes.js
FN:5,(anonymous_0)
FNF:1
FNH:0
FNDA:0,(anonymous_0)
DA:3,0
DA:5,0
DA:6,0
DA:7,0
DA:8,0
DA:9,0
DA:10,0
DA:11,0
DA:13,0
DA:15,0
LF:10
LH:0
BRDA:6,0,0,0
BRDA:6,0,1,0
BRDA:6,1,0,0
BRDA:6,1,1,0
BRDA:6,1,2,0
BRDA:10,2,0,0
BRDA:10,2,1,0
BRF:7
BRH:0
end_of_record
TN:
SF:/home/travis/build/daniele-athome/codimd/lib/middleware/tooBusy.js
FN:10,(anonymous_0)
FNF:1
FNH:0
FNDA:0,(anonymous_0)
DA:3,0
DA:5,0
DA:6,0
DA:8,0
DA:10,0
DA:11,0
DA:12,0
DA:14,0
LF:8
LH:0
BRDA:11,0,0,0
BRDA:11,0,1,0
BRF:2
BRH:0
end_of_record
TN:
SF:/home/travis/build/daniele-athome/codimd/lib/migrations/20150504155329-create-users.js
FN:3,(anonymous_0)
FN:21,(anonymous_1)
FNF:2
FNH:0
FNDA:0,(anonymous_0)
FNDA:0,(anonymous_1)
DA:2,0
DA:4,0
DA:22,0
LF:3
LH:0
BRF:0
BRH:0
end_of_record
TN:
SF:/home/travis/build/daniele-athome/codimd/lib/migrations/20150508114741-create-notes.js
FN:3,(anonymous_0)
FN:18,(anonymous_1)
FNF:2
FNH:0
FNDA:0,(anonymous_0)
FNDA:0,(anonymous_1)
DA:2,0
DA:4,0
DA:19,0
LF:3
LH:0
BRF:0
BRH:0
end_of_record
TN:
SF:/home/travis/build/daniele-athome/codimd/lib/migrations/20150515125813-create-temp.js
FN:3,(anonymous_0)
FN:15,(anonymous_1)
FNF:2
FNH:0
FNDA:0,(anonymous_0)
FNDA:0,(anonymous_1)
DA:2,0
DA:4,0
DA:16,0
LF:3
LH:0
BRF:0
BRH:0
end_of_record
TN:
SF:/home/travis/build/daniele-athome/codimd/lib/migrations/20150702001020-update-to-0_3_1.js
FN:3,(anonymous_0)
FN:8,(anonymous_1)
FN:12,(anonymous_2)
FN:18,(anonymous_3)
FN:23,(anonymous_4)
FN:32,(anonymous_5)
FN:34,(anonymous_6)
FN:37,(anonymous_7)
FN:40,(anonymous_8)
FNF:9
FNH:0
FNDA:0,(anonymous_0)
FNDA:0,(anonymous_1)
FNDA:0,(anonymous_2)
FNDA:0,(anonymous_3)
FNDA:0,(anonymous_4)
FNDA:0,(anonymous_5)
FNDA:0,(anonymous_6)
FNDA:0,(anonymous_7)
FNDA:0,(anonymous_8)
DA:2,0
DA:4,0
DA:9,0
DA:13,0
DA:19,0
DA:24,0
DA:25,0
DA:27,0
DA:33,0
DA:35,0
DA:38,0
DA:41,0
LF:12
LH:0
BRDA:24,0,0,0
BRDA:24,0,1,0
BRDA:24,1,0,0
BRDA:24,1,1,0
BRDA:24,1,2,0
BRF:5
BRH:0
end_of_record
TN:
SF:/home/travis/build/daniele-athome/codimd/lib/migrations/20150915153700-change-notes-title-to-text.js
FN:4,(anonymous_0)
FN:7,(anonymous_1)
FN:15,(anonymous_2)
FN:18,(anonymous_3)
FNF:4
FNH:0
FNDA:0,(anonymous_0)
FNDA:0,(anonymous_1)
FNDA:0,(anonymous_2)
FNDA:0,(anonymous_3)
DA:2,0
DA:3,0
DA:5,0
DA:8,0
DA:10,0
DA:16,0
DA:19,0
DA:21,0
LF:8
LH:0
BRDA:8,0,0,0
BRDA:8,0,1,0
BRDA:19,1,0,0
BRDA:19,1,1,0
BRF:4
BRH:0
end_of_record
TN:
SF:/home/travis/build/daniele-athome/codimd/lib/migrations/20160112220142-note-add-lastchange.js
FN:3,(anonymous_0)
FN:6,(anonymous_1)
FN:10,(anonymous_2)
FN:19,(anonymous_3)
FN:21,(anonymous_4)
FNF:5
FNH:0
FNDA:0,(anonymous_0)
FNDA:0,(anonymous_1)
FNDA:0,(anonymous_2)
FNDA:0,(anonymous_3)
FNDA:0,(anonymous_4)
DA:2,0
DA:4,0
DA:7,0
DA:11,0
DA:12,0
DA:14,0
DA:20,0
DA:22,0
LF:8
LH:0
BRDA:11,0,0,0
BRDA:11,0,1,0
BRDA:11,1,0,0
BRDA:11,1,1,0
BRDA:11,1,2,0
BRF:5
BRH:0
end_of_record
TN:
SF:/home/travis/build/daniele-athome/codimd/lib/migrations/20160420180355-note-add-alias.js
FN:3,(anonymous_0)
FN:6,(anonymous_1)
FN:10,(anonymous_2)
FN:19,(anonymous_3)
FN:20,(anonymous_4)
FNF:5
FNH:0
FNDA:0,(anonymous_0)
FNDA:0,(anonymous_1)
FNDA:0,(anonymous_2)
FNDA:0,(anonymous_3)
FNDA:0,(anonymous_4)
DA:2,0
DA:4,0
DA:7,0
DA:11,0
DA:12,0
DA:14,0
DA:20,0
DA:21,0
LF:8
LH:0
BRDA:11,0,0,0
BRDA:11,0,1,0
BRDA:11,1,0,0
BRDA:11,1,1,0
BRDA:11,1,2,0
BRF:5
BRH:0
end_of_record
TN:
SF:/home/travis/build/daniele-athome/codimd/lib/migrations/20160515114000-user-add-tokens.js
FN:3,(anonymous_0)
FN:4,(anonymous_1)
FN:6,(anonymous_2)
FN:15,(anonymous_3)
FN:16,(anonymous_4)
FNF:5
FNH:0
FNDA:0,(anonymous_0)
FNDA:0,(anonymous_1)
FNDA:0,(anonymous_2)
FNDA:0,(anonymous_3)
FNDA:0,(anonymous_4)
DA:2,0
DA:4,0
DA:5,0
DA:7,0
DA:8,0
DA:10,0
DA:16,0
DA:17,0
LF:8
LH:0
BRDA:7,0,0,0
BRDA:7,0,1,0
BRDA:7,1,0,0
BRDA:7,1,1,0
BRDA:7,1,2,0
BRF:5
BRH:0
end_of_record
TN:
SF:/home/travis/build/daniele-athome/codimd/lib/migrations/20160607060246-support-revision.js
FN:3,(anonymous_0)
FN:4,(anonymous_1)
FN:18,(anonymous_2)
FN:27,(anonymous_3)
FN:28,(anonymous_4)
FNF:5
FNH:0
FNDA:0,(anonymous_0)
FNDA:0,(anonymous_1)
FNDA:0,(anonymous_2)
FNDA:0,(anonymous_3)
FNDA:0,(anonymous_4)
DA:2,0
DA:4,0
DA:5,0
DA:19,0
DA:20,0
DA:22,0
DA:28,0
DA:29,0
LF:8
LH:0
BRDA:19,0,0,0
BRDA:19,0,1,0
BRDA:19,1,0,0
BRDA:19,1,1,0
BRF:4
BRH:0
end_of_record
TN:
SF:/home/travis/build/daniele-athome/codimd/lib/migrations/20160703062241-support-authorship.js
FN:3,(anonymous_0)
FN:4,(anonymous_1)
FN:6,(anonymous_2)
FN:19,(anonymous_3)
FN:28,(anonymous_4)
FN:29,(anonymous_5)
FN:31,(anonymous_6)
FNF:7
FNH:0
FNDA:0,(anonymous_0)
FNDA:0,(anonymous_1)
FNDA:0,(anonymous_2)
FNDA:0,(anonymous_3)
FNDA:0,(anonymous_4)
FNDA:0,(anonymous_5)
FNDA:0,(anonymous_6)
DA:2,0
DA:4,0
DA:5,0
DA:7,0
DA:20,0
DA:21,0
DA:23,0
DA:29,0
DA:30,0
DA:32,0
LF:10
LH:0
BRDA:20,0,0,0
BRDA:20,0,1,0
BRDA:20,1,0,0
BRDA:20,1,1,0
BRDA:20,1,2,0
BRF:5
BRH:0
end_of_record
TN:
SF:/home/travis/build/daniele-athome/codimd/lib/migrations/20161009040430-support-delete-note.js
FN:3,(anonymous_0)
FN:4,(anonymous_1)
FN:13,(anonymous_2)
FNF:3
FNH:0
FNDA:0,(anonymous_0)
FNDA:0,(anonymous_1)
FNDA:0,(anonymous_2)
DA:2,0
DA:4,0
DA:5,0
DA:6,0
DA:8,0
DA:14,0
LF:6
LH:0
BRDA:5,0,0,0
BRDA:5,0,1,0
BRDA:5,1,0,0
BRDA:5,1,1,0
BRDA:5,1,2,0
BRF:5
BRH:0
end_of_record
TN:
SF:/home/travis/build/daniele-athome/codimd/lib/migrations/20161201050312-support-email-signin.js
FN:3,(anonymous_0)
FN:4,(anonymous_1)
FN:5,(anonymous_2)
FN:12,(anonymous_3)
FN:21,(anonymous_4)
FN:22,(anonymous_5)
FNF:6
FNH:0
FNDA:0,(anonymous_0)
FNDA:0,(anonymous_1)
FNDA:0,(anonymous_2)
FNDA:0,(anonymous_3)
FNDA:0,(anonymous_4)
FNDA:0,(anonymous_5)
DA:2,0
DA:4,0
DA:5,0
DA:6,0
DA:7,0
DA:9,0
DA:13,0
DA:14,0
DA:16,0
DA:22,0
DA:23,0
LF:11
LH:0
BRDA:6,0,0,0
BRDA:6,0,1,0
BRDA:6,1,0,0
BRDA:6,1,1,0
BRDA:13,2,0,0
BRDA:13,2,1,0
BRDA:13,3,0,0
BRDA:13,3,1,0
BRDA:13,3,2,0
BRF:9
BRH:0
end_of_record
TN:
SF:/home/travis/build/daniele-athome/codimd/lib/migrations/20171009121200-longtext-for-mysql.js
FN:3,(anonymous_0)
FN:10,(anonymous_1)
FNF:2
FNH:0
FNDA:0,(anonymous_0)
FNDA:0,(anonymous_1)
DA:2,0
DA:4,0
DA:5,0
DA:6,0
DA:7,0
DA:11,0
DA:12,0
DA:13,0
DA:14,0
LF:9
LH:0
BRF:0
BRH:0
end_of_record
TN:
SF:/home/travis/build/daniele-athome/codimd/lib/migrations/20180209120907-longtext-of-authorship.js
FN:4,(anonymous_0)
FN:9,(anonymous_1)
FNF:2
FNH:0
FNDA:0,(anonymous_0)
FNDA:0,(anonymous_1)
DA:3,0
DA:5,0
DA:6,0
DA:10,0
DA:11,0
LF:5
LH:0
BRF:0
BRH:0
end_of_record
TN:
SF:/home/travis/build/daniele-athome/codimd/lib/migrations/20180306150303-fix-enum.js
FN:4,(anonymous_0)
FN:8,(anonymous_1)
FNF:2
FNH:0
FNDA:0,(anonymous_0)
FNDA:0,(anonymous_1)
DA:3,0
DA:5,0
DA:9,0
LF:3
LH:0
BRF:0
BRH:0
end_of_record
TN:
SF:/home/travis/build/daniele-athome/codimd/lib/migrations/20180326103000-use-text-in-tokens.js
FN:4,(anonymous_0)
FN:7,(anonymous_1)
FN:14,(anonymous_2)
FN:17,(anonymous_3)
FNF:4
FNH:0
FNDA:0,(anonymous_0)
FNDA:0,(anonymous_1)
FNDA:0,(anonymous_2)
FNDA:0,(anonymous_3)
DA:3,0
DA:5,0
DA:8,0
DA:15,0
DA:18,0
LF:5
LH:0
BRF:0
BRH:0
end_of_record
TN:
SF:/home/travis/build/daniele-athome/codimd/lib/migrations/20180525153000-user-add-delete-token.js
FN:3,(anonymous_0)
FN:10,(anonymous_1)
FNF:2
FNH:0
FNDA:0,(anonymous_0)
FNDA:0,(anonymous_1)
DA:2,0
DA:4,0
DA:11,0
LF:3
LH:0
BRF:0
BRH:0
end_of_record
TN:
SF:/home/travis/build/daniele-athome/codimd/lib/migrations/20200104215332-remove-temp-table.js
FN:4,(anonymous_0)
FN:15,(anonymous_1)
FNF:2
FNH:0
FNDA:0,(anonymous_0)
FNDA:0,(anonymous_1)
DA:3,0
DA:5,0
DA:16,0
LF:3
LH:0
BRF:0
BRH:0
end_of_record
TN:
SF:/home/travis/build/daniele-athome/codimd/lib/models/author.js
FN:5,(anonymous_0)
FN:24,(anonymous_1)
FNF:2
FNH:0
FNDA:0,(anonymous_0)
FNDA:0,(anonymous_1)
DA:3,0
DA:5,0
DA:6,0
DA:24,0
DA:25,0
DA:32,0
DA:41,0
LF:7
LH:0
BRF:0
BRH:0
end_of_record
TN:
SF:/home/travis/build/daniele-athome/codimd/lib/models/index.js
FN:13,(anonymous_0)
FN:28,stripNullByte
FN:35,processData
FN:44,(anonymous_3)
FN:47,(anonymous_4)
FN:52,(anonymous_5)
FNF:6
FNH:0
FNDA:0,(anonymous_0)
FNDA:0,stripNullByte
FNDA:0,processData
FNDA:0,(anonymous_3)
FNDA:0,(anonymous_4)
FNDA:0,(anonymous_5)
DA:3,0
DA:4,0
DA:5,0
DA:6,0
DA:9,0
DA:10,0
DA:12,0
DA:13,0
DA:14,0
DA:17,0
DA:20,0
DA:21,0
DA:23,0
DA:29,0
DA:31,0
DA:33,0
DA:36,0
DA:37,0
DA:39,0
DA:41,0
DA:43,0
DA:45,0
DA:48,0
DA:49,0
DA:52,0
DA:53,0
DA:54,0
DA:58,0
DA:59,0
DA:61,0
LF:30
LH:0
BRDA:13,0,0,0
BRDA:13,0,1,0
BRDA:20,1,0,0
BRDA:20,1,1,0
BRDA:31,2,0,0
BRDA:31,2,1,0
BRDA:36,3,0,0
BRDA:36,3,1,0
BRDA:37,4,0,0
BRDA:37,4,1,0
BRDA:37,5,0,0
BRDA:37,5,1,0
BRDA:45,6,0,0
BRDA:45,6,1,0
BRDA:53,7,0,0
BRDA:53,7,1,0
BRF:16
BRH:0
end_of_record
TN:
SF:/home/travis/build/daniele-athome/codimd/lib/models/note.js
FN:29,(anonymous_0)
FN:57,(anonymous_1)
FN:60,(anonymous_2)
FN:66,(anonymous_3)
FN:69,(anonymous_4)
FN:75,(anonymous_5)
FN:78,(anonymous_6)
FN:91,(anonymous_7)
FN:92,(anonymous_8)
FN:123,(anonymous_9)
FN:124,(anonymous_10)
FN:125,(anonymous_11)
FN:133,(anonymous_12)
FN:143,(anonymous_13)
FN:166,(anonymous_14)
FN:173,(anonymous_15)
FN:179,(anonymous_16)
FN:191,(anonymous_17)
FN:196,(anonymous_18)
FN:197,(anonymous_19)
FN:198,(anonymous_20)
FN:206,(anonymous_21)
FN:208,(anonymous_22)
FN:214,(anonymous_23)
FN:230,(anonymous_24)
FN:231,(anonymous_25)
FN:242,(anonymous_26)
FN:244,(anonymous_27)
FN:248,(anonymous_28)
FN:264,(anonymous_29)
FN:266,(anonymous_30)
FN:273,(anonymous_31)
FN:278,(anonymous_32)
FN:301,(anonymous_33)
FN:311,(anonymous_34)
FN:319,(anonymous_35)
FN:322,(anonymous_36)
FN:332,(anonymous_37)
FN:340,(anonymous_38)
FN:348,(anonymous_39)
FN:353,(anonymous_40)
FN:364,(anonymous_41)
FN:367,(anonymous_42)
FN:370,(anonymous_43)
FN:374,(anonymous_44)
FN:390,(anonymous_45)
FN:412,(anonymous_46)
FN:426,(anonymous_47)
FN:438,(anonymous_48)
FN:539,(anonymous_49)
FN:598,(anonymous_50)
FNF:51
FNH:0
FNDA:0,(anonymous_0)
FNDA:0,(anonymous_1)
FNDA:0,(anonymous_2)
FNDA:0,(anonymous_3)
FNDA:0,(anonymous_4)
FNDA:0,(anonymous_5)
FNDA:0,(anonymous_6)
FNDA:0,(anonymous_7)
FNDA:0,(anonymous_8)
FNDA:0,(anonymous_9)
FNDA:0,(anonymous_10)
FNDA:0,(anonymous_11)
FNDA:0,(anonymous_12)
FNDA:0,(anonymous_13)
FNDA:0,(anonymous_14)
FNDA:0,(anonymous_15)
FNDA:0,(anonymous_16)
FNDA:0,(anonymous_17)
FNDA:0,(anonymous_18)
FNDA:0,(anonymous_19)
FNDA:0,(anonymous_20)
FNDA:0,(anonymous_21)
FNDA:0,(anonymous_22)
FNDA:0,(anonymous_23)
FNDA:0,(anonymous_24)
FNDA:0,(anonymous_25)
FNDA:0,(anonymous_26)
FNDA:0,(anonymous_27)
FNDA:0,(anonymous_28)
FNDA:0,(anonymous_29)
FNDA:0,(anonymous_30)
FNDA:0,(anonymous_31)
FNDA:0,(anonymous_32)
FNDA:0,(anonymous_33)
FNDA:0,(anonymous_34)
FNDA:0,(anonymous_35)
FNDA:0,(anonymous_36)
FNDA:0,(anonymous_37)
FNDA:0,(anonymous_38)
FNDA:0,(anonymous_39)
FNDA:0,(anonymous_40)
FNDA:0,(anonymous_41)
FNDA:0,(anonymous_42)
FNDA:0,(anonymous_43)
FNDA:0,(anonymous_44)
FNDA:0,(anonymous_45)
FNDA:0,(anonymous_46)
FNDA:0,(anonymous_47)
FNDA:0,(anonymous_48)
FNDA:0,(anonymous_49)
FNDA:0,(anonymous_50)
DA:3,0
DA:4,0
DA:5,0
DA:6,0
DA:7,0
DA:8,0
DA:9,0
DA:10,0
DA:11,0
DA:12,0
DA:13,0
DA:14,0
DA:15,0
DA:17,0
DA:20,0
DA:21,0
DA:24,0
DA:27,0
DA:29,0
DA:30,0
DA:58,0
DA:61,0
DA:67,0
DA:70,0
DA:76,0
DA:79,0
DA:92,0
DA:94,0
DA:95,0
DA:96,0
DA:97,0
DA:98,0
DA:100,0
DA:102,0
DA:103,0
DA:104,0
DA:105,0
DA:106,0
DA:107,0
DA:108,0
DA:113,0
DA:114,0
DA:115,0
DA:117,0
DA:120,0
DA:124,0
DA:125,0
DA:126,0
DA:127,0
DA:129,0
DA:134,0
DA:135,0
DA:137,0
DA:143,0
DA:144,0
DA:151,0
DA:156,0
DA:160,0
DA:166,0
DA:167,0
DA:168,0
DA:170,0
DA:173,0
DA:175,0
DA:176,0
DA:177,0
DA:179,0
DA:181,0
DA:183,0
DA:184,0
DA:185,0
DA:186,0
DA:187,0
DA:188,0
DA:189,0
DA:191,0
DA:192,0
DA:193,0
DA:194,0
DA:196,0
DA:197,0
DA:198,0
DA:199,0
DA:200,0
DA:202,0
DA:206,0
DA:207,0
DA:210,0
DA:215,0
DA:216,0
DA:217,0
DA:220,0
DA:221,0
DA:222,0
DA:223,0
DA:224,0
DA:225,0
DA:226,0
DA:231,0
DA:232,0
DA:234,0
DA:235,0
DA:236,0
DA:237,0
DA:238,0
DA:240,0
DA:243,0
DA:245,0
DA:249,0
DA:252,0
DA:255,0
DA:258,0
DA:259,0
DA:260,0
DA:265,0
DA:267,0
DA:270,0
DA:274,0
DA:284,0
DA:285,0
DA:286,0
DA:289,0
DA:290,0
DA:291,0
DA:293,0
DA:294,0
DA:296,0
DA:298,0
DA:303,0
DA:304,0
DA:305,0
DA:307,0
DA:308,0
DA:313,0
DA:314,0
DA:315,0
DA:320,0
DA:321,0
DA:323,0
DA:326,0
DA:329,0
DA:333,0
DA:334,0
DA:335,0
DA:337,0
DA:340,0
DA:341,0
DA:342,0
DA:343,0
DA:348,0
DA:349,0
DA:350,0
DA:351,0
DA:353,0
DA:354,0
DA:355,0
DA:356,0
DA:358,0
DA:359,0
DA:361,0
DA:362,0
DA:364,0
DA:365,0
DA:367,0
DA:368,0
DA:370,0
DA:371,0
DA:372,0
DA:374,0
DA:375,0
DA:376,0
DA:378,0
DA:379,0
DA:380,0
DA:381,0
DA:383,0
DA:384,0
DA:385,0
DA:386,0
DA:389,0
DA:390,0
DA:391,0
DA:392,0
DA:393,0
DA:394,0
DA:395,0
DA:400,0
DA:401,0
DA:402,0
DA:403,0
DA:404,0
DA:405,0
DA:408,0
DA:410,0
DA:412,0
DA:413,0
DA:414,0
DA:415,0
DA:416,0
DA:417,0
DA:419,0
DA:424,0
DA:426,0
DA:427,0
DA:428,0
DA:429,0
DA:430,0
DA:431,0
DA:432,0
DA:433,0
DA:434,0
DA:436,0
DA:438,0
DA:439,0
DA:440,0
DA:441,0
DA:442,0
DA:443,0
DA:444,0
DA:445,0
DA:446,0
DA:447,0
DA:448,0
DA:450,0
DA:452,0
DA:453,0
DA:454,0
DA:455,0
DA:456,0
DA:457,0
DA:459,0
DA:460,0
DA:461,0
DA:462,0
DA:463,0
DA:464,0
DA:465,0
DA:466,0
DA:467,0
DA:468,0
DA:469,0
DA:470,0
DA:471,0
DA:472,0
DA:473,0
DA:477,0
DA:478,0
DA:479,0
DA:483,0
DA:484,0
DA:485,0
DA:486,0
DA:487,0
DA:488,0
DA:489,0
DA:490,0
DA:491,0
DA:492,0
DA:493,0
DA:494,0
DA:495,0
DA:496,0
DA:497,0
DA:498,0
DA:499,0
DA:500,0
DA:501,0
DA:502,0
DA:503,0
DA:505,0
DA:506,0
DA:507,0
DA:511,0
DA:515,0
DA:516,0
DA:517,0
DA:518,0
DA:519,0
DA:520,0
DA:521,0
DA:522,0
DA:523,0
DA:524,0
DA:525,0
DA:530,0
DA:531,0
DA:532,0
DA:533,0
DA:534,0
DA:537,0
DA:539,0
DA:540,0
DA:541,0
DA:543,0
DA:544,0
DA:545,0
DA:546,0
DA:547,0
DA:549,0
DA:550,0
DA:552,0
DA:553,0
DA:558,0
DA:559,0
DA:560,0
DA:561,0
DA:562,0
DA:563,0
DA:564,0
DA:565,0
DA:566,0
DA:567,0
DA:569,0
DA:571,0
DA:572,0
DA:574,0
DA:577,0
DA:579,0
DA:580,0
DA:582,0
DA:583,0
DA:584,0
DA:585,0
DA:587,0
DA:588,0
DA:589,0
DA:590,0
DA:593,0
DA:596,0
DA:598,0
DA:599,0
DA:600,0
DA:601,0
DA:603,0
DA:604,0
DA:608,0
LF:336
LH:0
BRDA:94,0,0,0
BRDA:94,0,1,0
BRDA:97,1,0,0
BRDA:97,1,1,0
BRDA:102,2,0,0
BRDA:102,2,1,0
BRDA:107,3,0,0
BRDA:107,3,1,0
BRDA:113,4,0,0
BRDA:113,4,1,0
BRDA:114,5,0,0
BRDA:114,5,1,0
BRDA:126,6,0,0
BRDA:126,6,1,0
BRDA:135,7,0,0
BRDA:135,7,1,0
BRDA:194,8,0,0
BRDA:194,8,1,0
BRDA:194,9,0,0
BRDA:194,9,1,0
BRDA:199,10,0,0
BRDA:199,10,1,0
BRDA:215,11,0,0
BRDA:215,11,1,0
BRDA:217,12,0,0
BRDA:217,12,1,0
BRDA:221,13,0,0
BRDA:221,13,1,0
BRDA:225,14,0,0
BRDA:225,14,1,0
BRDA:225,15,0,0
BRDA:225,15,1,0
BRDA:232,16,0,0
BRDA:232,16,1,0
BRDA:259,17,0,0
BRDA:259,17,1,0
BRDA:285,18,0,0
BRDA:285,18,1,0
BRDA:291,19,0,0
BRDA:291,19,1,0
BRDA:291,20,0,0
BRDA:291,20,1,0
BRDA:293,21,0,0
BRDA:293,21,1,0
BRDA:305,22,0,0
BRDA:305,22,1,0
BRDA:305,23,0,0
BRDA:305,23,1,0
BRDA:314,24,0,0
BRDA:314,24,1,0
BRDA:320,25,0,0
BRDA:320,25,1,0
BRDA:333,26,0,0
BRDA:333,26,1,0
BRDA:355,27,0,0
BRDA:355,27,1,0
BRDA:355,28,0,0
BRDA:355,28,1,0
BRDA:355,28,2,0
BRDA:359,29,0,0
BRDA:359,29,1,0
BRDA:359,30,0,0
BRDA:359,30,1,0
BRDA:361,31,0,0
BRDA:361,31,1,0
BRDA:368,32,0,0
BRDA:368,32,1,0
BRDA:371,33,0,0
BRDA:371,33,1,0
BRDA:371,34,0,0
BRDA:371,34,1,0
BRDA:378,35,0,0
BRDA:378,35,1,0
BRDA:378,36,0,0
BRDA:378,36,1,0
BRDA:378,36,2,0
BRDA:380,37,0,0
BRDA:380,37,1,0
BRDA:380,38,0,0
BRDA:380,38,1,0
BRDA:383,39,0,0
BRDA:383,39,1,0
BRDA:386,40,0,0
BRDA:386,40,1,0
BRDA:391,41,0,0
BRDA:391,41,1,0
BRDA:395,42,0,0
BRDA:395,42,1,0
BRDA:403,43,0,0
BRDA:403,43,1,0
BRDA:408,44,0,0
BRDA:408,44,1,0
BRDA:416,45,0,0
BRDA:416,45,1,0
BRDA:417,46,0,0
BRDA:417,46,1,0
BRDA:428,47,0,0
BRDA:428,47,1,0
BRDA:429,48,0,0
BRDA:429,48,1,0
BRDA:429,49,0,0
BRDA:429,49,1,0
BRDA:429,49,2,0
BRDA:430,50,0,0
BRDA:430,50,1,0
BRDA:430,51,0,0
BRDA:430,51,1,0
BRDA:430,51,2,0
BRDA:431,52,0,0
BRDA:431,52,1,0
BRDA:431,53,0,0
BRDA:431,53,1,0
BRDA:431,53,2,0
BRDA:432,54,0,0
BRDA:432,54,1,0
BRDA:432,55,0,0
BRDA:432,55,1,0
BRDA:432,55,2,0
BRDA:433,56,0,0
BRDA:433,56,1,0
BRDA:433,57,0,0
BRDA:433,57,1,0
BRDA:433,57,2,0
BRDA:434,58,0,0
BRDA:434,58,1,0
BRDA:434,59,0,0
BRDA:434,59,1,0
BRDA:443,60,0,0
BRDA:443,60,1,0
BRDA:445,61,0,0
BRDA:445,61,1,0
BRDA:450,62,0,0
BRDA:450,62,1,0
BRDA:454,63,0,0
BRDA:454,63,1,0
BRDA:455,64,0,0
BRDA:455,64,1,0
BRDA:456,65,0,0
BRDA:456,65,1,0
BRDA:456,66,0,0
BRDA:456,66,1,0
BRDA:456,66,2,0
BRDA:457,67,0,0
BRDA:457,67,1,0
BRDA:457,68,0,0
BRDA:457,68,1,0
BRDA:466,69,0,0
BRDA:466,69,1,0
BRDA:470,70,0,0
BRDA:470,70,1,0
BRDA:477,71,0,0
BRDA:477,71,1,0
BRDA:484,72,0,0
BRDA:484,72,1,0
BRDA:487,73,0,0
BRDA:487,73,1,0
BRDA:489,74,0,0
BRDA:489,74,1,0
BRDA:492,75,0,0
BRDA:492,75,1,0
BRDA:492,76,0,0
BRDA:492,76,1,0
BRDA:492,76,2,0
BRDA:492,76,3,0
BRDA:495,77,0,0
BRDA:495,77,1,0
BRDA:495,78,0,0
BRDA:495,78,1,0
BRDA:495,78,2,0
BRDA:495,78,3,0
BRDA:498,79,0,0
BRDA:498,79,1,0
BRDA:498,80,0,0
BRDA:498,80,1,0
BRDA:501,81,0,0
BRDA:501,81,1,0
BRDA:501,82,0,0
BRDA:501,82,1,0
BRDA:505,83,0,0
BRDA:505,83,1,0
BRDA:519,84,0,0
BRDA:519,84,1,0
BRDA:519,85,0,0
BRDA:519,85,1,0
BRDA:519,85,2,0
BRDA:532,86,0,0
BRDA:532,86,1,0
BRDA:541,87,0,0
BRDA:541,87,1,0
BRDA:547,88,0,0
BRDA:547,88,1,0
BRDA:567,89,0,0
BRDA:567,89,1,0
BRDA:567,89,2,0
BRDA:569,90,0,0
BRDA:569,90,1,0
BRDA:572,91,0,0
BRDA:572,91,1,0
BRDA:600,92,0,0
BRDA:600,92,1,0
BRF:200
BRH:0
end_of_record
TN:
SF:/home/travis/build/daniele-athome/codimd/lib/models/revision.js
FN:19,createDmpWorker
FN:24,(anonymous_1)
FN:39,(anonymous_2)
FN:46,sendDmpWorker
FN:56,(anonymous_4)
FN:65,(anonymous_5)
FN:68,(anonymous_6)
FN:74,(anonymous_7)
FN:77,(anonymous_8)
FN:83,(anonymous_9)
FN:86,(anonymous_10)
FN:95,(anonymous_11)
FN:98,(anonymous_12)
FN:104,(anonymous_13)
FN:113,(anonymous_14)
FN:119,(anonymous_15)
FN:129,(anonymous_16)
FN:133,(anonymous_17)
FN:140,(anonymous_18)
FN:151,(anonymous_19)
FN:158,(anonymous_20)
FN:161,(anonymous_21)
FN:165,(anonymous_22)
FN:166,(anonymous_23)
FN:175,(anonymous_24)
FN:201,(anonymous_25)
FN:204,(anonymous_26)
FN:222,(anonymous_27)
FN:230,(anonymous_28)
FN:234,(anonymous_29)
FN:240,(anonymous_30)
FN:248,(anonymous_31)
FN:250,(anonymous_32)
FN:261,(anonymous_33)
FN:268,(anonymous_34)
FN:270,(anonymous_35)
FN:280,(anonymous_36)
FN:284,(anonymous_37)
FN:286,(anonymous_38)
FN:289,(anonymous_39)
FN:295,(anonymous_40)
FN:299,(anonymous_41)
FN:302,(anonymous_42)
FN:304,(anonymous_43)
FNF:44
FNH:0
FNDA:0,createDmpWorker
FNDA:0,(anonymous_1)
FNDA:0,(anonymous_2)
FNDA:0,sendDmpWorker
FNDA:0,(anonymous_4)
FNDA:0,(anonymous_5)
FNDA:0,(anonymous_6)
FNDA:0,(anonymous_7)
FNDA:0,(anonymous_8)
FNDA:0,(anonymous_9)
FNDA:0,(anonymous_10)
FNDA:0,(anonymous_11)
FNDA:0,(anonymous_12)
FNDA:0,(anonymous_13)
FNDA:0,(anonymous_14)
FNDA:0,(anonymous_15)
FNDA:0,(anonymous_16)
FNDA:0,(anonymous_17)
FNDA:0,(anonymous_18)
FNDA:0,(anonymous_19)
FNDA:0,(anonymous_20)
FNDA:0,(anonymous_21)
FNDA:0,(anonymous_22)
FNDA:0,(anonymous_23)
FNDA:0,(anonymous_24)
FNDA:0,(anonymous_25)
FNDA:0,(anonymous_26)
FNDA:0,(anonymous_27)
FNDA:0,(anonymous_28)
FNDA:0,(anonymous_29)
FNDA:0,(anonymous_30)
FNDA:0,(anonymous_31)
FNDA:0,(anonymous_32)
FNDA:0,(anonymous_33)
FNDA:0,(anonymous_34)
FNDA:0,(anonymous_35)
FNDA:0,(anonymous_36)
FNDA:0,(anonymous_37)
FNDA:0,(anonymous_38)
FNDA:0,(anonymous_39)
FNDA:0,(anonymous_40)
FNDA:0,(anonymous_41)
FNDA:0,(anonymous_42)
FNDA:0,(anonymous_43)
DA:3,0
DA:4,0
DA:5,0
DA:6,0
DA:7,0
DA:8,0
DA:10,0
DA:13,0
DA:14,0
DA:16,0
DA:17,0
DA:20,0
DA:23,0
DA:24,0
DA:25,0
DA:26,0
DA:28,0
DA:29,0
DA:31,0
DA:32,0
DA:34,0
DA:35,0
DA:37,0
DA:39,0
DA:40,0
DA:41,0
DA:43,0
DA:47,0
DA:48,0
DA:49,0
DA:50,0
DA:53,0
DA:56,0
DA:57,0
DA:66,0
DA:69,0
DA:75,0
DA:78,0
DA:84,0
DA:87,0
DA:96,0
DA:99,0
DA:104,0
DA:105,0
DA:113,0
DA:114,0
DA:120,0
DA:121,0
DA:122,0
DA:123,0
DA:128,0
DA:130,0
DA:133,0
DA:135,0
DA:141,0
DA:143,0
DA:152,0
DA:153,0
DA:159,0
DA:162,0
DA:165,0
DA:166,0
DA:167,0
DA:168,0
DA:169,0
DA:171,0
DA:175,0
DA:176,0
DA:202,0
DA:203,0
DA:204,0
DA:206,0
DA:207,0
DA:208,0
DA:209,0
DA:210,0
DA:211,0
DA:212,0
DA:213,0
DA:214,0
DA:216,0
DA:219,0
DA:220,0
DA:223,0
DA:224,0
DA:227,0
DA:228,0
DA:231,0
DA:234,0
DA:235,0
DA:241,0
DA:243,0
DA:249,0
DA:251,0
DA:254,0
DA:255,0
DA:256,0
DA:257,0
DA:262,0
DA:263,0
DA:265,0
DA:266,0
DA:269,0
DA:271,0
DA:274,0
DA:282,0
DA:285,0
DA:287,0
DA:290,0
DA:296,0
DA:299,0
DA:300,0
DA:303,0
DA:305,0
DA:309,0
LF:115
LH:0
BRDA:23,0,0,0
BRDA:23,0,1,0
BRDA:25,1,0,0
BRDA:25,1,1,0
BRDA:25,2,0,0
BRDA:25,2,1,0
BRDA:25,2,2,0
BRDA:29,3,0,0
BRDA:29,3,1,0
BRDA:41,4,0,0
BRDA:41,4,1,0
BRDA:47,5,0,0
BRDA:47,5,1,0
BRDA:99,6,0,0
BRDA:99,6,1,0
BRDA:141,7,0,0
BRDA:141,7,1,0
BRDA:152,8,0,0
BRDA:152,8,1,0
BRDA:167,9,0,0
BRDA:167,9,1,0
BRDA:168,10,0,0
BRDA:168,10,1,0
BRDA:168,11,0,0
BRDA:168,11,1,0
BRDA:202,12,0,0
BRDA:202,12,1,0
BRDA:206,13,0,0
BRDA:206,13,1,0
BRDA:206,14,0,0
BRDA:206,14,1,0
BRDA:209,15,0,0
BRDA:209,15,1,0
BRDA:212,16,0,0
BRDA:212,16,1,0
BRDA:223,17,0,0
BRDA:223,17,1,0
BRDA:227,18,0,0
BRDA:227,18,1,0
BRDA:227,19,0,0
BRDA:227,19,1,0
BRDA:241,20,0,0
BRDA:241,20,1,0
BRDA:245,21,0,0
BRDA:245,21,1,0
BRDA:246,22,0,0
BRDA:246,22,1,0
BRDA:255,23,0,0
BRDA:255,23,1,0
BRDA:262,24,0,0
BRDA:262,24,1,0
BRDA:263,25,0,0
BRDA:263,25,1,0
BRF:53
BRH:0
end_of_record
TN:
SF:/home/travis/build/daniele-athome/codimd/lib/models/user.js
FN:10,(anonymous_0)
FN:48,(anonymous_1)
FN:52,(anonymous_2)
FN:60,(anonymous_3)
FN:66,(anonymous_4)
FN:72,(anonymous_5)
FN:82,(anonymous_6)
FN:88,(anonymous_7)
FN:104,(anonymous_8)
FN:163,(anonymous_9)
FNF:10
FNH:0
FNDA:0,(anonymous_0)
FNDA:0,(anonymous_1)
FNDA:0,(anonymous_2)
FNDA:0,(anonymous_3)
FNDA:0,(anonymous_4)
FNDA:0,(anonymous_5)
FNDA:0,(anonymous_6)
FNDA:0,(anonymous_7)
FNDA:0,(anonymous_8)
FNDA:0,(anonymous_9)
DA:3,0
DA:4,0
DA:7,0
DA:8,0
DA:10,0
DA:11,0
DA:48,0
DA:49,0
DA:52,0
DA:53,0
DA:54,0
DA:57,0
DA:60,0
DA:62,0
DA:63,0
DA:66,0
DA:67,0
DA:68,0
DA:72,0
DA:73,0
DA:77,0
DA:82,0
DA:83,0
DA:84,0
DA:86,0
DA:88,0
DA:89,0
DA:90,0
DA:92,0
DA:93,0
DA:95,0
DA:96,0
DA:102,0
DA:104,0
DA:105,0
DA:106,0
DA:108,0
DA:109,0
DA:110,0
DA:111,0
DA:113,0
DA:114,0
DA:115,0
DA:116,0
DA:118,0
DA:121,0
DA:122,0
DA:123,0
DA:125,0
DA:126,0
DA:127,0
DA:128,0
DA:130,0
DA:132,0
DA:134,0
DA:135,0
DA:136,0
DA:137,0
DA:139,0
DA:141,0
DA:143,0
DA:144,0
DA:146,0
DA:147,0
DA:148,0
DA:149,0
DA:151,0
DA:152,0
DA:154,0
DA:155,0
DA:157,0
DA:158,0
DA:159,0
DA:161,0
DA:163,0
DA:164,0
DA:171,0
LF:77
LH:0
BRDA:53,0,0,0
BRDA:53,0,1,0
BRDA:62,1,0,0
BRDA:62,1,1,0
BRDA:67,2,0,0
BRDA:67,2,1,0
BRDA:83,3,0,0
BRDA:83,3,1,0
BRDA:86,4,0,0
BRDA:86,4,1,0
BRDA:86,5,0,0
BRDA:86,5,1,0
BRDA:95,6,0,0
BRDA:95,6,1,0
BRDA:97,7,0,0
BRDA:97,7,1,0
BRDA:106,8,0,0
BRDA:106,8,1,0
BRDA:106,8,2,0
BRDA:106,8,3,0
BRDA:106,8,4,0
BRDA:106,8,5,0
BRDA:106,8,6,0
BRDA:106,8,7,0
BRDA:106,8,8,0
BRDA:106,8,9,0
BRDA:109,9,0,0
BRDA:109,9,1,0
BRDA:114,10,0,0
BRDA:114,10,1,0
BRDA:118,11,0,0
BRDA:118,11,1,0
BRDA:118,12,0,0
BRDA:118,12,1,0
BRDA:121,13,0,0
BRDA:121,13,1,0
BRDA:126,14,0,0
BRDA:126,14,1,0
BRDA:127,15,0,0
BRDA:127,15,1,0
BRDA:135,16,0,0
BRDA:135,16,1,0
BRDA:136,17,0,0
BRDA:136,17,1,0
BRDA:147,18,0,0
BRDA:147,18,1,0
BRDA:158,19,0,0
BRDA:158,19,1,0
BRF:48
BRH:0
end_of_record
TN:
SF:/home/travis/build/daniele-athome/codimd/lib/note/index.js
FN:12,getNoteById
FN:36,createNote
FN:54,showNote
FN:93,canViewNote
FN:103,showPublishNote
FN:156,noteActions
FNF:6
FNH:0
FNDA:0,getNoteById
FNDA:0,createNote
FNDA:0,showNote
FNDA:0,canViewNote
FNDA:0,showPublishNote
FNDA:0,noteActions
DA:3,0
DA:4,0
DA:6,0
DA:8,0
DA:9,0
DA:10,0
DA:13,0
DA:15,0
DA:17,0
DA:18,0
DA:27,0
DA:33,0
DA:37,0
DA:38,0
DA:41,0
DA:46,0
DA:47,0
DA:50,0
DA:55,0
DA:56,0
DA:58,0
DA:60,0
DA:62,0
DA:63,0
DA:64,0
DA:65,0
DA:67,0
DA:68,0
DA:70,0
DA:71,0
DA:78,0
DA:81,0
DA:82,0
DA:86,0
DA:87,0
DA:88,0
DA:90,0
DA:94,0
DA:95,0
DA:97,0
DA:98,0
DA:100,0
DA:104,0
DA:106,0
DA:110,0
DA:111,0
DA:114,0
DA:115,0
DA:118,0
DA:119,0
DA:122,0
DA:124,0
DA:125,0
DA:126,0
DA:127,0
DA:128,0
DA:129,0
DA:130,0
DA:132,0
DA:149,0
DA:153,0
DA:157,0
DA:159,0
DA:161,0
DA:162,0
DA:165,0
DA:166,0
DA:169,0
DA:170,0
DA:173,0
DA:175,0
DA:177,0
DA:178,0
DA:180,0
DA:181,0
DA:183,0
DA:184,0
DA:186,0
DA:187,0
DA:189,0
DA:191,0
DA:192,0
DA:194,0
DA:195,0
DA:197,0
DA:198,0
DA:200,0
DA:204,0
DA:205,0
DA:206,0
LF:90
LH:0
BRDA:12,0,0,0
BRDA:17,1,0,0
BRDA:17,1,1,0
BRDA:37,2,0,0
BRDA:37,2,1,0
BRDA:37,3,0,0
BRDA:37,3,1,0
BRDA:46,4,0,0
BRDA:46,4,1,0
BRDA:56,5,0,0
BRDA:56,5,1,0
BRDA:60,6,0,0
BRDA:60,6,1,0
BRDA:62,7,0,0
BRDA:62,7,1,0
BRDA:62,8,0,0
BRDA:62,8,1,0
BRDA:64,9,0,0
BRDA:64,9,1,0
BRDA:64,10,0,0
BRDA:64,10,1,0
BRDA:68,11,0,0
BRDA:68,11,1,0
BRDA:68,12,0,0
BRDA:68,12,1,0
BRDA:81,13,0,0
BRDA:81,13,1,0
BRDA:87,14,0,0
BRDA:87,14,1,0
BRDA:87,15,0,0
BRDA:87,15,1,0
BRDA:87,15,2,0
BRDA:87,15,3,0
BRDA:88,16,0,0
BRDA:88,16,1,0
BRDA:94,17,0,0
BRDA:94,17,1,0
BRDA:97,18,0,0
BRDA:97,18,1,0
BRDA:97,19,0,0
BRDA:97,19,1,0
BRDA:110,20,0,0
BRDA:110,20,1,0
BRDA:114,21,0,0
BRDA:114,21,1,0
BRDA:114,22,0,0
BRDA:114,22,1,0
BRDA:118,23,0,0
BRDA:118,23,1,0
BRDA:118,24,0,0
BRDA:118,24,1,0
BRDA:118,24,2,0
BRDA:118,24,3,0
BRDA:119,25,0,0
BRDA:119,25,1,0
BRDA:130,26,0,0
BRDA:130,26,1,0
BRDA:134,27,0,0
BRDA:134,27,1,0
BRDA:134,28,0,0
BRDA:134,28,1,0
BRDA:139,29,0,0
BRDA:139,29,1,0
BRDA:140,30,0,0
BRDA:140,30,1,0
BRDA:141,31,0,0
BRDA:141,31,1,0
BRDA:142,32,0,0
BRDA:142,32,1,0
BRDA:143,33,0,0
BRDA:143,33,1,0
BRDA:161,34,0,0
BRDA:161,34,1,0
BRDA:165,35,0,0
BRDA:165,35,1,0
BRDA:165,36,0,0
BRDA:165,36,1,0
BRDA:170,37,0,0
BRDA:170,37,1,0
BRDA:170,37,2,0
BRDA:170,37,3,0
BRDA:170,37,4,0
BRDA:170,37,5,0
BRDA:170,37,6,0
BRDA:170,37,7,0
BRDA:170,37,8,0
BRDA:170,37,9,0
BRDA:183,38,0,0
BRDA:183,38,1,0
BRF:89
BRH:0
end_of_record
TN:
SF:/home/travis/build/daniele-athome/codimd/lib/note/noteActions.js
FN:16,actionPublish
FN:20,actionSlide
FN:24,actionDownload
FN:40,actionInfo
FN:67,actionPDF
FN:84,(anonymous_5)
FN:98,(anonymous_6)
FN:120,actionPandoc
FN:163,actionGist
FN:174,actionRevision
FN:181,(anonymous_10)
FN:199,(anonymous_11)
FNF:12
FNH:0
FNDA:0,actionPublish
FNDA:0,actionSlide
FNDA:0,actionDownload
FNDA:0,actionInfo
FNDA:0,actionPDF
FNDA:0,(anonymous_5)
FNDA:0,(anonymous_6)
FNDA:0,actionPandoc
FNDA:0,actionGist
FNDA:0,actionRevision
FNDA:0,(anonymous_10)
FNDA:0,(anonymous_11)
DA:3,0
DA:4,0
DA:5,0
DA:6,0
DA:7,0
DA:8,0
DA:9,0
DA:11,0
DA:12,0
DA:13,0
DA:14,0
DA:17,0
DA:21,0
DA:25,0
DA:26,0
DA:27,0
DA:28,0
DA:37,0
DA:41,0
DA:42,0
DA:43,0
DA:44,0
DA:45,0
DA:46,0
DA:47,0
DA:49,0
DA:57,0
DA:64,0
DA:68,0
DA:69,0
DA:70,0
DA:71,0
DA:72,0
DA:74,0
DA:76,0
DA:77,0
DA:79,0
DA:80,0
DA:81,0
DA:84,0
DA:85,0
DA:86,0
DA:87,0
DA:89,0
DA:90,0
DA:92,0
DA:94,0
DA:95,0
DA:96,0
DA:97,0
DA:98,0
DA:99,0
DA:100,0
DA:102,0
DA:106,0
DA:121,0
DA:122,0
DA:123,0
DA:124,0
DA:125,0
DA:127,0
DA:128,0
DA:130,0
DA:132,0
DA:133,0
DA:136,0
DA:138,0
DA:141,0
DA:145,0
DA:146,0
DA:148,0
DA:150,0
DA:151,0
DA:152,0
DA:153,0
DA:154,0
DA:157,0
DA:164,0
DA:170,0
DA:171,0
DA:175,0
DA:176,0
DA:177,0
DA:178,0
DA:179,0
DA:181,0
DA:182,0
DA:183,0
DA:184,0
DA:186,0
DA:187,0
DA:189,0
DA:196,0
DA:199,0
DA:200,0
DA:201,0
DA:202,0
DA:204,0
DA:207,0
DA:214,0
DA:219,0
DA:220,0
DA:221,0
DA:222,0
DA:223,0
DA:224,0
DA:225,0
DA:226,0
LF:108
LH:0
BRDA:17,0,0,0
BRDA:17,0,1,0
BRDA:21,1,0,0
BRDA:21,1,1,0
BRDA:50,2,0,0
BRDA:50,2,1,0
BRDA:51,3,0,0
BRDA:51,3,1,0
BRDA:51,4,0,0
BRDA:51,4,1,0
BRDA:68,5,0,0
BRDA:68,5,1,0
BRDA:76,6,0,0
BRDA:76,6,1,0
BRDA:85,7,0,0
BRDA:85,7,1,0
BRDA:121,8,0,0
BRDA:121,8,1,0
BRDA:127,9,0,0
BRDA:127,9,1,0
BRDA:176,10,0,0
BRDA:176,10,1,0
BRDA:178,11,0,0
BRDA:178,11,1,0
BRDA:182,12,0,0
BRDA:182,12,1,0
BRDA:186,13,0,0
BRDA:186,13,1,0
BRDA:200,14,0,0
BRDA:200,14,1,0
BRF:30
BRH:0
end_of_record
TN:
SF:/home/travis/build/daniele-athome/codimd/lib/ot/client.js
FN:7,(anonymous_0)
FN:11,Client
FN:16,(anonymous_2)
FN:21,(anonymous_3)
FN:26,(anonymous_4)
FN:30,(anonymous_5)
FN:34,(anonymous_6)
FN:38,(anonymous_7)
FN:48,(anonymous_8)
FN:53,(anonymous_9)
FN:58,(anonymous_10)
FN:65,Synchronized
FN:68,(anonymous_12)
FN:75,(anonymous_13)
FN:86,(anonymous_14)
FN:91,(anonymous_15)
FN:99,AwaitingConfirm
FN:105,(anonymous_17)
FN:111,(anonymous_18)
FN:131,(anonymous_19)
FN:141,(anonymous_20)
FN:145,(anonymous_21)
FN:154,AwaitingWithBuffer
FN:161,(anonymous_23)
FN:167,(anonymous_24)
FN:196,(anonymous_25)
FN:207,(anonymous_26)
FN:211,(anonymous_27)
FN:218,Stale
FN:225,(anonymous_29)
FN:229,(anonymous_30)
FN:233,(anonymous_31)
FN:245,(anonymous_32)
FN:249,(anonymous_33)
FN:253,(anonymous_34)
FN:259,StaleWithBuffer
FN:267,(anonymous_36)
FN:272,(anonymous_37)
FN:276,(anonymous_38)
FN:291,(anonymous_39)
FN:295,(anonymous_40)
FN:299,(anonymous_41)
FNF:42
FNH:2
FNDA:33,(anonymous_0)
FNDA:0,Client
FNDA:0,(anonymous_2)
FNDA:0,(anonymous_3)
FNDA:0,(anonymous_4)
FNDA:0,(anonymous_5)
FNDA:0,(anonymous_6)
FNDA:0,(anonymous_7)
FNDA:0,(anonymous_8)
FNDA:0,(anonymous_9)
FNDA:0,(anonymous_10)
FNDA:33,Synchronized
FNDA:0,(anonymous_12)
FNDA:0,(anonymous_13)
FNDA:0,(anonymous_14)
FNDA:0,(anonymous_15)
FNDA:0,AwaitingConfirm
FNDA:0,(anonymous_17)
FNDA:0,(anonymous_18)
FNDA:0,(anonymous_19)
FNDA:0,(anonymous_20)
FNDA:0,(anonymous_21)
FNDA:0,AwaitingWithBuffer
FNDA:0,(anonymous_23)
FNDA:0,(anonymous_24)
FNDA:0,(anonymous_25)
FNDA:0,(anonymous_26)
FNDA:0,(anonymous_27)
FNDA:0,Stale
FNDA:0,(anonymous_29)
FNDA:0,(anonymous_30)
FNDA:0,(anonymous_31)
FNDA:0,(anonymous_32)
FNDA:0,(anonymous_33)
FNDA:0,(anonymous_34)
FNDA:0,StaleWithBuffer
FNDA:0,(anonymous_36)
FNDA:0,(anonymous_37)
FNDA:0,(anonymous_38)
FNDA:0,(anonymous_39)
FNDA:0,(anonymous_40)
FNDA:0,(anonymous_41)
DA:3,33
DA:4,33
DA:7,33
DA:12,0
DA:13,0
DA:16,33
DA:17,0
DA:21,33
DA:22,0
DA:26,33
DA:27,0
DA:30,33
DA:31,0
DA:34,33
DA:35,0
DA:38,33
DA:39,0
DA:48,33
DA:49,0
DA:53,33
DA:54,0
DA:58,33
DA:59,0
DA:66,33
DA:68,33
DA:71,0
DA:72,0
DA:75,33
DA:76,0
DA:77,0
DA:79,0
DA:82,0
DA:83,0
DA:86,33
DA:87,0
DA:91,33
DA:94,33
DA:101,0
DA:103,33
DA:105,33
DA:108,0
DA:111,33
DA:112,0
DA:113,0
DA:115,0
DA:126,0
DA:127,0
DA:128,0
DA:131,33
DA:132,0
DA:133,0
DA:135,0
DA:138,0
DA:141,33
DA:142,0
DA:145,33
DA:148,0
DA:156,0
DA:157,0
DA:159,33
DA:161,33
DA:163,0
DA:164,0
DA:167,33
DA:168,0
DA:169,0
DA:171,0
DA:189,0
DA:190,0
DA:191,0
DA:192,0
DA:193,0
DA:196,33
DA:197,0
DA:198,0
DA:200,0
DA:203,0
DA:204,0
DA:207,33
DA:208,0
DA:211,33
DA:214,0
DA:219,0
DA:220,0
DA:221,0
DA:223,33
DA:225,33
DA:226,0
DA:229,33
DA:230,0
DA:233,33
DA:234,0
DA:235,0
DA:236,0
DA:237,0
DA:238,0
DA:239,0
DA:241,0
DA:242,0
DA:245,33
DA:246,0
DA:249,33
DA:250,0
DA:253,33
DA:254,0
DA:255,0
DA:260,0
DA:261,0
DA:262,0
DA:263,0
DA:265,33
DA:267,33
DA:268,0
DA:269,0
DA:272,33
DA:273,0
DA:276,33
DA:277,0
DA:278,0
DA:279,0
DA:280,0
DA:281,0
DA:282,0
DA:283,0
DA:284,0
DA:286,0
DA:287,0
DA:288,0
DA:291,33
DA:292,0
DA:295,33
DA:296,0
DA:299,33
DA:300,0
DA:301,0
DA:305,33
DA:309,33
DA:310,33
LF:138
LH:47
BRDA:3,0,0,33
BRDA:3,0,1,0
BRDA:39,1,0,0
BRDA:39,1,1,0
BRDA:76,2,0,0
BRDA:76,2,1,0
BRDA:112,3,0,0
BRDA:112,3,1,0
BRDA:132,4,0,0
BRDA:132,4,1,0
BRDA:168,5,0,0
BRDA:168,5,1,0
BRDA:197,6,0,0
BRDA:197,6,1,0
BRDA:309,7,0,33
BRDA:309,7,1,0
BRF:16
BRH:2
end_of_record
TN:
SF:/home/travis/build/daniele-athome/codimd/lib/ot/editor-socketio-server.js
FN:12,EditorSocketIOServer
FN:17,(anonymous_1)
FN:26,extend
FN:34,(anonymous_3)
FN:43,(anonymous_4)
FN:45,(anonymous_5)
FN:55,(anonymous_6)
FN:67,(anonymous_7)
FN:70,(anonymous_8)
FN:72,(anonymous_9)
FN:80,(anonymous_10)
FN:92,(anonymous_11)
FN:125,(anonymous_12)
FN:126,(anonymous_13)
FN:132,(anonymous_14)
FN:142,(anonymous_15)
FN:148,(anonymous_16)
FN:154,(anonymous_17)
FN:158,(anonymous_18)
FNF:19
FNH:1
FNDA:0,EditorSocketIOServer
FNDA:0,(anonymous_1)
FNDA:33,extend
FNDA:0,(anonymous_3)
FNDA:0,(anonymous_4)
FNDA:0,(anonymous_5)
FNDA:0,(anonymous_6)
FNDA:0,(anonymous_7)
FNDA:0,(anonymous_8)
FNDA:0,(anonymous_9)
FNDA:0,(anonymous_10)
FNDA:0,(anonymous_11)
FNDA:0,(anonymous_12)
FNDA:0,(anonymous_13)
FNDA:0,(anonymous_14)
FNDA:0,(anonymous_15)
FNDA:0,(anonymous_16)
FNDA:0,(anonymous_17)
FNDA:0,(anonymous_18)
DA:3,33
DA:4,33
DA:5,33
DA:6,33
DA:7,33
DA:8,33
DA:10,33
DA:13,0
DA:14,0
DA:15,0
DA:16,0
DA:17,0
DA:18,0
DA:20,0
DA:23,33
DA:24,33
DA:27,33
DA:28,594
DA:29,594
DA:34,33
DA:35,0
DA:36,0
DA:37,0
DA:42,0
DA:43,0
DA:44,0
DA:45,0
DA:46,0
DA:47,0
DA:48,0
DA:50,0
DA:51,0
DA:52,0
DA:53,0
DA:55,0
DA:56,0
DA:62,0
DA:67,0
DA:68,0
DA:70,0
DA:71,0
DA:72,0
DA:73,0
DA:74,0
DA:75,0
DA:77,0
DA:80,0
DA:81,0
DA:82,0
DA:83,0
DA:92,33
DA:94,0
DA:95,0
DA:100,0
DA:101,0
DA:102,0
DA:105,0
DA:106,0
DA:107,0
DA:108,0
DA:109,0
DA:110,0
DA:111,0
DA:112,0
DA:113,0
DA:118,0
DA:120,0
DA:121,0
DA:125,33
DA:126,0
DA:127,0
DA:129,0
DA:132,33
DA:133,0
DA:134,0
DA:135,0
DA:137,0
DA:139,0
DA:142,33
DA:143,0
DA:144,0
DA:145,0
DA:148,33
DA:149,0
DA:150,0
DA:151,0
DA:154,33
DA:155,0
DA:158,33
DA:159,0
DA:160,0
DA:161,0
DA:164,33
LF:93
LH:21
BRDA:17,0,0,0
BRDA:17,0,1,0
BRDA:28,1,0,594
BRDA:28,1,1,0
BRDA:46,2,0,0
BRDA:46,2,1,0
BRDA:52,3,0,0
BRDA:52,3,1,0
BRDA:73,4,0,0
BRDA:73,4,1,0
BRDA:77,5,0,0
BRDA:77,5,1,0
BRDA:97,6,0,0
BRDA:97,6,1,0
BRDA:108,7,0,0
BRDA:108,7,1,0
BRDA:134,8,0,0
BRDA:134,8,1,0
BRDA:155,9,0,0
BRDA:155,9,1,0
BRF:20
BRH:1
end_of_record
TN:
SF:/home/travis/build/daniele-athome/codimd/lib/ot/index.js
FNF:0
FNH:0
DA:1,33
DA:3,33
DA:4,33
DA:5,33
DA:6,33
DA:7,33
DA:8,33
LF:7
LH:7
BRF:0
BRH:0
end_of_record
TN:
SF:/home/travis/build/daniele-athome/codimd/lib/ot/selection.js
FN:6,(anonymous_0)
FN:15,Range
FN:20,(anonymous_2)
FN:24,(anonymous_3)
FN:28,(anonymous_4)
FN:32,(anonymous_5)
FN:33,transformIndex
FN:60,Selection
FN:68,(anonymous_8)
FN:72,(anonymous_9)
FN:80,(anonymous_10)
FN:90,(anonymous_11)
FN:98,(anonymous_12)
FN:103,(anonymous_13)
FNF:14
FNH:1
FNDA:33,(anonymous_0)
FNDA:0,Range
FNDA:0,(anonymous_2)
FNDA:0,(anonymous_3)
FNDA:0,(anonymous_4)
FNDA:0,(anonymous_5)
FNDA:0,transformIndex
FNDA:0,Selection
FNDA:0,(anonymous_8)
FNDA:0,(anonymous_9)
FNDA:0,(anonymous_10)
FNDA:0,(anonymous_11)
FNDA:0,(anonymous_12)
FNDA:0,(anonymous_13)
DA:1,33
DA:3,33
DA:6,33
DA:9,33
DA:16,0
DA:17,0
DA:20,33
DA:21,0
DA:24,33
DA:25,0
DA:28,33
DA:29,0
DA:32,33
DA:34,0
DA:35,0
DA:36,0
DA:37,0
DA:38,0
DA:39,0
DA:40,0
DA:42,0
DA:43,0
DA:45,0
DA:47,0
DA:50,0
DA:51,0
DA:52,0
DA:54,0
DA:61,0
DA:64,33
DA:68,33
DA:69,0
DA:72,33
DA:73,0
DA:74,0
DA:75,0
DA:77,0
DA:80,33
DA:81,0
DA:82,0
DA:84,0
DA:85,0
DA:87,0
DA:90,33
DA:91,0
DA:92,0
DA:94,0
DA:98,33
DA:99,0
DA:103,33
DA:104,0
DA:105,0
DA:107,0
DA:110,33
DA:115,33
DA:116,33
LF:56
LH:18
BRDA:1,0,0,33
BRDA:1,0,1,0
BRDA:9,1,0,0
BRDA:9,1,1,33
BRDA:25,2,0,0
BRDA:25,2,1,0
BRDA:37,3,0,0
BRDA:37,3,1,0
BRDA:39,4,0,0
BRDA:39,4,1,0
BRDA:45,5,0,0
BRDA:45,5,1,0
BRDA:51,6,0,0
BRDA:51,6,1,0
BRDA:61,7,0,0
BRDA:61,7,1,0
BRDA:73,8,0,0
BRDA:73,8,1,0
BRDA:81,9,0,0
BRDA:81,9,1,0
BRDA:82,10,0,0
BRDA:82,10,1,0
BRDA:85,11,0,0
BRDA:85,11,1,0
BRDA:92,12,0,0
BRDA:92,12,1,0
BRDA:115,13,0,33
BRDA:115,13,1,0
BRF:28
BRH:3
end_of_record
TN:
SF:/home/travis/build/daniele-athome/codimd/lib/ot/server.js
FN:7,(anonymous_0)
FN:12,Server
FN:18,(anonymous_2)
FNF:3
FNH:1
FNDA:33,(anonymous_0)
FNDA:0,Server
FNDA:0,(anonymous_2)
DA:1,33
DA:3,33
DA:4,33
DA:7,33
DA:13,0
DA:14,0
DA:18,33
DA:19,0
DA:20,0
DA:24,0
DA:27,0
DA:28,0
DA:29,0
DA:33,0
DA:35,0
DA:36,0
DA:37,0
DA:39,0
DA:43,0
DA:46,33
DA:50,33
DA:51,33
LF:22
LH:8
BRDA:3,0,0,33
BRDA:3,0,1,0
BRDA:14,1,0,0
BRDA:14,1,1,0
BRDA:19,2,0,0
BRDA:19,2,1,0
BRDA:19,3,0,0
BRDA:19,3,1,0
BRDA:35,4,0,0
BRDA:35,4,1,0
BRDA:35,5,0,0
BRDA:35,5,1,0
BRDA:50,6,0,33
BRDA:50,6,1,0
BRF:14
BRH:2
end_of_record
TN:
SF:/home/travis/build/daniele-athome/codimd/lib/ot/simple-text-operation.js
FN:6,(anonymous_0)
FN:10,SimpleTextOperation
FN:14,Insert
FN:26,(anonymous_3)
FN:30,(anonymous_4)
FN:36,(anonymous_5)
FN:42,Delete
FN:53,(anonymous_7)
FN:57,(anonymous_8)
FN:63,(anonymous_9)
FN:70,Noop
FN:77,(anonymous_11)
FN:81,(anonymous_12)
FN:83,(anonymous_13)
FN:88,(anonymous_14)
FN:164,(anonymous_15)
FNF:16
FNH:3
FNDA:33,(anonymous_0)
FNDA:99,SimpleTextOperation
FNDA:0,Insert
FNDA:0,(anonymous_3)
FNDA:0,(anonymous_4)
FNDA:0,(anonymous_5)
FNDA:0,Delete
FNDA:0,(anonymous_7)
FNDA:0,(anonymous_8)
FNDA:0,(anonymous_9)
FNDA:33,Noop
FNDA:0,(anonymous_11)
FNDA:0,(anonymous_12)
FNDA:0,(anonymous_13)
FNDA:0,(anonymous_14)
FNDA:0,(anonymous_15)
DA:1,33
DA:3,33
DA:6,33
DA:8,33
DA:15,0
DA:17,0
DA:19,0
DA:20,0
DA:23,33
DA:24,33
DA:26,33
DA:27,0
DA:30,33
DA:31,0
DA:36,33
DA:37,0
DA:43,0
DA:44,0
DA:46,0
DA:47,0
DA:50,33
DA:51,33
DA:53,33
DA:54,0
DA:57,33
DA:58,0
DA:63,33
DA:64,0
DA:71,33
DA:74,33
DA:75,33
DA:77,33
DA:78,0
DA:81,33
DA:83,33
DA:85,33
DA:88,33
DA:89,0
DA:91,0
DA:92,0
DA:93,0
DA:95,0
DA:96,0
DA:98,0
DA:101,0
DA:102,0
DA:103,0
DA:105,0
DA:106,0
DA:111,0
DA:114,0
DA:115,0
DA:116,0
DA:118,0
DA:119,0
DA:123,0
DA:126,0
DA:127,0
DA:128,0
DA:129,0
DA:130,0
DA:131,0
DA:133,0
DA:135,0
DA:136,0
DA:137,0
DA:139,0
DA:140,0
DA:142,0
DA:147,0
DA:148,0
DA:149,0
DA:151,0
DA:152,0
DA:154,0
DA:164,33
DA:165,0
DA:166,0
DA:167,0
DA:168,0
DA:169,0
DA:170,0
DA:171,0
DA:172,0
DA:173,0
DA:175,0
DA:178,0
DA:182,33
DA:186,33
DA:187,33
LF:90
LH:26
BRDA:1,0,0,33
BRDA:1,0,1,0
BRDA:8,1,0,0
BRDA:8,1,1,33
BRDA:15,2,0,0
BRDA:15,2,1,0
BRDA:15,3,0,0
BRDA:15,3,1,0
BRDA:31,4,0,0
BRDA:31,4,1,0
BRDA:31,4,2,0
BRDA:43,5,0,0
BRDA:43,5,1,0
BRDA:43,6,0,0
BRDA:43,6,1,0
BRDA:58,7,0,0
BRDA:58,7,1,0
BRDA:58,7,2,0
BRDA:71,8,0,0
BRDA:71,8,1,33
BRDA:71,9,0,33
BRDA:71,9,1,33
BRDA:89,10,0,0
BRDA:89,10,1,0
BRDA:89,11,0,0
BRDA:89,11,1,0
BRDA:91,12,0,0
BRDA:91,12,1,0
BRDA:91,13,0,0
BRDA:91,13,1,0
BRDA:92,14,0,0
BRDA:92,14,1,0
BRDA:92,15,0,0
BRDA:92,15,1,0
BRDA:92,15,2,0
BRDA:95,16,0,0
BRDA:95,16,1,0
BRDA:95,17,0,0
BRDA:95,17,1,0
BRDA:95,17,2,0
BRDA:101,18,0,0
BRDA:101,18,1,0
BRDA:101,19,0,0
BRDA:101,19,1,0
BRDA:102,20,0,0
BRDA:102,20,1,0
BRDA:105,21,0,0
BRDA:105,21,1,0
BRDA:114,22,0,0
BRDA:114,22,1,0
BRDA:114,23,0,0
BRDA:114,23,1,0
BRDA:115,24,0,0
BRDA:115,24,1,0
BRDA:118,25,0,0
BRDA:118,25,1,0
BRDA:126,26,0,0
BRDA:126,26,1,0
BRDA:126,27,0,0
BRDA:126,27,1,0
BRDA:127,28,0,0
BRDA:127,28,1,0
BRDA:128,29,0,0
BRDA:128,29,1,0
BRDA:130,30,0,0
BRDA:130,30,1,0
BRDA:135,31,0,0
BRDA:135,31,1,0
BRDA:136,32,0,0
BRDA:136,32,1,0
BRDA:139,33,0,0
BRDA:139,33,1,0
BRDA:147,34,0,0
BRDA:147,34,1,0
BRDA:148,35,0,0
BRDA:148,35,1,0
BRDA:151,36,0,0
BRDA:151,36,1,0
BRDA:169,37,0,0
BRDA:169,37,1,0
BRDA:171,38,0,0
BRDA:171,38,1,0
BRDA:186,39,0,33
BRDA:186,39,1,0
BRF:84
BRH:6
end_of_record
TN:
SF:/home/travis/build/daniele-athome/codimd/lib/ot/text-operation.js
FN:6,(anonymous_0)
FN:10,TextOperation
FN:29,(anonymous_2)
FN:47,(anonymous_3)
FN:51,(anonymous_4)
FN:55,(anonymous_5)
FN:65,(anonymous_6)
FN:83,(anonymous_7)
FN:112,(anonymous_8)
FN:129,(anonymous_9)
FN:134,(anonymous_10)
FN:137,(anonymous_11)
FN:145,(anonymous_12)
FN:157,(anonymous_13)
FN:162,(anonymous_14)
FN:181,(anonymous_15)
FN:215,(anonymous_16)
FN:238,(anonymous_17)
FN:337,getSimpleOp
FN:351,getStartIndex
FN:364,(anonymous_20)
FN:387,(anonymous_21)
FN:409,(anonymous_22)
FNF:23
FNH:1
FNDA:33,(anonymous_0)
FNDA:0,TextOperation
FNDA:0,(anonymous_2)
FNDA:0,(anonymous_3)
FNDA:0,(anonymous_4)
FNDA:0,(anonymous_5)
FNDA:0,(anonymous_6)
FNDA:0,(anonymous_7)
FNDA:0,(anonymous_8)
FNDA:0,(anonymous_9)
FNDA:0,(anonymous_10)
FNDA:0,(anonymous_11)
FNDA:0,(anonymous_12)
FNDA:0,(anonymous_13)
FNDA:0,(anonymous_14)
FNDA:0,(anonymous_15)
FNDA:0,(anonymous_16)
FNDA:0,(anonymous_17)
FNDA:0,getSimpleOp
FNDA:0,getStartIndex
FNDA:0,(anonymous_20)
FNDA:0,(anonymous_21)
FNDA:0,(anonymous_22)
DA:1,33
DA:3,33
DA:6,33
DA:11,0
DA:13,0
DA:20,0
DA:23,0
DA:26,0
DA:29,33
DA:30,0
DA:31,0
DA:32,0
DA:33,0
DA:34,0
DA:36,0
DA:47,33
DA:48,0
DA:51,33
DA:52,0
DA:55,33
DA:56,0
DA:65,33
DA:66,0
DA:67,0
DA:69,0
DA:70,0
DA:71,0
DA:72,0
DA:74,0
DA:77,0
DA:79,0
DA:83,33
DA:84,0
DA:85,0
DA:87,0
DA:88,0
DA:89,0
DA:90,0
DA:92,0
DA:93,0
DA:99,0
DA:100,0
DA:102,0
DA:103,0
DA:106,0
DA:108,0
DA:112,33
DA:113,0
DA:114,0
DA:115,0
DA:117,0
DA:118,0
DA:119,0
DA:120,0
DA:121,0
DA:123,0
DA:125,0
DA:129,33
DA:130,0
DA:134,33
DA:137,0
DA:138,0
DA:139,0
DA:140,0
DA:141,0
DA:143,0
DA:145,0
DA:146,0
DA:147,0
DA:148,0
DA:149,0
DA:151,0
DA:157,33
DA:158,0
DA:162,33
DA:163,0
DA:164,0
DA:165,0
DA:166,0
DA:167,0
DA:168,0
DA:169,0
DA:170,0
DA:171,0
DA:173,0
DA:176,0
DA:181,33
DA:182,0
DA:183,0
DA:184,0
DA:186,0
DA:187,0
DA:188,0
DA:189,0
DA:190,0
DA:191,0
DA:192,0
DA:193,0
DA:196,0
DA:197,0
DA:198,0
DA:200,0
DA:202,0
DA:205,0
DA:206,0
DA:208,0
DA:215,33
DA:216,0
DA:217,0
DA:218,0
DA:219,0
DA:220,0
DA:221,0
DA:222,0
DA:223,0
DA:224,0
DA:225,0
DA:227,0
DA:228,0
DA:231,0
DA:238,33
DA:239,0
DA:240,0
DA:241,0
DA:244,0
DA:245,0
DA:246,0
DA:247,0
DA:248,0
DA:250,0
DA:252,0
DA:255,0
DA:256,0
DA:257,0
DA:258,0
DA:260,0
DA:261,0
DA:262,0
DA:263,0
DA:266,0
DA:267,0
DA:269,0
DA:270,0
DA:273,0
DA:274,0
DA:275,0
DA:276,0
DA:277,0
DA:278,0
DA:279,0
DA:280,0
DA:281,0
DA:283,0
DA:284,0
DA:285,0
DA:287,0
DA:288,0
DA:289,0
DA:290,0
DA:291,0
DA:292,0
DA:293,0
DA:295,0
DA:296,0
DA:298,0
DA:299,0
DA:300,0
DA:301,0
DA:302,0
DA:303,0
DA:304,0
DA:305,0
DA:306,0
DA:308,0
DA:309,0
DA:310,0
DA:312,0
DA:313,0
DA:314,0
DA:315,0
DA:316,0
DA:317,0
DA:318,0
DA:319,0
DA:320,0
DA:322,0
DA:323,0
DA:324,0
DA:327,0
DA:334,0
DA:338,0
DA:339,0
DA:340,0
DA:342,0
DA:344,0
DA:346,0
DA:348,0
DA:352,0
DA:353,0
DA:364,33
DA:365,0
DA:367,0
DA:368,0
DA:369,0
DA:371,0
DA:372,0
DA:375,0
DA:378,0
DA:381,0
DA:387,33
DA:388,0
DA:390,0
DA:391,0
DA:392,0
DA:394,0
DA:395,0
DA:398,0
DA:399,0
DA:402,0
DA:409,33
DA:410,0
DA:411,0
DA:414,0
DA:415,0
DA:416,0
DA:417,0
DA:418,0
DA:419,0
DA:424,0
DA:426,0
DA:432,0
DA:433,0
DA:434,0
DA:435,0
DA:436,0
DA:438,0
DA:439,0
DA:440,0
DA:441,0
DA:442,0
DA:445,0
DA:446,0
DA:448,0
DA:449,0
DA:453,0
DA:455,0
DA:456,0
DA:457,0
DA:458,0
DA:459,0
DA:460,0
DA:461,0
DA:462,0
DA:464,0
DA:465,0
DA:466,0
DA:468,0
DA:469,0
DA:470,0
DA:474,0
DA:475,0
DA:476,0
DA:477,0
DA:478,0
DA:479,0
DA:481,0
DA:482,0
DA:485,0
DA:486,0
DA:487,0
DA:488,0
DA:489,0
DA:490,0
DA:491,0
DA:492,0
DA:493,0
DA:495,0
DA:496,0
DA:497,0
DA:499,0
DA:500,0
DA:501,0
DA:502,0
DA:503,0
DA:504,0
DA:505,0
DA:506,0
DA:507,0
DA:508,0
DA:510,0
DA:511,0
DA:512,0
DA:514,0
DA:516,0
DA:520,0
DA:523,33
DA:528,33
DA:529,33
LF:298
LH:23
BRDA:1,0,0,33
BRDA:1,0,1,0
BRDA:11,1,0,0
BRDA:11,1,1,0
BRDA:11,2,0,0
BRDA:11,2,1,0
BRDA:30,3,0,0
BRDA:30,3,1,0
BRDA:31,4,0,0
BRDA:31,4,1,0
BRDA:32,5,0,0
BRDA:32,5,1,0
BRDA:34,6,0,0
BRDA:34,6,1,0
BRDA:48,7,0,0
BRDA:48,7,1,0
BRDA:56,8,0,0
BRDA:56,8,1,0
BRDA:66,9,0,0
BRDA:66,9,1,0
BRDA:69,10,0,0
BRDA:69,10,1,0
BRDA:72,11,0,0
BRDA:72,11,1,0
BRDA:84,12,0,0
BRDA:84,12,1,0
BRDA:87,13,0,0
BRDA:87,13,1,0
BRDA:90,14,0,0
BRDA:90,14,1,0
BRDA:93,15,0,0
BRDA:93,15,1,0
BRDA:99,16,0,0
BRDA:99,16,1,0
BRDA:113,17,0,0
BRDA:113,17,1,0
BRDA:114,18,0,0
BRDA:114,18,1,0
BRDA:117,19,0,0
BRDA:117,19,1,0
BRDA:118,20,0,0
BRDA:118,20,1,0
BRDA:120,21,0,0
BRDA:120,21,1,0
BRDA:130,22,0,0
BRDA:130,22,1,0
BRDA:130,22,2,0
BRDA:137,23,0,0
BRDA:137,23,1,0
BRDA:146,24,0,0
BRDA:146,24,1,0
BRDA:148,25,0,0
BRDA:148,25,1,0
BRDA:166,26,0,0
BRDA:166,26,1,0
BRDA:168,27,0,0
BRDA:168,27,1,0
BRDA:170,28,0,0
BRDA:170,28,1,0
BRDA:183,29,0,0
BRDA:183,29,1,0
BRDA:191,30,0,0
BRDA:191,30,1,0
BRDA:192,31,0,0
BRDA:192,31,1,0
BRDA:198,32,0,0
BRDA:198,32,1,0
BRDA:205,33,0,0
BRDA:205,33,1,0
BRDA:221,34,0,0
BRDA:221,34,1,0
BRDA:224,35,0,0
BRDA:224,35,1,0
BRDA:240,36,0,0
BRDA:240,36,1,0
BRDA:250,37,0,0
BRDA:250,37,1,0
BRDA:250,38,0,0
BRDA:250,38,1,0
BRDA:255,39,0,0
BRDA:255,39,1,0
BRDA:260,40,0,0
BRDA:260,40,1,0
BRDA:266,41,0,0
BRDA:266,41,1,0
BRDA:269,42,0,0
BRDA:269,42,1,0
BRDA:273,43,0,0
BRDA:273,43,1,0
BRDA:273,44,0,0
BRDA:273,44,1,0
BRDA:274,45,0,0
BRDA:274,45,1,0
BRDA:278,46,0,0
BRDA:278,46,1,0
BRDA:287,47,0,0
BRDA:287,47,1,0
BRDA:287,48,0,0
BRDA:287,48,1,0
BRDA:288,49,0,0
BRDA:288,49,1,0
BRDA:291,50,0,0
BRDA:291,50,1,0
BRDA:298,51,0,0
BRDA:298,51,1,0
BRDA:298,52,0,0
BRDA:298,52,1,0
BRDA:299,53,0,0
BRDA:299,53,1,0
BRDA:303,54,0,0
BRDA:303,54,1,0
BRDA:312,55,0,0
BRDA:312,55,1,0
BRDA:312,56,0,0
BRDA:312,56,1,0
BRDA:313,57,0,0
BRDA:313,57,1,0
BRDA:317,58,0,0
BRDA:317,58,1,0
BRDA:340,59,0,0
BRDA:340,59,1,0
BRDA:340,59,2,0
BRDA:344,60,0,0
BRDA:344,60,1,0
BRDA:344,61,0,0
BRDA:344,61,1,0
BRDA:346,62,0,0
BRDA:346,62,1,0
BRDA:346,63,0,0
BRDA:346,63,1,0
BRDA:352,64,0,0
BRDA:352,64,1,0
BRDA:365,65,0,0
BRDA:365,65,1,0
BRDA:365,66,0,0
BRDA:365,66,1,0
BRDA:369,67,0,0
BRDA:369,67,1,0
BRDA:369,68,0,0
BRDA:369,68,1,0
BRDA:371,69,0,0
BRDA:371,69,1,0
BRDA:371,70,0,0
BRDA:371,70,1,0
BRDA:375,71,0,0
BRDA:375,71,1,0
BRDA:375,72,0,0
BRDA:375,72,1,0
BRDA:378,73,0,0
BRDA:378,73,1,0
BRDA:388,74,0,0
BRDA:388,74,1,0
BRDA:388,75,0,0
BRDA:388,75,1,0
BRDA:392,76,0,0
BRDA:392,76,1,0
BRDA:392,77,0,0
BRDA:392,77,1,0
BRDA:394,78,0,0
BRDA:394,78,1,0
BRDA:394,79,0,0
BRDA:394,79,1,0
BRDA:395,80,0,0
BRDA:395,80,1,0
BRDA:398,81,0,0
BRDA:398,81,1,0
BRDA:398,82,0,0
BRDA:398,82,1,0
BRDA:410,83,0,0
BRDA:410,83,1,0
BRDA:424,84,0,0
BRDA:424,84,1,0
BRDA:424,85,0,0
BRDA:424,85,1,0
BRDA:432,86,0,0
BRDA:432,86,1,0
BRDA:438,87,0,0
BRDA:438,87,1,0
BRDA:445,88,0,0
BRDA:445,88,1,0
BRDA:448,89,0,0
BRDA:448,89,1,0
BRDA:453,90,0,0
BRDA:453,90,1,0
BRDA:453,91,0,0
BRDA:453,91,1,0
BRDA:455,92,0,0
BRDA:455,92,1,0
BRDA:459,93,0,0
BRDA:459,93,1,0
BRDA:470,94,0,0
BRDA:470,94,1,0
BRDA:470,95,0,0
BRDA:470,95,1,0
BRDA:474,96,0,0
BRDA:474,96,1,0
BRDA:477,97,0,0
BRDA:477,97,1,0
BRDA:485,98,0,0
BRDA:485,98,1,0
BRDA:485,99,0,0
BRDA:485,99,1,0
BRDA:486,100,0,0
BRDA:486,100,1,0
BRDA:490,101,0,0
BRDA:490,101,1,0
BRDA:500,102,0,0
BRDA:500,102,1,0
BRDA:500,103,0,0
BRDA:500,103,1,0
BRDA:501,104,0,0
BRDA:501,104,1,0
BRDA:505,105,0,0
BRDA:505,105,1,0
BRDA:528,106,0,33
BRDA:528,106,1,0
BRF:216
BRH:2
end_of_record
TN:
SF:/home/travis/build/daniele-athome/codimd/lib/ot/wrapped-operation.js
FN:6,(anonymous_0)
FN:10,WrappedOperation
FN:15,(anonymous_2)
FN:19,(anonymous_3)
FN:29,copy
FN:37,composeMeta
FN:48,(anonymous_6)
FN:55,transformMeta
FN:64,(anonymous_8)
FNF:9
FNH:1
FNDA:33,(anonymous_0)
FNDA:0,WrappedOperation
FNDA:0,(anonymous_2)
FNDA:0,(anonymous_3)
FNDA:0,copy
FNDA:0,composeMeta
FNDA:0,(anonymous_6)
FNDA:0,transformMeta
FNDA:0,(anonymous_8)
DA:1,33
DA:3,33
DA:6,33
DA:11,0
DA:12,0
DA:15,33
DA:16,0
DA:19,33
DA:20,0
DA:21,0
DA:30,0
DA:31,0
DA:32,0
DA:38,0
DA:39,0
DA:40,0
DA:41,0
DA:42,0
DA:43,0
DA:45,0
DA:48,33
DA:49,0
DA:56,0
DA:57,0
DA:58,0
DA:61,0
DA:64,33
DA:65,0
DA:66,0
DA:67,0
DA:73,33
DA:78,33
DA:79,33
LF:33
LH:10
BRDA:1,0,0,33
BRDA:1,0,1,0
BRDA:23,1,0,0
BRDA:23,1,1,0
BRDA:23,2,0,0
BRDA:23,2,1,0
BRDA:23,2,2,0
BRDA:31,3,0,0
BRDA:31,3,1,0
BRDA:38,4,0,0
BRDA:38,4,1,0
BRDA:38,5,0,0
BRDA:38,5,1,0
BRDA:39,6,0,0
BRDA:39,6,1,0
BRDA:56,7,0,0
BRDA:56,7,1,0
BRDA:56,8,0,0
BRDA:56,8,1,0
BRDA:57,9,0,0
BRDA:57,9,1,0
BRDA:78,10,0,33
BRDA:78,10,1,0
BRF:23
BRH:2
end_of_record
TN:
[...]
BRDA:35,5,0,182
BRDA:35,5,1,0
BRDA:41,6,0,6
BRDA:41,6,1,117
BRDA:49,7,0,9
BRDA:49,7,1,137
BRDA:56,8,0,63
BRDA:56,8,1,5
BRDA:73,9,0,0
BRDA:73,9,1,54
BRDA:74,10,0,1
BRDA:74,10,1,53
BRDA:87,11,0,64
BRDA:87,11,1,52
BRF:20
BRH:17
end_of_record
TN:
SF:/home/travis/build/daniele-athome/codimd/lib/realtime/realtime.js
FN:48,onAuthorizeSuccess
FN:53,onAuthorizeFail
FN:59,secure
FN:85,emitCheck
FN:101,getNotePool
FN:105,isNoteExistsInPool
FN:109,addNote
FN:115,getNotePoolSize
FN:119,deleteNoteFromPool
FN:123,deleteAllNoteFromPool
FN:124,(anonymous_10)
FN:129,getNoteFromNotePool
FN:133,getUserPool
FN:137,getUserFromUserPool
FN:146,disconnectSocketOnNote
FN:147,(anonymous_15)
FN:150,(anonymous_16)
FN:157,updateNote
FN:158,(anonymous_18)
FN:160,(anonymous_19)
FN:166,findNoteByIdAsync
FN:174,updateHistoryForEveryUserCollaborateNote
FN:179,(anonymous_22)
FN:184,getUserProfileByIdAsync
FN:195,(anonymous_24)
FN:202,getLastChangeUserProfileAsync
FN:212,buildNoteUpdateData
FN:224,_updateNoteAsync
FN:250,getStatus
FN:252,(anonymous_29)
FN:256,(anonymous_30)
FN:285,(anonymous_31)
FN:300,(anonymous_32)
FN:304,(anonymous_33)
FN:311,isReady
FN:318,parseUrl
FN:332,extractNoteIdFromSocket
FN:333,extractNoteIdFromReferer
FN:365,parseNoteIdFromSocketAsync
FN:371,(anonymous_39)
FN:372,(anonymous_40)
FN:385,emitOnlineUsers
FN:389,(anonymous_42)
FN:402,emitUserStatus
FN:411,emitRefresh
FN:431,checkViewPermission
FN:450,fetchFullNoteAsync
FN:472,buildAuthorProfilesFromNote
FN:474,(anonymous_48)
FN:488,makeNewServerNote
FN:512,failConnection
FN:521,queueForDisconnect
FN:522,(anonymous_52)
FN:544,(anonymous_53)
FN:562,buildUserOutData
FN:578,updateUserData
FN:593,canEditNote
FN:609,ifMayEdit
FN:626,operationCallback
FN:647,(anonymous_59)
FN:656,(anonymous_60)
FN:663,(anonymous_61)
FN:669,updateHistory
FN:674,getUniqueColorPerNote
FN:683,(anonymous_64)
FN:696,queueForConnect
FN:697,(anonymous_66)
FN:777,(anonymous_67)
FN:795,connection
FN:801,terminate
FNF:70
FNH:43
FNDA:0,onAuthorizeSuccess
FNDA:0,onAuthorizeFail
FNDA:0,secure
FNDA:0,emitCheck
FNDA:960,getNotePool
FNDA:53,isNoteExistsInPool
FNDA:12,addNote
FNDA:0,getNotePoolSize
FNDA:0,deleteNoteFromPool
FNDA:15,deleteAllNoteFromPool
FNDA:15,(anonymous_10)
FNDA:116,getNoteFromNotePool
FNDA:11,getUserPool
FNDA:35,getUserFromUserPool
FNDA:2,disconnectSocketOnNote
FNDA:6,(anonymous_15)
FNDA:4,(anonymous_16)
FNDA:7,updateNote
FNDA:7,(anonymous_18)
FNDA:0,(anonymous_19)
FNDA:7,findNoteByIdAsync
FNDA:7,updateHistoryForEveryUserCollaborateNote
FNDA:1,(anonymous_22)
FNDA:4,getUserProfileByIdAsync
FNDA:1,(anonymous_24)
FNDA:7,getLastChangeUserProfileAsync
FNDA:3,buildNoteUpdateData
FNDA:7,_updateNoteAsync
FNDA:0,getStatus
FNDA:0,(anonymous_29)
FNDA:0,(anonymous_30)
FNDA:0,(anonymous_31)
FNDA:0,(anonymous_32)
FNDA:0,(anonymous_33)
FNDA:0,isReady
FNDA:2,parseUrl
FNDA:10,extractNoteIdFromSocket
FNDA:2,extractNoteIdFromReferer
FNDA:4,parseNoteIdFromSocketAsync
FNDA:3,(anonymous_39)
FNDA:3,(anonymous_40)
FNDA:0,emitOnlineUsers
FNDA:0,(anonymous_42)
FNDA:0,emitUserStatus
FNDA:0,emitRefresh
FNDA:69,checkViewPermission
FNDA:41,fetchFullNoteAsync
FNDA:40,buildAuthorProfilesFromNote
FNDA:80,(anonymous_48)
FNDA:40,makeNewServerNote
FNDA:0,failConnection
FNDA:3,queueForDisconnect
FNDA:2,(anonymous_52)
FNDA:1,(anonymous_53)
FNDA:4,buildUserOutData
FNDA:1,updateUserData
FNDA:20,canEditNote
FNDA:20,ifMayEdit
FNDA:0,operationCallback
FNDA:0,(anonymous_59)
FNDA:0,(anonymous_60)
FNDA:0,(anonymous_61)
FNDA:0,updateHistory
FNDA:41,getUniqueColorPerNote
FNDA:0,(anonymous_64)
FNDA:43,queueForConnect
FNDA:43,(anonymous_66)
FNDA:0,(anonymous_67)
FNDA:44,connection
FNDA:0,terminate
DA:4,88
DA:5,88
DA:6,88
DA:7,88
DA:8,88
DA:9,88
DA:10,88
DA:12,88
DA:15,88
DA:16,88
DA:17,88
DA:18,88
DA:21,88
DA:23,88
DA:24,88
DA:25,88
DA:26,88
DA:27,88
DA:30,88
DA:41,88
DA:42,88
DA:43,88
DA:44,88
DA:45,88
DA:49,0
DA:54,0
DA:60,0
DA:61,0
DA:62,0
DA:63,0
DA:64,0
DA:65,0
DA:68,0
DA:69,0
DA:71,0
DA:73,0
DA:76,0
DA:79,0
DA:86,0
DA:94,0
DA:98,88
DA:99,88
DA:102,960
DA:106,53
DA:110,12
DA:111,12
DA:112,12
DA:116,0
DA:120,0
DA:124,15
DA:125,15
DA:130,116
DA:134,11
DA:138,35
DA:141,88
DA:142,88
DA:143,88
DA:144,88
DA:147,2
DA:148,6
DA:149,4
DA:150,4
DA:151,4
DA:158,7
DA:159,7
DA:161,0
DA:162,0
DA:167,7
DA:176,7
DA:177,7
DA:179,7
DA:180,1
DA:185,4
DA:190,4
DA:191,3
DA:196,1
DA:197,1
DA:198,1
DA:203,7
DA:204,5
DA:205,4
DA:206,4
DA:207,1
DA:209,3
DA:213,3
DA:214,3
DA:215,3
DA:225,7
DA:226,7
DA:228,7
DA:230,7
DA:231,7
DA:237,1
DA:238,1
DA:240,0
DA:243,6
DA:244,3
DA:245,3
DA:246,3
DA:251,0
DA:253,0
DA:254,0
DA:255,0
DA:256,0
DA:257,0
DA:258,0
DA:259,0
DA:260,0
DA:261,0
DA:262,0
DA:263,0
DA:266,0
DA:267,0
DA:269,0
DA:270,0
DA:271,0
DA:272,0
DA:273,0
DA:274,0
DA:275,0
DA:278,0
DA:279,0
DA:284,0
DA:286,0
DA:301,0
DA:302,0
DA:305,0
DA:306,0
DA:312,0
DA:319,2
DA:320,2
DA:321,2
DA:325,0
DA:329,0
DA:334,2
DA:335,2
DA:336,2
DA:337,0
DA:339,2
DA:340,1
DA:342,1
DA:344,0
DA:347,10
DA:348,2
DA:351,8
DA:352,4
DA:355,4
DA:356,4
DA:359,2
DA:362,2
DA:366,4
DA:367,4
DA:368,1
DA:371,3
DA:372,3
DA:373,3
DA:374,1
DA:376,3
DA:377,2
DA:379,3
DA:386,0
DA:387,0
DA:388,0
DA:389,0
DA:390,0
DA:391,0
DA:392,0
DA:395,0
DA:398,0
DA:403,0
DA:404,0
DA:405,0
DA:406,0
DA:407,0
DA:412,0
DA:413,0
DA:414,0
DA:415,0
DA:428,0
DA:432,69
DA:433,5
DA:434,2
DA:436,3
DA:438,64
DA:439,6
DA:440,4
DA:442,2
DA:445,58
DA:451,41
DA:473,40
DA:474,40
DA:475,80
DA:476,80
DA:477,80
DA:485,40
DA:489,40
DA:491,40
DA:513,0
DA:515,0
DA:518,0
DA:522,3
DA:523,2
DA:524,2
DA:526,2
DA:527,2
DA:528,2
DA:530,2
DA:531,2
DA:535,2
DA:536,4
DA:537,4
DA:538,2
DA:542,2
DA:543,2
DA:544,1
DA:545,1
DA:547,1
DA:548,1
DA:549,1
DA:550,1
DA:553,1
DA:554,1
DA:558,2
DA:563,4
DA:574,4
DA:580,1
DA:581,1
DA:582,1
DA:583,1
DA:584,1
DA:585,1
DA:587,0
DA:588,0
DA:589,0
DA:594,20
DA:596,5
DA:600,6
DA:605,9
DA:610,20
DA:611,20
DA:612,20
DA:614,20
DA:616,2
DA:617,1
DA:619,1
DA:622,20
DA:627,0
DA:628,0
DA:629,0
DA:630,0
DA:632,0
DA:633,0
DA:634,0
DA:635,0
DA:636,0
DA:637,0
DA:648,0
DA:649,0
DA:657,0
DA:660,0
DA:663,0
DA:664,0
DA:670,0
DA:671,0
DA:676,41
DA:677,41
DA:679,0
DA:680,0
DA:681,0
DA:682,0
DA:683,0
DA:684,0
DA:685,0
DA:688,0
DA:689,0
DA:690,0
DA:693,0
DA:697,43
DA:698,43
DA:699,43
DA:700,42
DA:701,1
DA:704,41
DA:707,41
DA:709,41
DA:721,41
DA:722,41
DA:723,41
DA:724,41
DA:725,41
DA:726,1
DA:728,1
DA:731,1
DA:733,40
DA:736,40
DA:737,0
DA:738,0
DA:739,0
DA:742,40
DA:743,0
DA:744,0
DA:745,0
DA:747,0
DA:750,0
DA:752,40
DA:753,40
DA:755,40
DA:756,1
DA:758,40
DA:759,40
DA:760,40
DA:761,40
DA:762,40
DA:765,40
DA:767,40
DA:768,40
DA:770,40
DA:771,40
DA:773,40
DA:774,0
DA:775,0
DA:776,0
DA:777,0
DA:778,0
DA:782,0
DA:784,0
DA:787,0
DA:790,1
DA:796,44
DA:797,43
DA:802,0
DA:803,0
DA:804,0
DA:807,88
DA:808,88
DA:809,88
DA:810,88
DA:811,88
DA:812,88
DA:813,88
DA:814,88
DA:815,88
DA:816,88
DA:817,88
DA:818,88
DA:819,88
DA:820,88
DA:821,88
DA:822,88
DA:823,88
DA:824,88
DA:825,88
DA:826,88
DA:827,88
DA:829,88
DA:830,88
DA:831,88
DA:832,88
DA:833,88
DA:834,88
DA:835,88
DA:836,88
DA:838,88
LF:363
LH:235
BRDA:62,0,0,0
BRDA:62,0,1,0
BRDA:65,1,0,0
BRDA:65,1,1,0
BRDA:65,2,0,0
BRDA:65,2,1,0
BRDA:65,2,2,0
BRDA:68,3,0,0
BRDA:68,3,1,0
BRDA:110,4,0,0
BRDA:110,4,1,12
BRDA:148,5,0,4
BRDA:148,5,1,2
BRDA:190,6,0,1
BRDA:190,6,1,3
BRDA:203,7,0,2
BRDA:203,7,1,5
BRDA:204,8,0,1
BRDA:204,8,1,4
BRDA:206,9,0,1
BRDA:206,9,1,3
BRDA:226,10,0,0
BRDA:226,10,1,7
BRDA:237,11,0,1
BRDA:237,11,1,0
BRDA:243,12,0,3
BRDA:243,12,1,3
BRDA:243,13,0,6
BRDA:243,13,1,6
BRDA:258,14,0,0
BRDA:258,14,1,0
BRDA:261,15,0,0
BRDA:261,15,1,0
BRDA:266,16,0,0
BRDA:266,16,1,0
BRDA:269,17,0,0
BRDA:269,17,1,0
BRDA:273,18,0,0
BRDA:273,18,1,0
BRDA:278,19,0,0
BRDA:278,19,1,0
BRDA:312,20,0,0
BRDA:312,20,1,0
BRDA:312,20,2,0
BRDA:312,20,3,0
BRDA:312,20,4,0
BRDA:312,20,5,0
BRDA:312,20,6,0
BRDA:320,21,0,2
BRDA:320,21,1,0
BRDA:334,22,0,2
BRDA:334,22,1,0
BRDA:336,23,0,0
BRDA:336,23,1,2
BRDA:339,24,0,1
BRDA:339,24,1,1
BRDA:347,25,0,2
BRDA:347,25,1,8
BRDA:347,26,0,10
BRDA:347,26,1,9
BRDA:351,27,0,4
BRDA:351,27,1,4
BRDA:356,28,0,2
BRDA:356,28,1,2
BRDA:367,29,0,1
BRDA:367,29,1,3
BRDA:373,30,0,1
BRDA:373,30,1,2
BRDA:376,31,0,2
BRDA:376,31,1,1
BRDA:387,32,0,0
BRDA:387,32,1,0
BRDA:387,33,0,0
BRDA:387,33,1,0
BRDA:391,34,0,0
BRDA:391,34,1,0
BRDA:405,35,0,0
BRDA:405,35,1,0
BRDA:405,36,0,0
BRDA:405,36,1,0
BRDA:405,36,2,0
BRDA:413,37,0,0
BRDA:413,37,1,0
BRDA:413,38,0,0
BRDA:413,38,1,0
BRDA:432,39,0,5
BRDA:432,39,1,64
BRDA:433,40,0,2
BRDA:433,40,1,3
BRDA:433,41,0,5
BRDA:433,41,1,4
BRDA:433,41,2,4
BRDA:438,42,0,6
BRDA:438,42,1,58
BRDA:438,43,0,64
BRDA:438,43,1,61
BRDA:439,44,0,4
BRDA:439,44,1,2
BRDA:439,45,0,6
BRDA:439,45,1,4
BRDA:476,46,0,80
BRDA:476,46,1,0
BRDA:496,47,0,0
BRDA:496,47,1,40
BRDA:499,48,0,0
BRDA:499,48,1,40
BRDA:523,49,0,2
BRDA:523,49,1,0
BRDA:528,50,0,2
BRDA:528,50,1,0
BRDA:530,51,0,2
BRDA:530,51,1,0
BRDA:537,52,0,2
BRDA:537,52,1,2
BRDA:542,53,0,2
BRDA:542,53,1,0
BRDA:543,54,0,1
BRDA:543,54,1,1
BRDA:545,55,0,0
BRDA:545,55,1,1
BRDA:580,56,0,1
BRDA:580,56,1,0
BRDA:580,57,0,1
BRDA:580,57,1,1
BRDA:594,58,0,5
BRDA:594,58,1,3
BRDA:594,58,2,6
BRDA:594,58,3,3
BRDA:594,58,4,6
BRDA:594,58,5,9
BRDA:611,59,0,0
BRDA:611,59,1,20
BRDA:614,60,0,2
BRDA:614,60,1,18
BRDA:614,61,0,20
BRDA:614,61,1,2
BRDA:616,62,0,1
BRDA:616,62,1,1
BRDA:616,63,0,2
BRDA:616,63,1,2
BRDA:628,64,0,0
BRDA:628,64,1,0
BRDA:628,65,0,0
BRDA:628,65,1,0
BRDA:632,66,0,0
BRDA:632,66,1,0
BRDA:632,67,0,0
BRDA:632,67,1,0
BRDA:634,68,0,0
BRDA:634,68,1,0
BRDA:636,69,0,0
BRDA:636,69,1,0
BRDA:648,70,0,0
BRDA:648,70,1,0
BRDA:670,71,0,0
BRDA:670,71,1,0
BRDA:671,72,0,0
BRDA:671,72,1,0
BRDA:674,73,0,41
BRDA:677,74,0,41
BRDA:677,74,1,0
BRDA:692,75,0,0
BRDA:692,75,1,0
BRDA:684,76,0,0
BRDA:684,76,1,0
BRDA:688,77,0,0
BRDA:688,77,1,0
BRDA:700,78,0,1
BRDA:700,78,1,41
BRDA:711,79,0,41
BRDA:711,79,1,41
BRDA:723,80,0,41
BRDA:723,80,1,0
BRDA:725,81,0,1
BRDA:725,81,1,40
BRDA:736,82,0,0
BRDA:736,82,1,40
BRDA:736,83,0,40
BRDA:736,83,1,40
BRDA:736,83,2,40
BRDA:737,84,0,0
BRDA:737,84,1,0
BRDA:738,85,0,0
BRDA:738,85,1,0
BRDA:742,86,0,0
BRDA:742,86,1,40
BRDA:743,87,0,0
BRDA:743,87,1,0
BRDA:744,88,0,0
BRDA:744,88,1,0
BRDA:755,89,0,1
BRDA:755,89,1,39
BRDA:773,90,0,0
BRDA:773,90,1,40
BRDA:796,91,0,1
BRDA:796,91,1,43
BRF:196
BRH:100
end_of_record
TN:
SF:/home/travis/build/daniele-athome/codimd/lib/realtime/realtimeCleanDanglingUserJob.js
FN:11,(anonymous_0)
FN:15,(anonymous_1)
FN:20,(anonymous_2)
FN:26,(anonymous_3)
FN:28,(anonymous_4)
FN:43,(anonymous_5)
FNF:6
FNH:5
FNDA:88,(anonymous_0)
FNDA:88,(anonymous_1)
FNDA:0,(anonymous_2)
FNDA:11,(anonymous_3)
FNDA:2,(anonymous_4)
FNDA:11,(anonymous_5)
DA:3,38
DA:4,38
DA:5,38
DA:12,88
DA:16,88
DA:17,88
DA:21,0
DA:22,0
DA:23,0
DA:27,11
DA:28,11
DA:29,2
DA:30,2
DA:32,1
DA:33,1
DA:35,1
DA:36,0
DA:38,1
DA:39,1
DA:42,2
DA:44,11
DA:49,38
LF:22
LH:18
BRDA:16,0,0,0
BRDA:16,0,1,88
BRDA:21,1,0,0
BRDA:21,1,1,0
BRDA:30,2,0,1
BRDA:30,2,1,1
BRDA:30,3,0,2
BRDA:30,3,1,0
BRDA:30,3,2,2
BRDA:30,3,3,2
BRDA:30,3,4,2
BRDA:32,4,0,1
BRDA:32,4,1,0
BRDA:35,5,0,0
BRDA:35,5,1,1
BRDA:38,6,0,1
BRDA:38,6,1,0
BRDA:44,7,0,0
BRDA:44,7,1,11
BRF:19
BRH:11
end_of_record
TN:
SF:/home/travis/build/daniele-athome/codimd/lib/realtime/realtimeClientConnection.js
FN:10,(anonymous_0)
FN:15,(anonymous_1)
FN:40,(anonymous_2)
FN:44,(anonymous_3)
FN:50,(anonymous_4)
FN:55,(anonymous_5)
FN:60,(anonymous_6)
FN:73,(anonymous_7)
FN:78,(anonymous_8)
FN:82,(anonymous_9)
FN:87,(anonymous_10)
FN:91,(anonymous_11)
FN:97,(anonymous_12)
FN:110,(anonymous_13)
FN:114,(anonymous_14)
FN:120,(anonymous_15)
FN:128,(anonymous_16)
FN:132,(anonymous_17)
FN:139,(anonymous_18)
FN:152,(anonymous_19)
FN:164,(anonymous_20)
FN:170,(anonymous_21)
FN:177,(anonymous_22)
FN:185,(anonymous_23)
FN:193,(anonymous_24)
FN:202,(anonymous_25)
FN:209,(anonymous_26)
FN:213,(anonymous_27)
FN:220,(anonymous_28)
FN:230,(anonymous_29)
FN:234,(anonymous_30)
FN:237,(anonymous_31)
FNF:32
FNH:29
FNDA:40,(anonymous_0)
FNDA:40,(anonymous_1)
FNDA:17,(anonymous_2)
FNDA:30,(anonymous_3)
FNDA:10,(anonymous_4)
FNDA:0,(anonymous_5)
FNDA:9,(anonymous_6)
FNDA:5,(anonymous_7)
FNDA:13,(anonymous_8)
FNDA:64,(anonymous_9)
FNDA:3,(anonymous_10)
FNDA:2,(anonymous_11)
FNDA:6,(anonymous_12)
FNDA:6,(anonymous_13)
FNDA:18,(anonymous_14)
FNDA:1,(anonymous_15)
FNDA:1,(anonymous_16)
FNDA:1,(anonymous_17)
FNDA:4,(anonymous_18)
FNDA:3,(anonymous_19)
FNDA:2,(anonymous_20)
FNDA:2,(anonymous_21)
FNDA:3,(anonymous_22)
FNDA:3,(anonymous_23)
FNDA:3,(anonymous_24)
FNDA:5,(anonymous_25)
FNDA:2,(anonymous_26)
FNDA:0,(anonymous_27)
FNDA:12,(anonymous_28)
FNDA:6,(anonymous_29)
FNDA:0,(anonymous_30)
FNDA:2,(anonymous_31)
DA:3,76
DA:5,76
DA:6,76
DA:7,76
DA:11,40
DA:12,40
DA:17,40
DA:19,40
DA:21,40
DA:23,40
DA:25,40
DA:27,40
DA:29,40
DA:31,40
DA:33,40
DA:35,40
DA:37,40
DA:41,17
DA:45,30
DA:46,30
DA:47,30
DA:51,10
DA:52,10
DA:57,0
DA:62,9
DA:63,9
DA:64,3
DA:65,3
DA:66,3
DA:67,6
DA:68,2
DA:70,9
DA:74,5
DA:75,5
DA:79,13
DA:83,64
DA:84,64
DA:88,3
DA:92,2
DA:98,6
DA:105,6
DA:106,0
DA:111,6
DA:114,6
DA:115,18
DA:116,12
DA:117,1
DA:120,1
DA:121,1
DA:129,1
DA:133,1
DA:140,4
DA:141,2
DA:142,2
DA:143,0
DA:145,2
DA:146,1
DA:147,1
DA:149,2
DA:153,3
DA:155,3
DA:156,3
DA:157,2
DA:158,2
DA:160,1
DA:161,1
DA:165,2
DA:167,1
DA:169,1
DA:170,2
DA:172,1
DA:178,3
DA:179,1
DA:180,1
DA:181,1
DA:182,1
DA:186,3
DA:187,1
DA:188,1
DA:189,1
DA:190,1
DA:194,3
DA:195,1
DA:196,1
DA:197,1
DA:204,5
DA:205,4
DA:207,4
DA:208,2
DA:210,2
DA:211,1
DA:214,0
DA:221,12
DA:222,11
DA:224,10
DA:226,10
DA:227,9
DA:229,6
DA:231,6
DA:232,6
DA:234,0
DA:238,2
DA:239,1
DA:241,1
DA:245,76
LF:105
LH:100
BRDA:41,0,0,17
BRDA:41,0,1,15
BRDA:47,1,0,30
BRDA:47,1,1,24
BRDA:57,2,0,0
BRDA:57,2,1,0
BRDA:63,3,0,3
BRDA:63,3,1,6
BRDA:63,4,0,9
BRDA:63,4,1,7
BRDA:67,5,0,2
BRDA:67,5,1,4
BRDA:67,6,0,6
BRDA:67,6,1,4
BRDA:74,7,0,0
BRDA:74,7,1,5
BRDA:83,8,0,0
BRDA:83,8,1,64
BRDA:105,9,0,0
BRDA:105,9,1,6
BRDA:115,10,0,12
BRDA:115,10,1,6
BRDA:116,11,0,1
BRDA:116,11,1,11
BRDA:140,12,0,2
BRDA:140,12,1,2
BRDA:142,13,0,0
BRDA:142,13,1,2
BRDA:145,14,0,1
BRDA:145,14,1,1
BRDA:156,15,0,1
BRDA:156,15,1,2
BRDA:158,16,0,1
BRDA:158,16,1,1
BRDA:165,17,0,1
BRDA:165,17,1,1
BRDA:178,18,0,2
BRDA:178,18,1,1
BRDA:186,19,0,2
BRDA:186,19,1,1
BRDA:194,20,0,2
BRDA:194,20,1,1
BRDA:204,21,0,4
BRDA:204,21,1,1
BRDA:204,22,0,5
BRDA:204,22,1,4
BRDA:207,23,0,2
BRDA:207,23,1,2
BRDA:207,24,0,4
BRDA:207,24,1,3
BRDA:210,25,0,1
BRDA:210,25,1,1
BRDA:221,26,0,1
BRDA:221,26,1,11
BRDA:222,27,0,1
BRDA:222,27,1,10
BRDA:226,28,0,1
BRDA:226,28,1,9
BRDA:227,29,0,3
BRDA:227,29,1,6
BRDA:238,30,0,1
BRDA:238,30,1,1
BRF:62
BRH:56
end_of_record
TN:
SF:/home/travis/build/daniele-athome/codimd/lib/realtime/realtimeSaveRevisionJob.js
FN:10,(anonymous_0)
FN:15,(anonymous_1)
FN:20,(anonymous_2)
FN:26,(anonymous_3)
FN:28,(anonymous_4)
FN:36,(anonymous_5)
FN:40,(anonymous_6)
FNF:7
FNH:6
FNDA:88,(anonymous_0)
FNDA:88,(anonymous_1)
FNDA:0,(anonymous_2)
FNDA:2,(anonymous_3)
FNDA:2,(anonymous_4)
FNDA:4,(anonymous_5)
FNDA:4,(anonymous_6)
DA:3,39
DA:4,39
DA:11,88
DA:12,88
DA:16,88
DA:17,88
DA:21,0
DA:22,0
DA:23,0
DA:27,2
DA:28,2
DA:29,2
DA:30,2
DA:31,1
DA:37,4
DA:41,4
DA:45,39
LF:17
LH:14
BRDA:16,0,0,0
BRDA:16,0,1,88
BRDA:21,1,0,0
BRDA:21,1,1,0
BRDA:27,2,0,0
BRDA:27,2,1,2
BRDA:29,3,0,0
BRDA:29,3,1,2
BRDA:30,4,0,1
BRDA:30,4,1,1
BRDA:30,5,0,2
BRDA:30,5,1,2
BRF:12
BRH:7
end_of_record
TN:
SF:/home/travis/build/daniele-athome/codimd/lib/realtime/realtimeUpdateDirtyNoteJob.js
FN:8,(anonymous_0)
FN:12,(anonymous_1)
FN:17,(anonymous_2)
FN:23,(anonymous_3)
FN:25,(anonymous_4)
FN:28,(anonymous_5)
FN:34,(anonymous_6)
FN:66,(anonymous_7)
FN:67,(anonymous_8)
FN:68,(anonymous_9)
FNF:10
FNH:9
FNDA:88,(anonymous_0)
FNDA:88,(anonymous_1)
FNDA:0,(anonymous_2)
FNDA:810,(anonymous_3)
FNDA:84,(anonymous_4)
FNDA:76,(anonymous_5)
FNDA:84,(anonymous_6)
FNDA:3,(anonymous_7)
FNDA:3,(anonymous_8)
FNDA:3,(anonymous_9)
DA:3,39
DA:4,39
DA:5,39
DA:9,88
DA:13,88
DA:14,88
DA:18,0
DA:19,0
DA:20,0
DA:24,810
DA:25,810
DA:26,84
DA:27,84
DA:29,76
DA:35,84
DA:36,84
DA:38,3
DA:39,3
DA:41,3
DA:42,3
DA:44,2
DA:46,0
DA:47,0
DA:50,0
DA:51,0
DA:54,0
DA:55,0
DA:57,1
DA:58,1
DA:61,1
DA:62,1
DA:67,3
DA:68,3
DA:69,3
DA:70,1
DA:72,2
DA:78,39
LF:37
LH:28
BRDA:13,0,0,0
BRDA:13,0,1,88
BRDA:18,1,0,0
BRDA:18,1,1,0
BRDA:36,2,0,6
BRDA:36,2,1,3
BRDA:38,3,0,0
BRDA:38,3,1,3
BRDA:44,4,0,2
BRDA:44,4,1,0
BRDA:44,5,0,2
BRDA:44,5,1,0
BRDA:46,6,0,0
BRDA:46,6,1,0
BRDA:69,7,0,1
BRDA:69,7,1,2
BRF:16
BRH:8
end_of_record
TN:
SF:/home/travis/build/daniele-athome/codimd/lib/status/index.js
FN:6,(anonymous_0)
FN:22,(anonymous_1)
FN:33,(anonymous_2)
FNF:3
FNH:0
FNDA:0,(anonymous_0)
FNDA:0,(anonymous_1)
FNDA:0,(anonymous_2)
DA:3,0
DA:4,0
DA:6,0
DA:7,0
DA:13,0
DA:14,0
DA:15,0
DA:17,0
DA:18,0
DA:22,0
DA:23,0
DA:25,0
DA:30,0
DA:33,0
DA:34,0
DA:46,0
DA:51,0
LF:17
LH:0
BRF:0
BRH:0
end_of_record
TN:
SF:/home/travis/build/daniele-athome/codimd/lib/user/index.js
FN:12,(anonymous_0)
FN:38,(anonymous_1)
FN:61,(anonymous_2)
FN:73,(anonymous_3)
FN:82,(anonymous_4)
FN:87,(anonymous_5)
FN:89,(anonymous_6)
FN:103,(anonymous_7)
FN:111,(anonymous_8)
FN:117,(anonymous_9)
FNF:10
FNH:0
FNDA:0,(anonymous_0)
FNDA:0,(anonymous_1)
FNDA:0,(anonymous_2)
FNDA:0,(anonymous_3)
FNDA:0,(anonymous_4)
FNDA:0,(anonymous_5)
FNDA:0,(anonymous_6)
FNDA:0,(anonymous_7)
FNDA:0,(anonymous_8)
FNDA:0,(anonymous_9)
DA:3,0
DA:4,0
DA:6,0
DA:7,0
DA:8,0
DA:9,0
DA:10,0
DA:12,0
DA:13,0
DA:14,0
DA:19,0
DA:25,0
DA:26,0
DA:28,0
DA:30,0
DA:38,0
DA:39,0
DA:40,0
DA:43,0
DA:49,0
DA:50,0
DA:53,0
DA:54,0
DA:57,0
DA:58,0
DA:61,0
DA:62,0
DA:63,0
DA:66,0
DA:70,0
DA:71,0
DA:72,0
DA:73,0
DA:74,0
DA:75,0
DA:78,0
DA:83,0
DA:88,0
DA:89,0
DA:90,0
DA:92,0
DA:93,0
DA:94,0
DA:95,0
DA:96,0
DA:98,0
DA:100,0
DA:101,0
DA:102,0
DA:104,0
DA:105,0
DA:108,0
DA:112,0
DA:113,0
DA:117,0
DA:118,0
DA:119,0
DA:120,0
LF:58
LH:0
BRDA:13,0,0,0
BRDA:13,0,1,0
BRDA:25,1,0,0
BRDA:25,1,1,0
BRDA:39,2,0,0
BRDA:39,2,1,0
BRDA:49,3,0,0
BRDA:49,3,1,0
BRDA:53,4,0,0
BRDA:53,4,1,0
BRDA:62,5,0,0
BRDA:62,5,1,0
BRDA:94,6,0,0
BRDA:94,6,1,0
BRDA:104,7,0,0
BRDA:104,7,1,0
BRF:16
BRH:0
end_of_record
TN:
SF:/home/travis/build/daniele-athome/codimd/lib/web/middleware/checkVersion.js
FN:21,checkVersion
FN:59,(anonymous_1)
FN:61,(anonymous_2)
FN:64,(anonymous_3)
FNF:4
FNH:0
FNDA:0,checkVersion
FNDA:0,(anonymous_1)
FNDA:0,(anonymous_2)
FNDA:0,(anonymous_3)
DA:3,0
DA:5,0
DA:7,0
DA:8,0
DA:12,0
DA:13,0
DA:15,0
DA:17,0
DA:22,0
DA:23,0
DA:27,0
DA:29,0
DA:30,0
DA:37,0
DA:38,0
DA:39,0
DA:42,0
DA:44,0
DA:45,0
DA:47,0
DA:48,0
DA:50,0
DA:54,0
DA:55,0
DA:59,0
DA:60,0
DA:62,0
DA:65,0
DA:66,0
LF:29
LH:0
BRDA:22,0,0,0
BRDA:22,0,1,0
BRDA:22,1,0,0
BRDA:22,1,1,0
BRDA:37,2,0,0
BRDA:37,2,1,0
BRDA:37,3,0,0
BRDA:37,3,1,0
BRDA:42,4,0,0
BRDA:42,4,1,0
BRDA:45,5,0,0
BRDA:45,5,1,0
BRDA:47,6,0,0
BRDA:47,6,1,0
BRF:14
BRH:0
end_of_record
TN:
SF:/home/travis/build/daniele-athome/codimd/lib/workers/dmpWorker.js
FN:10,(anonymous_0)
FN:58,createPatch
FN:71,getRevision
FN:133,(anonymous_3)
FNF:4
FNH:0
FNDA:0,(anonymous_0)
FNDA:0,createPatch
FNDA:0,getRevision
FNDA:0,(anonymous_3)
DA:3,0
DA:4,0
DA:7,0
DA:8,0
DA:10,0
DA:11,0
DA:12,0
DA:14,0
DA:16,0
DA:17,0
DA:19,0
DA:20,0
DA:21,0
DA:27,0
DA:28,0
DA:34,0
DA:36,0
DA:37,0
DA:39,0
DA:40,0
DA:41,0
DA:47,0
DA:48,0
DA:54,0
DA:59,0
DA:60,0
DA:61,0
DA:62,0
DA:63,0
DA:64,0
DA:65,0
DA:66,0
DA:68,0
DA:72,0
DA:73,0
DA:74,0
DA:75,0
DA:76,0
DA:77,0
DA:79,0
DA:80,0
DA:81,0
DA:82,0
DA:84,0
DA:85,0
DA:86,0
DA:88,0
DA:89,0
DA:92,0
DA:93,0
DA:94,0
DA:95,0
DA:100,0
DA:101,0
DA:102,0
DA:103,0
DA:104,0
DA:105,0
DA:107,0
DA:108,0
DA:109,0
DA:111,0
DA:112,0
DA:115,0
DA:116,0
DA:118,0
DA:120,0
DA:125,0
DA:126,0
DA:127,0
DA:129,0
DA:133,0
DA:134,0
DA:135,0
DA:136,0
DA:137,0
LF:76
LH:0
BRDA:11,0,0,0
BRDA:11,0,1,0
BRDA:11,1,0,0
BRDA:11,1,1,0
BRDA:11,1,2,0
BRDA:14,2,0,0
BRDA:14,2,1,0
BRDA:16,3,0,0
BRDA:16,3,1,0
BRDA:16,4,0,0
BRDA:16,4,1,0
BRDA:36,5,0,0
BRDA:36,5,1,0
BRDA:36,6,0,0
BRDA:36,6,1,0
BRDA:64,7,0,0
BRDA:64,7,1,0
BRDA:77,8,0,0
BRDA:77,8,1,0
BRDA:81,9,0,0
BRDA:81,9,1,0
BRDA:82,10,0,0
BRDA:82,10,1,0
BRDA:84,11,0,0
BRDA:84,11,1,0
BRDA:95,12,0,0
BRDA:95,12,1,0
BRDA:95,13,0,0
BRDA:95,13,1,0
BRDA:103,14,0,0
BRDA:103,14,1,0
BRDA:107,15,0,0
BRDA:107,15,1,0
BRDA:126,16,0,0
BRDA:126,16,1,0
BRF:35
BRH:0
end_of_record
